[2024-04-18T16:27:24.552+0000] {local_task_job_runner.py:120} INFO - ::group::Pre task execution logs
[2024-04-18T16:27:24.593+0000] {taskinstance.py:2073} INFO - Dependencies all met for dep_context=non-requeueable deps ti=<TaskInstance: dagAggregations.input manual__2024-04-18T16:27:21.566943+00:00 [queued]>
[2024-04-18T16:27:24.613+0000] {taskinstance.py:2073} INFO - Dependencies all met for dep_context=requeueable deps ti=<TaskInstance: dagAggregations.input manual__2024-04-18T16:27:21.566943+00:00 [queued]>
[2024-04-18T16:27:24.615+0000] {taskinstance.py:2303} INFO - Starting attempt 1 of 1
[2024-04-18T16:27:24.642+0000] {taskinstance.py:2327} INFO - Executing <Task(PythonOperator): input> on 2024-04-18 16:27:21.566943+00:00
[2024-04-18T16:27:24.653+0000] {warnings.py:110} WARNING - /home/***/.local/lib/python3.12/site-packages/***/task/task_runner/standard_task_runner.py:61: DeprecationWarning: This process (pid=756) is multi-threaded, use of fork() may lead to deadlocks in the child.
  pid = os.fork()

[2024-04-18T16:27:24.655+0000] {standard_task_runner.py:63} INFO - Started process 758 to run task
[2024-04-18T16:27:24.659+0000] {standard_task_runner.py:90} INFO - Running: ['***', 'tasks', 'run', 'dagAggregations', 'input', 'manual__2024-04-18T16:27:21.566943+00:00', '--job-id', '406', '--raw', '--subdir', 'DAGS_FOLDER/AggData.py', '--cfg-path', '/tmp/tmpjz_h7vrh']
[2024-04-18T16:27:24.661+0000] {standard_task_runner.py:91} INFO - Job 406: Subtask input
[2024-04-18T16:27:24.751+0000] {task_command.py:426} INFO - Running <TaskInstance: dagAggregations.input manual__2024-04-18T16:27:21.566943+00:00 [running]> on host 1a64d95cdf4a
[2024-04-18T16:27:24.895+0000] {taskinstance.py:2644} INFO - Exporting env vars: AIRFLOW_CTX_DAG_OWNER='***' AIRFLOW_CTX_DAG_ID='dagAggregations' AIRFLOW_CTX_TASK_ID='input' AIRFLOW_CTX_EXECUTION_DATE='2024-04-18T16:27:21.566943+00:00' AIRFLOW_CTX_TRY_NUMBER='1' AIRFLOW_CTX_DAG_RUN_ID='manual__2024-04-18T16:27:21.566943+00:00'
[2024-04-18T16:27:24.897+0000] {taskinstance.py:430} INFO - ::endgroup::
[2024-04-18T16:27:26.612+0000] {python.py:237} INFO - Done. Returned value was:                                       id  ...            city
19  e5f3e72a-fee2-4813-82cf-f2e53b439ae6  ...       Killeshin
19  e5f3e72a-fee2-4813-82cf-f2e53b439ae6  ...       Killeshin
19  e5f3e72a-fee2-4813-82cf-f2e53b439ae6  ...       Killeshin
21  fb94830f-6196-4f59-9189-c9060b778085  ...         Gilbert
21  fb94830f-6196-4f59-9189-c9060b778085  ...         Gilbert
..                                   ...  ...             ...
44  1a1b2165-73ed-40aa-b89b-56794d140f22  ...       Milwaukee
44  1a1b2165-73ed-40aa-b89b-56794d140f22  ...       Milwaukee
2   34e8c68b-6146-453f-a4b9-1f6cd99a5ada  ...  Mount Pleasant
2   34e8c68b-6146-453f-a4b9-1f6cd99a5ada  ...  Mount Pleasant
2   34e8c68b-6146-453f-a4b9-1f6cd99a5ada  ...  Mount Pleasant

[150 rows x 16 columns]
[2024-04-18T16:27:26.658+0000] {taskinstance.py:441} INFO - ::group::Post task execution logs
[2024-04-18T16:27:26.710+0000] {taskinstance.py:1205} INFO - Marking task as SUCCESS. dag_id=dagAggregations, task_id=input, execution_date=20240418T162721, start_date=20240418T162724, end_date=20240418T162726
[2024-04-18T16:27:26.757+0000] {local_task_job_runner.py:240} INFO - Task exited with return code 0
[2024-04-18T16:27:26.789+0000] {taskinstance.py:3482} INFO - 2 downstream tasks scheduled from follow-on schedule check
[2024-04-18T16:27:26.794+0000] {local_task_job_runner.py:222} INFO - ::endgroup::
