[2024-04-18T01:30:11.111+0000] {local_task_job_runner.py:120} INFO - ::group::Pre task execution logs
[2024-04-18T01:30:11.148+0000] {taskinstance.py:2073} INFO - Dependencies all met for dep_context=non-requeueable deps ti=<TaskInstance: dagExtract.persistData scheduled__2024-04-18T00:30:00+00:00 [queued]>
[2024-04-18T01:30:11.159+0000] {taskinstance.py:2073} INFO - Dependencies all met for dep_context=requeueable deps ti=<TaskInstance: dagExtract.persistData scheduled__2024-04-18T00:30:00+00:00 [queued]>
[2024-04-18T01:30:11.161+0000] {taskinstance.py:2303} INFO - Starting attempt 1 of 1
[2024-04-18T01:30:11.181+0000] {taskinstance.py:2327} INFO - Executing <Task(PythonOperator): persistData> on 2024-04-18 00:30:00+00:00
[2024-04-18T01:30:11.190+0000] {warnings.py:110} WARNING - /home/***/.local/lib/python3.12/site-packages/***/task/task_runner/standard_task_runner.py:61: DeprecationWarning: This process (pid=3392) is multi-threaded, use of fork() may lead to deadlocks in the child.
  pid = os.fork()

[2024-04-18T01:30:11.192+0000] {standard_task_runner.py:63} INFO - Started process 3394 to run task
[2024-04-18T01:30:11.192+0000] {standard_task_runner.py:90} INFO - Running: ['***', 'tasks', 'run', 'dagExtract', 'persistData', 'scheduled__2024-04-18T00:30:00+00:00', '--job-id', '216', '--raw', '--subdir', 'DAGS_FOLDER/ExtractApi.py', '--cfg-path', '/tmp/tmpjde168o2']
[2024-04-18T01:30:11.194+0000] {standard_task_runner.py:91} INFO - Job 216: Subtask persistData
[2024-04-18T01:30:11.260+0000] {task_command.py:426} INFO - Running <TaskInstance: dagExtract.persistData scheduled__2024-04-18T00:30:00+00:00 [running]> on host 0761b779d565
[2024-04-18T01:30:11.392+0000] {taskinstance.py:2644} INFO - Exporting env vars: AIRFLOW_CTX_DAG_OWNER='***' AIRFLOW_CTX_DAG_ID='dagExtract' AIRFLOW_CTX_TASK_ID='persistData' AIRFLOW_CTX_EXECUTION_DATE='2024-04-18T00:30:00+00:00' AIRFLOW_CTX_TRY_NUMBER='1' AIRFLOW_CTX_DAG_RUN_ID='scheduled__2024-04-18T00:30:00+00:00'
[2024-04-18T01:30:11.394+0000] {taskinstance.py:430} INFO - ::endgroup::
[2024-04-18T01:30:11.483+0000] {logging_mixin.py:188} INFO - Persisting Brewery... 
 Path: datalake/bronze/20240418.json
[2024-04-18T01:30:11.494+0000] {python.py:237} INFO - Done. Returned value was: None
[2024-04-18T01:30:11.495+0000] {taskinstance.py:441} INFO - ::group::Post task execution logs
[2024-04-18T01:30:11.510+0000] {taskinstance.py:1205} INFO - Marking task as SUCCESS. dag_id=dagExtract, task_id=persistData, execution_date=20240418T003000, start_date=20240418T013011, end_date=20240418T013011
[2024-04-18T01:30:11.568+0000] {local_task_job_runner.py:240} INFO - Task exited with return code 0
[2024-04-18T01:30:11.602+0000] {taskinstance.py:3482} INFO - 0 downstream tasks scheduled from follow-on schedule check
[2024-04-18T01:30:11.608+0000] {local_task_job_runner.py:222} INFO - ::endgroup::
