[2024-04-18T02:59:39.007+0000] {local_task_job_runner.py:120} INFO - ::group::Pre task execution logs
[2024-04-18T02:59:39.045+0000] {taskinstance.py:2073} INFO - Dependencies all met for dep_context=non-requeueable deps ti=<TaskInstance: dagAggregation.input scheduled__2024-04-18T00:30:00+00:00 [queued]>
[2024-04-18T02:59:39.056+0000] {taskinstance.py:2073} INFO - Dependencies all met for dep_context=requeueable deps ti=<TaskInstance: dagAggregation.input scheduled__2024-04-18T00:30:00+00:00 [queued]>
[2024-04-18T02:59:39.080+0000] {taskinstance.py:2303} INFO - Starting attempt 2 of 2
[2024-04-18T02:59:39.350+0000] {taskinstance.py:2327} INFO - Executing <Task(PythonOperator): input> on 2024-04-18 00:30:00+00:00
[2024-04-18T02:59:39.363+0000] {standard_task_runner.py:90} INFO - Running: ['***', 'tasks', 'run', 'dagAggregation', 'input', 'scheduled__2024-04-18T00:30:00+00:00', '--job-id', '274', '--raw', '--subdir', 'DAGS_FOLDER/AggData.py', '--cfg-path', '/tmp/tmpn_xyinx0']
[2024-04-18T02:59:39.362+0000] {warnings.py:110} WARNING - /home/***/.local/lib/python3.12/site-packages/***/task/task_runner/standard_task_runner.py:61: DeprecationWarning: This process (pid=5171) is multi-threaded, use of fork() may lead to deadlocks in the child.
  pid = os.fork()

[2024-04-18T02:59:39.365+0000] {standard_task_runner.py:91} INFO - Job 274: Subtask input
[2024-04-18T02:59:39.366+0000] {standard_task_runner.py:63} INFO - Started process 5173 to run task
[2024-04-18T02:59:39.442+0000] {task_command.py:426} INFO - Running <TaskInstance: dagAggregation.input scheduled__2024-04-18T00:30:00+00:00 [running]> on host 0761b779d565
[2024-04-18T02:59:39.577+0000] {taskinstance.py:2644} INFO - Exporting env vars: AIRFLOW_CTX_DAG_OWNER='***' AIRFLOW_CTX_DAG_ID='dagAggregation' AIRFLOW_CTX_TASK_ID='input' AIRFLOW_CTX_EXECUTION_DATE='2024-04-18T00:30:00+00:00' AIRFLOW_CTX_TRY_NUMBER='2' AIRFLOW_CTX_DAG_RUN_ID='scheduled__2024-04-18T00:30:00+00:00'
[2024-04-18T02:59:39.579+0000] {taskinstance.py:430} INFO - ::endgroup::
[2024-04-18T02:59:39.586+0000] {warnings.py:110} WARNING - /opt/***/dags/AggData.py:18: FutureWarning: Passing literal json to 'read_json' is deprecated and will be removed in a future version. To read from a literal string, wrap it in a 'StringIO' object.
  df = pd.read_json(f'datalake/silver/dt_process={format_dt}/*')

[2024-04-18T02:59:39.587+0000] {taskinstance.py:441} INFO - ::group::Post task execution logs
[2024-04-18T02:59:39.587+0000] {taskinstance.py:2890} ERROR - Task failed with exception
Traceback (most recent call last):
  File "/home/airflow/.local/lib/python3.12/site-packages/airflow/models/taskinstance.py", line 465, in _execute_task
    result = _execute_callable(context=context, **execute_callable_kwargs)
             ^^^^^^^^^^^^^^^^^^^^^^^^^^^^^^^^^^^^^^^^^^^^^^^^^^^^^^^^^^^^^
  File "/home/airflow/.local/lib/python3.12/site-packages/airflow/models/taskinstance.py", line 432, in _execute_callable
    return execute_callable(context=context, **execute_callable_kwargs)
           ^^^^^^^^^^^^^^^^^^^^^^^^^^^^^^^^^^^^^^^^^^^^^^^^^^^^^^^^^^^^
  File "/home/airflow/.local/lib/python3.12/site-packages/airflow/models/baseoperator.py", line 400, in wrapper
    return func(self, *args, **kwargs)
           ^^^^^^^^^^^^^^^^^^^^^^^^^^^
  File "/home/airflow/.local/lib/python3.12/site-packages/airflow/operators/python.py", line 235, in execute
    return_value = self.execute_callable()
                   ^^^^^^^^^^^^^^^^^^^^^^^
  File "/home/airflow/.local/lib/python3.12/site-packages/airflow/operators/python.py", line 252, in execute_callable
    return self.python_callable(*self.op_args, **self.op_kwargs)
           ^^^^^^^^^^^^^^^^^^^^^^^^^^^^^^^^^^^^^^^^^^^^^^^^^^^^^
  File "/opt/airflow/dags/AggData.py", line 18, in ReadSilver
    df = pd.read_json(f'datalake/silver/dt_process={format_dt}/*')
         ^^^^^^^^^^^^^^^^^^^^^^^^^^^^^^^^^^^^^^^^^^^^^^^^^^^^^^^^^
  File "/home/airflow/.local/lib/python3.12/site-packages/pandas/io/json/_json.py", line 804, in read_json
    return json_reader.read()
           ^^^^^^^^^^^^^^^^^^
  File "/home/airflow/.local/lib/python3.12/site-packages/pandas/io/json/_json.py", line 1014, in read
    obj = self._get_object_parser(self.data)
          ^^^^^^^^^^^^^^^^^^^^^^^^^^^^^^^^^^
  File "/home/airflow/.local/lib/python3.12/site-packages/pandas/io/json/_json.py", line 1040, in _get_object_parser
    obj = FrameParser(json, **kwargs).parse()
          ^^^^^^^^^^^^^^^^^^^^^^^^^^^^^^^^^^^
  File "/home/airflow/.local/lib/python3.12/site-packages/pandas/io/json/_json.py", line 1173, in parse
    self._parse()
  File "/home/airflow/.local/lib/python3.12/site-packages/pandas/io/json/_json.py", line 1366, in _parse
    ujson_loads(json, precise_float=self.precise_float), dtype=None
    ^^^^^^^^^^^^^^^^^^^^^^^^^^^^^^^^^^^^^^^^^^^^^^^^^^^
ValueError: Expected object or value
[2024-04-18T02:59:39.602+0000] {taskinstance.py:1205} INFO - Marking task as FAILED. dag_id=dagAggregation, task_id=input, execution_date=20240418T003000, start_date=20240418T025939, end_date=20240418T025939
[2024-04-18T02:59:39.622+0000] {standard_task_runner.py:110} ERROR - Failed to execute job 274 for task input (Expected object or value; 5173)
[2024-04-18T02:59:39.662+0000] {local_task_job_runner.py:240} INFO - Task exited with return code 1
[2024-04-18T02:59:39.708+0000] {taskinstance.py:3482} INFO - 0 downstream tasks scheduled from follow-on schedule check
[2024-04-18T02:59:39.716+0000] {local_task_job_runner.py:222} INFO - ::endgroup::
