[2024-04-18T05:26:39.528+0000] {local_task_job_runner.py:120} INFO - ::group::Pre task execution logs
[2024-04-18T05:26:39.555+0000] {taskinstance.py:2073} INFO - Dependencies all met for dep_context=non-requeueable deps ti=<TaskInstance: dagPartition.input manual__2024-04-18T05:25:23.157899+00:00 [queued]>
[2024-04-18T05:26:39.565+0000] {taskinstance.py:2073} INFO - Dependencies all met for dep_context=requeueable deps ti=<TaskInstance: dagPartition.input manual__2024-04-18T05:25:23.157899+00:00 [queued]>
[2024-04-18T05:26:39.566+0000] {taskinstance.py:2303} INFO - Starting attempt 1 of 1
[2024-04-18T05:26:39.585+0000] {taskinstance.py:2327} INFO - Executing <Task(PythonOperator): input> on 2024-04-18 05:25:23.157899+00:00
[2024-04-18T05:26:39.593+0000] {warnings.py:110} WARNING - /home/***/.local/lib/python3.12/site-packages/***/task/task_runner/standard_task_runner.py:61: DeprecationWarning: This process (pid=8381) is multi-threaded, use of fork() may lead to deadlocks in the child.
  pid = os.fork()

[2024-04-18T05:26:39.595+0000] {standard_task_runner.py:63} INFO - Started process 8385 to run task
[2024-04-18T05:26:39.598+0000] {standard_task_runner.py:90} INFO - Running: ['***', 'tasks', 'run', 'dagPartition', 'input', 'manual__2024-04-18T05:25:23.157899+00:00', '--job-id', '370', '--raw', '--subdir', 'DAGS_FOLDER/PartitionLocation.py', '--cfg-path', '/tmp/tmpucnrh744']
[2024-04-18T05:26:39.601+0000] {standard_task_runner.py:91} INFO - Job 370: Subtask input
[2024-04-18T05:26:39.669+0000] {task_command.py:426} INFO - Running <TaskInstance: dagPartition.input manual__2024-04-18T05:25:23.157899+00:00 [running]> on host 0761b779d565
[2024-04-18T05:26:39.863+0000] {taskinstance.py:2644} INFO - Exporting env vars: AIRFLOW_CTX_DAG_OWNER='***' AIRFLOW_CTX_DAG_ID='dagPartition' AIRFLOW_CTX_TASK_ID='input' AIRFLOW_CTX_EXECUTION_DATE='2024-04-18T05:25:23.157899+00:00' AIRFLOW_CTX_TRY_NUMBER='1' AIRFLOW_CTX_DAG_RUN_ID='manual__2024-04-18T05:25:23.157899+00:00'
[2024-04-18T05:26:39.865+0000] {taskinstance.py:430} INFO - ::endgroup::
[2024-04-18T05:26:39.869+0000] {taskinstance.py:441} INFO - ::group::Post task execution logs
[2024-04-18T05:26:39.870+0000] {taskinstance.py:2890} ERROR - Task failed with exception
Traceback (most recent call last):
  File "/home/airflow/.local/lib/python3.12/site-packages/airflow/models/taskinstance.py", line 465, in _execute_task
    result = _execute_callable(context=context, **execute_callable_kwargs)
             ^^^^^^^^^^^^^^^^^^^^^^^^^^^^^^^^^^^^^^^^^^^^^^^^^^^^^^^^^^^^^
  File "/home/airflow/.local/lib/python3.12/site-packages/airflow/models/taskinstance.py", line 432, in _execute_callable
    return execute_callable(context=context, **execute_callable_kwargs)
           ^^^^^^^^^^^^^^^^^^^^^^^^^^^^^^^^^^^^^^^^^^^^^^^^^^^^^^^^^^^^
  File "/home/airflow/.local/lib/python3.12/site-packages/airflow/models/baseoperator.py", line 400, in wrapper
    return func(self, *args, **kwargs)
           ^^^^^^^^^^^^^^^^^^^^^^^^^^^
  File "/home/airflow/.local/lib/python3.12/site-packages/airflow/operators/python.py", line 235, in execute
    return_value = self.execute_callable()
                   ^^^^^^^^^^^^^^^^^^^^^^^
  File "/home/airflow/.local/lib/python3.12/site-packages/airflow/operators/python.py", line 252, in execute_callable
    return self.python_callable(*self.op_args, **self.op_kwargs)
           ^^^^^^^^^^^^^^^^^^^^^^^^^^^^^^^^^^^^^^^^^^^^^^^^^^^^^
  File "/opt/airflow/dags/PartitionLocation.py", line 46, in ReadBronze
    df = pd.read_json(f'datalake/bronze/{format_dt}.json', dtype=schema)
         ^^^^^^^^^^^^^^^^^^^^^^^^^^^^^^^^^^^^^^^^^^^^^^^^^^^^^^^^^^^^^^^
  File "/home/airflow/.local/lib/python3.12/site-packages/pandas/io/json/_json.py", line 780, in read_json
    json_reader = JsonReader(
                  ^^^^^^^^^^^
  File "/home/airflow/.local/lib/python3.12/site-packages/pandas/io/json/_json.py", line 893, in __init__
    data = self._get_data_from_filepath(filepath_or_buffer)
           ^^^^^^^^^^^^^^^^^^^^^^^^^^^^^^^^^^^^^^^^^^^^^^^^
  File "/home/airflow/.local/lib/python3.12/site-packages/pandas/io/json/_json.py", line 949, in _get_data_from_filepath
    raise FileNotFoundError(f"File {filepath_or_buffer} does not exist")
FileNotFoundError: File datalake/bronze/20240418.json does not exist
[2024-04-18T05:26:39.891+0000] {taskinstance.py:1205} INFO - Marking task as FAILED. dag_id=dagPartition, task_id=input, execution_date=20240418T052523, start_date=20240418T052639, end_date=20240418T052639
[2024-04-18T05:26:39.908+0000] {standard_task_runner.py:110} ERROR - Failed to execute job 370 for task input (File datalake/bronze/20240418.json does not exist; 8385)
[2024-04-18T05:26:39.930+0000] {local_task_job_runner.py:240} INFO - Task exited with return code 1
[2024-04-18T05:26:39.965+0000] {taskinstance.py:3482} INFO - 0 downstream tasks scheduled from follow-on schedule check
[2024-04-18T05:26:39.973+0000] {local_task_job_runner.py:222} INFO - ::endgroup::
