[2024-04-16T01:01:30.855+0000] {local_task_job_runner.py:120} INFO - ::group::Pre task execution logs
[2024-04-16T01:01:30.884+0000] {taskinstance.py:2073} INFO - Dependencies all met for dep_context=non-requeueable deps ti=<TaskInstance: tutorial.sleep scheduled__2024-04-15T00:00:00+00:00 [queued]>
[2024-04-16T01:01:30.894+0000] {taskinstance.py:2073} INFO - Dependencies all met for dep_context=requeueable deps ti=<TaskInstance: tutorial.sleep scheduled__2024-04-15T00:00:00+00:00 [queued]>
[2024-04-16T01:01:30.938+0000] {taskinstance.py:2303} INFO - Starting attempt 1 of 4
[2024-04-16T01:01:31.068+0000] {taskinstance.py:2327} INFO - Executing <Task(BashOperator): sleep> on 2024-04-15 00:00:00+00:00
[2024-04-16T01:01:31.078+0000] {warnings.py:110} WARNING - /home/***/.local/lib/python3.12/site-packages/***/task/task_runner/standard_task_runner.py:61: DeprecationWarning: This process (pid=479) is multi-threaded, use of fork() may lead to deadlocks in the child.
  pid = os.fork()

[2024-04-16T01:01:31.082+0000] {standard_task_runner.py:63} INFO - Started process 489 to run task
[2024-04-16T01:01:31.080+0000] {standard_task_runner.py:90} INFO - Running: ['***', 'tasks', 'run', 'tutorial', 'sleep', 'scheduled__2024-04-15T00:00:00+00:00', '--job-id', '9', '--raw', '--subdir', '/home/***/.local/lib/python3.12/site-packages/***/example_dags/tutorial.py', '--cfg-path', '/tmp/tmp3zujjf87']
[2024-04-16T01:01:31.086+0000] {standard_task_runner.py:91} INFO - Job 9: Subtask sleep
[2024-04-16T01:01:31.240+0000] {task_command.py:426} INFO - Running <TaskInstance: tutorial.sleep scheduled__2024-04-15T00:00:00+00:00 [running]> on host df00be3806a2
[2024-04-16T01:01:31.568+0000] {taskinstance.py:2644} INFO - Exporting env vars: AIRFLOW_CTX_DAG_EMAIL='***@example.com' AIRFLOW_CTX_DAG_OWNER='***' AIRFLOW_CTX_DAG_ID='tutorial' AIRFLOW_CTX_TASK_ID='sleep' AIRFLOW_CTX_EXECUTION_DATE='2024-04-15T00:00:00+00:00' AIRFLOW_CTX_TRY_NUMBER='1' AIRFLOW_CTX_DAG_RUN_ID='scheduled__2024-04-15T00:00:00+00:00'
[2024-04-16T01:01:31.572+0000] {taskinstance.py:430} INFO - ::endgroup::
[2024-04-16T01:01:31.574+0000] {subprocess.py:63} INFO - Tmp dir root location: /tmp
[2024-04-16T01:01:31.576+0000] {subprocess.py:75} INFO - Running command: ['/usr/bin/bash', '-c', 'sleep 5']
[2024-04-16T01:01:31.590+0000] {subprocess.py:86} INFO - Output:
[2024-04-16T01:01:36.594+0000] {subprocess.py:97} INFO - Command exited with return code 0
[2024-04-16T01:01:36.595+0000] {taskinstance.py:441} INFO - ::group::Post task execution logs
[2024-04-16T01:01:36.635+0000] {taskinstance.py:1205} INFO - Marking task as SUCCESS. dag_id=tutorial, task_id=sleep, execution_date=20240415T000000, start_date=20240416T010130, end_date=20240416T010136
[2024-04-16T01:01:36.703+0000] {local_task_job_runner.py:240} INFO - Task exited with return code 0
[2024-04-16T01:01:36.727+0000] {taskinstance.py:3482} INFO - 0 downstream tasks scheduled from follow-on schedule check
[2024-04-16T01:01:36.732+0000] {local_task_job_runner.py:222} INFO - ::endgroup::
