[2024-04-16T01:02:08.580+0000] {local_task_job_runner.py:120} INFO - ::group::Pre task execution logs
[2024-04-16T01:02:08.617+0000] {taskinstance.py:2073} INFO - Dependencies all met for dep_context=non-requeueable deps ti=<TaskInstance: tutorial.print_date manual__2024-04-16T01:02:05.434522+00:00 [queued]>
[2024-04-16T01:02:08.630+0000] {taskinstance.py:2073} INFO - Dependencies all met for dep_context=requeueable deps ti=<TaskInstance: tutorial.print_date manual__2024-04-16T01:02:05.434522+00:00 [queued]>
[2024-04-16T01:02:08.667+0000] {taskinstance.py:2303} INFO - Starting attempt 1 of 2
[2024-04-16T01:02:08.694+0000] {taskinstance.py:2327} INFO - Executing <Task(BashOperator): print_date> on 2024-04-16 01:02:05.434522+00:00
[2024-04-16T01:02:08.710+0000] {warnings.py:110} WARNING - /home/***/.local/lib/python3.12/site-packages/***/task/task_runner/standard_task_runner.py:61: DeprecationWarning: This process (pid=502) is multi-threaded, use of fork() may lead to deadlocks in the child.
  pid = os.fork()

[2024-04-16T01:02:08.711+0000] {standard_task_runner.py:90} INFO - Running: ['***', 'tasks', 'run', 'tutorial', 'print_date', 'manual__2024-04-16T01:02:05.434522+00:00', '--job-id', '10', '--raw', '--subdir', '/home/***/.local/lib/python3.12/site-packages/***/example_dags/tutorial.py', '--cfg-path', '/tmp/tmp5w9qc9gb']
[2024-04-16T01:02:08.713+0000] {standard_task_runner.py:63} INFO - Started process 504 to run task
[2024-04-16T01:02:08.714+0000] {standard_task_runner.py:91} INFO - Job 10: Subtask print_date
[2024-04-16T01:02:08.911+0000] {task_command.py:426} INFO - Running <TaskInstance: tutorial.print_date manual__2024-04-16T01:02:05.434522+00:00 [running]> on host df00be3806a2
[2024-04-16T01:02:09.260+0000] {taskinstance.py:2644} INFO - Exporting env vars: AIRFLOW_CTX_DAG_EMAIL='***@example.com' AIRFLOW_CTX_DAG_OWNER='***' AIRFLOW_CTX_DAG_ID='tutorial' AIRFLOW_CTX_TASK_ID='print_date' AIRFLOW_CTX_EXECUTION_DATE='2024-04-16T01:02:05.434522+00:00' AIRFLOW_CTX_TRY_NUMBER='1' AIRFLOW_CTX_DAG_RUN_ID='manual__2024-04-16T01:02:05.434522+00:00'
[2024-04-16T01:02:09.263+0000] {taskinstance.py:430} INFO - ::endgroup::
[2024-04-16T01:02:09.264+0000] {subprocess.py:63} INFO - Tmp dir root location: /tmp
[2024-04-16T01:02:09.266+0000] {subprocess.py:75} INFO - Running command: ['/usr/bin/bash', '-c', 'date']
[2024-04-16T01:02:09.286+0000] {subprocess.py:86} INFO - Output:
[2024-04-16T01:02:09.290+0000] {subprocess.py:93} INFO - Tue Apr 16 01:02:09 UTC 2024
[2024-04-16T01:02:09.291+0000] {subprocess.py:97} INFO - Command exited with return code 0
[2024-04-16T01:02:09.292+0000] {taskinstance.py:441} INFO - ::group::Post task execution logs
[2024-04-16T01:02:09.406+0000] {taskinstance.py:1205} INFO - Marking task as SUCCESS. dag_id=tutorial, task_id=print_date, execution_date=20240416T010205, start_date=20240416T010208, end_date=20240416T010209
[2024-04-16T01:02:09.574+0000] {local_task_job_runner.py:240} INFO - Task exited with return code 0
[2024-04-16T01:02:09.602+0000] {taskinstance.py:3482} INFO - 2 downstream tasks scheduled from follow-on schedule check
[2024-04-16T01:02:09.699+0000] {local_task_job_runner.py:222} INFO - ::endgroup::
