[2024-04-16T01:01:30.594+0000] {local_task_job_runner.py:120} INFO - ::group::Pre task execution logs
[2024-04-16T01:01:30.624+0000] {taskinstance.py:2073} INFO - Dependencies all met for dep_context=non-requeueable deps ti=<TaskInstance: tutorial.templated scheduled__2024-04-15T00:00:00+00:00 [queued]>
[2024-04-16T01:01:30.634+0000] {taskinstance.py:2073} INFO - Dependencies all met for dep_context=requeueable deps ti=<TaskInstance: tutorial.templated scheduled__2024-04-15T00:00:00+00:00 [queued]>
[2024-04-16T01:01:30.685+0000] {taskinstance.py:2303} INFO - Starting attempt 1 of 2
[2024-04-16T01:01:30.819+0000] {taskinstance.py:2327} INFO - Executing <Task(BashOperator): templated> on 2024-04-15 00:00:00+00:00
[2024-04-16T01:01:30.839+0000] {warnings.py:110} WARNING - /home/***/.local/lib/python3.12/site-packages/***/task/task_runner/standard_task_runner.py:61: DeprecationWarning: This process (pid=480) is multi-threaded, use of fork() may lead to deadlocks in the child.
  pid = os.fork()

[2024-04-16T01:01:30.847+0000] {standard_task_runner.py:63} INFO - Started process 487 to run task
[2024-04-16T01:01:30.847+0000] {standard_task_runner.py:90} INFO - Running: ['***', 'tasks', 'run', 'tutorial', 'templated', 'scheduled__2024-04-15T00:00:00+00:00', '--job-id', '6', '--raw', '--subdir', '/home/***/.local/lib/python3.12/site-packages/***/example_dags/tutorial.py', '--cfg-path', '/tmp/tmp5xgk_e7c']
[2024-04-16T01:01:30.853+0000] {standard_task_runner.py:91} INFO - Job 6: Subtask templated
[2024-04-16T01:01:31.015+0000] {task_command.py:426} INFO - Running <TaskInstance: tutorial.templated scheduled__2024-04-15T00:00:00+00:00 [running]> on host df00be3806a2
[2024-04-16T01:01:31.209+0000] {taskinstance.py:2644} INFO - Exporting env vars: AIRFLOW_CTX_DAG_EMAIL='***@example.com' AIRFLOW_CTX_DAG_OWNER='***' AIRFLOW_CTX_DAG_ID='tutorial' AIRFLOW_CTX_TASK_ID='templated' AIRFLOW_CTX_EXECUTION_DATE='2024-04-15T00:00:00+00:00' AIRFLOW_CTX_TRY_NUMBER='1' AIRFLOW_CTX_DAG_RUN_ID='scheduled__2024-04-15T00:00:00+00:00'
[2024-04-16T01:01:31.211+0000] {taskinstance.py:430} INFO - ::endgroup::
[2024-04-16T01:01:31.212+0000] {subprocess.py:63} INFO - Tmp dir root location: /tmp
[2024-04-16T01:01:31.214+0000] {subprocess.py:75} INFO - Running command: ['/usr/bin/bash', '-c', '\n\n    echo "2024-04-15"\n    echo "2024-04-22"\n\n    echo "2024-04-15"\n    echo "2024-04-22"\n\n    echo "2024-04-15"\n    echo "2024-04-22"\n\n    echo "2024-04-15"\n    echo "2024-04-22"\n\n    echo "2024-04-15"\n    echo "2024-04-22"\n']
[2024-04-16T01:01:31.229+0000] {subprocess.py:86} INFO - Output:
[2024-04-16T01:01:31.231+0000] {subprocess.py:93} INFO - 2024-04-15
[2024-04-16T01:01:31.231+0000] {subprocess.py:93} INFO - 2024-04-22
[2024-04-16T01:01:31.232+0000] {subprocess.py:93} INFO - 2024-04-15
[2024-04-16T01:01:31.232+0000] {subprocess.py:93} INFO - 2024-04-22
[2024-04-16T01:01:31.233+0000] {subprocess.py:93} INFO - 2024-04-15
[2024-04-16T01:01:31.233+0000] {subprocess.py:93} INFO - 2024-04-22
[2024-04-16T01:01:31.234+0000] {subprocess.py:93} INFO - 2024-04-15
[2024-04-16T01:01:31.234+0000] {subprocess.py:93} INFO - 2024-04-22
[2024-04-16T01:01:31.235+0000] {subprocess.py:93} INFO - 2024-04-15
[2024-04-16T01:01:31.235+0000] {subprocess.py:93} INFO - 2024-04-22
[2024-04-16T01:01:31.236+0000] {subprocess.py:97} INFO - Command exited with return code 0
[2024-04-16T01:01:31.237+0000] {taskinstance.py:441} INFO - ::group::Post task execution logs
[2024-04-16T01:01:31.441+0000] {taskinstance.py:1205} INFO - Marking task as SUCCESS. dag_id=tutorial, task_id=templated, execution_date=20240415T000000, start_date=20240416T010130, end_date=20240416T010131
[2024-04-16T01:01:31.584+0000] {local_task_job_runner.py:240} INFO - Task exited with return code 0
[2024-04-16T01:01:31.605+0000] {taskinstance.py:3482} INFO - 0 downstream tasks scheduled from follow-on schedule check
[2024-04-16T01:01:31.662+0000] {local_task_job_runner.py:222} INFO - ::endgroup::
