[2024-04-18T03:20:13.422+0000] {local_task_job_runner.py:120} INFO - ::group::Pre task execution logs
[2024-04-18T03:20:13.468+0000] {taskinstance.py:2073} INFO - Dependencies all met for dep_context=non-requeueable deps ti=<TaskInstance: dagAggregation.vwType scheduled__2024-04-18T01:30:00+00:00 [queued]>
[2024-04-18T03:20:13.478+0000] {taskinstance.py:2073} INFO - Dependencies all met for dep_context=requeueable deps ti=<TaskInstance: dagAggregation.vwType scheduled__2024-04-18T01:30:00+00:00 [queued]>
[2024-04-18T03:20:13.479+0000] {taskinstance.py:2303} INFO - Starting attempt 1 of 1
[2024-04-18T03:20:13.497+0000] {taskinstance.py:2327} INFO - Executing <Task(PythonOperator): vwType> on 2024-04-18 01:30:00+00:00
[2024-04-18T03:20:13.506+0000] {warnings.py:110} WARNING - /home/***/.local/lib/python3.12/site-packages/***/task/task_runner/standard_task_runner.py:61: DeprecationWarning: This process (pid=5710) is multi-threaded, use of fork() may lead to deadlocks in the child.
  pid = os.fork()

[2024-04-18T03:20:13.508+0000] {standard_task_runner.py:63} INFO - Started process 5712 to run task
[2024-04-18T03:20:13.508+0000] {standard_task_runner.py:90} INFO - Running: ['***', 'tasks', 'run', 'dagAggregation', 'vwType', 'scheduled__2024-04-18T01:30:00+00:00', '--job-id', '294', '--raw', '--subdir', 'DAGS_FOLDER/AggData.py', '--cfg-path', '/tmp/tmpkykji652']
[2024-04-18T03:20:13.509+0000] {standard_task_runner.py:91} INFO - Job 294: Subtask vwType
[2024-04-18T03:20:13.586+0000] {task_command.py:426} INFO - Running <TaskInstance: dagAggregation.vwType scheduled__2024-04-18T01:30:00+00:00 [running]> on host 0761b779d565
[2024-04-18T03:20:13.720+0000] {taskinstance.py:2644} INFO - Exporting env vars: AIRFLOW_CTX_DAG_OWNER='***' AIRFLOW_CTX_DAG_ID='dagAggregation' AIRFLOW_CTX_TASK_ID='vwType' AIRFLOW_CTX_EXECUTION_DATE='2024-04-18T01:30:00+00:00' AIRFLOW_CTX_TRY_NUMBER='1' AIRFLOW_CTX_DAG_RUN_ID='scheduled__2024-04-18T01:30:00+00:00'
[2024-04-18T03:20:13.722+0000] {taskinstance.py:430} INFO - ::endgroup::
[2024-04-18T03:20:13.842+0000] {logging_mixin.py:188} INFO -   brewery_type  number
4        micro      30
0      brewpub       9
3        large       7
1       closed       2
2     contract       1
5   proprietor       1
[2024-04-18T03:20:13.843+0000] {python.py:237} INFO - Done. Returned value was: None
[2024-04-18T03:20:13.843+0000] {taskinstance.py:441} INFO - ::group::Post task execution logs
[2024-04-18T03:20:13.855+0000] {taskinstance.py:1205} INFO - Marking task as SUCCESS. dag_id=dagAggregation, task_id=vwType, execution_date=20240418T013000, start_date=20240418T032013, end_date=20240418T032013
[2024-04-18T03:20:13.884+0000] {local_task_job_runner.py:240} INFO - Task exited with return code 0
[2024-04-18T03:20:13.915+0000] {taskinstance.py:3482} INFO - 1 downstream tasks scheduled from follow-on schedule check
[2024-04-18T03:20:13.920+0000] {local_task_job_runner.py:222} INFO - ::endgroup::
