[2024-04-18T03:27:38.683+0000] {local_task_job_runner.py:120} INFO - ::group::Pre task execution logs
[2024-04-18T03:27:38.708+0000] {taskinstance.py:2073} INFO - Dependencies all met for dep_context=non-requeueable deps ti=<TaskInstance: dagAggregation.vwType scheduled__2024-04-18T01:30:00+00:00 [queued]>
[2024-04-18T03:27:38.718+0000] {taskinstance.py:2073} INFO - Dependencies all met for dep_context=requeueable deps ti=<TaskInstance: dagAggregation.vwType scheduled__2024-04-18T01:30:00+00:00 [queued]>
[2024-04-18T03:27:38.720+0000] {taskinstance.py:2303} INFO - Starting attempt 2 of 2
[2024-04-18T03:27:38.738+0000] {taskinstance.py:2327} INFO - Executing <Task(PythonOperator): vwType> on 2024-04-18 01:30:00+00:00
[2024-04-18T03:27:38.746+0000] {warnings.py:110} WARNING - /home/***/.local/lib/python3.12/site-packages/***/task/task_runner/standard_task_runner.py:61: DeprecationWarning: This process (pid=5849) is multi-threaded, use of fork() may lead to deadlocks in the child.
  pid = os.fork()

[2024-04-18T03:27:38.748+0000] {standard_task_runner.py:63} INFO - Started process 5851 to run task
[2024-04-18T03:27:38.752+0000] {standard_task_runner.py:90} INFO - Running: ['***', 'tasks', 'run', 'dagAggregation', 'vwType', 'scheduled__2024-04-18T01:30:00+00:00', '--job-id', '297', '--raw', '--subdir', 'DAGS_FOLDER/AggData.py', '--cfg-path', '/tmp/tmpdm_0grah']
[2024-04-18T03:27:38.755+0000] {standard_task_runner.py:91} INFO - Job 297: Subtask vwType
[2024-04-18T03:27:38.827+0000] {task_command.py:426} INFO - Running <TaskInstance: dagAggregation.vwType scheduled__2024-04-18T01:30:00+00:00 [running]> on host 0761b779d565
[2024-04-18T03:27:38.979+0000] {taskinstance.py:2644} INFO - Exporting env vars: AIRFLOW_CTX_DAG_OWNER='***' AIRFLOW_CTX_DAG_ID='dagAggregation' AIRFLOW_CTX_TASK_ID='vwType' AIRFLOW_CTX_EXECUTION_DATE='2024-04-18T01:30:00+00:00' AIRFLOW_CTX_TRY_NUMBER='2' AIRFLOW_CTX_DAG_RUN_ID='scheduled__2024-04-18T01:30:00+00:00'
[2024-04-18T03:27:38.981+0000] {taskinstance.py:430} INFO - ::endgroup::
[2024-04-18T03:27:39.238+0000] {logging_mixin.py:188} INFO -   brewery_type  number dt_process
4        micro      30   20240418
0      brewpub       9   20240418
3        large       7   20240418
1       closed       2   20240418
2     contract       1   20240418
5   proprietor       1   20240418
[2024-04-18T03:27:39.240+0000] {python.py:237} INFO - Done. Returned value was: None
[2024-04-18T03:27:39.241+0000] {taskinstance.py:441} INFO - ::group::Post task execution logs
[2024-04-18T03:27:39.260+0000] {taskinstance.py:1205} INFO - Marking task as SUCCESS. dag_id=dagAggregation, task_id=vwType, execution_date=20240418T013000, start_date=20240418T032738, end_date=20240418T032739
[2024-04-18T03:27:39.325+0000] {local_task_job_runner.py:240} INFO - Task exited with return code 0
[2024-04-18T03:27:39.359+0000] {taskinstance.py:3482} INFO - 1 downstream tasks scheduled from follow-on schedule check
[2024-04-18T03:27:39.364+0000] {local_task_job_runner.py:222} INFO - ::endgroup::
