[2024-04-16T00:07:49.045+0000] {processor.py:161} INFO - Started process (PID=47) to work on /home/airflow/.local/lib/python3.12/site-packages/airflow/example_dags/example_latest_only_with_trigger.py
[2024-04-16T00:07:49.046+0000] {processor.py:830} INFO - Processing file /home/airflow/.local/lib/python3.12/site-packages/airflow/example_dags/example_latest_only_with_trigger.py for tasks to queue
[2024-04-16T00:07:49.050+0000] {logging_mixin.py:188} INFO - [2024-04-16T00:07:49.049+0000] {dagbag.py:540} INFO - Filling up the DagBag from /home/airflow/.local/lib/python3.12/site-packages/airflow/example_dags/example_latest_only_with_trigger.py
[2024-04-16T00:07:49.062+0000] {processor.py:840} INFO - DAG(s) 'latest_only_with_trigger' retrieved from /home/airflow/.local/lib/python3.12/site-packages/airflow/example_dags/example_latest_only_with_trigger.py
[2024-04-16T00:07:49.105+0000] {logging_mixin.py:188} INFO - [2024-04-16T00:07:49.105+0000] {dag.py:3096} INFO - Sync 1 DAGs
[2024-04-16T00:07:49.143+0000] {logging_mixin.py:188} INFO - [2024-04-16T00:07:49.143+0000] {dag.py:3954} INFO - Setting next_dagrun for latest_only_with_trigger to 2024-04-15 20:00:00+00:00, run_after=2024-04-16 00:00:00+00:00
[2024-04-16T00:07:49.265+0000] {processor.py:183} INFO - Processing /home/airflow/.local/lib/python3.12/site-packages/airflow/example_dags/example_latest_only_with_trigger.py took 0.230 seconds
[2024-04-16T00:08:19.869+0000] {processor.py:161} INFO - Started process (PID=105) to work on /home/airflow/.local/lib/python3.12/site-packages/airflow/example_dags/example_latest_only_with_trigger.py
[2024-04-16T00:08:19.871+0000] {processor.py:830} INFO - Processing file /home/airflow/.local/lib/python3.12/site-packages/airflow/example_dags/example_latest_only_with_trigger.py for tasks to queue
[2024-04-16T00:08:19.874+0000] {logging_mixin.py:188} INFO - [2024-04-16T00:08:19.874+0000] {dagbag.py:540} INFO - Filling up the DagBag from /home/airflow/.local/lib/python3.12/site-packages/airflow/example_dags/example_latest_only_with_trigger.py
[2024-04-16T00:08:19.881+0000] {processor.py:840} INFO - DAG(s) 'latest_only_with_trigger' retrieved from /home/airflow/.local/lib/python3.12/site-packages/airflow/example_dags/example_latest_only_with_trigger.py
[2024-04-16T00:08:19.915+0000] {logging_mixin.py:188} INFO - [2024-04-16T00:08:19.914+0000] {dag.py:3096} INFO - Sync 1 DAGs
[2024-04-16T00:08:19.944+0000] {logging_mixin.py:188} INFO - [2024-04-16T00:08:19.944+0000] {dag.py:3954} INFO - Setting next_dagrun for latest_only_with_trigger to 2024-04-15 20:00:00+00:00, run_after=2024-04-16 00:00:00+00:00
[2024-04-16T00:08:19.975+0000] {processor.py:183} INFO - Processing /home/airflow/.local/lib/python3.12/site-packages/airflow/example_dags/example_latest_only_with_trigger.py took 0.125 seconds
[2024-04-16T00:08:50.211+0000] {processor.py:161} INFO - Started process (PID=163) to work on /home/airflow/.local/lib/python3.12/site-packages/airflow/example_dags/example_latest_only_with_trigger.py
[2024-04-16T00:08:50.212+0000] {processor.py:830} INFO - Processing file /home/airflow/.local/lib/python3.12/site-packages/airflow/example_dags/example_latest_only_with_trigger.py for tasks to queue
[2024-04-16T00:08:50.215+0000] {logging_mixin.py:188} INFO - [2024-04-16T00:08:50.214+0000] {dagbag.py:540} INFO - Filling up the DagBag from /home/airflow/.local/lib/python3.12/site-packages/airflow/example_dags/example_latest_only_with_trigger.py
[2024-04-16T00:08:50.221+0000] {processor.py:840} INFO - DAG(s) 'latest_only_with_trigger' retrieved from /home/airflow/.local/lib/python3.12/site-packages/airflow/example_dags/example_latest_only_with_trigger.py
[2024-04-16T00:08:50.259+0000] {logging_mixin.py:188} INFO - [2024-04-16T00:08:50.259+0000] {dag.py:3096} INFO - Sync 1 DAGs
[2024-04-16T00:08:50.289+0000] {logging_mixin.py:188} INFO - [2024-04-16T00:08:50.288+0000] {dag.py:3954} INFO - Setting next_dagrun for latest_only_with_trigger to 2024-04-15 20:00:00+00:00, run_after=2024-04-16 00:00:00+00:00
[2024-04-16T00:08:50.316+0000] {processor.py:183} INFO - Processing /home/airflow/.local/lib/python3.12/site-packages/airflow/example_dags/example_latest_only_with_trigger.py took 0.113 seconds
[2024-04-16T00:09:20.810+0000] {processor.py:161} INFO - Started process (PID=221) to work on /home/airflow/.local/lib/python3.12/site-packages/airflow/example_dags/example_latest_only_with_trigger.py
[2024-04-16T00:09:20.811+0000] {processor.py:830} INFO - Processing file /home/airflow/.local/lib/python3.12/site-packages/airflow/example_dags/example_latest_only_with_trigger.py for tasks to queue
[2024-04-16T00:09:20.814+0000] {logging_mixin.py:188} INFO - [2024-04-16T00:09:20.813+0000] {dagbag.py:540} INFO - Filling up the DagBag from /home/airflow/.local/lib/python3.12/site-packages/airflow/example_dags/example_latest_only_with_trigger.py
[2024-04-16T00:09:20.821+0000] {processor.py:840} INFO - DAG(s) 'latest_only_with_trigger' retrieved from /home/airflow/.local/lib/python3.12/site-packages/airflow/example_dags/example_latest_only_with_trigger.py
[2024-04-16T00:09:20.851+0000] {logging_mixin.py:188} INFO - [2024-04-16T00:09:20.850+0000] {dag.py:3096} INFO - Sync 1 DAGs
[2024-04-16T00:09:20.882+0000] {logging_mixin.py:188} INFO - [2024-04-16T00:09:20.882+0000] {dag.py:3954} INFO - Setting next_dagrun for latest_only_with_trigger to 2024-04-15 20:00:00+00:00, run_after=2024-04-16 00:00:00+00:00
[2024-04-16T00:09:20.910+0000] {processor.py:183} INFO - Processing /home/airflow/.local/lib/python3.12/site-packages/airflow/example_dags/example_latest_only_with_trigger.py took 0.109 seconds
[2024-04-16T00:09:50.976+0000] {processor.py:161} INFO - Started process (PID=279) to work on /home/airflow/.local/lib/python3.12/site-packages/airflow/example_dags/example_latest_only_with_trigger.py
[2024-04-16T00:09:50.978+0000] {processor.py:830} INFO - Processing file /home/airflow/.local/lib/python3.12/site-packages/airflow/example_dags/example_latest_only_with_trigger.py for tasks to queue
[2024-04-16T00:09:50.981+0000] {logging_mixin.py:188} INFO - [2024-04-16T00:09:50.980+0000] {dagbag.py:540} INFO - Filling up the DagBag from /home/airflow/.local/lib/python3.12/site-packages/airflow/example_dags/example_latest_only_with_trigger.py
[2024-04-16T00:09:50.990+0000] {processor.py:840} INFO - DAG(s) 'latest_only_with_trigger' retrieved from /home/airflow/.local/lib/python3.12/site-packages/airflow/example_dags/example_latest_only_with_trigger.py
[2024-04-16T00:09:51.027+0000] {logging_mixin.py:188} INFO - [2024-04-16T00:09:51.026+0000] {dag.py:3096} INFO - Sync 1 DAGs
[2024-04-16T00:09:51.062+0000] {logging_mixin.py:188} INFO - [2024-04-16T00:09:51.062+0000] {dag.py:3954} INFO - Setting next_dagrun for latest_only_with_trigger to 2024-04-15 20:00:00+00:00, run_after=2024-04-16 00:00:00+00:00
[2024-04-16T00:09:51.095+0000] {processor.py:183} INFO - Processing /home/airflow/.local/lib/python3.12/site-packages/airflow/example_dags/example_latest_only_with_trigger.py took 0.127 seconds
[2024-04-16T00:10:21.895+0000] {processor.py:161} INFO - Started process (PID=338) to work on /home/airflow/.local/lib/python3.12/site-packages/airflow/example_dags/example_latest_only_with_trigger.py
[2024-04-16T00:10:21.896+0000] {processor.py:830} INFO - Processing file /home/airflow/.local/lib/python3.12/site-packages/airflow/example_dags/example_latest_only_with_trigger.py for tasks to queue
[2024-04-16T00:10:21.899+0000] {logging_mixin.py:188} INFO - [2024-04-16T00:10:21.899+0000] {dagbag.py:540} INFO - Filling up the DagBag from /home/airflow/.local/lib/python3.12/site-packages/airflow/example_dags/example_latest_only_with_trigger.py
[2024-04-16T00:10:21.908+0000] {processor.py:840} INFO - DAG(s) 'latest_only_with_trigger' retrieved from /home/airflow/.local/lib/python3.12/site-packages/airflow/example_dags/example_latest_only_with_trigger.py
[2024-04-16T00:10:21.936+0000] {logging_mixin.py:188} INFO - [2024-04-16T00:10:21.936+0000] {dag.py:3096} INFO - Sync 1 DAGs
[2024-04-16T00:10:21.966+0000] {logging_mixin.py:188} INFO - [2024-04-16T00:10:21.966+0000] {dag.py:3954} INFO - Setting next_dagrun for latest_only_with_trigger to 2024-04-15 20:00:00+00:00, run_after=2024-04-16 00:00:00+00:00
[2024-04-16T00:10:21.994+0000] {processor.py:183} INFO - Processing /home/airflow/.local/lib/python3.12/site-packages/airflow/example_dags/example_latest_only_with_trigger.py took 0.108 seconds
[2024-04-16T00:10:52.278+0000] {processor.py:161} INFO - Started process (PID=396) to work on /home/airflow/.local/lib/python3.12/site-packages/airflow/example_dags/example_latest_only_with_trigger.py
[2024-04-16T00:10:52.280+0000] {processor.py:830} INFO - Processing file /home/airflow/.local/lib/python3.12/site-packages/airflow/example_dags/example_latest_only_with_trigger.py for tasks to queue
[2024-04-16T00:10:52.283+0000] {logging_mixin.py:188} INFO - [2024-04-16T00:10:52.282+0000] {dagbag.py:540} INFO - Filling up the DagBag from /home/airflow/.local/lib/python3.12/site-packages/airflow/example_dags/example_latest_only_with_trigger.py
[2024-04-16T00:10:52.290+0000] {processor.py:840} INFO - DAG(s) 'latest_only_with_trigger' retrieved from /home/airflow/.local/lib/python3.12/site-packages/airflow/example_dags/example_latest_only_with_trigger.py
[2024-04-16T00:10:52.326+0000] {logging_mixin.py:188} INFO - [2024-04-16T00:10:52.325+0000] {dag.py:3096} INFO - Sync 1 DAGs
[2024-04-16T00:10:52.361+0000] {logging_mixin.py:188} INFO - [2024-04-16T00:10:52.360+0000] {dag.py:3954} INFO - Setting next_dagrun for latest_only_with_trigger to 2024-04-15 20:00:00+00:00, run_after=2024-04-16 00:00:00+00:00
[2024-04-16T00:10:52.393+0000] {processor.py:183} INFO - Processing /home/airflow/.local/lib/python3.12/site-packages/airflow/example_dags/example_latest_only_with_trigger.py took 0.124 seconds
[2024-04-16T00:11:22.608+0000] {processor.py:161} INFO - Started process (PID=454) to work on /home/airflow/.local/lib/python3.12/site-packages/airflow/example_dags/example_latest_only_with_trigger.py
[2024-04-16T00:11:22.609+0000] {processor.py:830} INFO - Processing file /home/airflow/.local/lib/python3.12/site-packages/airflow/example_dags/example_latest_only_with_trigger.py for tasks to queue
[2024-04-16T00:11:22.612+0000] {logging_mixin.py:188} INFO - [2024-04-16T00:11:22.611+0000] {dagbag.py:540} INFO - Filling up the DagBag from /home/airflow/.local/lib/python3.12/site-packages/airflow/example_dags/example_latest_only_with_trigger.py
[2024-04-16T00:11:22.619+0000] {processor.py:840} INFO - DAG(s) 'latest_only_with_trigger' retrieved from /home/airflow/.local/lib/python3.12/site-packages/airflow/example_dags/example_latest_only_with_trigger.py
[2024-04-16T00:11:22.651+0000] {logging_mixin.py:188} INFO - [2024-04-16T00:11:22.650+0000] {dag.py:3096} INFO - Sync 1 DAGs
[2024-04-16T00:11:22.686+0000] {logging_mixin.py:188} INFO - [2024-04-16T00:11:22.685+0000] {dag.py:3954} INFO - Setting next_dagrun for latest_only_with_trigger to 2024-04-15 20:00:00+00:00, run_after=2024-04-16 00:00:00+00:00
[2024-04-16T00:11:22.717+0000] {processor.py:183} INFO - Processing /home/airflow/.local/lib/python3.12/site-packages/airflow/example_dags/example_latest_only_with_trigger.py took 0.120 seconds
[2024-04-16T00:11:53.174+0000] {processor.py:161} INFO - Started process (PID=512) to work on /home/airflow/.local/lib/python3.12/site-packages/airflow/example_dags/example_latest_only_with_trigger.py
[2024-04-16T00:11:53.175+0000] {processor.py:830} INFO - Processing file /home/airflow/.local/lib/python3.12/site-packages/airflow/example_dags/example_latest_only_with_trigger.py for tasks to queue
[2024-04-16T00:11:53.178+0000] {logging_mixin.py:188} INFO - [2024-04-16T00:11:53.177+0000] {dagbag.py:540} INFO - Filling up the DagBag from /home/airflow/.local/lib/python3.12/site-packages/airflow/example_dags/example_latest_only_with_trigger.py
[2024-04-16T00:11:53.184+0000] {processor.py:840} INFO - DAG(s) 'latest_only_with_trigger' retrieved from /home/airflow/.local/lib/python3.12/site-packages/airflow/example_dags/example_latest_only_with_trigger.py
[2024-04-16T00:11:53.214+0000] {logging_mixin.py:188} INFO - [2024-04-16T00:11:53.213+0000] {dag.py:3096} INFO - Sync 1 DAGs
[2024-04-16T00:11:53.245+0000] {logging_mixin.py:188} INFO - [2024-04-16T00:11:53.245+0000] {dag.py:3954} INFO - Setting next_dagrun for latest_only_with_trigger to 2024-04-15 20:00:00+00:00, run_after=2024-04-16 00:00:00+00:00
[2024-04-16T00:11:53.274+0000] {processor.py:183} INFO - Processing /home/airflow/.local/lib/python3.12/site-packages/airflow/example_dags/example_latest_only_with_trigger.py took 0.107 seconds
[2024-04-16T00:12:43.754+0000] {processor.py:161} INFO - Started process (PID=47) to work on /home/airflow/.local/lib/python3.12/site-packages/airflow/example_dags/example_latest_only_with_trigger.py
[2024-04-16T00:12:43.756+0000] {processor.py:830} INFO - Processing file /home/airflow/.local/lib/python3.12/site-packages/airflow/example_dags/example_latest_only_with_trigger.py for tasks to queue
[2024-04-16T00:12:43.758+0000] {logging_mixin.py:188} INFO - [2024-04-16T00:12:43.758+0000] {dagbag.py:540} INFO - Filling up the DagBag from /home/airflow/.local/lib/python3.12/site-packages/airflow/example_dags/example_latest_only_with_trigger.py
[2024-04-16T00:12:43.770+0000] {processor.py:840} INFO - DAG(s) 'latest_only_with_trigger' retrieved from /home/airflow/.local/lib/python3.12/site-packages/airflow/example_dags/example_latest_only_with_trigger.py
[2024-04-16T00:12:43.810+0000] {logging_mixin.py:188} INFO - [2024-04-16T00:12:43.810+0000] {dag.py:3096} INFO - Sync 1 DAGs
[2024-04-16T00:12:43.847+0000] {logging_mixin.py:188} INFO - [2024-04-16T00:12:43.847+0000] {dag.py:3954} INFO - Setting next_dagrun for latest_only_with_trigger to 2024-04-15 20:00:00+00:00, run_after=2024-04-16 00:00:00+00:00
[2024-04-16T00:12:43.880+0000] {processor.py:183} INFO - Processing /home/airflow/.local/lib/python3.12/site-packages/airflow/example_dags/example_latest_only_with_trigger.py took 0.133 seconds
[2024-04-16T00:28:17.977+0000] {processor.py:161} INFO - Started process (PID=53) to work on /home/airflow/.local/lib/python3.12/site-packages/airflow/example_dags/example_latest_only_with_trigger.py
[2024-04-16T00:28:17.980+0000] {processor.py:830} INFO - Processing file /home/airflow/.local/lib/python3.12/site-packages/airflow/example_dags/example_latest_only_with_trigger.py for tasks to queue
[2024-04-16T00:28:17.983+0000] {logging_mixin.py:188} INFO - [2024-04-16T00:28:17.983+0000] {dagbag.py:540} INFO - Filling up the DagBag from /home/airflow/.local/lib/python3.12/site-packages/airflow/example_dags/example_latest_only_with_trigger.py
[2024-04-16T00:28:17.998+0000] {processor.py:840} INFO - DAG(s) 'latest_only_with_trigger' retrieved from /home/airflow/.local/lib/python3.12/site-packages/airflow/example_dags/example_latest_only_with_trigger.py
[2024-04-16T00:28:18.196+0000] {logging_mixin.py:188} INFO - [2024-04-16T00:28:18.195+0000] {dag.py:3096} INFO - Sync 1 DAGs
[2024-04-16T00:28:18.225+0000] {logging_mixin.py:188} INFO - [2024-04-16T00:28:18.225+0000] {dag.py:3954} INFO - Setting next_dagrun for latest_only_with_trigger to 2024-04-15 20:00:00+00:00, run_after=2024-04-16 00:00:00+00:00
[2024-04-16T00:28:18.257+0000] {processor.py:183} INFO - Processing /home/airflow/.local/lib/python3.12/site-packages/airflow/example_dags/example_latest_only_with_trigger.py took 0.294 seconds
[2024-04-16T00:29:25.122+0000] {processor.py:161} INFO - Started process (PID=47) to work on /home/airflow/.local/lib/python3.12/site-packages/airflow/example_dags/example_latest_only_with_trigger.py
[2024-04-16T00:29:25.123+0000] {processor.py:830} INFO - Processing file /home/airflow/.local/lib/python3.12/site-packages/airflow/example_dags/example_latest_only_with_trigger.py for tasks to queue
[2024-04-16T00:29:25.125+0000] {logging_mixin.py:188} INFO - [2024-04-16T00:29:25.125+0000] {dagbag.py:540} INFO - Filling up the DagBag from /home/airflow/.local/lib/python3.12/site-packages/airflow/example_dags/example_latest_only_with_trigger.py
[2024-04-16T00:29:25.137+0000] {processor.py:840} INFO - DAG(s) 'latest_only_with_trigger' retrieved from /home/airflow/.local/lib/python3.12/site-packages/airflow/example_dags/example_latest_only_with_trigger.py
[2024-04-16T00:29:25.173+0000] {logging_mixin.py:188} INFO - [2024-04-16T00:29:25.173+0000] {dag.py:3096} INFO - Sync 1 DAGs
[2024-04-16T00:29:25.213+0000] {logging_mixin.py:188} INFO - [2024-04-16T00:29:25.213+0000] {dag.py:3954} INFO - Setting next_dagrun for latest_only_with_trigger to 2024-04-15 20:00:00+00:00, run_after=2024-04-16 00:00:00+00:00
[2024-04-16T00:29:25.244+0000] {processor.py:183} INFO - Processing /home/airflow/.local/lib/python3.12/site-packages/airflow/example_dags/example_latest_only_with_trigger.py took 0.131 seconds
[2024-04-16T00:29:55.540+0000] {processor.py:161} INFO - Started process (PID=105) to work on /home/airflow/.local/lib/python3.12/site-packages/airflow/example_dags/example_latest_only_with_trigger.py
[2024-04-16T00:29:55.542+0000] {processor.py:830} INFO - Processing file /home/airflow/.local/lib/python3.12/site-packages/airflow/example_dags/example_latest_only_with_trigger.py for tasks to queue
[2024-04-16T00:29:55.545+0000] {logging_mixin.py:188} INFO - [2024-04-16T00:29:55.544+0000] {dagbag.py:540} INFO - Filling up the DagBag from /home/airflow/.local/lib/python3.12/site-packages/airflow/example_dags/example_latest_only_with_trigger.py
[2024-04-16T00:29:55.554+0000] {processor.py:840} INFO - DAG(s) 'latest_only_with_trigger' retrieved from /home/airflow/.local/lib/python3.12/site-packages/airflow/example_dags/example_latest_only_with_trigger.py
[2024-04-16T00:29:55.593+0000] {logging_mixin.py:188} INFO - [2024-04-16T00:29:55.593+0000] {dag.py:3096} INFO - Sync 1 DAGs
[2024-04-16T00:29:55.633+0000] {logging_mixin.py:188} INFO - [2024-04-16T00:29:55.633+0000] {dag.py:3954} INFO - Setting next_dagrun for latest_only_with_trigger to 2024-04-15 20:00:00+00:00, run_after=2024-04-16 00:00:00+00:00
[2024-04-16T00:29:55.661+0000] {processor.py:183} INFO - Processing /home/airflow/.local/lib/python3.12/site-packages/airflow/example_dags/example_latest_only_with_trigger.py took 0.133 seconds
[2024-04-16T00:30:26.489+0000] {processor.py:161} INFO - Started process (PID=163) to work on /home/airflow/.local/lib/python3.12/site-packages/airflow/example_dags/example_latest_only_with_trigger.py
[2024-04-16T00:30:26.490+0000] {processor.py:830} INFO - Processing file /home/airflow/.local/lib/python3.12/site-packages/airflow/example_dags/example_latest_only_with_trigger.py for tasks to queue
[2024-04-16T00:30:26.494+0000] {logging_mixin.py:188} INFO - [2024-04-16T00:30:26.493+0000] {dagbag.py:540} INFO - Filling up the DagBag from /home/airflow/.local/lib/python3.12/site-packages/airflow/example_dags/example_latest_only_with_trigger.py
[2024-04-16T00:30:26.504+0000] {processor.py:840} INFO - DAG(s) 'latest_only_with_trigger' retrieved from /home/airflow/.local/lib/python3.12/site-packages/airflow/example_dags/example_latest_only_with_trigger.py
[2024-04-16T00:30:26.534+0000] {logging_mixin.py:188} INFO - [2024-04-16T00:30:26.534+0000] {dag.py:3096} INFO - Sync 1 DAGs
[2024-04-16T00:30:26.566+0000] {logging_mixin.py:188} INFO - [2024-04-16T00:30:26.566+0000] {dag.py:3954} INFO - Setting next_dagrun for latest_only_with_trigger to 2024-04-15 20:00:00+00:00, run_after=2024-04-16 00:00:00+00:00
[2024-04-16T00:30:26.595+0000] {processor.py:183} INFO - Processing /home/airflow/.local/lib/python3.12/site-packages/airflow/example_dags/example_latest_only_with_trigger.py took 0.114 seconds
[2024-04-16T00:30:56.812+0000] {processor.py:161} INFO - Started process (PID=221) to work on /home/airflow/.local/lib/python3.12/site-packages/airflow/example_dags/example_latest_only_with_trigger.py
[2024-04-16T00:30:56.814+0000] {processor.py:830} INFO - Processing file /home/airflow/.local/lib/python3.12/site-packages/airflow/example_dags/example_latest_only_with_trigger.py for tasks to queue
[2024-04-16T00:30:56.817+0000] {logging_mixin.py:188} INFO - [2024-04-16T00:30:56.816+0000] {dagbag.py:540} INFO - Filling up the DagBag from /home/airflow/.local/lib/python3.12/site-packages/airflow/example_dags/example_latest_only_with_trigger.py
[2024-04-16T00:30:56.825+0000] {processor.py:840} INFO - DAG(s) 'latest_only_with_trigger' retrieved from /home/airflow/.local/lib/python3.12/site-packages/airflow/example_dags/example_latest_only_with_trigger.py
[2024-04-16T00:30:56.855+0000] {logging_mixin.py:188} INFO - [2024-04-16T00:30:56.855+0000] {dag.py:3096} INFO - Sync 1 DAGs
[2024-04-16T00:30:56.886+0000] {logging_mixin.py:188} INFO - [2024-04-16T00:30:56.886+0000] {dag.py:3954} INFO - Setting next_dagrun for latest_only_with_trigger to 2024-04-15 20:00:00+00:00, run_after=2024-04-16 00:00:00+00:00
[2024-04-16T00:30:56.916+0000] {processor.py:183} INFO - Processing /home/airflow/.local/lib/python3.12/site-packages/airflow/example_dags/example_latest_only_with_trigger.py took 0.113 seconds
[2024-04-16T00:31:27.090+0000] {processor.py:161} INFO - Started process (PID=279) to work on /home/airflow/.local/lib/python3.12/site-packages/airflow/example_dags/example_latest_only_with_trigger.py
[2024-04-16T00:31:27.092+0000] {processor.py:830} INFO - Processing file /home/airflow/.local/lib/python3.12/site-packages/airflow/example_dags/example_latest_only_with_trigger.py for tasks to queue
[2024-04-16T00:31:27.094+0000] {logging_mixin.py:188} INFO - [2024-04-16T00:31:27.094+0000] {dagbag.py:540} INFO - Filling up the DagBag from /home/airflow/.local/lib/python3.12/site-packages/airflow/example_dags/example_latest_only_with_trigger.py
[2024-04-16T00:31:27.102+0000] {processor.py:840} INFO - DAG(s) 'latest_only_with_trigger' retrieved from /home/airflow/.local/lib/python3.12/site-packages/airflow/example_dags/example_latest_only_with_trigger.py
[2024-04-16T00:31:27.135+0000] {logging_mixin.py:188} INFO - [2024-04-16T00:31:27.135+0000] {dag.py:3096} INFO - Sync 1 DAGs
[2024-04-16T00:31:27.167+0000] {logging_mixin.py:188} INFO - [2024-04-16T00:31:27.167+0000] {dag.py:3954} INFO - Setting next_dagrun for latest_only_with_trigger to 2024-04-15 20:00:00+00:00, run_after=2024-04-16 00:00:00+00:00
[2024-04-16T00:31:27.194+0000] {processor.py:183} INFO - Processing /home/airflow/.local/lib/python3.12/site-packages/airflow/example_dags/example_latest_only_with_trigger.py took 0.113 seconds
[2024-04-16T00:31:57.513+0000] {processor.py:161} INFO - Started process (PID=338) to work on /home/airflow/.local/lib/python3.12/site-packages/airflow/example_dags/example_latest_only_with_trigger.py
[2024-04-16T00:31:57.515+0000] {processor.py:830} INFO - Processing file /home/airflow/.local/lib/python3.12/site-packages/airflow/example_dags/example_latest_only_with_trigger.py for tasks to queue
[2024-04-16T00:31:57.519+0000] {logging_mixin.py:188} INFO - [2024-04-16T00:31:57.518+0000] {dagbag.py:540} INFO - Filling up the DagBag from /home/airflow/.local/lib/python3.12/site-packages/airflow/example_dags/example_latest_only_with_trigger.py
[2024-04-16T00:31:57.527+0000] {processor.py:840} INFO - DAG(s) 'latest_only_with_trigger' retrieved from /home/airflow/.local/lib/python3.12/site-packages/airflow/example_dags/example_latest_only_with_trigger.py
[2024-04-16T00:31:57.558+0000] {logging_mixin.py:188} INFO - [2024-04-16T00:31:57.557+0000] {dag.py:3096} INFO - Sync 1 DAGs
[2024-04-16T00:31:57.591+0000] {logging_mixin.py:188} INFO - [2024-04-16T00:31:57.591+0000] {dag.py:3954} INFO - Setting next_dagrun for latest_only_with_trigger to 2024-04-15 20:00:00+00:00, run_after=2024-04-16 00:00:00+00:00
[2024-04-16T00:31:57.620+0000] {processor.py:183} INFO - Processing /home/airflow/.local/lib/python3.12/site-packages/airflow/example_dags/example_latest_only_with_trigger.py took 0.124 seconds
[2024-04-16T00:32:27.951+0000] {processor.py:161} INFO - Started process (PID=396) to work on /home/airflow/.local/lib/python3.12/site-packages/airflow/example_dags/example_latest_only_with_trigger.py
[2024-04-16T00:32:27.953+0000] {processor.py:830} INFO - Processing file /home/airflow/.local/lib/python3.12/site-packages/airflow/example_dags/example_latest_only_with_trigger.py for tasks to queue
[2024-04-16T00:32:27.955+0000] {logging_mixin.py:188} INFO - [2024-04-16T00:32:27.955+0000] {dagbag.py:540} INFO - Filling up the DagBag from /home/airflow/.local/lib/python3.12/site-packages/airflow/example_dags/example_latest_only_with_trigger.py
[2024-04-16T00:32:27.963+0000] {processor.py:840} INFO - DAG(s) 'latest_only_with_trigger' retrieved from /home/airflow/.local/lib/python3.12/site-packages/airflow/example_dags/example_latest_only_with_trigger.py
[2024-04-16T00:32:27.994+0000] {logging_mixin.py:188} INFO - [2024-04-16T00:32:27.993+0000] {dag.py:3096} INFO - Sync 1 DAGs
[2024-04-16T00:32:28.029+0000] {logging_mixin.py:188} INFO - [2024-04-16T00:32:28.028+0000] {dag.py:3954} INFO - Setting next_dagrun for latest_only_with_trigger to 2024-04-15 20:00:00+00:00, run_after=2024-04-16 00:00:00+00:00
[2024-04-16T00:32:28.059+0000] {processor.py:183} INFO - Processing /home/airflow/.local/lib/python3.12/site-packages/airflow/example_dags/example_latest_only_with_trigger.py took 0.117 seconds
[2024-04-16T00:32:58.165+0000] {processor.py:161} INFO - Started process (PID=454) to work on /home/airflow/.local/lib/python3.12/site-packages/airflow/example_dags/example_latest_only_with_trigger.py
[2024-04-16T00:32:58.167+0000] {processor.py:830} INFO - Processing file /home/airflow/.local/lib/python3.12/site-packages/airflow/example_dags/example_latest_only_with_trigger.py for tasks to queue
[2024-04-16T00:32:58.170+0000] {logging_mixin.py:188} INFO - [2024-04-16T00:32:58.170+0000] {dagbag.py:540} INFO - Filling up the DagBag from /home/airflow/.local/lib/python3.12/site-packages/airflow/example_dags/example_latest_only_with_trigger.py
[2024-04-16T00:32:58.183+0000] {processor.py:840} INFO - DAG(s) 'latest_only_with_trigger' retrieved from /home/airflow/.local/lib/python3.12/site-packages/airflow/example_dags/example_latest_only_with_trigger.py
[2024-04-16T00:32:58.215+0000] {logging_mixin.py:188} INFO - [2024-04-16T00:32:58.215+0000] {dag.py:3096} INFO - Sync 1 DAGs
[2024-04-16T00:32:58.250+0000] {logging_mixin.py:188} INFO - [2024-04-16T00:32:58.250+0000] {dag.py:3954} INFO - Setting next_dagrun for latest_only_with_trigger to 2024-04-15 20:00:00+00:00, run_after=2024-04-16 00:00:00+00:00
[2024-04-16T00:32:58.285+0000] {processor.py:183} INFO - Processing /home/airflow/.local/lib/python3.12/site-packages/airflow/example_dags/example_latest_only_with_trigger.py took 0.129 seconds
[2024-04-16T00:33:28.483+0000] {processor.py:161} INFO - Started process (PID=512) to work on /home/airflow/.local/lib/python3.12/site-packages/airflow/example_dags/example_latest_only_with_trigger.py
[2024-04-16T00:33:28.485+0000] {processor.py:830} INFO - Processing file /home/airflow/.local/lib/python3.12/site-packages/airflow/example_dags/example_latest_only_with_trigger.py for tasks to queue
[2024-04-16T00:33:28.487+0000] {logging_mixin.py:188} INFO - [2024-04-16T00:33:28.487+0000] {dagbag.py:540} INFO - Filling up the DagBag from /home/airflow/.local/lib/python3.12/site-packages/airflow/example_dags/example_latest_only_with_trigger.py
[2024-04-16T00:33:28.495+0000] {processor.py:840} INFO - DAG(s) 'latest_only_with_trigger' retrieved from /home/airflow/.local/lib/python3.12/site-packages/airflow/example_dags/example_latest_only_with_trigger.py
[2024-04-16T00:33:28.525+0000] {logging_mixin.py:188} INFO - [2024-04-16T00:33:28.524+0000] {dag.py:3096} INFO - Sync 1 DAGs
[2024-04-16T00:33:28.558+0000] {logging_mixin.py:188} INFO - [2024-04-16T00:33:28.558+0000] {dag.py:3954} INFO - Setting next_dagrun for latest_only_with_trigger to 2024-04-15 20:00:00+00:00, run_after=2024-04-16 00:00:00+00:00
[2024-04-16T00:33:28.585+0000] {processor.py:183} INFO - Processing /home/airflow/.local/lib/python3.12/site-packages/airflow/example_dags/example_latest_only_with_trigger.py took 0.111 seconds
[2024-04-16T00:33:59.216+0000] {processor.py:161} INFO - Started process (PID=570) to work on /home/airflow/.local/lib/python3.12/site-packages/airflow/example_dags/example_latest_only_with_trigger.py
[2024-04-16T00:33:59.217+0000] {processor.py:830} INFO - Processing file /home/airflow/.local/lib/python3.12/site-packages/airflow/example_dags/example_latest_only_with_trigger.py for tasks to queue
[2024-04-16T00:33:59.220+0000] {logging_mixin.py:188} INFO - [2024-04-16T00:33:59.220+0000] {dagbag.py:540} INFO - Filling up the DagBag from /home/airflow/.local/lib/python3.12/site-packages/airflow/example_dags/example_latest_only_with_trigger.py
[2024-04-16T00:33:59.231+0000] {processor.py:840} INFO - DAG(s) 'latest_only_with_trigger' retrieved from /home/airflow/.local/lib/python3.12/site-packages/airflow/example_dags/example_latest_only_with_trigger.py
[2024-04-16T00:33:59.263+0000] {logging_mixin.py:188} INFO - [2024-04-16T00:33:59.263+0000] {dag.py:3096} INFO - Sync 1 DAGs
[2024-04-16T00:33:59.297+0000] {logging_mixin.py:188} INFO - [2024-04-16T00:33:59.297+0000] {dag.py:3954} INFO - Setting next_dagrun for latest_only_with_trigger to 2024-04-15 20:00:00+00:00, run_after=2024-04-16 00:00:00+00:00
[2024-04-16T00:33:59.325+0000] {processor.py:183} INFO - Processing /home/airflow/.local/lib/python3.12/site-packages/airflow/example_dags/example_latest_only_with_trigger.py took 0.119 seconds
