[2024-04-16T00:07:53.578+0000] {processor.py:161} INFO - Started process (PID=70) to work on /home/airflow/.local/lib/python3.12/site-packages/airflow/example_dags/example_branch_python_dop_operator_3.py
[2024-04-16T00:07:53.579+0000] {processor.py:830} INFO - Processing file /home/airflow/.local/lib/python3.12/site-packages/airflow/example_dags/example_branch_python_dop_operator_3.py for tasks to queue
[2024-04-16T00:07:53.582+0000] {logging_mixin.py:188} INFO - [2024-04-16T00:07:53.581+0000] {dagbag.py:540} INFO - Filling up the DagBag from /home/airflow/.local/lib/python3.12/site-packages/airflow/example_dags/example_branch_python_dop_operator_3.py
[2024-04-16T00:07:53.599+0000] {processor.py:840} INFO - DAG(s) 'example_branch_dop_operator_v3' retrieved from /home/airflow/.local/lib/python3.12/site-packages/airflow/example_dags/example_branch_python_dop_operator_3.py
[2024-04-16T00:07:53.630+0000] {logging_mixin.py:188} INFO - [2024-04-16T00:07:53.630+0000] {dag.py:3096} INFO - Sync 1 DAGs
[2024-04-16T00:07:53.668+0000] {logging_mixin.py:188} INFO - [2024-04-16T00:07:53.668+0000] {dag.py:3954} INFO - Setting next_dagrun for example_branch_dop_operator_v3 to 2024-04-16 00:06:00+00:00, run_after=2024-04-16 00:07:00+00:00
[2024-04-16T00:07:53.698+0000] {processor.py:183} INFO - Processing /home/airflow/.local/lib/python3.12/site-packages/airflow/example_dags/example_branch_python_dop_operator_3.py took 0.128 seconds
[2024-04-16T00:08:23.912+0000] {processor.py:161} INFO - Started process (PID=128) to work on /home/airflow/.local/lib/python3.12/site-packages/airflow/example_dags/example_branch_python_dop_operator_3.py
[2024-04-16T00:08:23.913+0000] {processor.py:830} INFO - Processing file /home/airflow/.local/lib/python3.12/site-packages/airflow/example_dags/example_branch_python_dop_operator_3.py for tasks to queue
[2024-04-16T00:08:23.916+0000] {logging_mixin.py:188} INFO - [2024-04-16T00:08:23.916+0000] {dagbag.py:540} INFO - Filling up the DagBag from /home/airflow/.local/lib/python3.12/site-packages/airflow/example_dags/example_branch_python_dop_operator_3.py
[2024-04-16T00:08:23.931+0000] {processor.py:840} INFO - DAG(s) 'example_branch_dop_operator_v3' retrieved from /home/airflow/.local/lib/python3.12/site-packages/airflow/example_dags/example_branch_python_dop_operator_3.py
[2024-04-16T00:08:23.967+0000] {logging_mixin.py:188} INFO - [2024-04-16T00:08:23.966+0000] {dag.py:3096} INFO - Sync 1 DAGs
[2024-04-16T00:08:24.006+0000] {logging_mixin.py:188} INFO - [2024-04-16T00:08:24.006+0000] {dag.py:3954} INFO - Setting next_dagrun for example_branch_dop_operator_v3 to 2024-04-16 00:07:00+00:00, run_after=2024-04-16 00:08:00+00:00
[2024-04-16T00:08:24.037+0000] {processor.py:183} INFO - Processing /home/airflow/.local/lib/python3.12/site-packages/airflow/example_dags/example_branch_python_dop_operator_3.py took 0.133 seconds
[2024-04-16T00:08:54.896+0000] {processor.py:161} INFO - Started process (PID=186) to work on /home/airflow/.local/lib/python3.12/site-packages/airflow/example_dags/example_branch_python_dop_operator_3.py
[2024-04-16T00:08:54.898+0000] {processor.py:830} INFO - Processing file /home/airflow/.local/lib/python3.12/site-packages/airflow/example_dags/example_branch_python_dop_operator_3.py for tasks to queue
[2024-04-16T00:08:54.900+0000] {logging_mixin.py:188} INFO - [2024-04-16T00:08:54.900+0000] {dagbag.py:540} INFO - Filling up the DagBag from /home/airflow/.local/lib/python3.12/site-packages/airflow/example_dags/example_branch_python_dop_operator_3.py
[2024-04-16T00:08:54.913+0000] {processor.py:840} INFO - DAG(s) 'example_branch_dop_operator_v3' retrieved from /home/airflow/.local/lib/python3.12/site-packages/airflow/example_dags/example_branch_python_dop_operator_3.py
[2024-04-16T00:08:54.941+0000] {logging_mixin.py:188} INFO - [2024-04-16T00:08:54.941+0000] {dag.py:3096} INFO - Sync 1 DAGs
[2024-04-16T00:08:54.980+0000] {logging_mixin.py:188} INFO - [2024-04-16T00:08:54.979+0000] {dag.py:3954} INFO - Setting next_dagrun for example_branch_dop_operator_v3 to 2024-04-16 00:07:00+00:00, run_after=2024-04-16 00:08:00+00:00
[2024-04-16T00:08:55.007+0000] {processor.py:183} INFO - Processing /home/airflow/.local/lib/python3.12/site-packages/airflow/example_dags/example_branch_python_dop_operator_3.py took 0.123 seconds
[2024-04-16T00:09:25.492+0000] {processor.py:161} INFO - Started process (PID=245) to work on /home/airflow/.local/lib/python3.12/site-packages/airflow/example_dags/example_branch_python_dop_operator_3.py
[2024-04-16T00:09:25.493+0000] {processor.py:830} INFO - Processing file /home/airflow/.local/lib/python3.12/site-packages/airflow/example_dags/example_branch_python_dop_operator_3.py for tasks to queue
[2024-04-16T00:09:25.496+0000] {logging_mixin.py:188} INFO - [2024-04-16T00:09:25.495+0000] {dagbag.py:540} INFO - Filling up the DagBag from /home/airflow/.local/lib/python3.12/site-packages/airflow/example_dags/example_branch_python_dop_operator_3.py
[2024-04-16T00:09:25.509+0000] {processor.py:840} INFO - DAG(s) 'example_branch_dop_operator_v3' retrieved from /home/airflow/.local/lib/python3.12/site-packages/airflow/example_dags/example_branch_python_dop_operator_3.py
[2024-04-16T00:09:25.538+0000] {logging_mixin.py:188} INFO - [2024-04-16T00:09:25.538+0000] {dag.py:3096} INFO - Sync 1 DAGs
[2024-04-16T00:09:25.580+0000] {logging_mixin.py:188} INFO - [2024-04-16T00:09:25.580+0000] {dag.py:3954} INFO - Setting next_dagrun for example_branch_dop_operator_v3 to 2024-04-16 00:08:00+00:00, run_after=2024-04-16 00:09:00+00:00
[2024-04-16T00:09:25.610+0000] {processor.py:183} INFO - Processing /home/airflow/.local/lib/python3.12/site-packages/airflow/example_dags/example_branch_python_dop_operator_3.py took 0.126 seconds
[2024-04-16T00:09:55.748+0000] {processor.py:161} INFO - Started process (PID=303) to work on /home/airflow/.local/lib/python3.12/site-packages/airflow/example_dags/example_branch_python_dop_operator_3.py
[2024-04-16T00:09:55.750+0000] {processor.py:830} INFO - Processing file /home/airflow/.local/lib/python3.12/site-packages/airflow/example_dags/example_branch_python_dop_operator_3.py for tasks to queue
[2024-04-16T00:09:55.753+0000] {logging_mixin.py:188} INFO - [2024-04-16T00:09:55.752+0000] {dagbag.py:540} INFO - Filling up the DagBag from /home/airflow/.local/lib/python3.12/site-packages/airflow/example_dags/example_branch_python_dop_operator_3.py
[2024-04-16T00:09:55.767+0000] {processor.py:840} INFO - DAG(s) 'example_branch_dop_operator_v3' retrieved from /home/airflow/.local/lib/python3.12/site-packages/airflow/example_dags/example_branch_python_dop_operator_3.py
[2024-04-16T00:09:55.799+0000] {logging_mixin.py:188} INFO - [2024-04-16T00:09:55.799+0000] {dag.py:3096} INFO - Sync 1 DAGs
[2024-04-16T00:09:55.842+0000] {logging_mixin.py:188} INFO - [2024-04-16T00:09:55.841+0000] {dag.py:3954} INFO - Setting next_dagrun for example_branch_dop_operator_v3 to 2024-04-16 00:08:00+00:00, run_after=2024-04-16 00:09:00+00:00
[2024-04-16T00:09:55.873+0000] {processor.py:183} INFO - Processing /home/airflow/.local/lib/python3.12/site-packages/airflow/example_dags/example_branch_python_dop_operator_3.py took 0.134 seconds
[2024-04-16T00:10:26.317+0000] {processor.py:161} INFO - Started process (PID=361) to work on /home/airflow/.local/lib/python3.12/site-packages/airflow/example_dags/example_branch_python_dop_operator_3.py
[2024-04-16T00:10:26.318+0000] {processor.py:830} INFO - Processing file /home/airflow/.local/lib/python3.12/site-packages/airflow/example_dags/example_branch_python_dop_operator_3.py for tasks to queue
[2024-04-16T00:10:26.321+0000] {logging_mixin.py:188} INFO - [2024-04-16T00:10:26.320+0000] {dagbag.py:540} INFO - Filling up the DagBag from /home/airflow/.local/lib/python3.12/site-packages/airflow/example_dags/example_branch_python_dop_operator_3.py
[2024-04-16T00:10:26.334+0000] {processor.py:840} INFO - DAG(s) 'example_branch_dop_operator_v3' retrieved from /home/airflow/.local/lib/python3.12/site-packages/airflow/example_dags/example_branch_python_dop_operator_3.py
[2024-04-16T00:10:26.362+0000] {logging_mixin.py:188} INFO - [2024-04-16T00:10:26.362+0000] {dag.py:3096} INFO - Sync 1 DAGs
[2024-04-16T00:10:26.404+0000] {logging_mixin.py:188} INFO - [2024-04-16T00:10:26.403+0000] {dag.py:3954} INFO - Setting next_dagrun for example_branch_dop_operator_v3 to 2024-04-16 00:09:00+00:00, run_after=2024-04-16 00:10:00+00:00
[2024-04-16T00:10:26.434+0000] {processor.py:183} INFO - Processing /home/airflow/.local/lib/python3.12/site-packages/airflow/example_dags/example_branch_python_dop_operator_3.py took 0.127 seconds
[2024-04-16T00:10:57.008+0000] {processor.py:161} INFO - Started process (PID=419) to work on /home/airflow/.local/lib/python3.12/site-packages/airflow/example_dags/example_branch_python_dop_operator_3.py
[2024-04-16T00:10:57.010+0000] {processor.py:830} INFO - Processing file /home/airflow/.local/lib/python3.12/site-packages/airflow/example_dags/example_branch_python_dop_operator_3.py for tasks to queue
[2024-04-16T00:10:57.013+0000] {logging_mixin.py:188} INFO - [2024-04-16T00:10:57.012+0000] {dagbag.py:540} INFO - Filling up the DagBag from /home/airflow/.local/lib/python3.12/site-packages/airflow/example_dags/example_branch_python_dop_operator_3.py
[2024-04-16T00:10:57.027+0000] {processor.py:840} INFO - DAG(s) 'example_branch_dop_operator_v3' retrieved from /home/airflow/.local/lib/python3.12/site-packages/airflow/example_dags/example_branch_python_dop_operator_3.py
[2024-04-16T00:10:57.061+0000] {logging_mixin.py:188} INFO - [2024-04-16T00:10:57.060+0000] {dag.py:3096} INFO - Sync 1 DAGs
[2024-04-16T00:10:57.104+0000] {logging_mixin.py:188} INFO - [2024-04-16T00:10:57.103+0000] {dag.py:3954} INFO - Setting next_dagrun for example_branch_dop_operator_v3 to 2024-04-16 00:09:00+00:00, run_after=2024-04-16 00:10:00+00:00
[2024-04-16T00:10:57.383+0000] {processor.py:183} INFO - Processing /home/airflow/.local/lib/python3.12/site-packages/airflow/example_dags/example_branch_python_dop_operator_3.py took 0.386 seconds
[2024-04-16T00:11:27.615+0000] {processor.py:161} INFO - Started process (PID=477) to work on /home/airflow/.local/lib/python3.12/site-packages/airflow/example_dags/example_branch_python_dop_operator_3.py
[2024-04-16T00:11:27.616+0000] {processor.py:830} INFO - Processing file /home/airflow/.local/lib/python3.12/site-packages/airflow/example_dags/example_branch_python_dop_operator_3.py for tasks to queue
[2024-04-16T00:11:27.619+0000] {logging_mixin.py:188} INFO - [2024-04-16T00:11:27.619+0000] {dagbag.py:540} INFO - Filling up the DagBag from /home/airflow/.local/lib/python3.12/site-packages/airflow/example_dags/example_branch_python_dop_operator_3.py
[2024-04-16T00:11:27.632+0000] {processor.py:840} INFO - DAG(s) 'example_branch_dop_operator_v3' retrieved from /home/airflow/.local/lib/python3.12/site-packages/airflow/example_dags/example_branch_python_dop_operator_3.py
[2024-04-16T00:11:27.664+0000] {logging_mixin.py:188} INFO - [2024-04-16T00:11:27.664+0000] {dag.py:3096} INFO - Sync 1 DAGs
[2024-04-16T00:11:27.715+0000] {logging_mixin.py:188} INFO - [2024-04-16T00:11:27.715+0000] {dag.py:3954} INFO - Setting next_dagrun for example_branch_dop_operator_v3 to 2024-04-16 00:10:00+00:00, run_after=2024-04-16 00:11:00+00:00
[2024-04-16T00:11:27.750+0000] {processor.py:183} INFO - Processing /home/airflow/.local/lib/python3.12/site-packages/airflow/example_dags/example_branch_python_dop_operator_3.py took 0.144 seconds
[2024-04-16T00:11:57.976+0000] {processor.py:161} INFO - Started process (PID=535) to work on /home/airflow/.local/lib/python3.12/site-packages/airflow/example_dags/example_branch_python_dop_operator_3.py
[2024-04-16T00:11:57.978+0000] {processor.py:830} INFO - Processing file /home/airflow/.local/lib/python3.12/site-packages/airflow/example_dags/example_branch_python_dop_operator_3.py for tasks to queue
[2024-04-16T00:11:57.981+0000] {logging_mixin.py:188} INFO - [2024-04-16T00:11:57.980+0000] {dagbag.py:540} INFO - Filling up the DagBag from /home/airflow/.local/lib/python3.12/site-packages/airflow/example_dags/example_branch_python_dop_operator_3.py
[2024-04-16T00:11:58.005+0000] {processor.py:840} INFO - DAG(s) 'example_branch_dop_operator_v3' retrieved from /home/airflow/.local/lib/python3.12/site-packages/airflow/example_dags/example_branch_python_dop_operator_3.py
[2024-04-16T00:11:58.038+0000] {logging_mixin.py:188} INFO - [2024-04-16T00:11:58.038+0000] {dag.py:3096} INFO - Sync 1 DAGs
[2024-04-16T00:11:58.081+0000] {logging_mixin.py:188} INFO - [2024-04-16T00:11:58.080+0000] {dag.py:3954} INFO - Setting next_dagrun for example_branch_dop_operator_v3 to 2024-04-16 00:10:00+00:00, run_after=2024-04-16 00:11:00+00:00
[2024-04-16T00:11:58.122+0000] {processor.py:183} INFO - Processing /home/airflow/.local/lib/python3.12/site-packages/airflow/example_dags/example_branch_python_dop_operator_3.py took 0.155 seconds
[2024-04-16T00:12:46.297+0000] {processor.py:161} INFO - Started process (PID=64) to work on /home/airflow/.local/lib/python3.12/site-packages/airflow/example_dags/example_branch_python_dop_operator_3.py
[2024-04-16T00:12:46.299+0000] {processor.py:830} INFO - Processing file /home/airflow/.local/lib/python3.12/site-packages/airflow/example_dags/example_branch_python_dop_operator_3.py for tasks to queue
[2024-04-16T00:12:46.301+0000] {logging_mixin.py:188} INFO - [2024-04-16T00:12:46.301+0000] {dagbag.py:540} INFO - Filling up the DagBag from /home/airflow/.local/lib/python3.12/site-packages/airflow/example_dags/example_branch_python_dop_operator_3.py
[2024-04-16T00:12:46.317+0000] {processor.py:840} INFO - DAG(s) 'example_branch_dop_operator_v3' retrieved from /home/airflow/.local/lib/python3.12/site-packages/airflow/example_dags/example_branch_python_dop_operator_3.py
[2024-04-16T00:12:46.353+0000] {logging_mixin.py:188} INFO - [2024-04-16T00:12:46.353+0000] {dag.py:3096} INFO - Sync 1 DAGs
[2024-04-16T00:12:46.391+0000] {logging_mixin.py:188} INFO - [2024-04-16T00:12:46.391+0000] {dag.py:3954} INFO - Setting next_dagrun for example_branch_dop_operator_v3 to 2024-04-16 00:11:00+00:00, run_after=2024-04-16 00:12:00+00:00
[2024-04-16T00:12:46.420+0000] {processor.py:183} INFO - Processing /home/airflow/.local/lib/python3.12/site-packages/airflow/example_dags/example_branch_python_dop_operator_3.py took 0.130 seconds
[2024-04-16T00:28:20.666+0000] {processor.py:161} INFO - Started process (PID=70) to work on /home/airflow/.local/lib/python3.12/site-packages/airflow/example_dags/example_branch_python_dop_operator_3.py
[2024-04-16T00:28:20.668+0000] {processor.py:830} INFO - Processing file /home/airflow/.local/lib/python3.12/site-packages/airflow/example_dags/example_branch_python_dop_operator_3.py for tasks to queue
[2024-04-16T00:28:20.671+0000] {logging_mixin.py:188} INFO - [2024-04-16T00:28:20.670+0000] {dagbag.py:540} INFO - Filling up the DagBag from /home/airflow/.local/lib/python3.12/site-packages/airflow/example_dags/example_branch_python_dop_operator_3.py
[2024-04-16T00:28:20.686+0000] {processor.py:840} INFO - DAG(s) 'example_branch_dop_operator_v3' retrieved from /home/airflow/.local/lib/python3.12/site-packages/airflow/example_dags/example_branch_python_dop_operator_3.py
[2024-04-16T00:28:20.838+0000] {logging_mixin.py:188} INFO - [2024-04-16T00:28:20.838+0000] {dag.py:3096} INFO - Sync 1 DAGs
[2024-04-16T00:28:20.872+0000] {logging_mixin.py:188} INFO - [2024-04-16T00:28:20.872+0000] {dag.py:3954} INFO - Setting next_dagrun for example_branch_dop_operator_v3 to 2024-04-16 00:27:00+00:00, run_after=2024-04-16 00:28:00+00:00
[2024-04-16T00:28:20.902+0000] {processor.py:183} INFO - Processing /home/airflow/.local/lib/python3.12/site-packages/airflow/example_dags/example_branch_python_dop_operator_3.py took 0.245 seconds
[2024-04-16T00:29:26.781+0000] {processor.py:161} INFO - Started process (PID=64) to work on /home/airflow/.local/lib/python3.12/site-packages/airflow/example_dags/example_branch_python_dop_operator_3.py
[2024-04-16T00:29:26.782+0000] {processor.py:830} INFO - Processing file /home/airflow/.local/lib/python3.12/site-packages/airflow/example_dags/example_branch_python_dop_operator_3.py for tasks to queue
[2024-04-16T00:29:26.785+0000] {logging_mixin.py:188} INFO - [2024-04-16T00:29:26.785+0000] {dagbag.py:540} INFO - Filling up the DagBag from /home/airflow/.local/lib/python3.12/site-packages/airflow/example_dags/example_branch_python_dop_operator_3.py
[2024-04-16T00:29:26.801+0000] {processor.py:840} INFO - DAG(s) 'example_branch_dop_operator_v3' retrieved from /home/airflow/.local/lib/python3.12/site-packages/airflow/example_dags/example_branch_python_dop_operator_3.py
[2024-04-16T00:29:26.832+0000] {logging_mixin.py:188} INFO - [2024-04-16T00:29:26.832+0000] {dag.py:3096} INFO - Sync 1 DAGs
[2024-04-16T00:29:26.868+0000] {logging_mixin.py:188} INFO - [2024-04-16T00:29:26.868+0000] {dag.py:3954} INFO - Setting next_dagrun for example_branch_dop_operator_v3 to 2024-04-16 00:28:00+00:00, run_after=2024-04-16 00:29:00+00:00
[2024-04-16T00:29:26.921+0000] {processor.py:183} INFO - Processing /home/airflow/.local/lib/python3.12/site-packages/airflow/example_dags/example_branch_python_dop_operator_3.py took 0.148 seconds
[2024-04-16T00:29:57.191+0000] {processor.py:161} INFO - Started process (PID=122) to work on /home/airflow/.local/lib/python3.12/site-packages/airflow/example_dags/example_branch_python_dop_operator_3.py
[2024-04-16T00:29:57.192+0000] {processor.py:830} INFO - Processing file /home/airflow/.local/lib/python3.12/site-packages/airflow/example_dags/example_branch_python_dop_operator_3.py for tasks to queue
[2024-04-16T00:29:57.195+0000] {logging_mixin.py:188} INFO - [2024-04-16T00:29:57.194+0000] {dagbag.py:540} INFO - Filling up the DagBag from /home/airflow/.local/lib/python3.12/site-packages/airflow/example_dags/example_branch_python_dop_operator_3.py
[2024-04-16T00:29:57.207+0000] {processor.py:840} INFO - DAG(s) 'example_branch_dop_operator_v3' retrieved from /home/airflow/.local/lib/python3.12/site-packages/airflow/example_dags/example_branch_python_dop_operator_3.py
[2024-04-16T00:29:57.235+0000] {logging_mixin.py:188} INFO - [2024-04-16T00:29:57.235+0000] {dag.py:3096} INFO - Sync 1 DAGs
[2024-04-16T00:29:57.273+0000] {logging_mixin.py:188} INFO - [2024-04-16T00:29:57.273+0000] {dag.py:3954} INFO - Setting next_dagrun for example_branch_dop_operator_v3 to 2024-04-16 00:28:00+00:00, run_after=2024-04-16 00:29:00+00:00
[2024-04-16T00:29:57.304+0000] {processor.py:183} INFO - Processing /home/airflow/.local/lib/python3.12/site-packages/airflow/example_dags/example_branch_python_dop_operator_3.py took 0.122 seconds
[2024-04-16T00:30:28.015+0000] {processor.py:161} INFO - Started process (PID=180) to work on /home/airflow/.local/lib/python3.12/site-packages/airflow/example_dags/example_branch_python_dop_operator_3.py
[2024-04-16T00:30:28.016+0000] {processor.py:830} INFO - Processing file /home/airflow/.local/lib/python3.12/site-packages/airflow/example_dags/example_branch_python_dop_operator_3.py for tasks to queue
[2024-04-16T00:30:28.019+0000] {logging_mixin.py:188} INFO - [2024-04-16T00:30:28.019+0000] {dagbag.py:540} INFO - Filling up the DagBag from /home/airflow/.local/lib/python3.12/site-packages/airflow/example_dags/example_branch_python_dop_operator_3.py
[2024-04-16T00:30:28.032+0000] {processor.py:840} INFO - DAG(s) 'example_branch_dop_operator_v3' retrieved from /home/airflow/.local/lib/python3.12/site-packages/airflow/example_dags/example_branch_python_dop_operator_3.py
[2024-04-16T00:30:28.059+0000] {logging_mixin.py:188} INFO - [2024-04-16T00:30:28.059+0000] {dag.py:3096} INFO - Sync 1 DAGs
[2024-04-16T00:30:28.101+0000] {logging_mixin.py:188} INFO - [2024-04-16T00:30:28.101+0000] {dag.py:3954} INFO - Setting next_dagrun for example_branch_dop_operator_v3 to 2024-04-16 00:29:00+00:00, run_after=2024-04-16 00:30:00+00:00
[2024-04-16T00:30:28.130+0000] {processor.py:183} INFO - Processing /home/airflow/.local/lib/python3.12/site-packages/airflow/example_dags/example_branch_python_dop_operator_3.py took 0.124 seconds
[2024-04-16T00:30:58.718+0000] {processor.py:161} INFO - Started process (PID=238) to work on /home/airflow/.local/lib/python3.12/site-packages/airflow/example_dags/example_branch_python_dop_operator_3.py
[2024-04-16T00:30:58.721+0000] {processor.py:830} INFO - Processing file /home/airflow/.local/lib/python3.12/site-packages/airflow/example_dags/example_branch_python_dop_operator_3.py for tasks to queue
[2024-04-16T00:30:58.725+0000] {logging_mixin.py:188} INFO - [2024-04-16T00:30:58.724+0000] {dagbag.py:540} INFO - Filling up the DagBag from /home/airflow/.local/lib/python3.12/site-packages/airflow/example_dags/example_branch_python_dop_operator_3.py
[2024-04-16T00:30:58.739+0000] {processor.py:840} INFO - DAG(s) 'example_branch_dop_operator_v3' retrieved from /home/airflow/.local/lib/python3.12/site-packages/airflow/example_dags/example_branch_python_dop_operator_3.py
[2024-04-16T00:30:58.787+0000] {logging_mixin.py:188} INFO - [2024-04-16T00:30:58.786+0000] {dag.py:3096} INFO - Sync 1 DAGs
[2024-04-16T00:30:58.838+0000] {logging_mixin.py:188} INFO - [2024-04-16T00:30:58.838+0000] {dag.py:3954} INFO - Setting next_dagrun for example_branch_dop_operator_v3 to 2024-04-16 00:29:00+00:00, run_after=2024-04-16 00:30:00+00:00
[2024-04-16T00:30:58.870+0000] {processor.py:183} INFO - Processing /home/airflow/.local/lib/python3.12/site-packages/airflow/example_dags/example_branch_python_dop_operator_3.py took 0.170 seconds
[2024-04-16T00:31:29.058+0000] {processor.py:161} INFO - Started process (PID=296) to work on /home/airflow/.local/lib/python3.12/site-packages/airflow/example_dags/example_branch_python_dop_operator_3.py
[2024-04-16T00:31:29.059+0000] {processor.py:830} INFO - Processing file /home/airflow/.local/lib/python3.12/site-packages/airflow/example_dags/example_branch_python_dop_operator_3.py for tasks to queue
[2024-04-16T00:31:29.062+0000] {logging_mixin.py:188} INFO - [2024-04-16T00:31:29.062+0000] {dagbag.py:540} INFO - Filling up the DagBag from /home/airflow/.local/lib/python3.12/site-packages/airflow/example_dags/example_branch_python_dop_operator_3.py
[2024-04-16T00:31:29.076+0000] {processor.py:840} INFO - DAG(s) 'example_branch_dop_operator_v3' retrieved from /home/airflow/.local/lib/python3.12/site-packages/airflow/example_dags/example_branch_python_dop_operator_3.py
[2024-04-16T00:31:29.114+0000] {logging_mixin.py:188} INFO - [2024-04-16T00:31:29.114+0000] {dag.py:3096} INFO - Sync 1 DAGs
[2024-04-16T00:31:29.161+0000] {logging_mixin.py:188} INFO - [2024-04-16T00:31:29.160+0000] {dag.py:3954} INFO - Setting next_dagrun for example_branch_dop_operator_v3 to 2024-04-16 00:30:00+00:00, run_after=2024-04-16 00:31:00+00:00
[2024-04-16T00:31:29.193+0000] {processor.py:183} INFO - Processing /home/airflow/.local/lib/python3.12/site-packages/airflow/example_dags/example_branch_python_dop_operator_3.py took 0.144 seconds
[2024-04-16T00:31:59.426+0000] {processor.py:161} INFO - Started process (PID=355) to work on /home/airflow/.local/lib/python3.12/site-packages/airflow/example_dags/example_branch_python_dop_operator_3.py
[2024-04-16T00:31:59.428+0000] {processor.py:830} INFO - Processing file /home/airflow/.local/lib/python3.12/site-packages/airflow/example_dags/example_branch_python_dop_operator_3.py for tasks to queue
[2024-04-16T00:31:59.431+0000] {logging_mixin.py:188} INFO - [2024-04-16T00:31:59.430+0000] {dagbag.py:540} INFO - Filling up the DagBag from /home/airflow/.local/lib/python3.12/site-packages/airflow/example_dags/example_branch_python_dop_operator_3.py
[2024-04-16T00:31:59.445+0000] {processor.py:840} INFO - DAG(s) 'example_branch_dop_operator_v3' retrieved from /home/airflow/.local/lib/python3.12/site-packages/airflow/example_dags/example_branch_python_dop_operator_3.py
[2024-04-16T00:31:59.474+0000] {logging_mixin.py:188} INFO - [2024-04-16T00:31:59.473+0000] {dag.py:3096} INFO - Sync 1 DAGs
[2024-04-16T00:31:59.513+0000] {logging_mixin.py:188} INFO - [2024-04-16T00:31:59.513+0000] {dag.py:3954} INFO - Setting next_dagrun for example_branch_dop_operator_v3 to 2024-04-16 00:30:00+00:00, run_after=2024-04-16 00:31:00+00:00
[2024-04-16T00:31:59.560+0000] {processor.py:183} INFO - Processing /home/airflow/.local/lib/python3.12/site-packages/airflow/example_dags/example_branch_python_dop_operator_3.py took 0.143 seconds
[2024-04-16T00:32:29.779+0000] {processor.py:161} INFO - Started process (PID=413) to work on /home/airflow/.local/lib/python3.12/site-packages/airflow/example_dags/example_branch_python_dop_operator_3.py
[2024-04-16T00:32:29.781+0000] {processor.py:830} INFO - Processing file /home/airflow/.local/lib/python3.12/site-packages/airflow/example_dags/example_branch_python_dop_operator_3.py for tasks to queue
[2024-04-16T00:32:29.784+0000] {logging_mixin.py:188} INFO - [2024-04-16T00:32:29.783+0000] {dagbag.py:540} INFO - Filling up the DagBag from /home/airflow/.local/lib/python3.12/site-packages/airflow/example_dags/example_branch_python_dop_operator_3.py
[2024-04-16T00:32:29.797+0000] {processor.py:840} INFO - DAG(s) 'example_branch_dop_operator_v3' retrieved from /home/airflow/.local/lib/python3.12/site-packages/airflow/example_dags/example_branch_python_dop_operator_3.py
[2024-04-16T00:32:29.831+0000] {logging_mixin.py:188} INFO - [2024-04-16T00:32:29.831+0000] {dag.py:3096} INFO - Sync 1 DAGs
[2024-04-16T00:32:29.870+0000] {logging_mixin.py:188} INFO - [2024-04-16T00:32:29.869+0000] {dag.py:3954} INFO - Setting next_dagrun for example_branch_dop_operator_v3 to 2024-04-16 00:31:00+00:00, run_after=2024-04-16 00:32:00+00:00
[2024-04-16T00:32:29.898+0000] {processor.py:183} INFO - Processing /home/airflow/.local/lib/python3.12/site-packages/airflow/example_dags/example_branch_python_dop_operator_3.py took 0.131 seconds
[2024-04-16T00:33:00.196+0000] {processor.py:161} INFO - Started process (PID=471) to work on /home/airflow/.local/lib/python3.12/site-packages/airflow/example_dags/example_branch_python_dop_operator_3.py
[2024-04-16T00:33:00.198+0000] {processor.py:830} INFO - Processing file /home/airflow/.local/lib/python3.12/site-packages/airflow/example_dags/example_branch_python_dop_operator_3.py for tasks to queue
[2024-04-16T00:33:00.202+0000] {logging_mixin.py:188} INFO - [2024-04-16T00:33:00.201+0000] {dagbag.py:540} INFO - Filling up the DagBag from /home/airflow/.local/lib/python3.12/site-packages/airflow/example_dags/example_branch_python_dop_operator_3.py
[2024-04-16T00:33:00.216+0000] {processor.py:840} INFO - DAG(s) 'example_branch_dop_operator_v3' retrieved from /home/airflow/.local/lib/python3.12/site-packages/airflow/example_dags/example_branch_python_dop_operator_3.py
[2024-04-16T00:33:00.253+0000] {logging_mixin.py:188} INFO - [2024-04-16T00:33:00.252+0000] {dag.py:3096} INFO - Sync 1 DAGs
[2024-04-16T00:33:00.294+0000] {logging_mixin.py:188} INFO - [2024-04-16T00:33:00.294+0000] {dag.py:3954} INFO - Setting next_dagrun for example_branch_dop_operator_v3 to 2024-04-16 00:32:00+00:00, run_after=2024-04-16 00:33:00+00:00
[2024-04-16T00:33:00.331+0000] {processor.py:183} INFO - Processing /home/airflow/.local/lib/python3.12/site-packages/airflow/example_dags/example_branch_python_dop_operator_3.py took 0.145 seconds
[2024-04-16T00:33:30.544+0000] {processor.py:161} INFO - Started process (PID=529) to work on /home/airflow/.local/lib/python3.12/site-packages/airflow/example_dags/example_branch_python_dop_operator_3.py
[2024-04-16T00:33:30.545+0000] {processor.py:830} INFO - Processing file /home/airflow/.local/lib/python3.12/site-packages/airflow/example_dags/example_branch_python_dop_operator_3.py for tasks to queue
[2024-04-16T00:33:30.549+0000] {logging_mixin.py:188} INFO - [2024-04-16T00:33:30.548+0000] {dagbag.py:540} INFO - Filling up the DagBag from /home/airflow/.local/lib/python3.12/site-packages/airflow/example_dags/example_branch_python_dop_operator_3.py
[2024-04-16T00:33:30.560+0000] {processor.py:840} INFO - DAG(s) 'example_branch_dop_operator_v3' retrieved from /home/airflow/.local/lib/python3.12/site-packages/airflow/example_dags/example_branch_python_dop_operator_3.py
[2024-04-16T00:33:30.587+0000] {logging_mixin.py:188} INFO - [2024-04-16T00:33:30.587+0000] {dag.py:3096} INFO - Sync 1 DAGs
[2024-04-16T00:33:30.619+0000] {logging_mixin.py:188} INFO - [2024-04-16T00:33:30.619+0000] {dag.py:3954} INFO - Setting next_dagrun for example_branch_dop_operator_v3 to 2024-04-16 00:32:00+00:00, run_after=2024-04-16 00:33:00+00:00
[2024-04-16T00:33:30.649+0000] {processor.py:183} INFO - Processing /home/airflow/.local/lib/python3.12/site-packages/airflow/example_dags/example_branch_python_dop_operator_3.py took 0.113 seconds
[2024-04-16T00:34:00.778+0000] {processor.py:161} INFO - Started process (PID=587) to work on /home/airflow/.local/lib/python3.12/site-packages/airflow/example_dags/example_branch_python_dop_operator_3.py
[2024-04-16T00:34:00.780+0000] {processor.py:830} INFO - Processing file /home/airflow/.local/lib/python3.12/site-packages/airflow/example_dags/example_branch_python_dop_operator_3.py for tasks to queue
[2024-04-16T00:34:00.782+0000] {logging_mixin.py:188} INFO - [2024-04-16T00:34:00.782+0000] {dagbag.py:540} INFO - Filling up the DagBag from /home/airflow/.local/lib/python3.12/site-packages/airflow/example_dags/example_branch_python_dop_operator_3.py
[2024-04-16T00:34:00.794+0000] {processor.py:840} INFO - DAG(s) 'example_branch_dop_operator_v3' retrieved from /home/airflow/.local/lib/python3.12/site-packages/airflow/example_dags/example_branch_python_dop_operator_3.py
[2024-04-16T00:34:00.820+0000] {logging_mixin.py:188} INFO - [2024-04-16T00:34:00.820+0000] {dag.py:3096} INFO - Sync 1 DAGs
[2024-04-16T00:34:00.858+0000] {logging_mixin.py:188} INFO - [2024-04-16T00:34:00.857+0000] {dag.py:3954} INFO - Setting next_dagrun for example_branch_dop_operator_v3 to 2024-04-16 00:33:00+00:00, run_after=2024-04-16 00:34:00+00:00
[2024-04-16T00:34:00.888+0000] {processor.py:183} INFO - Processing /home/airflow/.local/lib/python3.12/site-packages/airflow/example_dags/example_branch_python_dop_operator_3.py took 0.117 seconds
[2024-04-16T00:34:31.113+0000] {processor.py:161} INFO - Started process (PID=645) to work on /home/airflow/.local/lib/python3.12/site-packages/airflow/example_dags/example_branch_python_dop_operator_3.py
[2024-04-16T00:34:31.115+0000] {processor.py:830} INFO - Processing file /home/airflow/.local/lib/python3.12/site-packages/airflow/example_dags/example_branch_python_dop_operator_3.py for tasks to queue
[2024-04-16T00:34:31.118+0000] {logging_mixin.py:188} INFO - [2024-04-16T00:34:31.117+0000] {dagbag.py:540} INFO - Filling up the DagBag from /home/airflow/.local/lib/python3.12/site-packages/airflow/example_dags/example_branch_python_dop_operator_3.py
[2024-04-16T00:34:31.131+0000] {processor.py:840} INFO - DAG(s) 'example_branch_dop_operator_v3' retrieved from /home/airflow/.local/lib/python3.12/site-packages/airflow/example_dags/example_branch_python_dop_operator_3.py
[2024-04-16T00:34:31.161+0000] {logging_mixin.py:188} INFO - [2024-04-16T00:34:31.161+0000] {dag.py:3096} INFO - Sync 1 DAGs
[2024-04-16T00:34:31.204+0000] {logging_mixin.py:188} INFO - [2024-04-16T00:34:31.203+0000] {dag.py:3954} INFO - Setting next_dagrun for example_branch_dop_operator_v3 to 2024-04-16 00:33:00+00:00, run_after=2024-04-16 00:34:00+00:00
[2024-04-16T00:34:31.233+0000] {processor.py:183} INFO - Processing /home/airflow/.local/lib/python3.12/site-packages/airflow/example_dags/example_branch_python_dop_operator_3.py took 0.129 seconds
[2024-04-16T00:35:02.046+0000] {processor.py:161} INFO - Started process (PID=703) to work on /home/airflow/.local/lib/python3.12/site-packages/airflow/example_dags/example_branch_python_dop_operator_3.py
[2024-04-16T00:35:02.048+0000] {processor.py:830} INFO - Processing file /home/airflow/.local/lib/python3.12/site-packages/airflow/example_dags/example_branch_python_dop_operator_3.py for tasks to queue
[2024-04-16T00:35:02.050+0000] {logging_mixin.py:188} INFO - [2024-04-16T00:35:02.050+0000] {dagbag.py:540} INFO - Filling up the DagBag from /home/airflow/.local/lib/python3.12/site-packages/airflow/example_dags/example_branch_python_dop_operator_3.py
[2024-04-16T00:35:02.064+0000] {processor.py:840} INFO - DAG(s) 'example_branch_dop_operator_v3' retrieved from /home/airflow/.local/lib/python3.12/site-packages/airflow/example_dags/example_branch_python_dop_operator_3.py
[2024-04-16T00:35:02.097+0000] {logging_mixin.py:188} INFO - [2024-04-16T00:35:02.096+0000] {dag.py:3096} INFO - Sync 1 DAGs
[2024-04-16T00:35:02.139+0000] {logging_mixin.py:188} INFO - [2024-04-16T00:35:02.139+0000] {dag.py:3954} INFO - Setting next_dagrun for example_branch_dop_operator_v3 to 2024-04-16 00:34:00+00:00, run_after=2024-04-16 00:35:00+00:00
[2024-04-16T00:35:02.168+0000] {processor.py:183} INFO - Processing /home/airflow/.local/lib/python3.12/site-packages/airflow/example_dags/example_branch_python_dop_operator_3.py took 0.132 seconds
