[2024-04-16T00:07:56.314+0000] {processor.py:161} INFO - Started process (PID=87) to work on /home/airflow/.local/lib/python3.12/site-packages/airflow/example_dags/example_display_name.py
[2024-04-16T00:07:56.316+0000] {processor.py:830} INFO - Processing file /home/airflow/.local/lib/python3.12/site-packages/airflow/example_dags/example_display_name.py for tasks to queue
[2024-04-16T00:07:56.318+0000] {logging_mixin.py:188} INFO - [2024-04-16T00:07:56.318+0000] {dagbag.py:540} INFO - Filling up the DagBag from /home/airflow/.local/lib/python3.12/site-packages/airflow/example_dags/example_display_name.py
[2024-04-16T00:07:56.329+0000] {processor.py:840} INFO - DAG(s) 'example_display_name' retrieved from /home/airflow/.local/lib/python3.12/site-packages/airflow/example_dags/example_display_name.py
[2024-04-16T00:07:56.359+0000] {logging_mixin.py:188} INFO - [2024-04-16T00:07:56.359+0000] {dag.py:3096} INFO - Sync 1 DAGs
[2024-04-16T00:07:56.381+0000] {logging_mixin.py:188} INFO - [2024-04-16T00:07:56.381+0000] {dag.py:3954} INFO - Setting next_dagrun for example_display_name to None, run_after=None
[2024-04-16T00:07:56.410+0000] {processor.py:183} INFO - Processing /home/airflow/.local/lib/python3.12/site-packages/airflow/example_dags/example_display_name.py took 0.103 seconds
[2024-04-16T00:08:26.674+0000] {processor.py:161} INFO - Started process (PID=145) to work on /home/airflow/.local/lib/python3.12/site-packages/airflow/example_dags/example_display_name.py
[2024-04-16T00:08:26.675+0000] {processor.py:830} INFO - Processing file /home/airflow/.local/lib/python3.12/site-packages/airflow/example_dags/example_display_name.py for tasks to queue
[2024-04-16T00:08:26.678+0000] {logging_mixin.py:188} INFO - [2024-04-16T00:08:26.677+0000] {dagbag.py:540} INFO - Filling up the DagBag from /home/airflow/.local/lib/python3.12/site-packages/airflow/example_dags/example_display_name.py
[2024-04-16T00:08:26.685+0000] {processor.py:840} INFO - DAG(s) 'example_display_name' retrieved from /home/airflow/.local/lib/python3.12/site-packages/airflow/example_dags/example_display_name.py
[2024-04-16T00:08:26.715+0000] {logging_mixin.py:188} INFO - [2024-04-16T00:08:26.714+0000] {dag.py:3096} INFO - Sync 1 DAGs
[2024-04-16T00:08:26.734+0000] {logging_mixin.py:188} INFO - [2024-04-16T00:08:26.734+0000] {dag.py:3954} INFO - Setting next_dagrun for example_display_name to None, run_after=None
[2024-04-16T00:08:26.764+0000] {processor.py:183} INFO - Processing /home/airflow/.local/lib/python3.12/site-packages/airflow/example_dags/example_display_name.py took 0.098 seconds
[2024-04-16T00:08:57.819+0000] {processor.py:161} INFO - Started process (PID=203) to work on /home/airflow/.local/lib/python3.12/site-packages/airflow/example_dags/example_display_name.py
[2024-04-16T00:08:57.820+0000] {processor.py:830} INFO - Processing file /home/airflow/.local/lib/python3.12/site-packages/airflow/example_dags/example_display_name.py for tasks to queue
[2024-04-16T00:08:57.823+0000] {logging_mixin.py:188} INFO - [2024-04-16T00:08:57.822+0000] {dagbag.py:540} INFO - Filling up the DagBag from /home/airflow/.local/lib/python3.12/site-packages/airflow/example_dags/example_display_name.py
[2024-04-16T00:08:57.831+0000] {processor.py:840} INFO - DAG(s) 'example_display_name' retrieved from /home/airflow/.local/lib/python3.12/site-packages/airflow/example_dags/example_display_name.py
[2024-04-16T00:08:57.857+0000] {logging_mixin.py:188} INFO - [2024-04-16T00:08:57.857+0000] {dag.py:3096} INFO - Sync 1 DAGs
[2024-04-16T00:08:57.877+0000] {logging_mixin.py:188} INFO - [2024-04-16T00:08:57.877+0000] {dag.py:3954} INFO - Setting next_dagrun for example_display_name to None, run_after=None
[2024-04-16T00:08:57.906+0000] {processor.py:183} INFO - Processing /home/airflow/.local/lib/python3.12/site-packages/airflow/example_dags/example_display_name.py took 0.095 seconds
[2024-04-16T00:09:28.073+0000] {processor.py:161} INFO - Started process (PID=262) to work on /home/airflow/.local/lib/python3.12/site-packages/airflow/example_dags/example_display_name.py
[2024-04-16T00:09:28.074+0000] {processor.py:830} INFO - Processing file /home/airflow/.local/lib/python3.12/site-packages/airflow/example_dags/example_display_name.py for tasks to queue
[2024-04-16T00:09:28.077+0000] {logging_mixin.py:188} INFO - [2024-04-16T00:09:28.076+0000] {dagbag.py:540} INFO - Filling up the DagBag from /home/airflow/.local/lib/python3.12/site-packages/airflow/example_dags/example_display_name.py
[2024-04-16T00:09:28.084+0000] {processor.py:840} INFO - DAG(s) 'example_display_name' retrieved from /home/airflow/.local/lib/python3.12/site-packages/airflow/example_dags/example_display_name.py
[2024-04-16T00:09:28.114+0000] {logging_mixin.py:188} INFO - [2024-04-16T00:09:28.113+0000] {dag.py:3096} INFO - Sync 1 DAGs
[2024-04-16T00:09:28.132+0000] {logging_mixin.py:188} INFO - [2024-04-16T00:09:28.132+0000] {dag.py:3954} INFO - Setting next_dagrun for example_display_name to None, run_after=None
[2024-04-16T00:09:28.159+0000] {processor.py:183} INFO - Processing /home/airflow/.local/lib/python3.12/site-packages/airflow/example_dags/example_display_name.py took 0.094 seconds
[2024-04-16T00:09:58.461+0000] {processor.py:161} INFO - Started process (PID=320) to work on /home/airflow/.local/lib/python3.12/site-packages/airflow/example_dags/example_display_name.py
[2024-04-16T00:09:58.462+0000] {processor.py:830} INFO - Processing file /home/airflow/.local/lib/python3.12/site-packages/airflow/example_dags/example_display_name.py for tasks to queue
[2024-04-16T00:09:58.464+0000] {logging_mixin.py:188} INFO - [2024-04-16T00:09:58.464+0000] {dagbag.py:540} INFO - Filling up the DagBag from /home/airflow/.local/lib/python3.12/site-packages/airflow/example_dags/example_display_name.py
[2024-04-16T00:09:58.472+0000] {processor.py:840} INFO - DAG(s) 'example_display_name' retrieved from /home/airflow/.local/lib/python3.12/site-packages/airflow/example_dags/example_display_name.py
[2024-04-16T00:09:58.498+0000] {logging_mixin.py:188} INFO - [2024-04-16T00:09:58.498+0000] {dag.py:3096} INFO - Sync 1 DAGs
[2024-04-16T00:09:58.516+0000] {logging_mixin.py:188} INFO - [2024-04-16T00:09:58.516+0000] {dag.py:3954} INFO - Setting next_dagrun for example_display_name to None, run_after=None
[2024-04-16T00:09:58.542+0000] {processor.py:183} INFO - Processing /home/airflow/.local/lib/python3.12/site-packages/airflow/example_dags/example_display_name.py took 0.090 seconds
[2024-04-16T00:10:28.992+0000] {processor.py:161} INFO - Started process (PID=378) to work on /home/airflow/.local/lib/python3.12/site-packages/airflow/example_dags/example_display_name.py
[2024-04-16T00:10:28.993+0000] {processor.py:830} INFO - Processing file /home/airflow/.local/lib/python3.12/site-packages/airflow/example_dags/example_display_name.py for tasks to queue
[2024-04-16T00:10:28.996+0000] {logging_mixin.py:188} INFO - [2024-04-16T00:10:28.995+0000] {dagbag.py:540} INFO - Filling up the DagBag from /home/airflow/.local/lib/python3.12/site-packages/airflow/example_dags/example_display_name.py
[2024-04-16T00:10:29.003+0000] {processor.py:840} INFO - DAG(s) 'example_display_name' retrieved from /home/airflow/.local/lib/python3.12/site-packages/airflow/example_dags/example_display_name.py
[2024-04-16T00:10:29.030+0000] {logging_mixin.py:188} INFO - [2024-04-16T00:10:29.030+0000] {dag.py:3096} INFO - Sync 1 DAGs
[2024-04-16T00:10:29.048+0000] {logging_mixin.py:188} INFO - [2024-04-16T00:10:29.048+0000] {dag.py:3954} INFO - Setting next_dagrun for example_display_name to None, run_after=None
[2024-04-16T00:10:29.076+0000] {processor.py:183} INFO - Processing /home/airflow/.local/lib/python3.12/site-packages/airflow/example_dags/example_display_name.py took 0.094 seconds
[2024-04-16T00:11:00.049+0000] {processor.py:161} INFO - Started process (PID=436) to work on /home/airflow/.local/lib/python3.12/site-packages/airflow/example_dags/example_display_name.py
[2024-04-16T00:11:00.050+0000] {processor.py:830} INFO - Processing file /home/airflow/.local/lib/python3.12/site-packages/airflow/example_dags/example_display_name.py for tasks to queue
[2024-04-16T00:11:00.053+0000] {logging_mixin.py:188} INFO - [2024-04-16T00:11:00.052+0000] {dagbag.py:540} INFO - Filling up the DagBag from /home/airflow/.local/lib/python3.12/site-packages/airflow/example_dags/example_display_name.py
[2024-04-16T00:11:00.061+0000] {processor.py:840} INFO - DAG(s) 'example_display_name' retrieved from /home/airflow/.local/lib/python3.12/site-packages/airflow/example_dags/example_display_name.py
[2024-04-16T00:11:00.092+0000] {logging_mixin.py:188} INFO - [2024-04-16T00:11:00.091+0000] {dag.py:3096} INFO - Sync 1 DAGs
[2024-04-16T00:11:00.114+0000] {logging_mixin.py:188} INFO - [2024-04-16T00:11:00.114+0000] {dag.py:3954} INFO - Setting next_dagrun for example_display_name to None, run_after=None
[2024-04-16T00:11:00.144+0000] {processor.py:183} INFO - Processing /home/airflow/.local/lib/python3.12/site-packages/airflow/example_dags/example_display_name.py took 0.104 seconds
[2024-04-16T00:11:30.789+0000] {processor.py:161} INFO - Started process (PID=494) to work on /home/airflow/.local/lib/python3.12/site-packages/airflow/example_dags/example_display_name.py
[2024-04-16T00:11:30.790+0000] {processor.py:830} INFO - Processing file /home/airflow/.local/lib/python3.12/site-packages/airflow/example_dags/example_display_name.py for tasks to queue
[2024-04-16T00:11:30.793+0000] {logging_mixin.py:188} INFO - [2024-04-16T00:11:30.793+0000] {dagbag.py:540} INFO - Filling up the DagBag from /home/airflow/.local/lib/python3.12/site-packages/airflow/example_dags/example_display_name.py
[2024-04-16T00:11:30.801+0000] {processor.py:840} INFO - DAG(s) 'example_display_name' retrieved from /home/airflow/.local/lib/python3.12/site-packages/airflow/example_dags/example_display_name.py
[2024-04-16T00:11:30.834+0000] {logging_mixin.py:188} INFO - [2024-04-16T00:11:30.834+0000] {dag.py:3096} INFO - Sync 1 DAGs
[2024-04-16T00:11:30.854+0000] {logging_mixin.py:188} INFO - [2024-04-16T00:11:30.854+0000] {dag.py:3954} INFO - Setting next_dagrun for example_display_name to None, run_after=None
[2024-04-16T00:11:30.884+0000] {processor.py:183} INFO - Processing /home/airflow/.local/lib/python3.12/site-packages/airflow/example_dags/example_display_name.py took 0.105 seconds
[2024-04-16T00:12:01.442+0000] {processor.py:161} INFO - Started process (PID=552) to work on /home/airflow/.local/lib/python3.12/site-packages/airflow/example_dags/example_display_name.py
[2024-04-16T00:12:01.444+0000] {processor.py:830} INFO - Processing file /home/airflow/.local/lib/python3.12/site-packages/airflow/example_dags/example_display_name.py for tasks to queue
[2024-04-16T00:12:01.447+0000] {logging_mixin.py:188} INFO - [2024-04-16T00:12:01.446+0000] {dagbag.py:540} INFO - Filling up the DagBag from /home/airflow/.local/lib/python3.12/site-packages/airflow/example_dags/example_display_name.py
[2024-04-16T00:12:01.455+0000] {processor.py:840} INFO - DAG(s) 'example_display_name' retrieved from /home/airflow/.local/lib/python3.12/site-packages/airflow/example_dags/example_display_name.py
[2024-04-16T00:12:01.494+0000] {logging_mixin.py:188} INFO - [2024-04-16T00:12:01.494+0000] {dag.py:3096} INFO - Sync 1 DAGs
[2024-04-16T00:12:01.516+0000] {logging_mixin.py:188} INFO - [2024-04-16T00:12:01.516+0000] {dag.py:3954} INFO - Setting next_dagrun for example_display_name to None, run_after=None
[2024-04-16T00:12:01.550+0000] {processor.py:183} INFO - Processing /home/airflow/.local/lib/python3.12/site-packages/airflow/example_dags/example_display_name.py took 0.117 seconds
[2024-04-16T00:12:50.078+0000] {processor.py:161} INFO - Started process (PID=81) to work on /home/airflow/.local/lib/python3.12/site-packages/airflow/example_dags/example_display_name.py
[2024-04-16T00:12:50.080+0000] {processor.py:830} INFO - Processing file /home/airflow/.local/lib/python3.12/site-packages/airflow/example_dags/example_display_name.py for tasks to queue
[2024-04-16T00:12:50.082+0000] {logging_mixin.py:188} INFO - [2024-04-16T00:12:50.082+0000] {dagbag.py:540} INFO - Filling up the DagBag from /home/airflow/.local/lib/python3.12/site-packages/airflow/example_dags/example_display_name.py
[2024-04-16T00:12:50.094+0000] {processor.py:840} INFO - DAG(s) 'example_display_name' retrieved from /home/airflow/.local/lib/python3.12/site-packages/airflow/example_dags/example_display_name.py
[2024-04-16T00:12:50.123+0000] {logging_mixin.py:188} INFO - [2024-04-16T00:12:50.123+0000] {dag.py:3096} INFO - Sync 1 DAGs
[2024-04-16T00:12:50.143+0000] {logging_mixin.py:188} INFO - [2024-04-16T00:12:50.142+0000] {dag.py:3954} INFO - Setting next_dagrun for example_display_name to None, run_after=None
[2024-04-16T00:12:50.171+0000] {processor.py:183} INFO - Processing /home/airflow/.local/lib/python3.12/site-packages/airflow/example_dags/example_display_name.py took 0.103 seconds
[2024-04-16T00:28:23.915+0000] {processor.py:161} INFO - Started process (PID=87) to work on /home/airflow/.local/lib/python3.12/site-packages/airflow/example_dags/example_display_name.py
[2024-04-16T00:28:23.917+0000] {processor.py:830} INFO - Processing file /home/airflow/.local/lib/python3.12/site-packages/airflow/example_dags/example_display_name.py for tasks to queue
[2024-04-16T00:28:23.920+0000] {logging_mixin.py:188} INFO - [2024-04-16T00:28:23.920+0000] {dagbag.py:540} INFO - Filling up the DagBag from /home/airflow/.local/lib/python3.12/site-packages/airflow/example_dags/example_display_name.py
[2024-04-16T00:28:23.931+0000] {processor.py:840} INFO - DAG(s) 'example_display_name' retrieved from /home/airflow/.local/lib/python3.12/site-packages/airflow/example_dags/example_display_name.py
[2024-04-16T00:28:24.081+0000] {logging_mixin.py:188} INFO - [2024-04-16T00:28:24.081+0000] {dag.py:3096} INFO - Sync 1 DAGs
[2024-04-16T00:28:24.098+0000] {logging_mixin.py:188} INFO - [2024-04-16T00:28:24.097+0000] {dag.py:3954} INFO - Setting next_dagrun for example_display_name to None, run_after=None
[2024-04-16T00:28:24.131+0000] {processor.py:183} INFO - Processing /home/airflow/.local/lib/python3.12/site-packages/airflow/example_dags/example_display_name.py took 0.224 seconds
[2024-04-16T00:29:29.323+0000] {processor.py:161} INFO - Started process (PID=81) to work on /home/airflow/.local/lib/python3.12/site-packages/airflow/example_dags/example_display_name.py
[2024-04-16T00:29:29.325+0000] {processor.py:830} INFO - Processing file /home/airflow/.local/lib/python3.12/site-packages/airflow/example_dags/example_display_name.py for tasks to queue
[2024-04-16T00:29:29.330+0000] {logging_mixin.py:188} INFO - [2024-04-16T00:29:29.329+0000] {dagbag.py:540} INFO - Filling up the DagBag from /home/airflow/.local/lib/python3.12/site-packages/airflow/example_dags/example_display_name.py
[2024-04-16T00:29:29.352+0000] {processor.py:840} INFO - DAG(s) 'example_display_name' retrieved from /home/airflow/.local/lib/python3.12/site-packages/airflow/example_dags/example_display_name.py
[2024-04-16T00:29:29.395+0000] {logging_mixin.py:188} INFO - [2024-04-16T00:29:29.394+0000] {dag.py:3096} INFO - Sync 1 DAGs
[2024-04-16T00:29:29.416+0000] {logging_mixin.py:188} INFO - [2024-04-16T00:29:29.416+0000] {dag.py:3954} INFO - Setting next_dagrun for example_display_name to None, run_after=None
[2024-04-16T00:29:29.531+0000] {processor.py:183} INFO - Processing /home/airflow/.local/lib/python3.12/site-packages/airflow/example_dags/example_display_name.py took 0.217 seconds
[2024-04-16T00:29:59.802+0000] {processor.py:161} INFO - Started process (PID=139) to work on /home/airflow/.local/lib/python3.12/site-packages/airflow/example_dags/example_display_name.py
[2024-04-16T00:29:59.803+0000] {processor.py:830} INFO - Processing file /home/airflow/.local/lib/python3.12/site-packages/airflow/example_dags/example_display_name.py for tasks to queue
[2024-04-16T00:29:59.806+0000] {logging_mixin.py:188} INFO - [2024-04-16T00:29:59.806+0000] {dagbag.py:540} INFO - Filling up the DagBag from /home/airflow/.local/lib/python3.12/site-packages/airflow/example_dags/example_display_name.py
[2024-04-16T00:29:59.814+0000] {processor.py:840} INFO - DAG(s) 'example_display_name' retrieved from /home/airflow/.local/lib/python3.12/site-packages/airflow/example_dags/example_display_name.py
[2024-04-16T00:29:59.842+0000] {logging_mixin.py:188} INFO - [2024-04-16T00:29:59.842+0000] {dag.py:3096} INFO - Sync 1 DAGs
[2024-04-16T00:29:59.862+0000] {logging_mixin.py:188} INFO - [2024-04-16T00:29:59.862+0000] {dag.py:3954} INFO - Setting next_dagrun for example_display_name to None, run_after=None
[2024-04-16T00:29:59.890+0000] {processor.py:183} INFO - Processing /home/airflow/.local/lib/python3.12/site-packages/airflow/example_dags/example_display_name.py took 0.098 seconds
[2024-04-16T00:30:30.597+0000] {processor.py:161} INFO - Started process (PID=197) to work on /home/airflow/.local/lib/python3.12/site-packages/airflow/example_dags/example_display_name.py
[2024-04-16T00:30:30.599+0000] {processor.py:830} INFO - Processing file /home/airflow/.local/lib/python3.12/site-packages/airflow/example_dags/example_display_name.py for tasks to queue
[2024-04-16T00:30:30.601+0000] {logging_mixin.py:188} INFO - [2024-04-16T00:30:30.601+0000] {dagbag.py:540} INFO - Filling up the DagBag from /home/airflow/.local/lib/python3.12/site-packages/airflow/example_dags/example_display_name.py
[2024-04-16T00:30:30.610+0000] {processor.py:840} INFO - DAG(s) 'example_display_name' retrieved from /home/airflow/.local/lib/python3.12/site-packages/airflow/example_dags/example_display_name.py
[2024-04-16T00:30:30.639+0000] {logging_mixin.py:188} INFO - [2024-04-16T00:30:30.639+0000] {dag.py:3096} INFO - Sync 1 DAGs
[2024-04-16T00:30:30.662+0000] {logging_mixin.py:188} INFO - [2024-04-16T00:30:30.661+0000] {dag.py:3954} INFO - Setting next_dagrun for example_display_name to None, run_after=None
[2024-04-16T00:30:30.693+0000] {processor.py:183} INFO - Processing /home/airflow/.local/lib/python3.12/site-packages/airflow/example_dags/example_display_name.py took 0.105 seconds
[2024-04-16T00:31:01.469+0000] {processor.py:161} INFO - Started process (PID=255) to work on /home/airflow/.local/lib/python3.12/site-packages/airflow/example_dags/example_display_name.py
[2024-04-16T00:31:01.470+0000] {processor.py:830} INFO - Processing file /home/airflow/.local/lib/python3.12/site-packages/airflow/example_dags/example_display_name.py for tasks to queue
[2024-04-16T00:31:01.473+0000] {logging_mixin.py:188} INFO - [2024-04-16T00:31:01.473+0000] {dagbag.py:540} INFO - Filling up the DagBag from /home/airflow/.local/lib/python3.12/site-packages/airflow/example_dags/example_display_name.py
[2024-04-16T00:31:01.481+0000] {processor.py:840} INFO - DAG(s) 'example_display_name' retrieved from /home/airflow/.local/lib/python3.12/site-packages/airflow/example_dags/example_display_name.py
[2024-04-16T00:31:01.515+0000] {logging_mixin.py:188} INFO - [2024-04-16T00:31:01.515+0000] {dag.py:3096} INFO - Sync 1 DAGs
[2024-04-16T00:31:01.535+0000] {logging_mixin.py:188} INFO - [2024-04-16T00:31:01.535+0000] {dag.py:3954} INFO - Setting next_dagrun for example_display_name to None, run_after=None
[2024-04-16T00:31:01.571+0000] {processor.py:183} INFO - Processing /home/airflow/.local/lib/python3.12/site-packages/airflow/example_dags/example_display_name.py took 0.111 seconds
