[2024-04-16T00:07:47.725+0000] {processor.py:161} INFO - Started process (PID=40) to work on /home/airflow/.local/lib/python3.12/site-packages/airflow/example_dags/example_short_circuit_operator.py
[2024-04-16T00:07:47.726+0000] {processor.py:830} INFO - Processing file /home/airflow/.local/lib/python3.12/site-packages/airflow/example_dags/example_short_circuit_operator.py for tasks to queue
[2024-04-16T00:07:47.731+0000] {logging_mixin.py:188} INFO - [2024-04-16T00:07:47.730+0000] {dagbag.py:540} INFO - Filling up the DagBag from /home/airflow/.local/lib/python3.12/site-packages/airflow/example_dags/example_short_circuit_operator.py
[2024-04-16T00:07:47.751+0000] {processor.py:840} INFO - DAG(s) 'example_short_circuit_operator' retrieved from /home/airflow/.local/lib/python3.12/site-packages/airflow/example_dags/example_short_circuit_operator.py
[2024-04-16T00:07:47.799+0000] {logging_mixin.py:188} INFO - [2024-04-16T00:07:47.799+0000] {dag.py:3096} INFO - Sync 1 DAGs
[2024-04-16T00:07:47.839+0000] {logging_mixin.py:188} INFO - [2024-04-16T00:07:47.838+0000] {dag.py:3954} INFO - Setting next_dagrun for example_short_circuit_operator to 2024-04-15 00:00:00+00:00, run_after=2024-04-16 00:00:00+00:00
[2024-04-16T00:07:47.868+0000] {processor.py:183} INFO - Processing /home/airflow/.local/lib/python3.12/site-packages/airflow/example_dags/example_short_circuit_operator.py took 0.152 seconds
[2024-04-16T00:08:18.093+0000] {processor.py:161} INFO - Started process (PID=98) to work on /home/airflow/.local/lib/python3.12/site-packages/airflow/example_dags/example_short_circuit_operator.py
[2024-04-16T00:08:18.095+0000] {processor.py:830} INFO - Processing file /home/airflow/.local/lib/python3.12/site-packages/airflow/example_dags/example_short_circuit_operator.py for tasks to queue
[2024-04-16T00:08:18.097+0000] {logging_mixin.py:188} INFO - [2024-04-16T00:08:18.097+0000] {dagbag.py:540} INFO - Filling up the DagBag from /home/airflow/.local/lib/python3.12/site-packages/airflow/example_dags/example_short_circuit_operator.py
[2024-04-16T00:08:18.108+0000] {processor.py:840} INFO - DAG(s) 'example_short_circuit_operator' retrieved from /home/airflow/.local/lib/python3.12/site-packages/airflow/example_dags/example_short_circuit_operator.py
[2024-04-16T00:08:18.141+0000] {logging_mixin.py:188} INFO - [2024-04-16T00:08:18.140+0000] {dag.py:3096} INFO - Sync 1 DAGs
[2024-04-16T00:08:18.178+0000] {logging_mixin.py:188} INFO - [2024-04-16T00:08:18.177+0000] {dag.py:3954} INFO - Setting next_dagrun for example_short_circuit_operator to 2024-04-15 00:00:00+00:00, run_after=2024-04-16 00:00:00+00:00
[2024-04-16T00:08:18.213+0000] {processor.py:183} INFO - Processing /home/airflow/.local/lib/python3.12/site-packages/airflow/example_dags/example_short_circuit_operator.py took 0.129 seconds
[2024-04-16T00:08:48.474+0000] {processor.py:161} INFO - Started process (PID=156) to work on /home/airflow/.local/lib/python3.12/site-packages/airflow/example_dags/example_short_circuit_operator.py
[2024-04-16T00:08:48.476+0000] {processor.py:830} INFO - Processing file /home/airflow/.local/lib/python3.12/site-packages/airflow/example_dags/example_short_circuit_operator.py for tasks to queue
[2024-04-16T00:08:48.479+0000] {logging_mixin.py:188} INFO - [2024-04-16T00:08:48.478+0000] {dagbag.py:540} INFO - Filling up the DagBag from /home/airflow/.local/lib/python3.12/site-packages/airflow/example_dags/example_short_circuit_operator.py
[2024-04-16T00:08:48.489+0000] {processor.py:840} INFO - DAG(s) 'example_short_circuit_operator' retrieved from /home/airflow/.local/lib/python3.12/site-packages/airflow/example_dags/example_short_circuit_operator.py
[2024-04-16T00:08:48.524+0000] {logging_mixin.py:188} INFO - [2024-04-16T00:08:48.524+0000] {dag.py:3096} INFO - Sync 1 DAGs
[2024-04-16T00:08:48.557+0000] {logging_mixin.py:188} INFO - [2024-04-16T00:08:48.557+0000] {dag.py:3954} INFO - Setting next_dagrun for example_short_circuit_operator to 2024-04-15 00:00:00+00:00, run_after=2024-04-16 00:00:00+00:00
[2024-04-16T00:08:48.584+0000] {processor.py:183} INFO - Processing /home/airflow/.local/lib/python3.12/site-packages/airflow/example_dags/example_short_circuit_operator.py took 0.119 seconds
[2024-04-16T00:09:19.293+0000] {processor.py:161} INFO - Started process (PID=214) to work on /home/airflow/.local/lib/python3.12/site-packages/airflow/example_dags/example_short_circuit_operator.py
[2024-04-16T00:09:19.295+0000] {processor.py:830} INFO - Processing file /home/airflow/.local/lib/python3.12/site-packages/airflow/example_dags/example_short_circuit_operator.py for tasks to queue
[2024-04-16T00:09:19.297+0000] {logging_mixin.py:188} INFO - [2024-04-16T00:09:19.297+0000] {dagbag.py:540} INFO - Filling up the DagBag from /home/airflow/.local/lib/python3.12/site-packages/airflow/example_dags/example_short_circuit_operator.py
[2024-04-16T00:09:19.308+0000] {processor.py:840} INFO - DAG(s) 'example_short_circuit_operator' retrieved from /home/airflow/.local/lib/python3.12/site-packages/airflow/example_dags/example_short_circuit_operator.py
[2024-04-16T00:09:19.344+0000] {logging_mixin.py:188} INFO - [2024-04-16T00:09:19.344+0000] {dag.py:3096} INFO - Sync 1 DAGs
[2024-04-16T00:09:19.377+0000] {logging_mixin.py:188} INFO - [2024-04-16T00:09:19.377+0000] {dag.py:3954} INFO - Setting next_dagrun for example_short_circuit_operator to 2024-04-15 00:00:00+00:00, run_after=2024-04-16 00:00:00+00:00
[2024-04-16T00:09:19.404+0000] {processor.py:183} INFO - Processing /home/airflow/.local/lib/python3.12/site-packages/airflow/example_dags/example_short_circuit_operator.py took 0.120 seconds
[2024-04-16T00:09:49.471+0000] {processor.py:161} INFO - Started process (PID=273) to work on /home/airflow/.local/lib/python3.12/site-packages/airflow/example_dags/example_short_circuit_operator.py
[2024-04-16T00:09:49.473+0000] {processor.py:830} INFO - Processing file /home/airflow/.local/lib/python3.12/site-packages/airflow/example_dags/example_short_circuit_operator.py for tasks to queue
[2024-04-16T00:09:49.476+0000] {logging_mixin.py:188} INFO - [2024-04-16T00:09:49.475+0000] {dagbag.py:540} INFO - Filling up the DagBag from /home/airflow/.local/lib/python3.12/site-packages/airflow/example_dags/example_short_circuit_operator.py
[2024-04-16T00:09:49.487+0000] {processor.py:840} INFO - DAG(s) 'example_short_circuit_operator' retrieved from /home/airflow/.local/lib/python3.12/site-packages/airflow/example_dags/example_short_circuit_operator.py
[2024-04-16T00:09:49.523+0000] {logging_mixin.py:188} INFO - [2024-04-16T00:09:49.522+0000] {dag.py:3096} INFO - Sync 1 DAGs
[2024-04-16T00:09:49.556+0000] {logging_mixin.py:188} INFO - [2024-04-16T00:09:49.555+0000] {dag.py:3954} INFO - Setting next_dagrun for example_short_circuit_operator to 2024-04-15 00:00:00+00:00, run_after=2024-04-16 00:00:00+00:00
[2024-04-16T00:09:49.586+0000] {processor.py:183} INFO - Processing /home/airflow/.local/lib/python3.12/site-packages/airflow/example_dags/example_short_circuit_operator.py took 0.123 seconds
[2024-04-16T00:10:20.184+0000] {processor.py:161} INFO - Started process (PID=331) to work on /home/airflow/.local/lib/python3.12/site-packages/airflow/example_dags/example_short_circuit_operator.py
[2024-04-16T00:10:20.185+0000] {processor.py:830} INFO - Processing file /home/airflow/.local/lib/python3.12/site-packages/airflow/example_dags/example_short_circuit_operator.py for tasks to queue
[2024-04-16T00:10:20.188+0000] {logging_mixin.py:188} INFO - [2024-04-16T00:10:20.187+0000] {dagbag.py:540} INFO - Filling up the DagBag from /home/airflow/.local/lib/python3.12/site-packages/airflow/example_dags/example_short_circuit_operator.py
[2024-04-16T00:10:20.199+0000] {processor.py:840} INFO - DAG(s) 'example_short_circuit_operator' retrieved from /home/airflow/.local/lib/python3.12/site-packages/airflow/example_dags/example_short_circuit_operator.py
[2024-04-16T00:10:20.234+0000] {logging_mixin.py:188} INFO - [2024-04-16T00:10:20.234+0000] {dag.py:3096} INFO - Sync 1 DAGs
[2024-04-16T00:10:20.267+0000] {logging_mixin.py:188} INFO - [2024-04-16T00:10:20.266+0000] {dag.py:3954} INFO - Setting next_dagrun for example_short_circuit_operator to 2024-04-15 00:00:00+00:00, run_after=2024-04-16 00:00:00+00:00
[2024-04-16T00:10:20.297+0000] {processor.py:183} INFO - Processing /home/airflow/.local/lib/python3.12/site-packages/airflow/example_dags/example_short_circuit_operator.py took 0.122 seconds
[2024-04-16T00:10:50.462+0000] {processor.py:161} INFO - Started process (PID=389) to work on /home/airflow/.local/lib/python3.12/site-packages/airflow/example_dags/example_short_circuit_operator.py
[2024-04-16T00:10:50.464+0000] {processor.py:830} INFO - Processing file /home/airflow/.local/lib/python3.12/site-packages/airflow/example_dags/example_short_circuit_operator.py for tasks to queue
[2024-04-16T00:10:50.467+0000] {logging_mixin.py:188} INFO - [2024-04-16T00:10:50.466+0000] {dagbag.py:540} INFO - Filling up the DagBag from /home/airflow/.local/lib/python3.12/site-packages/airflow/example_dags/example_short_circuit_operator.py
[2024-04-16T00:10:50.478+0000] {processor.py:840} INFO - DAG(s) 'example_short_circuit_operator' retrieved from /home/airflow/.local/lib/python3.12/site-packages/airflow/example_dags/example_short_circuit_operator.py
[2024-04-16T00:10:50.518+0000] {logging_mixin.py:188} INFO - [2024-04-16T00:10:50.518+0000] {dag.py:3096} INFO - Sync 1 DAGs
[2024-04-16T00:10:50.553+0000] {logging_mixin.py:188} INFO - [2024-04-16T00:10:50.553+0000] {dag.py:3954} INFO - Setting next_dagrun for example_short_circuit_operator to 2024-04-15 00:00:00+00:00, run_after=2024-04-16 00:00:00+00:00
[2024-04-16T00:10:50.587+0000] {processor.py:183} INFO - Processing /home/airflow/.local/lib/python3.12/site-packages/airflow/example_dags/example_short_circuit_operator.py took 0.134 seconds
[2024-04-16T00:11:20.649+0000] {processor.py:161} INFO - Started process (PID=447) to work on /home/airflow/.local/lib/python3.12/site-packages/airflow/example_dags/example_short_circuit_operator.py
[2024-04-16T00:11:20.651+0000] {processor.py:830} INFO - Processing file /home/airflow/.local/lib/python3.12/site-packages/airflow/example_dags/example_short_circuit_operator.py for tasks to queue
[2024-04-16T00:11:20.653+0000] {logging_mixin.py:188} INFO - [2024-04-16T00:11:20.653+0000] {dagbag.py:540} INFO - Filling up the DagBag from /home/airflow/.local/lib/python3.12/site-packages/airflow/example_dags/example_short_circuit_operator.py
[2024-04-16T00:11:20.666+0000] {processor.py:840} INFO - DAG(s) 'example_short_circuit_operator' retrieved from /home/airflow/.local/lib/python3.12/site-packages/airflow/example_dags/example_short_circuit_operator.py
[2024-04-16T00:11:20.704+0000] {logging_mixin.py:188} INFO - [2024-04-16T00:11:20.703+0000] {dag.py:3096} INFO - Sync 1 DAGs
[2024-04-16T00:11:20.737+0000] {logging_mixin.py:188} INFO - [2024-04-16T00:11:20.737+0000] {dag.py:3954} INFO - Setting next_dagrun for example_short_circuit_operator to 2024-04-15 00:00:00+00:00, run_after=2024-04-16 00:00:00+00:00
[2024-04-16T00:11:20.772+0000] {processor.py:183} INFO - Processing /home/airflow/.local/lib/python3.12/site-packages/airflow/example_dags/example_short_circuit_operator.py took 0.133 seconds
[2024-04-16T00:11:51.472+0000] {processor.py:161} INFO - Started process (PID=505) to work on /home/airflow/.local/lib/python3.12/site-packages/airflow/example_dags/example_short_circuit_operator.py
[2024-04-16T00:11:51.473+0000] {processor.py:830} INFO - Processing file /home/airflow/.local/lib/python3.12/site-packages/airflow/example_dags/example_short_circuit_operator.py for tasks to queue
[2024-04-16T00:11:51.476+0000] {logging_mixin.py:188} INFO - [2024-04-16T00:11:51.476+0000] {dagbag.py:540} INFO - Filling up the DagBag from /home/airflow/.local/lib/python3.12/site-packages/airflow/example_dags/example_short_circuit_operator.py
[2024-04-16T00:11:51.487+0000] {processor.py:840} INFO - DAG(s) 'example_short_circuit_operator' retrieved from /home/airflow/.local/lib/python3.12/site-packages/airflow/example_dags/example_short_circuit_operator.py
[2024-04-16T00:11:51.519+0000] {logging_mixin.py:188} INFO - [2024-04-16T00:11:51.518+0000] {dag.py:3096} INFO - Sync 1 DAGs
[2024-04-16T00:11:51.551+0000] {logging_mixin.py:188} INFO - [2024-04-16T00:11:51.551+0000] {dag.py:3954} INFO - Setting next_dagrun for example_short_circuit_operator to 2024-04-15 00:00:00+00:00, run_after=2024-04-16 00:00:00+00:00
[2024-04-16T00:11:51.578+0000] {processor.py:183} INFO - Processing /home/airflow/.local/lib/python3.12/site-packages/airflow/example_dags/example_short_circuit_operator.py took 0.115 seconds
[2024-04-16T00:12:43.097+0000] {processor.py:161} INFO - Started process (PID=40) to work on /home/airflow/.local/lib/python3.12/site-packages/airflow/example_dags/example_short_circuit_operator.py
[2024-04-16T00:12:43.098+0000] {processor.py:830} INFO - Processing file /home/airflow/.local/lib/python3.12/site-packages/airflow/example_dags/example_short_circuit_operator.py for tasks to queue
[2024-04-16T00:12:43.101+0000] {logging_mixin.py:188} INFO - [2024-04-16T00:12:43.100+0000] {dagbag.py:540} INFO - Filling up the DagBag from /home/airflow/.local/lib/python3.12/site-packages/airflow/example_dags/example_short_circuit_operator.py
[2024-04-16T00:12:43.114+0000] {processor.py:840} INFO - DAG(s) 'example_short_circuit_operator' retrieved from /home/airflow/.local/lib/python3.12/site-packages/airflow/example_dags/example_short_circuit_operator.py
[2024-04-16T00:12:43.155+0000] {logging_mixin.py:188} INFO - [2024-04-16T00:12:43.155+0000] {dag.py:3096} INFO - Sync 1 DAGs
[2024-04-16T00:12:43.190+0000] {logging_mixin.py:188} INFO - [2024-04-16T00:12:43.190+0000] {dag.py:3954} INFO - Setting next_dagrun for example_short_circuit_operator to 2024-04-15 00:00:00+00:00, run_after=2024-04-16 00:00:00+00:00
[2024-04-16T00:12:43.218+0000] {processor.py:183} INFO - Processing /home/airflow/.local/lib/python3.12/site-packages/airflow/example_dags/example_short_circuit_operator.py took 0.130 seconds
[2024-04-16T00:28:16.602+0000] {processor.py:161} INFO - Started process (PID=46) to work on /home/airflow/.local/lib/python3.12/site-packages/airflow/example_dags/example_short_circuit_operator.py
[2024-04-16T00:28:16.605+0000] {processor.py:830} INFO - Processing file /home/airflow/.local/lib/python3.12/site-packages/airflow/example_dags/example_short_circuit_operator.py for tasks to queue
[2024-04-16T00:28:16.609+0000] {logging_mixin.py:188} INFO - [2024-04-16T00:28:16.608+0000] {dagbag.py:540} INFO - Filling up the DagBag from /home/airflow/.local/lib/python3.12/site-packages/airflow/example_dags/example_short_circuit_operator.py
[2024-04-16T00:28:16.626+0000] {processor.py:840} INFO - DAG(s) 'example_short_circuit_operator' retrieved from /home/airflow/.local/lib/python3.12/site-packages/airflow/example_dags/example_short_circuit_operator.py
[2024-04-16T00:28:16.834+0000] {logging_mixin.py:188} INFO - [2024-04-16T00:28:16.834+0000] {dag.py:3096} INFO - Sync 1 DAGs
[2024-04-16T00:28:16.878+0000] {logging_mixin.py:188} INFO - [2024-04-16T00:28:16.878+0000] {dag.py:3954} INFO - Setting next_dagrun for example_short_circuit_operator to 2024-04-15 00:00:00+00:00, run_after=2024-04-16 00:00:00+00:00
[2024-04-16T00:28:16.915+0000] {processor.py:183} INFO - Processing /home/airflow/.local/lib/python3.12/site-packages/airflow/example_dags/example_short_circuit_operator.py took 0.331 seconds
[2024-04-16T00:29:24.186+0000] {processor.py:161} INFO - Started process (PID=40) to work on /home/airflow/.local/lib/python3.12/site-packages/airflow/example_dags/example_short_circuit_operator.py
[2024-04-16T00:29:24.187+0000] {processor.py:830} INFO - Processing file /home/airflow/.local/lib/python3.12/site-packages/airflow/example_dags/example_short_circuit_operator.py for tasks to queue
[2024-04-16T00:29:24.190+0000] {logging_mixin.py:188} INFO - [2024-04-16T00:29:24.189+0000] {dagbag.py:540} INFO - Filling up the DagBag from /home/airflow/.local/lib/python3.12/site-packages/airflow/example_dags/example_short_circuit_operator.py
[2024-04-16T00:29:24.205+0000] {processor.py:840} INFO - DAG(s) 'example_short_circuit_operator' retrieved from /home/airflow/.local/lib/python3.12/site-packages/airflow/example_dags/example_short_circuit_operator.py
[2024-04-16T00:29:24.244+0000] {logging_mixin.py:188} INFO - [2024-04-16T00:29:24.244+0000] {dag.py:3096} INFO - Sync 1 DAGs
[2024-04-16T00:29:24.278+0000] {logging_mixin.py:188} INFO - [2024-04-16T00:29:24.278+0000] {dag.py:3954} INFO - Setting next_dagrun for example_short_circuit_operator to 2024-04-15 00:00:00+00:00, run_after=2024-04-16 00:00:00+00:00
[2024-04-16T00:29:24.305+0000] {processor.py:183} INFO - Processing /home/airflow/.local/lib/python3.12/site-packages/airflow/example_dags/example_short_circuit_operator.py took 0.127 seconds
[2024-04-16T00:29:54.411+0000] {processor.py:161} INFO - Started process (PID=98) to work on /home/airflow/.local/lib/python3.12/site-packages/airflow/example_dags/example_short_circuit_operator.py
[2024-04-16T00:29:54.413+0000] {processor.py:830} INFO - Processing file /home/airflow/.local/lib/python3.12/site-packages/airflow/example_dags/example_short_circuit_operator.py for tasks to queue
[2024-04-16T00:29:54.416+0000] {logging_mixin.py:188} INFO - [2024-04-16T00:29:54.415+0000] {dagbag.py:540} INFO - Filling up the DagBag from /home/airflow/.local/lib/python3.12/site-packages/airflow/example_dags/example_short_circuit_operator.py
[2024-04-16T00:29:54.427+0000] {processor.py:840} INFO - DAG(s) 'example_short_circuit_operator' retrieved from /home/airflow/.local/lib/python3.12/site-packages/airflow/example_dags/example_short_circuit_operator.py
[2024-04-16T00:29:54.464+0000] {logging_mixin.py:188} INFO - [2024-04-16T00:29:54.464+0000] {dag.py:3096} INFO - Sync 1 DAGs
[2024-04-16T00:29:54.500+0000] {logging_mixin.py:188} INFO - [2024-04-16T00:29:54.500+0000] {dag.py:3954} INFO - Setting next_dagrun for example_short_circuit_operator to 2024-04-15 00:00:00+00:00, run_after=2024-04-16 00:00:00+00:00
[2024-04-16T00:29:54.530+0000] {processor.py:183} INFO - Processing /home/airflow/.local/lib/python3.12/site-packages/airflow/example_dags/example_short_circuit_operator.py took 0.128 seconds
[2024-04-16T00:30:24.761+0000] {processor.py:161} INFO - Started process (PID=156) to work on /home/airflow/.local/lib/python3.12/site-packages/airflow/example_dags/example_short_circuit_operator.py
[2024-04-16T00:30:24.762+0000] {processor.py:830} INFO - Processing file /home/airflow/.local/lib/python3.12/site-packages/airflow/example_dags/example_short_circuit_operator.py for tasks to queue
[2024-04-16T00:30:24.766+0000] {logging_mixin.py:188} INFO - [2024-04-16T00:30:24.765+0000] {dagbag.py:540} INFO - Filling up the DagBag from /home/airflow/.local/lib/python3.12/site-packages/airflow/example_dags/example_short_circuit_operator.py
[2024-04-16T00:30:24.782+0000] {processor.py:840} INFO - DAG(s) 'example_short_circuit_operator' retrieved from /home/airflow/.local/lib/python3.12/site-packages/airflow/example_dags/example_short_circuit_operator.py
[2024-04-16T00:30:24.823+0000] {logging_mixin.py:188} INFO - [2024-04-16T00:30:24.823+0000] {dag.py:3096} INFO - Sync 1 DAGs
[2024-04-16T00:30:24.860+0000] {logging_mixin.py:188} INFO - [2024-04-16T00:30:24.860+0000] {dag.py:3954} INFO - Setting next_dagrun for example_short_circuit_operator to 2024-04-15 00:00:00+00:00, run_after=2024-04-16 00:00:00+00:00
[2024-04-16T00:30:24.900+0000] {processor.py:183} INFO - Processing /home/airflow/.local/lib/python3.12/site-packages/airflow/example_dags/example_short_circuit_operator.py took 0.152 seconds
[2024-04-16T00:30:55.247+0000] {processor.py:161} INFO - Started process (PID=214) to work on /home/airflow/.local/lib/python3.12/site-packages/airflow/example_dags/example_short_circuit_operator.py
[2024-04-16T00:30:55.249+0000] {processor.py:830} INFO - Processing file /home/airflow/.local/lib/python3.12/site-packages/airflow/example_dags/example_short_circuit_operator.py for tasks to queue
[2024-04-16T00:30:55.253+0000] {logging_mixin.py:188} INFO - [2024-04-16T00:30:55.253+0000] {dagbag.py:540} INFO - Filling up the DagBag from /home/airflow/.local/lib/python3.12/site-packages/airflow/example_dags/example_short_circuit_operator.py
[2024-04-16T00:30:55.265+0000] {processor.py:840} INFO - DAG(s) 'example_short_circuit_operator' retrieved from /home/airflow/.local/lib/python3.12/site-packages/airflow/example_dags/example_short_circuit_operator.py
[2024-04-16T00:30:55.304+0000] {logging_mixin.py:188} INFO - [2024-04-16T00:30:55.303+0000] {dag.py:3096} INFO - Sync 1 DAGs
[2024-04-16T00:30:55.342+0000] {logging_mixin.py:188} INFO - [2024-04-16T00:30:55.342+0000] {dag.py:3954} INFO - Setting next_dagrun for example_short_circuit_operator to 2024-04-15 00:00:00+00:00, run_after=2024-04-16 00:00:00+00:00
[2024-04-16T00:30:55.372+0000] {processor.py:183} INFO - Processing /home/airflow/.local/lib/python3.12/site-packages/airflow/example_dags/example_short_circuit_operator.py took 0.134 seconds
[2024-04-16T00:31:25.560+0000] {processor.py:161} INFO - Started process (PID=272) to work on /home/airflow/.local/lib/python3.12/site-packages/airflow/example_dags/example_short_circuit_operator.py
[2024-04-16T00:31:25.561+0000] {processor.py:830} INFO - Processing file /home/airflow/.local/lib/python3.12/site-packages/airflow/example_dags/example_short_circuit_operator.py for tasks to queue
[2024-04-16T00:31:25.565+0000] {logging_mixin.py:188} INFO - [2024-04-16T00:31:25.565+0000] {dagbag.py:540} INFO - Filling up the DagBag from /home/airflow/.local/lib/python3.12/site-packages/airflow/example_dags/example_short_circuit_operator.py
[2024-04-16T00:31:25.577+0000] {processor.py:840} INFO - DAG(s) 'example_short_circuit_operator' retrieved from /home/airflow/.local/lib/python3.12/site-packages/airflow/example_dags/example_short_circuit_operator.py
[2024-04-16T00:31:25.614+0000] {logging_mixin.py:188} INFO - [2024-04-16T00:31:25.614+0000] {dag.py:3096} INFO - Sync 1 DAGs
[2024-04-16T00:31:25.651+0000] {logging_mixin.py:188} INFO - [2024-04-16T00:31:25.650+0000] {dag.py:3954} INFO - Setting next_dagrun for example_short_circuit_operator to 2024-04-15 00:00:00+00:00, run_after=2024-04-16 00:00:00+00:00
[2024-04-16T00:31:25.680+0000] {processor.py:183} INFO - Processing /home/airflow/.local/lib/python3.12/site-packages/airflow/example_dags/example_short_circuit_operator.py took 0.129 seconds
[2024-04-16T00:31:55.788+0000] {processor.py:161} INFO - Started process (PID=331) to work on /home/airflow/.local/lib/python3.12/site-packages/airflow/example_dags/example_short_circuit_operator.py
[2024-04-16T00:31:55.790+0000] {processor.py:830} INFO - Processing file /home/airflow/.local/lib/python3.12/site-packages/airflow/example_dags/example_short_circuit_operator.py for tasks to queue
[2024-04-16T00:31:55.794+0000] {logging_mixin.py:188} INFO - [2024-04-16T00:31:55.793+0000] {dagbag.py:540} INFO - Filling up the DagBag from /home/airflow/.local/lib/python3.12/site-packages/airflow/example_dags/example_short_circuit_operator.py
[2024-04-16T00:31:55.805+0000] {processor.py:840} INFO - DAG(s) 'example_short_circuit_operator' retrieved from /home/airflow/.local/lib/python3.12/site-packages/airflow/example_dags/example_short_circuit_operator.py
[2024-04-16T00:31:55.846+0000] {logging_mixin.py:188} INFO - [2024-04-16T00:31:55.845+0000] {dag.py:3096} INFO - Sync 1 DAGs
[2024-04-16T00:31:55.882+0000] {logging_mixin.py:188} INFO - [2024-04-16T00:31:55.882+0000] {dag.py:3954} INFO - Setting next_dagrun for example_short_circuit_operator to 2024-04-15 00:00:00+00:00, run_after=2024-04-16 00:00:00+00:00
[2024-04-16T00:31:55.915+0000] {processor.py:183} INFO - Processing /home/airflow/.local/lib/python3.12/site-packages/airflow/example_dags/example_short_circuit_operator.py took 0.141 seconds
[2024-04-16T00:32:26.260+0000] {processor.py:161} INFO - Started process (PID=389) to work on /home/airflow/.local/lib/python3.12/site-packages/airflow/example_dags/example_short_circuit_operator.py
[2024-04-16T00:32:26.262+0000] {processor.py:830} INFO - Processing file /home/airflow/.local/lib/python3.12/site-packages/airflow/example_dags/example_short_circuit_operator.py for tasks to queue
[2024-04-16T00:32:26.265+0000] {logging_mixin.py:188} INFO - [2024-04-16T00:32:26.265+0000] {dagbag.py:540} INFO - Filling up the DagBag from /home/airflow/.local/lib/python3.12/site-packages/airflow/example_dags/example_short_circuit_operator.py
[2024-04-16T00:32:26.277+0000] {processor.py:840} INFO - DAG(s) 'example_short_circuit_operator' retrieved from /home/airflow/.local/lib/python3.12/site-packages/airflow/example_dags/example_short_circuit_operator.py
[2024-04-16T00:32:26.333+0000] {logging_mixin.py:188} INFO - [2024-04-16T00:32:26.333+0000] {dag.py:3096} INFO - Sync 1 DAGs
[2024-04-16T00:32:26.375+0000] {logging_mixin.py:188} INFO - [2024-04-16T00:32:26.374+0000] {dag.py:3954} INFO - Setting next_dagrun for example_short_circuit_operator to 2024-04-15 00:00:00+00:00, run_after=2024-04-16 00:00:00+00:00
[2024-04-16T00:32:26.413+0000] {processor.py:183} INFO - Processing /home/airflow/.local/lib/python3.12/site-packages/airflow/example_dags/example_short_circuit_operator.py took 0.172 seconds
[2024-04-16T00:32:56.615+0000] {processor.py:161} INFO - Started process (PID=447) to work on /home/airflow/.local/lib/python3.12/site-packages/airflow/example_dags/example_short_circuit_operator.py
[2024-04-16T00:32:56.617+0000] {processor.py:830} INFO - Processing file /home/airflow/.local/lib/python3.12/site-packages/airflow/example_dags/example_short_circuit_operator.py for tasks to queue
[2024-04-16T00:32:56.620+0000] {logging_mixin.py:188} INFO - [2024-04-16T00:32:56.619+0000] {dagbag.py:540} INFO - Filling up the DagBag from /home/airflow/.local/lib/python3.12/site-packages/airflow/example_dags/example_short_circuit_operator.py
[2024-04-16T00:32:56.631+0000] {processor.py:840} INFO - DAG(s) 'example_short_circuit_operator' retrieved from /home/airflow/.local/lib/python3.12/site-packages/airflow/example_dags/example_short_circuit_operator.py
[2024-04-16T00:32:56.667+0000] {logging_mixin.py:188} INFO - [2024-04-16T00:32:56.667+0000] {dag.py:3096} INFO - Sync 1 DAGs
[2024-04-16T00:32:56.701+0000] {logging_mixin.py:188} INFO - [2024-04-16T00:32:56.701+0000] {dag.py:3954} INFO - Setting next_dagrun for example_short_circuit_operator to 2024-04-15 00:00:00+00:00, run_after=2024-04-16 00:00:00+00:00
[2024-04-16T00:32:56.730+0000] {processor.py:183} INFO - Processing /home/airflow/.local/lib/python3.12/site-packages/airflow/example_dags/example_short_circuit_operator.py took 0.124 seconds
[2024-04-16T00:33:26.993+0000] {processor.py:161} INFO - Started process (PID=505) to work on /home/airflow/.local/lib/python3.12/site-packages/airflow/example_dags/example_short_circuit_operator.py
[2024-04-16T00:33:26.994+0000] {processor.py:830} INFO - Processing file /home/airflow/.local/lib/python3.12/site-packages/airflow/example_dags/example_short_circuit_operator.py for tasks to queue
[2024-04-16T00:33:26.997+0000] {logging_mixin.py:188} INFO - [2024-04-16T00:33:26.996+0000] {dagbag.py:540} INFO - Filling up the DagBag from /home/airflow/.local/lib/python3.12/site-packages/airflow/example_dags/example_short_circuit_operator.py
[2024-04-16T00:33:27.007+0000] {processor.py:840} INFO - DAG(s) 'example_short_circuit_operator' retrieved from /home/airflow/.local/lib/python3.12/site-packages/airflow/example_dags/example_short_circuit_operator.py
[2024-04-16T00:33:27.039+0000] {logging_mixin.py:188} INFO - [2024-04-16T00:33:27.039+0000] {dag.py:3096} INFO - Sync 1 DAGs
[2024-04-16T00:33:27.068+0000] {logging_mixin.py:188} INFO - [2024-04-16T00:33:27.068+0000] {dag.py:3954} INFO - Setting next_dagrun for example_short_circuit_operator to 2024-04-15 00:00:00+00:00, run_after=2024-04-16 00:00:00+00:00
[2024-04-16T00:33:27.097+0000] {processor.py:183} INFO - Processing /home/airflow/.local/lib/python3.12/site-packages/airflow/example_dags/example_short_circuit_operator.py took 0.113 seconds
[2024-04-16T00:33:57.712+0000] {processor.py:161} INFO - Started process (PID=563) to work on /home/airflow/.local/lib/python3.12/site-packages/airflow/example_dags/example_short_circuit_operator.py
[2024-04-16T00:33:57.713+0000] {processor.py:830} INFO - Processing file /home/airflow/.local/lib/python3.12/site-packages/airflow/example_dags/example_short_circuit_operator.py for tasks to queue
[2024-04-16T00:33:57.716+0000] {logging_mixin.py:188} INFO - [2024-04-16T00:33:57.716+0000] {dagbag.py:540} INFO - Filling up the DagBag from /home/airflow/.local/lib/python3.12/site-packages/airflow/example_dags/example_short_circuit_operator.py
[2024-04-16T00:33:57.727+0000] {processor.py:840} INFO - DAG(s) 'example_short_circuit_operator' retrieved from /home/airflow/.local/lib/python3.12/site-packages/airflow/example_dags/example_short_circuit_operator.py
[2024-04-16T00:33:57.761+0000] {logging_mixin.py:188} INFO - [2024-04-16T00:33:57.761+0000] {dag.py:3096} INFO - Sync 1 DAGs
[2024-04-16T00:33:57.794+0000] {logging_mixin.py:188} INFO - [2024-04-16T00:33:57.793+0000] {dag.py:3954} INFO - Setting next_dagrun for example_short_circuit_operator to 2024-04-15 00:00:00+00:00, run_after=2024-04-16 00:00:00+00:00
[2024-04-16T00:33:57.822+0000] {processor.py:183} INFO - Processing /home/airflow/.local/lib/python3.12/site-packages/airflow/example_dags/example_short_circuit_operator.py took 0.124 seconds
[2024-04-16T00:34:27.900+0000] {processor.py:161} INFO - Started process (PID=621) to work on /home/airflow/.local/lib/python3.12/site-packages/airflow/example_dags/example_short_circuit_operator.py
[2024-04-16T00:34:27.901+0000] {processor.py:830} INFO - Processing file /home/airflow/.local/lib/python3.12/site-packages/airflow/example_dags/example_short_circuit_operator.py for tasks to queue
[2024-04-16T00:34:27.904+0000] {logging_mixin.py:188} INFO - [2024-04-16T00:34:27.904+0000] {dagbag.py:540} INFO - Filling up the DagBag from /home/airflow/.local/lib/python3.12/site-packages/airflow/example_dags/example_short_circuit_operator.py
[2024-04-16T00:34:27.915+0000] {processor.py:840} INFO - DAG(s) 'example_short_circuit_operator' retrieved from /home/airflow/.local/lib/python3.12/site-packages/airflow/example_dags/example_short_circuit_operator.py
[2024-04-16T00:34:27.952+0000] {logging_mixin.py:188} INFO - [2024-04-16T00:34:27.951+0000] {dag.py:3096} INFO - Sync 1 DAGs
[2024-04-16T00:34:27.986+0000] {logging_mixin.py:188} INFO - [2024-04-16T00:34:27.986+0000] {dag.py:3954} INFO - Setting next_dagrun for example_short_circuit_operator to 2024-04-15 00:00:00+00:00, run_after=2024-04-16 00:00:00+00:00
[2024-04-16T00:34:28.016+0000] {processor.py:183} INFO - Processing /home/airflow/.local/lib/python3.12/site-packages/airflow/example_dags/example_short_circuit_operator.py took 0.125 seconds
[2024-04-16T00:34:58.783+0000] {processor.py:161} INFO - Started process (PID=679) to work on /home/airflow/.local/lib/python3.12/site-packages/airflow/example_dags/example_short_circuit_operator.py
[2024-04-16T00:34:58.785+0000] {processor.py:830} INFO - Processing file /home/airflow/.local/lib/python3.12/site-packages/airflow/example_dags/example_short_circuit_operator.py for tasks to queue
[2024-04-16T00:34:58.788+0000] {logging_mixin.py:188} INFO - [2024-04-16T00:34:58.787+0000] {dagbag.py:540} INFO - Filling up the DagBag from /home/airflow/.local/lib/python3.12/site-packages/airflow/example_dags/example_short_circuit_operator.py
[2024-04-16T00:34:58.799+0000] {processor.py:840} INFO - DAG(s) 'example_short_circuit_operator' retrieved from /home/airflow/.local/lib/python3.12/site-packages/airflow/example_dags/example_short_circuit_operator.py
[2024-04-16T00:34:58.835+0000] {logging_mixin.py:188} INFO - [2024-04-16T00:34:58.835+0000] {dag.py:3096} INFO - Sync 1 DAGs
[2024-04-16T00:34:58.870+0000] {logging_mixin.py:188} INFO - [2024-04-16T00:34:58.870+0000] {dag.py:3954} INFO - Setting next_dagrun for example_short_circuit_operator to 2024-04-15 00:00:00+00:00, run_after=2024-04-16 00:00:00+00:00
[2024-04-16T00:34:58.900+0000] {processor.py:183} INFO - Processing /home/airflow/.local/lib/python3.12/site-packages/airflow/example_dags/example_short_circuit_operator.py took 0.125 seconds
