[2024-04-16T00:07:53.904+0000] {processor.py:161} INFO - Started process (PID=73) to work on /home/airflow/.local/lib/python3.12/site-packages/airflow/example_dags/example_task_group.py
[2024-04-16T00:07:53.906+0000] {processor.py:830} INFO - Processing file /home/airflow/.local/lib/python3.12/site-packages/airflow/example_dags/example_task_group.py for tasks to queue
[2024-04-16T00:07:53.908+0000] {logging_mixin.py:188} INFO - [2024-04-16T00:07:53.908+0000] {dagbag.py:540} INFO - Filling up the DagBag from /home/airflow/.local/lib/python3.12/site-packages/airflow/example_dags/example_task_group.py
[2024-04-16T00:07:53.922+0000] {processor.py:840} INFO - DAG(s) 'example_task_group' retrieved from /home/airflow/.local/lib/python3.12/site-packages/airflow/example_dags/example_task_group.py
[2024-04-16T00:07:53.959+0000] {logging_mixin.py:188} INFO - [2024-04-16T00:07:53.959+0000] {dag.py:3096} INFO - Sync 1 DAGs
[2024-04-16T00:07:53.995+0000] {logging_mixin.py:188} INFO - [2024-04-16T00:07:53.994+0000] {dag.py:3954} INFO - Setting next_dagrun for example_task_group to 2024-04-15 00:00:00+00:00, run_after=2024-04-16 00:00:00+00:00
[2024-04-16T00:07:54.025+0000] {processor.py:183} INFO - Processing /home/airflow/.local/lib/python3.12/site-packages/airflow/example_dags/example_task_group.py took 0.129 seconds
[2024-04-16T00:08:24.085+0000] {processor.py:161} INFO - Started process (PID=130) to work on /home/airflow/.local/lib/python3.12/site-packages/airflow/example_dags/example_task_group.py
[2024-04-16T00:08:24.087+0000] {processor.py:830} INFO - Processing file /home/airflow/.local/lib/python3.12/site-packages/airflow/example_dags/example_task_group.py for tasks to queue
[2024-04-16T00:08:24.089+0000] {logging_mixin.py:188} INFO - [2024-04-16T00:08:24.089+0000] {dagbag.py:540} INFO - Filling up the DagBag from /home/airflow/.local/lib/python3.12/site-packages/airflow/example_dags/example_task_group.py
[2024-04-16T00:08:24.099+0000] {processor.py:840} INFO - DAG(s) 'example_task_group' retrieved from /home/airflow/.local/lib/python3.12/site-packages/airflow/example_dags/example_task_group.py
[2024-04-16T00:08:24.133+0000] {logging_mixin.py:188} INFO - [2024-04-16T00:08:24.132+0000] {dag.py:3096} INFO - Sync 1 DAGs
[2024-04-16T00:08:24.164+0000] {logging_mixin.py:188} INFO - [2024-04-16T00:08:24.164+0000] {dag.py:3954} INFO - Setting next_dagrun for example_task_group to 2024-04-15 00:00:00+00:00, run_after=2024-04-16 00:00:00+00:00
[2024-04-16T00:08:24.193+0000] {processor.py:183} INFO - Processing /home/airflow/.local/lib/python3.12/site-packages/airflow/example_dags/example_task_group.py took 0.115 seconds
[2024-04-16T00:08:55.050+0000] {processor.py:161} INFO - Started process (PID=188) to work on /home/airflow/.local/lib/python3.12/site-packages/airflow/example_dags/example_task_group.py
[2024-04-16T00:08:55.052+0000] {processor.py:830} INFO - Processing file /home/airflow/.local/lib/python3.12/site-packages/airflow/example_dags/example_task_group.py for tasks to queue
[2024-04-16T00:08:55.055+0000] {logging_mixin.py:188} INFO - [2024-04-16T00:08:55.054+0000] {dagbag.py:540} INFO - Filling up the DagBag from /home/airflow/.local/lib/python3.12/site-packages/airflow/example_dags/example_task_group.py
[2024-04-16T00:08:55.066+0000] {processor.py:840} INFO - DAG(s) 'example_task_group' retrieved from /home/airflow/.local/lib/python3.12/site-packages/airflow/example_dags/example_task_group.py
[2024-04-16T00:08:55.098+0000] {logging_mixin.py:188} INFO - [2024-04-16T00:08:55.098+0000] {dag.py:3096} INFO - Sync 1 DAGs
[2024-04-16T00:08:55.133+0000] {logging_mixin.py:188} INFO - [2024-04-16T00:08:55.133+0000] {dag.py:3954} INFO - Setting next_dagrun for example_task_group to 2024-04-15 00:00:00+00:00, run_after=2024-04-16 00:00:00+00:00
[2024-04-16T00:08:55.163+0000] {processor.py:183} INFO - Processing /home/airflow/.local/lib/python3.12/site-packages/airflow/example_dags/example_task_group.py took 0.122 seconds
[2024-04-16T00:09:25.650+0000] {processor.py:161} INFO - Started process (PID=247) to work on /home/airflow/.local/lib/python3.12/site-packages/airflow/example_dags/example_task_group.py
[2024-04-16T00:09:25.652+0000] {processor.py:830} INFO - Processing file /home/airflow/.local/lib/python3.12/site-packages/airflow/example_dags/example_task_group.py for tasks to queue
[2024-04-16T00:09:25.654+0000] {logging_mixin.py:188} INFO - [2024-04-16T00:09:25.654+0000] {dagbag.py:540} INFO - Filling up the DagBag from /home/airflow/.local/lib/python3.12/site-packages/airflow/example_dags/example_task_group.py
[2024-04-16T00:09:25.665+0000] {processor.py:840} INFO - DAG(s) 'example_task_group' retrieved from /home/airflow/.local/lib/python3.12/site-packages/airflow/example_dags/example_task_group.py
[2024-04-16T00:09:25.702+0000] {logging_mixin.py:188} INFO - [2024-04-16T00:09:25.702+0000] {dag.py:3096} INFO - Sync 1 DAGs
[2024-04-16T00:09:25.738+0000] {logging_mixin.py:188} INFO - [2024-04-16T00:09:25.738+0000] {dag.py:3954} INFO - Setting next_dagrun for example_task_group to 2024-04-15 00:00:00+00:00, run_after=2024-04-16 00:00:00+00:00
[2024-04-16T00:09:25.769+0000] {processor.py:183} INFO - Processing /home/airflow/.local/lib/python3.12/site-packages/airflow/example_dags/example_task_group.py took 0.128 seconds
[2024-04-16T00:09:55.914+0000] {processor.py:161} INFO - Started process (PID=305) to work on /home/airflow/.local/lib/python3.12/site-packages/airflow/example_dags/example_task_group.py
[2024-04-16T00:09:55.915+0000] {processor.py:830} INFO - Processing file /home/airflow/.local/lib/python3.12/site-packages/airflow/example_dags/example_task_group.py for tasks to queue
[2024-04-16T00:09:55.918+0000] {logging_mixin.py:188} INFO - [2024-04-16T00:09:55.917+0000] {dagbag.py:540} INFO - Filling up the DagBag from /home/airflow/.local/lib/python3.12/site-packages/airflow/example_dags/example_task_group.py
[2024-04-16T00:09:55.929+0000] {processor.py:840} INFO - DAG(s) 'example_task_group' retrieved from /home/airflow/.local/lib/python3.12/site-packages/airflow/example_dags/example_task_group.py
[2024-04-16T00:09:55.961+0000] {logging_mixin.py:188} INFO - [2024-04-16T00:09:55.961+0000] {dag.py:3096} INFO - Sync 1 DAGs
[2024-04-16T00:09:55.996+0000] {logging_mixin.py:188} INFO - [2024-04-16T00:09:55.996+0000] {dag.py:3954} INFO - Setting next_dagrun for example_task_group to 2024-04-15 00:00:00+00:00, run_after=2024-04-16 00:00:00+00:00
[2024-04-16T00:09:56.029+0000] {processor.py:183} INFO - Processing /home/airflow/.local/lib/python3.12/site-packages/airflow/example_dags/example_task_group.py took 0.125 seconds
[2024-04-16T00:10:26.474+0000] {processor.py:161} INFO - Started process (PID=363) to work on /home/airflow/.local/lib/python3.12/site-packages/airflow/example_dags/example_task_group.py
[2024-04-16T00:10:26.475+0000] {processor.py:830} INFO - Processing file /home/airflow/.local/lib/python3.12/site-packages/airflow/example_dags/example_task_group.py for tasks to queue
[2024-04-16T00:10:26.478+0000] {logging_mixin.py:188} INFO - [2024-04-16T00:10:26.477+0000] {dagbag.py:540} INFO - Filling up the DagBag from /home/airflow/.local/lib/python3.12/site-packages/airflow/example_dags/example_task_group.py
[2024-04-16T00:10:26.487+0000] {processor.py:840} INFO - DAG(s) 'example_task_group' retrieved from /home/airflow/.local/lib/python3.12/site-packages/airflow/example_dags/example_task_group.py
[2024-04-16T00:10:26.519+0000] {logging_mixin.py:188} INFO - [2024-04-16T00:10:26.518+0000] {dag.py:3096} INFO - Sync 1 DAGs
[2024-04-16T00:10:26.552+0000] {logging_mixin.py:188} INFO - [2024-04-16T00:10:26.551+0000] {dag.py:3954} INFO - Setting next_dagrun for example_task_group to 2024-04-15 00:00:00+00:00, run_after=2024-04-16 00:00:00+00:00
[2024-04-16T00:10:26.579+0000] {processor.py:183} INFO - Processing /home/airflow/.local/lib/python3.12/site-packages/airflow/example_dags/example_task_group.py took 0.114 seconds
[2024-04-16T00:10:57.452+0000] {processor.py:161} INFO - Started process (PID=421) to work on /home/airflow/.local/lib/python3.12/site-packages/airflow/example_dags/example_task_group.py
[2024-04-16T00:10:57.454+0000] {processor.py:830} INFO - Processing file /home/airflow/.local/lib/python3.12/site-packages/airflow/example_dags/example_task_group.py for tasks to queue
[2024-04-16T00:10:57.458+0000] {logging_mixin.py:188} INFO - [2024-04-16T00:10:57.457+0000] {dagbag.py:540} INFO - Filling up the DagBag from /home/airflow/.local/lib/python3.12/site-packages/airflow/example_dags/example_task_group.py
[2024-04-16T00:10:57.470+0000] {processor.py:840} INFO - DAG(s) 'example_task_group' retrieved from /home/airflow/.local/lib/python3.12/site-packages/airflow/example_dags/example_task_group.py
[2024-04-16T00:10:57.505+0000] {logging_mixin.py:188} INFO - [2024-04-16T00:10:57.504+0000] {dag.py:3096} INFO - Sync 1 DAGs
[2024-04-16T00:10:57.540+0000] {logging_mixin.py:188} INFO - [2024-04-16T00:10:57.540+0000] {dag.py:3954} INFO - Setting next_dagrun for example_task_group to 2024-04-15 00:00:00+00:00, run_after=2024-04-16 00:00:00+00:00
[2024-04-16T00:10:57.570+0000] {processor.py:183} INFO - Processing /home/airflow/.local/lib/python3.12/site-packages/airflow/example_dags/example_task_group.py took 0.129 seconds
[2024-04-16T00:11:27.810+0000] {processor.py:161} INFO - Started process (PID=479) to work on /home/airflow/.local/lib/python3.12/site-packages/airflow/example_dags/example_task_group.py
[2024-04-16T00:11:27.812+0000] {processor.py:830} INFO - Processing file /home/airflow/.local/lib/python3.12/site-packages/airflow/example_dags/example_task_group.py for tasks to queue
[2024-04-16T00:11:27.815+0000] {logging_mixin.py:188} INFO - [2024-04-16T00:11:27.814+0000] {dagbag.py:540} INFO - Filling up the DagBag from /home/airflow/.local/lib/python3.12/site-packages/airflow/example_dags/example_task_group.py
[2024-04-16T00:11:27.826+0000] {processor.py:840} INFO - DAG(s) 'example_task_group' retrieved from /home/airflow/.local/lib/python3.12/site-packages/airflow/example_dags/example_task_group.py
[2024-04-16T00:11:27.864+0000] {logging_mixin.py:188} INFO - [2024-04-16T00:11:27.863+0000] {dag.py:3096} INFO - Sync 1 DAGs
[2024-04-16T00:11:27.903+0000] {logging_mixin.py:188} INFO - [2024-04-16T00:11:27.903+0000] {dag.py:3954} INFO - Setting next_dagrun for example_task_group to 2024-04-15 00:00:00+00:00, run_after=2024-04-16 00:00:00+00:00
[2024-04-16T00:11:28.210+0000] {processor.py:183} INFO - Processing /home/airflow/.local/lib/python3.12/site-packages/airflow/example_dags/example_task_group.py took 0.409 seconds
[2024-04-16T00:11:59.220+0000] {processor.py:161} INFO - Started process (PID=537) to work on /home/airflow/.local/lib/python3.12/site-packages/airflow/example_dags/example_task_group.py
[2024-04-16T00:11:59.223+0000] {processor.py:830} INFO - Processing file /home/airflow/.local/lib/python3.12/site-packages/airflow/example_dags/example_task_group.py for tasks to queue
[2024-04-16T00:11:59.227+0000] {logging_mixin.py:188} INFO - [2024-04-16T00:11:59.226+0000] {dagbag.py:540} INFO - Filling up the DagBag from /home/airflow/.local/lib/python3.12/site-packages/airflow/example_dags/example_task_group.py
[2024-04-16T00:11:59.240+0000] {processor.py:840} INFO - DAG(s) 'example_task_group' retrieved from /home/airflow/.local/lib/python3.12/site-packages/airflow/example_dags/example_task_group.py
[2024-04-16T00:11:59.276+0000] {logging_mixin.py:188} INFO - [2024-04-16T00:11:59.276+0000] {dag.py:3096} INFO - Sync 1 DAGs
[2024-04-16T00:11:59.314+0000] {logging_mixin.py:188} INFO - [2024-04-16T00:11:59.314+0000] {dag.py:3954} INFO - Setting next_dagrun for example_task_group to 2024-04-15 00:00:00+00:00, run_after=2024-04-16 00:00:00+00:00
[2024-04-16T00:11:59.348+0000] {processor.py:183} INFO - Processing /home/airflow/.local/lib/python3.12/site-packages/airflow/example_dags/example_task_group.py took 0.140 seconds
[2024-04-16T00:12:46.584+0000] {processor.py:161} INFO - Started process (PID=67) to work on /home/airflow/.local/lib/python3.12/site-packages/airflow/example_dags/example_task_group.py
[2024-04-16T00:12:46.585+0000] {processor.py:830} INFO - Processing file /home/airflow/.local/lib/python3.12/site-packages/airflow/example_dags/example_task_group.py for tasks to queue
[2024-04-16T00:12:46.588+0000] {logging_mixin.py:188} INFO - [2024-04-16T00:12:46.588+0000] {dagbag.py:540} INFO - Filling up the DagBag from /home/airflow/.local/lib/python3.12/site-packages/airflow/example_dags/example_task_group.py
[2024-04-16T00:12:46.600+0000] {processor.py:840} INFO - DAG(s) 'example_task_group' retrieved from /home/airflow/.local/lib/python3.12/site-packages/airflow/example_dags/example_task_group.py
[2024-04-16T00:12:46.632+0000] {logging_mixin.py:188} INFO - [2024-04-16T00:12:46.631+0000] {dag.py:3096} INFO - Sync 1 DAGs
[2024-04-16T00:12:46.662+0000] {logging_mixin.py:188} INFO - [2024-04-16T00:12:46.662+0000] {dag.py:3954} INFO - Setting next_dagrun for example_task_group to 2024-04-15 00:00:00+00:00, run_after=2024-04-16 00:00:00+00:00
[2024-04-16T00:12:46.688+0000] {processor.py:183} INFO - Processing /home/airflow/.local/lib/python3.12/site-packages/airflow/example_dags/example_task_group.py took 0.112 seconds
[2024-04-16T00:28:21.326+0000] {processor.py:161} INFO - Started process (PID=73) to work on /home/airflow/.local/lib/python3.12/site-packages/airflow/example_dags/example_task_group.py
[2024-04-16T00:28:21.328+0000] {processor.py:830} INFO - Processing file /home/airflow/.local/lib/python3.12/site-packages/airflow/example_dags/example_task_group.py for tasks to queue
[2024-04-16T00:28:21.331+0000] {logging_mixin.py:188} INFO - [2024-04-16T00:28:21.331+0000] {dagbag.py:540} INFO - Filling up the DagBag from /home/airflow/.local/lib/python3.12/site-packages/airflow/example_dags/example_task_group.py
[2024-04-16T00:28:21.345+0000] {processor.py:840} INFO - DAG(s) 'example_task_group' retrieved from /home/airflow/.local/lib/python3.12/site-packages/airflow/example_dags/example_task_group.py
[2024-04-16T00:28:21.540+0000] {logging_mixin.py:188} INFO - [2024-04-16T00:28:21.540+0000] {dag.py:3096} INFO - Sync 1 DAGs
[2024-04-16T00:28:21.572+0000] {logging_mixin.py:188} INFO - [2024-04-16T00:28:21.571+0000] {dag.py:3954} INFO - Setting next_dagrun for example_task_group to 2024-04-15 00:00:00+00:00, run_after=2024-04-16 00:00:00+00:00
[2024-04-16T00:28:21.605+0000] {processor.py:183} INFO - Processing /home/airflow/.local/lib/python3.12/site-packages/airflow/example_dags/example_task_group.py took 0.286 seconds
[2024-04-16T00:29:27.048+0000] {processor.py:161} INFO - Started process (PID=67) to work on /home/airflow/.local/lib/python3.12/site-packages/airflow/example_dags/example_task_group.py
[2024-04-16T00:29:27.049+0000] {processor.py:830} INFO - Processing file /home/airflow/.local/lib/python3.12/site-packages/airflow/example_dags/example_task_group.py for tasks to queue
[2024-04-16T00:29:27.052+0000] {logging_mixin.py:188} INFO - [2024-04-16T00:29:27.052+0000] {dagbag.py:540} INFO - Filling up the DagBag from /home/airflow/.local/lib/python3.12/site-packages/airflow/example_dags/example_task_group.py
[2024-04-16T00:29:27.066+0000] {processor.py:840} INFO - DAG(s) 'example_task_group' retrieved from /home/airflow/.local/lib/python3.12/site-packages/airflow/example_dags/example_task_group.py
[2024-04-16T00:29:27.099+0000] {logging_mixin.py:188} INFO - [2024-04-16T00:29:27.099+0000] {dag.py:3096} INFO - Sync 1 DAGs
[2024-04-16T00:29:27.133+0000] {logging_mixin.py:188} INFO - [2024-04-16T00:29:27.133+0000] {dag.py:3954} INFO - Setting next_dagrun for example_task_group to 2024-04-15 00:00:00+00:00, run_after=2024-04-16 00:00:00+00:00
[2024-04-16T00:29:27.161+0000] {processor.py:183} INFO - Processing /home/airflow/.local/lib/python3.12/site-packages/airflow/example_dags/example_task_group.py took 0.121 seconds
[2024-04-16T00:29:57.350+0000] {processor.py:161} INFO - Started process (PID=124) to work on /home/airflow/.local/lib/python3.12/site-packages/airflow/example_dags/example_task_group.py
[2024-04-16T00:29:57.352+0000] {processor.py:830} INFO - Processing file /home/airflow/.local/lib/python3.12/site-packages/airflow/example_dags/example_task_group.py for tasks to queue
[2024-04-16T00:29:57.354+0000] {logging_mixin.py:188} INFO - [2024-04-16T00:29:57.354+0000] {dagbag.py:540} INFO - Filling up the DagBag from /home/airflow/.local/lib/python3.12/site-packages/airflow/example_dags/example_task_group.py
[2024-04-16T00:29:57.366+0000] {processor.py:840} INFO - DAG(s) 'example_task_group' retrieved from /home/airflow/.local/lib/python3.12/site-packages/airflow/example_dags/example_task_group.py
[2024-04-16T00:29:57.406+0000] {logging_mixin.py:188} INFO - [2024-04-16T00:29:57.406+0000] {dag.py:3096} INFO - Sync 1 DAGs
[2024-04-16T00:29:57.449+0000] {logging_mixin.py:188} INFO - [2024-04-16T00:29:57.448+0000] {dag.py:3954} INFO - Setting next_dagrun for example_task_group to 2024-04-15 00:00:00+00:00, run_after=2024-04-16 00:00:00+00:00
[2024-04-16T00:29:57.536+0000] {processor.py:183} INFO - Processing /home/airflow/.local/lib/python3.12/site-packages/airflow/example_dags/example_task_group.py took 0.197 seconds
[2024-04-16T00:30:28.246+0000] {processor.py:161} INFO - Started process (PID=183) to work on /home/airflow/.local/lib/python3.12/site-packages/airflow/example_dags/example_task_group.py
[2024-04-16T00:30:28.247+0000] {processor.py:830} INFO - Processing file /home/airflow/.local/lib/python3.12/site-packages/airflow/example_dags/example_task_group.py for tasks to queue
[2024-04-16T00:30:28.250+0000] {logging_mixin.py:188} INFO - [2024-04-16T00:30:28.249+0000] {dagbag.py:540} INFO - Filling up the DagBag from /home/airflow/.local/lib/python3.12/site-packages/airflow/example_dags/example_task_group.py
[2024-04-16T00:30:28.261+0000] {processor.py:840} INFO - DAG(s) 'example_task_group' retrieved from /home/airflow/.local/lib/python3.12/site-packages/airflow/example_dags/example_task_group.py
[2024-04-16T00:30:28.296+0000] {logging_mixin.py:188} INFO - [2024-04-16T00:30:28.296+0000] {dag.py:3096} INFO - Sync 1 DAGs
[2024-04-16T00:30:28.331+0000] {logging_mixin.py:188} INFO - [2024-04-16T00:30:28.331+0000] {dag.py:3954} INFO - Setting next_dagrun for example_task_group to 2024-04-15 00:00:00+00:00, run_after=2024-04-16 00:00:00+00:00
[2024-04-16T00:30:28.361+0000] {processor.py:183} INFO - Processing /home/airflow/.local/lib/python3.12/site-packages/airflow/example_dags/example_task_group.py took 0.124 seconds
[2024-04-16T00:30:58.991+0000] {processor.py:161} INFO - Started process (PID=241) to work on /home/airflow/.local/lib/python3.12/site-packages/airflow/example_dags/example_task_group.py
[2024-04-16T00:30:58.993+0000] {processor.py:830} INFO - Processing file /home/airflow/.local/lib/python3.12/site-packages/airflow/example_dags/example_task_group.py for tasks to queue
[2024-04-16T00:30:58.995+0000] {logging_mixin.py:188} INFO - [2024-04-16T00:30:58.995+0000] {dagbag.py:540} INFO - Filling up the DagBag from /home/airflow/.local/lib/python3.12/site-packages/airflow/example_dags/example_task_group.py
[2024-04-16T00:30:59.005+0000] {processor.py:840} INFO - DAG(s) 'example_task_group' retrieved from /home/airflow/.local/lib/python3.12/site-packages/airflow/example_dags/example_task_group.py
[2024-04-16T00:30:59.042+0000] {logging_mixin.py:188} INFO - [2024-04-16T00:30:59.041+0000] {dag.py:3096} INFO - Sync 1 DAGs
[2024-04-16T00:30:59.084+0000] {logging_mixin.py:188} INFO - [2024-04-16T00:30:59.084+0000] {dag.py:3954} INFO - Setting next_dagrun for example_task_group to 2024-04-15 00:00:00+00:00, run_after=2024-04-16 00:00:00+00:00
[2024-04-16T00:30:59.111+0000] {processor.py:183} INFO - Processing /home/airflow/.local/lib/python3.12/site-packages/airflow/example_dags/example_task_group.py took 0.128 seconds
[2024-04-16T00:31:29.251+0000] {processor.py:161} INFO - Started process (PID=298) to work on /home/airflow/.local/lib/python3.12/site-packages/airflow/example_dags/example_task_group.py
[2024-04-16T00:31:29.252+0000] {processor.py:830} INFO - Processing file /home/airflow/.local/lib/python3.12/site-packages/airflow/example_dags/example_task_group.py for tasks to queue
[2024-04-16T00:31:29.256+0000] {logging_mixin.py:188} INFO - [2024-04-16T00:31:29.255+0000] {dagbag.py:540} INFO - Filling up the DagBag from /home/airflow/.local/lib/python3.12/site-packages/airflow/example_dags/example_task_group.py
[2024-04-16T00:31:29.267+0000] {processor.py:840} INFO - DAG(s) 'example_task_group' retrieved from /home/airflow/.local/lib/python3.12/site-packages/airflow/example_dags/example_task_group.py
[2024-04-16T00:31:29.301+0000] {logging_mixin.py:188} INFO - [2024-04-16T00:31:29.301+0000] {dag.py:3096} INFO - Sync 1 DAGs
[2024-04-16T00:31:29.339+0000] {logging_mixin.py:188} INFO - [2024-04-16T00:31:29.339+0000] {dag.py:3954} INFO - Setting next_dagrun for example_task_group to 2024-04-15 00:00:00+00:00, run_after=2024-04-16 00:00:00+00:00
[2024-04-16T00:31:29.375+0000] {processor.py:183} INFO - Processing /home/airflow/.local/lib/python3.12/site-packages/airflow/example_dags/example_task_group.py took 0.133 seconds
[2024-04-16T00:31:59.602+0000] {processor.py:161} INFO - Started process (PID=357) to work on /home/airflow/.local/lib/python3.12/site-packages/airflow/example_dags/example_task_group.py
[2024-04-16T00:31:59.603+0000] {processor.py:830} INFO - Processing file /home/airflow/.local/lib/python3.12/site-packages/airflow/example_dags/example_task_group.py for tasks to queue
[2024-04-16T00:31:59.606+0000] {logging_mixin.py:188} INFO - [2024-04-16T00:31:59.605+0000] {dagbag.py:540} INFO - Filling up the DagBag from /home/airflow/.local/lib/python3.12/site-packages/airflow/example_dags/example_task_group.py
[2024-04-16T00:31:59.617+0000] {processor.py:840} INFO - DAG(s) 'example_task_group' retrieved from /home/airflow/.local/lib/python3.12/site-packages/airflow/example_dags/example_task_group.py
[2024-04-16T00:31:59.649+0000] {logging_mixin.py:188} INFO - [2024-04-16T00:31:59.649+0000] {dag.py:3096} INFO - Sync 1 DAGs
[2024-04-16T00:31:59.682+0000] {logging_mixin.py:188} INFO - [2024-04-16T00:31:59.682+0000] {dag.py:3954} INFO - Setting next_dagrun for example_task_group to 2024-04-15 00:00:00+00:00, run_after=2024-04-16 00:00:00+00:00
[2024-04-16T00:31:59.714+0000] {processor.py:183} INFO - Processing /home/airflow/.local/lib/python3.12/site-packages/airflow/example_dags/example_task_group.py took 0.122 seconds
[2024-04-16T00:32:29.961+0000] {processor.py:161} INFO - Started process (PID=415) to work on /home/airflow/.local/lib/python3.12/site-packages/airflow/example_dags/example_task_group.py
[2024-04-16T00:32:29.963+0000] {processor.py:830} INFO - Processing file /home/airflow/.local/lib/python3.12/site-packages/airflow/example_dags/example_task_group.py for tasks to queue
[2024-04-16T00:32:29.965+0000] {logging_mixin.py:188} INFO - [2024-04-16T00:32:29.965+0000] {dagbag.py:540} INFO - Filling up the DagBag from /home/airflow/.local/lib/python3.12/site-packages/airflow/example_dags/example_task_group.py
[2024-04-16T00:32:29.975+0000] {processor.py:840} INFO - DAG(s) 'example_task_group' retrieved from /home/airflow/.local/lib/python3.12/site-packages/airflow/example_dags/example_task_group.py
[2024-04-16T00:32:30.007+0000] {logging_mixin.py:188} INFO - [2024-04-16T00:32:30.007+0000] {dag.py:3096} INFO - Sync 1 DAGs
[2024-04-16T00:32:30.034+0000] {logging_mixin.py:188} INFO - [2024-04-16T00:32:30.034+0000] {dag.py:3954} INFO - Setting next_dagrun for example_task_group to 2024-04-15 00:00:00+00:00, run_after=2024-04-16 00:00:00+00:00
[2024-04-16T00:32:30.062+0000] {processor.py:183} INFO - Processing /home/airflow/.local/lib/python3.12/site-packages/airflow/example_dags/example_task_group.py took 0.108 seconds
[2024-04-16T00:33:00.397+0000] {processor.py:161} INFO - Started process (PID=473) to work on /home/airflow/.local/lib/python3.12/site-packages/airflow/example_dags/example_task_group.py
[2024-04-16T00:33:00.399+0000] {processor.py:830} INFO - Processing file /home/airflow/.local/lib/python3.12/site-packages/airflow/example_dags/example_task_group.py for tasks to queue
[2024-04-16T00:33:00.402+0000] {logging_mixin.py:188} INFO - [2024-04-16T00:33:00.402+0000] {dagbag.py:540} INFO - Filling up the DagBag from /home/airflow/.local/lib/python3.12/site-packages/airflow/example_dags/example_task_group.py
[2024-04-16T00:33:00.413+0000] {processor.py:840} INFO - DAG(s) 'example_task_group' retrieved from /home/airflow/.local/lib/python3.12/site-packages/airflow/example_dags/example_task_group.py
[2024-04-16T00:33:00.452+0000] {logging_mixin.py:188} INFO - [2024-04-16T00:33:00.452+0000] {dag.py:3096} INFO - Sync 1 DAGs
[2024-04-16T00:33:00.489+0000] {logging_mixin.py:188} INFO - [2024-04-16T00:33:00.489+0000] {dag.py:3954} INFO - Setting next_dagrun for example_task_group to 2024-04-15 00:00:00+00:00, run_after=2024-04-16 00:00:00+00:00
[2024-04-16T00:33:00.521+0000] {processor.py:183} INFO - Processing /home/airflow/.local/lib/python3.12/site-packages/airflow/example_dags/example_task_group.py took 0.133 seconds
[2024-04-16T00:33:30.709+0000] {processor.py:161} INFO - Started process (PID=531) to work on /home/airflow/.local/lib/python3.12/site-packages/airflow/example_dags/example_task_group.py
[2024-04-16T00:33:30.711+0000] {processor.py:830} INFO - Processing file /home/airflow/.local/lib/python3.12/site-packages/airflow/example_dags/example_task_group.py for tasks to queue
[2024-04-16T00:33:30.714+0000] {logging_mixin.py:188} INFO - [2024-04-16T00:33:30.713+0000] {dagbag.py:540} INFO - Filling up the DagBag from /home/airflow/.local/lib/python3.12/site-packages/airflow/example_dags/example_task_group.py
[2024-04-16T00:33:30.734+0000] {processor.py:840} INFO - DAG(s) 'example_task_group' retrieved from /home/airflow/.local/lib/python3.12/site-packages/airflow/example_dags/example_task_group.py
[2024-04-16T00:33:30.766+0000] {logging_mixin.py:188} INFO - [2024-04-16T00:33:30.766+0000] {dag.py:3096} INFO - Sync 1 DAGs
[2024-04-16T00:33:30.800+0000] {logging_mixin.py:188} INFO - [2024-04-16T00:33:30.800+0000] {dag.py:3954} INFO - Setting next_dagrun for example_task_group to 2024-04-15 00:00:00+00:00, run_after=2024-04-16 00:00:00+00:00
[2024-04-16T00:33:30.829+0000] {processor.py:183} INFO - Processing /home/airflow/.local/lib/python3.12/site-packages/airflow/example_dags/example_task_group.py took 0.131 seconds
[2024-04-16T00:34:00.930+0000] {processor.py:161} INFO - Started process (PID=589) to work on /home/airflow/.local/lib/python3.12/site-packages/airflow/example_dags/example_task_group.py
[2024-04-16T00:34:00.931+0000] {processor.py:830} INFO - Processing file /home/airflow/.local/lib/python3.12/site-packages/airflow/example_dags/example_task_group.py for tasks to queue
[2024-04-16T00:34:00.934+0000] {logging_mixin.py:188} INFO - [2024-04-16T00:34:00.934+0000] {dagbag.py:540} INFO - Filling up the DagBag from /home/airflow/.local/lib/python3.12/site-packages/airflow/example_dags/example_task_group.py
[2024-04-16T00:34:00.944+0000] {processor.py:840} INFO - DAG(s) 'example_task_group' retrieved from /home/airflow/.local/lib/python3.12/site-packages/airflow/example_dags/example_task_group.py
[2024-04-16T00:34:00.972+0000] {logging_mixin.py:188} INFO - [2024-04-16T00:34:00.972+0000] {dag.py:3096} INFO - Sync 1 DAGs
[2024-04-16T00:34:01.000+0000] {logging_mixin.py:188} INFO - [2024-04-16T00:34:01.000+0000] {dag.py:3954} INFO - Setting next_dagrun for example_task_group to 2024-04-15 00:00:00+00:00, run_after=2024-04-16 00:00:00+00:00
[2024-04-16T00:34:01.027+0000] {processor.py:183} INFO - Processing /home/airflow/.local/lib/python3.12/site-packages/airflow/example_dags/example_task_group.py took 0.105 seconds
[2024-04-16T00:34:31.274+0000] {processor.py:161} INFO - Started process (PID=647) to work on /home/airflow/.local/lib/python3.12/site-packages/airflow/example_dags/example_task_group.py
[2024-04-16T00:34:31.275+0000] {processor.py:830} INFO - Processing file /home/airflow/.local/lib/python3.12/site-packages/airflow/example_dags/example_task_group.py for tasks to queue
[2024-04-16T00:34:31.278+0000] {logging_mixin.py:188} INFO - [2024-04-16T00:34:31.278+0000] {dagbag.py:540} INFO - Filling up the DagBag from /home/airflow/.local/lib/python3.12/site-packages/airflow/example_dags/example_task_group.py
[2024-04-16T00:34:31.290+0000] {processor.py:840} INFO - DAG(s) 'example_task_group' retrieved from /home/airflow/.local/lib/python3.12/site-packages/airflow/example_dags/example_task_group.py
[2024-04-16T00:34:31.324+0000] {logging_mixin.py:188} INFO - [2024-04-16T00:34:31.324+0000] {dag.py:3096} INFO - Sync 1 DAGs
[2024-04-16T00:34:31.357+0000] {logging_mixin.py:188} INFO - [2024-04-16T00:34:31.357+0000] {dag.py:3954} INFO - Setting next_dagrun for example_task_group to 2024-04-15 00:00:00+00:00, run_after=2024-04-16 00:00:00+00:00
[2024-04-16T00:34:31.387+0000] {processor.py:183} INFO - Processing /home/airflow/.local/lib/python3.12/site-packages/airflow/example_dags/example_task_group.py took 0.122 seconds
[2024-04-16T00:35:02.208+0000] {processor.py:161} INFO - Started process (PID=705) to work on /home/airflow/.local/lib/python3.12/site-packages/airflow/example_dags/example_task_group.py
[2024-04-16T00:35:02.209+0000] {processor.py:830} INFO - Processing file /home/airflow/.local/lib/python3.12/site-packages/airflow/example_dags/example_task_group.py for tasks to queue
[2024-04-16T00:35:02.212+0000] {logging_mixin.py:188} INFO - [2024-04-16T00:35:02.212+0000] {dagbag.py:540} INFO - Filling up the DagBag from /home/airflow/.local/lib/python3.12/site-packages/airflow/example_dags/example_task_group.py
[2024-04-16T00:35:02.223+0000] {processor.py:840} INFO - DAG(s) 'example_task_group' retrieved from /home/airflow/.local/lib/python3.12/site-packages/airflow/example_dags/example_task_group.py
[2024-04-16T00:35:02.256+0000] {logging_mixin.py:188} INFO - [2024-04-16T00:35:02.255+0000] {dag.py:3096} INFO - Sync 1 DAGs
[2024-04-16T00:35:02.292+0000] {logging_mixin.py:188} INFO - [2024-04-16T00:35:02.291+0000] {dag.py:3954} INFO - Setting next_dagrun for example_task_group to 2024-04-15 00:00:00+00:00, run_after=2024-04-16 00:00:00+00:00
[2024-04-16T00:35:02.320+0000] {processor.py:183} INFO - Processing /home/airflow/.local/lib/python3.12/site-packages/airflow/example_dags/example_task_group.py took 0.121 seconds
