[2024-04-16T00:07:55.889+0000] {processor.py:161} INFO - Started process (PID=84) to work on /home/airflow/.local/lib/python3.12/site-packages/airflow/example_dags/example_external_task_marker_dag.py
[2024-04-16T00:07:55.890+0000] {processor.py:830} INFO - Processing file /home/airflow/.local/lib/python3.12/site-packages/airflow/example_dags/example_external_task_marker_dag.py for tasks to queue
[2024-04-16T00:07:55.893+0000] {logging_mixin.py:188} INFO - [2024-04-16T00:07:55.892+0000] {dagbag.py:540} INFO - Filling up the DagBag from /home/airflow/.local/lib/python3.12/site-packages/airflow/example_dags/example_external_task_marker_dag.py
[2024-04-16T00:07:55.904+0000] {processor.py:840} INFO - DAG(s) 'example_external_task_marker_parent', 'example_external_task_marker_child' retrieved from /home/airflow/.local/lib/python3.12/site-packages/airflow/example_dags/example_external_task_marker_dag.py
[2024-04-16T00:07:55.939+0000] {logging_mixin.py:188} INFO - [2024-04-16T00:07:55.939+0000] {dag.py:3096} INFO - Sync 2 DAGs
[2024-04-16T00:07:55.960+0000] {logging_mixin.py:188} INFO - [2024-04-16T00:07:55.959+0000] {dag.py:3954} INFO - Setting next_dagrun for example_external_task_marker_child to None, run_after=None
[2024-04-16T00:07:55.965+0000] {logging_mixin.py:188} INFO - [2024-04-16T00:07:55.965+0000] {dag.py:3954} INFO - Setting next_dagrun for example_external_task_marker_parent to None, run_after=None
[2024-04-16T00:07:55.988+0000] {processor.py:183} INFO - Processing /home/airflow/.local/lib/python3.12/site-packages/airflow/example_dags/example_external_task_marker_dag.py took 0.108 seconds
[2024-04-16T00:08:26.357+0000] {processor.py:161} INFO - Started process (PID=142) to work on /home/airflow/.local/lib/python3.12/site-packages/airflow/example_dags/example_external_task_marker_dag.py
[2024-04-16T00:08:26.359+0000] {processor.py:830} INFO - Processing file /home/airflow/.local/lib/python3.12/site-packages/airflow/example_dags/example_external_task_marker_dag.py for tasks to queue
[2024-04-16T00:08:26.361+0000] {logging_mixin.py:188} INFO - [2024-04-16T00:08:26.361+0000] {dagbag.py:540} INFO - Filling up the DagBag from /home/airflow/.local/lib/python3.12/site-packages/airflow/example_dags/example_external_task_marker_dag.py
[2024-04-16T00:08:26.369+0000] {processor.py:840} INFO - DAG(s) 'example_external_task_marker_parent', 'example_external_task_marker_child' retrieved from /home/airflow/.local/lib/python3.12/site-packages/airflow/example_dags/example_external_task_marker_dag.py
[2024-04-16T00:08:26.407+0000] {logging_mixin.py:188} INFO - [2024-04-16T00:08:26.407+0000] {dag.py:3096} INFO - Sync 2 DAGs
[2024-04-16T00:08:26.426+0000] {logging_mixin.py:188} INFO - [2024-04-16T00:08:26.425+0000] {dag.py:3954} INFO - Setting next_dagrun for example_external_task_marker_child to None, run_after=None
[2024-04-16T00:08:26.430+0000] {logging_mixin.py:188} INFO - [2024-04-16T00:08:26.430+0000] {dag.py:3954} INFO - Setting next_dagrun for example_external_task_marker_parent to None, run_after=None
[2024-04-16T00:08:26.464+0000] {processor.py:183} INFO - Processing /home/airflow/.local/lib/python3.12/site-packages/airflow/example_dags/example_external_task_marker_dag.py took 0.115 seconds
[2024-04-16T00:08:57.491+0000] {processor.py:161} INFO - Started process (PID=200) to work on /home/airflow/.local/lib/python3.12/site-packages/airflow/example_dags/example_external_task_marker_dag.py
[2024-04-16T00:08:57.493+0000] {processor.py:830} INFO - Processing file /home/airflow/.local/lib/python3.12/site-packages/airflow/example_dags/example_external_task_marker_dag.py for tasks to queue
[2024-04-16T00:08:57.496+0000] {logging_mixin.py:188} INFO - [2024-04-16T00:08:57.495+0000] {dagbag.py:540} INFO - Filling up the DagBag from /home/airflow/.local/lib/python3.12/site-packages/airflow/example_dags/example_external_task_marker_dag.py
[2024-04-16T00:08:57.505+0000] {processor.py:840} INFO - DAG(s) 'example_external_task_marker_parent', 'example_external_task_marker_child' retrieved from /home/airflow/.local/lib/python3.12/site-packages/airflow/example_dags/example_external_task_marker_dag.py
[2024-04-16T00:08:57.541+0000] {logging_mixin.py:188} INFO - [2024-04-16T00:08:57.541+0000] {dag.py:3096} INFO - Sync 2 DAGs
[2024-04-16T00:08:57.564+0000] {logging_mixin.py:188} INFO - [2024-04-16T00:08:57.564+0000] {dag.py:3954} INFO - Setting next_dagrun for example_external_task_marker_child to None, run_after=None
[2024-04-16T00:08:57.570+0000] {logging_mixin.py:188} INFO - [2024-04-16T00:08:57.570+0000] {dag.py:3954} INFO - Setting next_dagrun for example_external_task_marker_parent to None, run_after=None
[2024-04-16T00:08:57.599+0000] {processor.py:183} INFO - Processing /home/airflow/.local/lib/python3.12/site-packages/airflow/example_dags/example_external_task_marker_dag.py took 0.116 seconds
[2024-04-16T00:09:27.831+0000] {processor.py:161} INFO - Started process (PID=259) to work on /home/airflow/.local/lib/python3.12/site-packages/airflow/example_dags/example_external_task_marker_dag.py
[2024-04-16T00:09:27.833+0000] {processor.py:830} INFO - Processing file /home/airflow/.local/lib/python3.12/site-packages/airflow/example_dags/example_external_task_marker_dag.py for tasks to queue
[2024-04-16T00:09:27.835+0000] {logging_mixin.py:188} INFO - [2024-04-16T00:09:27.835+0000] {dagbag.py:540} INFO - Filling up the DagBag from /home/airflow/.local/lib/python3.12/site-packages/airflow/example_dags/example_external_task_marker_dag.py
[2024-04-16T00:09:27.844+0000] {processor.py:840} INFO - DAG(s) 'example_external_task_marker_child', 'example_external_task_marker_parent' retrieved from /home/airflow/.local/lib/python3.12/site-packages/airflow/example_dags/example_external_task_marker_dag.py
[2024-04-16T00:09:27.879+0000] {logging_mixin.py:188} INFO - [2024-04-16T00:09:27.879+0000] {dag.py:3096} INFO - Sync 2 DAGs
[2024-04-16T00:09:27.899+0000] {logging_mixin.py:188} INFO - [2024-04-16T00:09:27.899+0000] {dag.py:3954} INFO - Setting next_dagrun for example_external_task_marker_child to None, run_after=None
[2024-04-16T00:09:27.905+0000] {logging_mixin.py:188} INFO - [2024-04-16T00:09:27.904+0000] {dag.py:3954} INFO - Setting next_dagrun for example_external_task_marker_parent to None, run_after=None
[2024-04-16T00:09:27.932+0000] {processor.py:183} INFO - Processing /home/airflow/.local/lib/python3.12/site-packages/airflow/example_dags/example_external_task_marker_dag.py took 0.110 seconds
[2024-04-16T00:09:58.289+0000] {processor.py:161} INFO - Started process (PID=317) to work on /home/airflow/.local/lib/python3.12/site-packages/airflow/example_dags/example_external_task_marker_dag.py
[2024-04-16T00:09:58.290+0000] {processor.py:830} INFO - Processing file /home/airflow/.local/lib/python3.12/site-packages/airflow/example_dags/example_external_task_marker_dag.py for tasks to queue
[2024-04-16T00:09:58.293+0000] {logging_mixin.py:188} INFO - [2024-04-16T00:09:58.292+0000] {dagbag.py:540} INFO - Filling up the DagBag from /home/airflow/.local/lib/python3.12/site-packages/airflow/example_dags/example_external_task_marker_dag.py
[2024-04-16T00:09:58.301+0000] {processor.py:840} INFO - DAG(s) 'example_external_task_marker_parent', 'example_external_task_marker_child' retrieved from /home/airflow/.local/lib/python3.12/site-packages/airflow/example_dags/example_external_task_marker_dag.py
[2024-04-16T00:09:58.336+0000] {logging_mixin.py:188} INFO - [2024-04-16T00:09:58.335+0000] {dag.py:3096} INFO - Sync 2 DAGs
[2024-04-16T00:09:58.355+0000] {logging_mixin.py:188} INFO - [2024-04-16T00:09:58.355+0000] {dag.py:3954} INFO - Setting next_dagrun for example_external_task_marker_child to None, run_after=None
[2024-04-16T00:09:58.361+0000] {logging_mixin.py:188} INFO - [2024-04-16T00:09:58.361+0000] {dag.py:3954} INFO - Setting next_dagrun for example_external_task_marker_parent to None, run_after=None
[2024-04-16T00:09:58.385+0000] {processor.py:183} INFO - Processing /home/airflow/.local/lib/python3.12/site-packages/airflow/example_dags/example_external_task_marker_dag.py took 0.104 seconds
[2024-04-16T00:10:28.746+0000] {processor.py:161} INFO - Started process (PID=375) to work on /home/airflow/.local/lib/python3.12/site-packages/airflow/example_dags/example_external_task_marker_dag.py
[2024-04-16T00:10:28.748+0000] {processor.py:830} INFO - Processing file /home/airflow/.local/lib/python3.12/site-packages/airflow/example_dags/example_external_task_marker_dag.py for tasks to queue
[2024-04-16T00:10:28.751+0000] {logging_mixin.py:188} INFO - [2024-04-16T00:10:28.750+0000] {dagbag.py:540} INFO - Filling up the DagBag from /home/airflow/.local/lib/python3.12/site-packages/airflow/example_dags/example_external_task_marker_dag.py
[2024-04-16T00:10:28.762+0000] {processor.py:840} INFO - DAG(s) 'example_external_task_marker_child', 'example_external_task_marker_parent' retrieved from /home/airflow/.local/lib/python3.12/site-packages/airflow/example_dags/example_external_task_marker_dag.py
[2024-04-16T00:10:28.796+0000] {logging_mixin.py:188} INFO - [2024-04-16T00:10:28.795+0000] {dag.py:3096} INFO - Sync 2 DAGs
[2024-04-16T00:10:28.817+0000] {logging_mixin.py:188} INFO - [2024-04-16T00:10:28.816+0000] {dag.py:3954} INFO - Setting next_dagrun for example_external_task_marker_child to None, run_after=None
[2024-04-16T00:10:28.823+0000] {logging_mixin.py:188} INFO - [2024-04-16T00:10:28.822+0000] {dag.py:3954} INFO - Setting next_dagrun for example_external_task_marker_parent to None, run_after=None
[2024-04-16T00:10:28.848+0000] {processor.py:183} INFO - Processing /home/airflow/.local/lib/python3.12/site-packages/airflow/example_dags/example_external_task_marker_dag.py took 0.113 seconds
[2024-04-16T00:10:59.695+0000] {processor.py:161} INFO - Started process (PID=433) to work on /home/airflow/.local/lib/python3.12/site-packages/airflow/example_dags/example_external_task_marker_dag.py
[2024-04-16T00:10:59.696+0000] {processor.py:830} INFO - Processing file /home/airflow/.local/lib/python3.12/site-packages/airflow/example_dags/example_external_task_marker_dag.py for tasks to queue
[2024-04-16T00:10:59.699+0000] {logging_mixin.py:188} INFO - [2024-04-16T00:10:59.699+0000] {dagbag.py:540} INFO - Filling up the DagBag from /home/airflow/.local/lib/python3.12/site-packages/airflow/example_dags/example_external_task_marker_dag.py
[2024-04-16T00:10:59.708+0000] {processor.py:840} INFO - DAG(s) 'example_external_task_marker_parent', 'example_external_task_marker_child' retrieved from /home/airflow/.local/lib/python3.12/site-packages/airflow/example_dags/example_external_task_marker_dag.py
[2024-04-16T00:10:59.749+0000] {logging_mixin.py:188} INFO - [2024-04-16T00:10:59.748+0000] {dag.py:3096} INFO - Sync 2 DAGs
[2024-04-16T00:10:59.769+0000] {logging_mixin.py:188} INFO - [2024-04-16T00:10:59.769+0000] {dag.py:3954} INFO - Setting next_dagrun for example_external_task_marker_child to None, run_after=None
[2024-04-16T00:10:59.775+0000] {logging_mixin.py:188} INFO - [2024-04-16T00:10:59.775+0000] {dag.py:3954} INFO - Setting next_dagrun for example_external_task_marker_parent to None, run_after=None
[2024-04-16T00:10:59.804+0000] {processor.py:183} INFO - Processing /home/airflow/.local/lib/python3.12/site-packages/airflow/example_dags/example_external_task_marker_dag.py took 0.119 seconds
[2024-04-16T00:11:30.446+0000] {processor.py:161} INFO - Started process (PID=491) to work on /home/airflow/.local/lib/python3.12/site-packages/airflow/example_dags/example_external_task_marker_dag.py
[2024-04-16T00:11:30.447+0000] {processor.py:830} INFO - Processing file /home/airflow/.local/lib/python3.12/site-packages/airflow/example_dags/example_external_task_marker_dag.py for tasks to queue
[2024-04-16T00:11:30.450+0000] {logging_mixin.py:188} INFO - [2024-04-16T00:11:30.450+0000] {dagbag.py:540} INFO - Filling up the DagBag from /home/airflow/.local/lib/python3.12/site-packages/airflow/example_dags/example_external_task_marker_dag.py
[2024-04-16T00:11:30.459+0000] {processor.py:840} INFO - DAG(s) 'example_external_task_marker_child', 'example_external_task_marker_parent' retrieved from /home/airflow/.local/lib/python3.12/site-packages/airflow/example_dags/example_external_task_marker_dag.py
[2024-04-16T00:11:30.507+0000] {logging_mixin.py:188} INFO - [2024-04-16T00:11:30.506+0000] {dag.py:3096} INFO - Sync 2 DAGs
[2024-04-16T00:11:30.529+0000] {logging_mixin.py:188} INFO - [2024-04-16T00:11:30.528+0000] {dag.py:3954} INFO - Setting next_dagrun for example_external_task_marker_child to None, run_after=None
[2024-04-16T00:11:30.535+0000] {logging_mixin.py:188} INFO - [2024-04-16T00:11:30.535+0000] {dag.py:3954} INFO - Setting next_dagrun for example_external_task_marker_parent to None, run_after=None
[2024-04-16T00:11:30.568+0000] {processor.py:183} INFO - Processing /home/airflow/.local/lib/python3.12/site-packages/airflow/example_dags/example_external_task_marker_dag.py took 0.131 seconds
[2024-04-16T00:12:00.749+0000] {processor.py:161} INFO - Started process (PID=548) to work on /home/airflow/.local/lib/python3.12/site-packages/airflow/example_dags/example_external_task_marker_dag.py
[2024-04-16T00:12:00.751+0000] {processor.py:830} INFO - Processing file /home/airflow/.local/lib/python3.12/site-packages/airflow/example_dags/example_external_task_marker_dag.py for tasks to queue
[2024-04-16T00:12:00.755+0000] {logging_mixin.py:188} INFO - [2024-04-16T00:12:00.754+0000] {dagbag.py:540} INFO - Filling up the DagBag from /home/airflow/.local/lib/python3.12/site-packages/airflow/example_dags/example_external_task_marker_dag.py
[2024-04-16T00:12:00.769+0000] {processor.py:840} INFO - DAG(s) 'example_external_task_marker_parent', 'example_external_task_marker_child' retrieved from /home/airflow/.local/lib/python3.12/site-packages/airflow/example_dags/example_external_task_marker_dag.py
[2024-04-16T00:12:00.819+0000] {logging_mixin.py:188} INFO - [2024-04-16T00:12:00.819+0000] {dag.py:3096} INFO - Sync 2 DAGs
[2024-04-16T00:12:00.866+0000] {logging_mixin.py:188} INFO - [2024-04-16T00:12:00.865+0000] {dag.py:3954} INFO - Setting next_dagrun for example_external_task_marker_child to None, run_after=None
[2024-04-16T00:12:00.879+0000] {logging_mixin.py:188} INFO - [2024-04-16T00:12:00.879+0000] {dag.py:3954} INFO - Setting next_dagrun for example_external_task_marker_parent to None, run_after=None
[2024-04-16T00:12:00.918+0000] {processor.py:183} INFO - Processing /home/airflow/.local/lib/python3.12/site-packages/airflow/example_dags/example_external_task_marker_dag.py took 0.179 seconds
[2024-04-16T00:12:49.747+0000] {processor.py:161} INFO - Started process (PID=78) to work on /home/airflow/.local/lib/python3.12/site-packages/airflow/example_dags/example_external_task_marker_dag.py
[2024-04-16T00:12:49.749+0000] {processor.py:830} INFO - Processing file /home/airflow/.local/lib/python3.12/site-packages/airflow/example_dags/example_external_task_marker_dag.py for tasks to queue
[2024-04-16T00:12:49.752+0000] {logging_mixin.py:188} INFO - [2024-04-16T00:12:49.752+0000] {dagbag.py:540} INFO - Filling up the DagBag from /home/airflow/.local/lib/python3.12/site-packages/airflow/example_dags/example_external_task_marker_dag.py
[2024-04-16T00:12:49.765+0000] {processor.py:840} INFO - DAG(s) 'example_external_task_marker_parent', 'example_external_task_marker_child' retrieved from /home/airflow/.local/lib/python3.12/site-packages/airflow/example_dags/example_external_task_marker_dag.py
[2024-04-16T00:12:49.800+0000] {logging_mixin.py:188} INFO - [2024-04-16T00:12:49.800+0000] {dag.py:3096} INFO - Sync 2 DAGs
[2024-04-16T00:12:49.823+0000] {logging_mixin.py:188} INFO - [2024-04-16T00:12:49.823+0000] {dag.py:3954} INFO - Setting next_dagrun for example_external_task_marker_child to None, run_after=None
[2024-04-16T00:12:49.830+0000] {logging_mixin.py:188} INFO - [2024-04-16T00:12:49.829+0000] {dag.py:3954} INFO - Setting next_dagrun for example_external_task_marker_parent to None, run_after=None
[2024-04-16T00:12:49.859+0000] {processor.py:183} INFO - Processing /home/airflow/.local/lib/python3.12/site-packages/airflow/example_dags/example_external_task_marker_dag.py took 0.121 seconds
[2024-04-16T00:28:23.432+0000] {processor.py:161} INFO - Started process (PID=84) to work on /home/airflow/.local/lib/python3.12/site-packages/airflow/example_dags/example_external_task_marker_dag.py
[2024-04-16T00:28:23.434+0000] {processor.py:830} INFO - Processing file /home/airflow/.local/lib/python3.12/site-packages/airflow/example_dags/example_external_task_marker_dag.py for tasks to queue
[2024-04-16T00:28:23.437+0000] {logging_mixin.py:188} INFO - [2024-04-16T00:28:23.436+0000] {dagbag.py:540} INFO - Filling up the DagBag from /home/airflow/.local/lib/python3.12/site-packages/airflow/example_dags/example_external_task_marker_dag.py
[2024-04-16T00:28:23.449+0000] {processor.py:840} INFO - DAG(s) 'example_external_task_marker_child', 'example_external_task_marker_parent' retrieved from /home/airflow/.local/lib/python3.12/site-packages/airflow/example_dags/example_external_task_marker_dag.py
[2024-04-16T00:28:23.611+0000] {logging_mixin.py:188} INFO - [2024-04-16T00:28:23.611+0000] {dag.py:3096} INFO - Sync 2 DAGs
[2024-04-16T00:28:23.627+0000] {logging_mixin.py:188} INFO - [2024-04-16T00:28:23.627+0000] {dag.py:3954} INFO - Setting next_dagrun for example_external_task_marker_child to None, run_after=None
[2024-04-16T00:28:23.632+0000] {logging_mixin.py:188} INFO - [2024-04-16T00:28:23.631+0000] {dag.py:3954} INFO - Setting next_dagrun for example_external_task_marker_parent to None, run_after=None
[2024-04-16T00:28:23.658+0000] {processor.py:183} INFO - Processing /home/airflow/.local/lib/python3.12/site-packages/airflow/example_dags/example_external_task_marker_dag.py took 0.234 seconds
[2024-04-16T00:29:28.950+0000] {processor.py:161} INFO - Started process (PID=78) to work on /home/airflow/.local/lib/python3.12/site-packages/airflow/example_dags/example_external_task_marker_dag.py
[2024-04-16T00:29:28.951+0000] {processor.py:830} INFO - Processing file /home/airflow/.local/lib/python3.12/site-packages/airflow/example_dags/example_external_task_marker_dag.py for tasks to queue
[2024-04-16T00:29:28.956+0000] {logging_mixin.py:188} INFO - [2024-04-16T00:29:28.955+0000] {dagbag.py:540} INFO - Filling up the DagBag from /home/airflow/.local/lib/python3.12/site-packages/airflow/example_dags/example_external_task_marker_dag.py
[2024-04-16T00:29:28.970+0000] {processor.py:840} INFO - DAG(s) 'example_external_task_marker_parent', 'example_external_task_marker_child' retrieved from /home/airflow/.local/lib/python3.12/site-packages/airflow/example_dags/example_external_task_marker_dag.py
[2024-04-16T00:29:29.033+0000] {logging_mixin.py:188} INFO - [2024-04-16T00:29:29.032+0000] {dag.py:3096} INFO - Sync 2 DAGs
[2024-04-16T00:29:29.066+0000] {logging_mixin.py:188} INFO - [2024-04-16T00:29:29.066+0000] {dag.py:3954} INFO - Setting next_dagrun for example_external_task_marker_child to None, run_after=None
[2024-04-16T00:29:29.074+0000] {logging_mixin.py:188} INFO - [2024-04-16T00:29:29.073+0000] {dag.py:3954} INFO - Setting next_dagrun for example_external_task_marker_parent to None, run_after=None
[2024-04-16T00:29:29.133+0000] {processor.py:183} INFO - Processing /home/airflow/.local/lib/python3.12/site-packages/airflow/example_dags/example_external_task_marker_dag.py took 0.194 seconds
[2024-04-16T00:29:59.602+0000] {processor.py:161} INFO - Started process (PID=136) to work on /home/airflow/.local/lib/python3.12/site-packages/airflow/example_dags/example_external_task_marker_dag.py
[2024-04-16T00:29:59.603+0000] {processor.py:830} INFO - Processing file /home/airflow/.local/lib/python3.12/site-packages/airflow/example_dags/example_external_task_marker_dag.py for tasks to queue
[2024-04-16T00:29:59.606+0000] {logging_mixin.py:188} INFO - [2024-04-16T00:29:59.606+0000] {dagbag.py:540} INFO - Filling up the DagBag from /home/airflow/.local/lib/python3.12/site-packages/airflow/example_dags/example_external_task_marker_dag.py
[2024-04-16T00:29:59.615+0000] {processor.py:840} INFO - DAG(s) 'example_external_task_marker_parent', 'example_external_task_marker_child' retrieved from /home/airflow/.local/lib/python3.12/site-packages/airflow/example_dags/example_external_task_marker_dag.py
[2024-04-16T00:29:59.649+0000] {logging_mixin.py:188} INFO - [2024-04-16T00:29:59.649+0000] {dag.py:3096} INFO - Sync 2 DAGs
[2024-04-16T00:29:59.669+0000] {logging_mixin.py:188} INFO - [2024-04-16T00:29:59.668+0000] {dag.py:3954} INFO - Setting next_dagrun for example_external_task_marker_child to None, run_after=None
[2024-04-16T00:29:59.674+0000] {logging_mixin.py:188} INFO - [2024-04-16T00:29:59.674+0000] {dag.py:3954} INFO - Setting next_dagrun for example_external_task_marker_parent to None, run_after=None
[2024-04-16T00:29:59.699+0000] {processor.py:183} INFO - Processing /home/airflow/.local/lib/python3.12/site-packages/airflow/example_dags/example_external_task_marker_dag.py took 0.105 seconds
[2024-04-16T00:30:30.355+0000] {processor.py:161} INFO - Started process (PID=194) to work on /home/airflow/.local/lib/python3.12/site-packages/airflow/example_dags/example_external_task_marker_dag.py
[2024-04-16T00:30:30.356+0000] {processor.py:830} INFO - Processing file /home/airflow/.local/lib/python3.12/site-packages/airflow/example_dags/example_external_task_marker_dag.py for tasks to queue
[2024-04-16T00:30:30.359+0000] {logging_mixin.py:188} INFO - [2024-04-16T00:30:30.359+0000] {dagbag.py:540} INFO - Filling up the DagBag from /home/airflow/.local/lib/python3.12/site-packages/airflow/example_dags/example_external_task_marker_dag.py
[2024-04-16T00:30:30.368+0000] {processor.py:840} INFO - DAG(s) 'example_external_task_marker_parent', 'example_external_task_marker_child' retrieved from /home/airflow/.local/lib/python3.12/site-packages/airflow/example_dags/example_external_task_marker_dag.py
[2024-04-16T00:30:30.404+0000] {logging_mixin.py:188} INFO - [2024-04-16T00:30:30.403+0000] {dag.py:3096} INFO - Sync 2 DAGs
[2024-04-16T00:30:30.424+0000] {logging_mixin.py:188} INFO - [2024-04-16T00:30:30.424+0000] {dag.py:3954} INFO - Setting next_dagrun for example_external_task_marker_child to None, run_after=None
[2024-04-16T00:30:30.430+0000] {logging_mixin.py:188} INFO - [2024-04-16T00:30:30.430+0000] {dag.py:3954} INFO - Setting next_dagrun for example_external_task_marker_parent to None, run_after=None
[2024-04-16T00:30:30.457+0000] {processor.py:183} INFO - Processing /home/airflow/.local/lib/python3.12/site-packages/airflow/example_dags/example_external_task_marker_dag.py took 0.111 seconds
[2024-04-16T00:31:01.258+0000] {processor.py:161} INFO - Started process (PID=252) to work on /home/airflow/.local/lib/python3.12/site-packages/airflow/example_dags/example_external_task_marker_dag.py
[2024-04-16T00:31:01.260+0000] {processor.py:830} INFO - Processing file /home/airflow/.local/lib/python3.12/site-packages/airflow/example_dags/example_external_task_marker_dag.py for tasks to queue
[2024-04-16T00:31:01.263+0000] {logging_mixin.py:188} INFO - [2024-04-16T00:31:01.262+0000] {dagbag.py:540} INFO - Filling up the DagBag from /home/airflow/.local/lib/python3.12/site-packages/airflow/example_dags/example_external_task_marker_dag.py
[2024-04-16T00:31:01.272+0000] {processor.py:840} INFO - DAG(s) 'example_external_task_marker_child', 'example_external_task_marker_parent' retrieved from /home/airflow/.local/lib/python3.12/site-packages/airflow/example_dags/example_external_task_marker_dag.py
[2024-04-16T00:31:01.306+0000] {logging_mixin.py:188} INFO - [2024-04-16T00:31:01.306+0000] {dag.py:3096} INFO - Sync 2 DAGs
[2024-04-16T00:31:01.326+0000] {logging_mixin.py:188} INFO - [2024-04-16T00:31:01.326+0000] {dag.py:3954} INFO - Setting next_dagrun for example_external_task_marker_child to None, run_after=None
[2024-04-16T00:31:01.332+0000] {logging_mixin.py:188} INFO - [2024-04-16T00:31:01.332+0000] {dag.py:3954} INFO - Setting next_dagrun for example_external_task_marker_parent to None, run_after=None
[2024-04-16T00:31:01.363+0000] {processor.py:183} INFO - Processing /home/airflow/.local/lib/python3.12/site-packages/airflow/example_dags/example_external_task_marker_dag.py took 0.114 seconds
[2024-04-16T00:31:31.610+0000] {processor.py:161} INFO - Started process (PID=310) to work on /home/airflow/.local/lib/python3.12/site-packages/airflow/example_dags/example_external_task_marker_dag.py
[2024-04-16T00:31:31.612+0000] {processor.py:830} INFO - Processing file /home/airflow/.local/lib/python3.12/site-packages/airflow/example_dags/example_external_task_marker_dag.py for tasks to queue
[2024-04-16T00:31:31.615+0000] {logging_mixin.py:188} INFO - [2024-04-16T00:31:31.614+0000] {dagbag.py:540} INFO - Filling up the DagBag from /home/airflow/.local/lib/python3.12/site-packages/airflow/example_dags/example_external_task_marker_dag.py
[2024-04-16T00:31:31.624+0000] {processor.py:840} INFO - DAG(s) 'example_external_task_marker_child', 'example_external_task_marker_parent' retrieved from /home/airflow/.local/lib/python3.12/site-packages/airflow/example_dags/example_external_task_marker_dag.py
[2024-04-16T00:31:31.658+0000] {logging_mixin.py:188} INFO - [2024-04-16T00:31:31.658+0000] {dag.py:3096} INFO - Sync 2 DAGs
[2024-04-16T00:31:31.682+0000] {logging_mixin.py:188} INFO - [2024-04-16T00:31:31.681+0000] {dag.py:3954} INFO - Setting next_dagrun for example_external_task_marker_child to None, run_after=None
[2024-04-16T00:31:31.688+0000] {logging_mixin.py:188} INFO - [2024-04-16T00:31:31.687+0000] {dag.py:3954} INFO - Setting next_dagrun for example_external_task_marker_parent to None, run_after=None
[2024-04-16T00:31:31.716+0000] {processor.py:183} INFO - Processing /home/airflow/.local/lib/python3.12/site-packages/airflow/example_dags/example_external_task_marker_dag.py took 0.115 seconds
[2024-04-16T00:32:01.984+0000] {processor.py:161} INFO - Started process (PID=369) to work on /home/airflow/.local/lib/python3.12/site-packages/airflow/example_dags/example_external_task_marker_dag.py
[2024-04-16T00:32:01.985+0000] {processor.py:830} INFO - Processing file /home/airflow/.local/lib/python3.12/site-packages/airflow/example_dags/example_external_task_marker_dag.py for tasks to queue
[2024-04-16T00:32:01.988+0000] {logging_mixin.py:188} INFO - [2024-04-16T00:32:01.988+0000] {dagbag.py:540} INFO - Filling up the DagBag from /home/airflow/.local/lib/python3.12/site-packages/airflow/example_dags/example_external_task_marker_dag.py
[2024-04-16T00:32:01.998+0000] {processor.py:840} INFO - DAG(s) 'example_external_task_marker_child', 'example_external_task_marker_parent' retrieved from /home/airflow/.local/lib/python3.12/site-packages/airflow/example_dags/example_external_task_marker_dag.py
[2024-04-16T00:32:02.035+0000] {logging_mixin.py:188} INFO - [2024-04-16T00:32:02.035+0000] {dag.py:3096} INFO - Sync 2 DAGs
[2024-04-16T00:32:02.054+0000] {logging_mixin.py:188} INFO - [2024-04-16T00:32:02.054+0000] {dag.py:3954} INFO - Setting next_dagrun for example_external_task_marker_child to None, run_after=None
[2024-04-16T00:32:02.059+0000] {logging_mixin.py:188} INFO - [2024-04-16T00:32:02.059+0000] {dag.py:3954} INFO - Setting next_dagrun for example_external_task_marker_parent to None, run_after=None
[2024-04-16T00:32:02.084+0000] {processor.py:183} INFO - Processing /home/airflow/.local/lib/python3.12/site-packages/airflow/example_dags/example_external_task_marker_dag.py took 0.110 seconds
[2024-04-16T00:32:32.472+0000] {processor.py:161} INFO - Started process (PID=427) to work on /home/airflow/.local/lib/python3.12/site-packages/airflow/example_dags/example_external_task_marker_dag.py
[2024-04-16T00:32:32.474+0000] {processor.py:830} INFO - Processing file /home/airflow/.local/lib/python3.12/site-packages/airflow/example_dags/example_external_task_marker_dag.py for tasks to queue
[2024-04-16T00:32:32.476+0000] {logging_mixin.py:188} INFO - [2024-04-16T00:32:32.476+0000] {dagbag.py:540} INFO - Filling up the DagBag from /home/airflow/.local/lib/python3.12/site-packages/airflow/example_dags/example_external_task_marker_dag.py
[2024-04-16T00:32:32.486+0000] {processor.py:840} INFO - DAG(s) 'example_external_task_marker_parent', 'example_external_task_marker_child' retrieved from /home/airflow/.local/lib/python3.12/site-packages/airflow/example_dags/example_external_task_marker_dag.py
[2024-04-16T00:32:32.525+0000] {logging_mixin.py:188} INFO - [2024-04-16T00:32:32.524+0000] {dag.py:3096} INFO - Sync 2 DAGs
[2024-04-16T00:32:32.547+0000] {logging_mixin.py:188} INFO - [2024-04-16T00:32:32.547+0000] {dag.py:3954} INFO - Setting next_dagrun for example_external_task_marker_child to None, run_after=None
[2024-04-16T00:32:32.553+0000] {logging_mixin.py:188} INFO - [2024-04-16T00:32:32.552+0000] {dag.py:3954} INFO - Setting next_dagrun for example_external_task_marker_parent to None, run_after=None
[2024-04-16T00:32:32.684+0000] {processor.py:183} INFO - Processing /home/airflow/.local/lib/python3.12/site-packages/airflow/example_dags/example_external_task_marker_dag.py took 0.221 seconds
[2024-04-16T00:33:02.974+0000] {processor.py:161} INFO - Started process (PID=485) to work on /home/airflow/.local/lib/python3.12/site-packages/airflow/example_dags/example_external_task_marker_dag.py
[2024-04-16T00:33:02.976+0000] {processor.py:830} INFO - Processing file /home/airflow/.local/lib/python3.12/site-packages/airflow/example_dags/example_external_task_marker_dag.py for tasks to queue
[2024-04-16T00:33:02.978+0000] {logging_mixin.py:188} INFO - [2024-04-16T00:33:02.978+0000] {dagbag.py:540} INFO - Filling up the DagBag from /home/airflow/.local/lib/python3.12/site-packages/airflow/example_dags/example_external_task_marker_dag.py
[2024-04-16T00:33:02.988+0000] {processor.py:840} INFO - DAG(s) 'example_external_task_marker_parent', 'example_external_task_marker_child' retrieved from /home/airflow/.local/lib/python3.12/site-packages/airflow/example_dags/example_external_task_marker_dag.py
[2024-04-16T00:33:03.021+0000] {logging_mixin.py:188} INFO - [2024-04-16T00:33:03.021+0000] {dag.py:3096} INFO - Sync 2 DAGs
[2024-04-16T00:33:03.045+0000] {logging_mixin.py:188} INFO - [2024-04-16T00:33:03.045+0000] {dag.py:3954} INFO - Setting next_dagrun for example_external_task_marker_child to None, run_after=None
[2024-04-16T00:33:03.052+0000] {logging_mixin.py:188} INFO - [2024-04-16T00:33:03.052+0000] {dag.py:3954} INFO - Setting next_dagrun for example_external_task_marker_parent to None, run_after=None
[2024-04-16T00:33:03.091+0000] {processor.py:183} INFO - Processing /home/airflow/.local/lib/python3.12/site-packages/airflow/example_dags/example_external_task_marker_dag.py took 0.126 seconds
[2024-04-16T00:33:33.520+0000] {processor.py:161} INFO - Started process (PID=543) to work on /home/airflow/.local/lib/python3.12/site-packages/airflow/example_dags/example_external_task_marker_dag.py
[2024-04-16T00:33:33.522+0000] {processor.py:830} INFO - Processing file /home/airflow/.local/lib/python3.12/site-packages/airflow/example_dags/example_external_task_marker_dag.py for tasks to queue
[2024-04-16T00:33:33.525+0000] {logging_mixin.py:188} INFO - [2024-04-16T00:33:33.525+0000] {dagbag.py:540} INFO - Filling up the DagBag from /home/airflow/.local/lib/python3.12/site-packages/airflow/example_dags/example_external_task_marker_dag.py
[2024-04-16T00:33:33.534+0000] {processor.py:840} INFO - DAG(s) 'example_external_task_marker_parent', 'example_external_task_marker_child' retrieved from /home/airflow/.local/lib/python3.12/site-packages/airflow/example_dags/example_external_task_marker_dag.py
[2024-04-16T00:33:33.573+0000] {logging_mixin.py:188} INFO - [2024-04-16T00:33:33.573+0000] {dag.py:3096} INFO - Sync 2 DAGs
[2024-04-16T00:33:33.596+0000] {logging_mixin.py:188} INFO - [2024-04-16T00:33:33.596+0000] {dag.py:3954} INFO - Setting next_dagrun for example_external_task_marker_child to None, run_after=None
[2024-04-16T00:33:33.602+0000] {logging_mixin.py:188} INFO - [2024-04-16T00:33:33.602+0000] {dag.py:3954} INFO - Setting next_dagrun for example_external_task_marker_parent to None, run_after=None
[2024-04-16T00:33:33.628+0000] {processor.py:183} INFO - Processing /home/airflow/.local/lib/python3.12/site-packages/airflow/example_dags/example_external_task_marker_dag.py took 0.117 seconds
[2024-04-16T00:34:03.880+0000] {processor.py:161} INFO - Started process (PID=601) to work on /home/airflow/.local/lib/python3.12/site-packages/airflow/example_dags/example_external_task_marker_dag.py
[2024-04-16T00:34:03.882+0000] {processor.py:830} INFO - Processing file /home/airflow/.local/lib/python3.12/site-packages/airflow/example_dags/example_external_task_marker_dag.py for tasks to queue
[2024-04-16T00:34:03.885+0000] {logging_mixin.py:188} INFO - [2024-04-16T00:34:03.884+0000] {dagbag.py:540} INFO - Filling up the DagBag from /home/airflow/.local/lib/python3.12/site-packages/airflow/example_dags/example_external_task_marker_dag.py
[2024-04-16T00:34:03.894+0000] {processor.py:840} INFO - DAG(s) 'example_external_task_marker_parent', 'example_external_task_marker_child' retrieved from /home/airflow/.local/lib/python3.12/site-packages/airflow/example_dags/example_external_task_marker_dag.py
[2024-04-16T00:34:03.942+0000] {logging_mixin.py:188} INFO - [2024-04-16T00:34:03.942+0000] {dag.py:3096} INFO - Sync 2 DAGs
[2024-04-16T00:34:03.968+0000] {logging_mixin.py:188} INFO - [2024-04-16T00:34:03.968+0000] {dag.py:3954} INFO - Setting next_dagrun for example_external_task_marker_child to None, run_after=None
[2024-04-16T00:34:03.975+0000] {logging_mixin.py:188} INFO - [2024-04-16T00:34:03.975+0000] {dag.py:3954} INFO - Setting next_dagrun for example_external_task_marker_parent to None, run_after=None
[2024-04-16T00:34:04.012+0000] {processor.py:183} INFO - Processing /home/airflow/.local/lib/python3.12/site-packages/airflow/example_dags/example_external_task_marker_dag.py took 0.141 seconds
[2024-04-16T00:34:34.890+0000] {processor.py:161} INFO - Started process (PID=659) to work on /home/airflow/.local/lib/python3.12/site-packages/airflow/example_dags/example_external_task_marker_dag.py
[2024-04-16T00:34:34.891+0000] {processor.py:830} INFO - Processing file /home/airflow/.local/lib/python3.12/site-packages/airflow/example_dags/example_external_task_marker_dag.py for tasks to queue
[2024-04-16T00:34:34.894+0000] {logging_mixin.py:188} INFO - [2024-04-16T00:34:34.894+0000] {dagbag.py:540} INFO - Filling up the DagBag from /home/airflow/.local/lib/python3.12/site-packages/airflow/example_dags/example_external_task_marker_dag.py
[2024-04-16T00:34:34.903+0000] {processor.py:840} INFO - DAG(s) 'example_external_task_marker_parent', 'example_external_task_marker_child' retrieved from /home/airflow/.local/lib/python3.12/site-packages/airflow/example_dags/example_external_task_marker_dag.py
[2024-04-16T00:34:34.934+0000] {logging_mixin.py:188} INFO - [2024-04-16T00:34:34.933+0000] {dag.py:3096} INFO - Sync 2 DAGs
[2024-04-16T00:34:34.954+0000] {logging_mixin.py:188} INFO - [2024-04-16T00:34:34.953+0000] {dag.py:3954} INFO - Setting next_dagrun for example_external_task_marker_child to None, run_after=None
[2024-04-16T00:34:34.960+0000] {logging_mixin.py:188} INFO - [2024-04-16T00:34:34.960+0000] {dag.py:3954} INFO - Setting next_dagrun for example_external_task_marker_parent to None, run_after=None
[2024-04-16T00:34:34.983+0000] {processor.py:183} INFO - Processing /home/airflow/.local/lib/python3.12/site-packages/airflow/example_dags/example_external_task_marker_dag.py took 0.101 seconds
[2024-04-16T00:35:05.134+0000] {processor.py:161} INFO - Started process (PID=716) to work on /home/airflow/.local/lib/python3.12/site-packages/airflow/example_dags/example_external_task_marker_dag.py
[2024-04-16T00:35:05.135+0000] {processor.py:830} INFO - Processing file /home/airflow/.local/lib/python3.12/site-packages/airflow/example_dags/example_external_task_marker_dag.py for tasks to queue
[2024-04-16T00:35:05.140+0000] {logging_mixin.py:188} INFO - [2024-04-16T00:35:05.139+0000] {dagbag.py:540} INFO - Filling up the DagBag from /home/airflow/.local/lib/python3.12/site-packages/airflow/example_dags/example_external_task_marker_dag.py
[2024-04-16T00:35:05.150+0000] {processor.py:840} INFO - DAG(s) 'example_external_task_marker_child', 'example_external_task_marker_parent' retrieved from /home/airflow/.local/lib/python3.12/site-packages/airflow/example_dags/example_external_task_marker_dag.py
[2024-04-16T00:35:05.184+0000] {logging_mixin.py:188} INFO - [2024-04-16T00:35:05.183+0000] {dag.py:3096} INFO - Sync 2 DAGs
[2024-04-16T00:35:05.203+0000] {logging_mixin.py:188} INFO - [2024-04-16T00:35:05.203+0000] {dag.py:3954} INFO - Setting next_dagrun for example_external_task_marker_child to None, run_after=None
[2024-04-16T00:35:05.209+0000] {logging_mixin.py:188} INFO - [2024-04-16T00:35:05.209+0000] {dag.py:3954} INFO - Setting next_dagrun for example_external_task_marker_parent to None, run_after=None
[2024-04-16T00:35:05.235+0000] {processor.py:183} INFO - Processing /home/airflow/.local/lib/python3.12/site-packages/airflow/example_dags/example_external_task_marker_dag.py took 0.109 seconds
