[2024-04-16T00:07:49.656+0000] {processor.py:161} INFO - Started process (PID=51) to work on /home/airflow/.local/lib/python3.12/site-packages/airflow/example_dags/example_xcomargs.py
[2024-04-16T00:07:49.657+0000] {processor.py:830} INFO - Processing file /home/airflow/.local/lib/python3.12/site-packages/airflow/example_dags/example_xcomargs.py for tasks to queue
[2024-04-16T00:07:49.659+0000] {logging_mixin.py:188} INFO - [2024-04-16T00:07:49.659+0000] {dagbag.py:540} INFO - Filling up the DagBag from /home/airflow/.local/lib/python3.12/site-packages/airflow/example_dags/example_xcomargs.py
[2024-04-16T00:07:49.751+0000] {processor.py:840} INFO - DAG(s) 'example_xcom_args_with_operators', 'example_xcom_args' retrieved from /home/airflow/.local/lib/python3.12/site-packages/airflow/example_dags/example_xcomargs.py
[2024-04-16T00:07:49.794+0000] {logging_mixin.py:188} INFO - [2024-04-16T00:07:49.794+0000] {dag.py:3096} INFO - Sync 2 DAGs
[2024-04-16T00:07:49.815+0000] {logging_mixin.py:188} INFO - [2024-04-16T00:07:49.815+0000] {dag.py:3954} INFO - Setting next_dagrun for example_xcom_args to None, run_after=None
[2024-04-16T00:07:49.821+0000] {logging_mixin.py:188} INFO - [2024-04-16T00:07:49.821+0000] {dag.py:3954} INFO - Setting next_dagrun for example_xcom_args_with_operators to None, run_after=None
[2024-04-16T00:07:49.877+0000] {processor.py:183} INFO - Processing /home/airflow/.local/lib/python3.12/site-packages/airflow/example_dags/example_xcomargs.py took 0.230 seconds
[2024-04-16T00:08:20.196+0000] {processor.py:161} INFO - Started process (PID=108) to work on /home/airflow/.local/lib/python3.12/site-packages/airflow/example_dags/example_xcomargs.py
[2024-04-16T00:08:20.198+0000] {processor.py:830} INFO - Processing file /home/airflow/.local/lib/python3.12/site-packages/airflow/example_dags/example_xcomargs.py for tasks to queue
[2024-04-16T00:08:20.200+0000] {logging_mixin.py:188} INFO - [2024-04-16T00:08:20.200+0000] {dagbag.py:540} INFO - Filling up the DagBag from /home/airflow/.local/lib/python3.12/site-packages/airflow/example_dags/example_xcomargs.py
[2024-04-16T00:08:20.213+0000] {processor.py:840} INFO - DAG(s) 'example_xcom_args_with_operators', 'example_xcom_args' retrieved from /home/airflow/.local/lib/python3.12/site-packages/airflow/example_dags/example_xcomargs.py
[2024-04-16T00:08:20.256+0000] {logging_mixin.py:188} INFO - [2024-04-16T00:08:20.255+0000] {dag.py:3096} INFO - Sync 2 DAGs
[2024-04-16T00:08:20.276+0000] {logging_mixin.py:188} INFO - [2024-04-16T00:08:20.276+0000] {dag.py:3954} INFO - Setting next_dagrun for example_xcom_args to None, run_after=None
[2024-04-16T00:08:20.282+0000] {logging_mixin.py:188} INFO - [2024-04-16T00:08:20.282+0000] {dag.py:3954} INFO - Setting next_dagrun for example_xcom_args_with_operators to None, run_after=None
[2024-04-16T00:08:20.336+0000] {processor.py:183} INFO - Processing /home/airflow/.local/lib/python3.12/site-packages/airflow/example_dags/example_xcomargs.py took 0.149 seconds
[2024-04-16T00:08:50.591+0000] {processor.py:161} INFO - Started process (PID=167) to work on /home/airflow/.local/lib/python3.12/site-packages/airflow/example_dags/example_xcomargs.py
[2024-04-16T00:08:50.592+0000] {processor.py:830} INFO - Processing file /home/airflow/.local/lib/python3.12/site-packages/airflow/example_dags/example_xcomargs.py for tasks to queue
[2024-04-16T00:08:50.595+0000] {logging_mixin.py:188} INFO - [2024-04-16T00:08:50.595+0000] {dagbag.py:540} INFO - Filling up the DagBag from /home/airflow/.local/lib/python3.12/site-packages/airflow/example_dags/example_xcomargs.py
[2024-04-16T00:08:50.607+0000] {processor.py:840} INFO - DAG(s) 'example_xcom_args', 'example_xcom_args_with_operators' retrieved from /home/airflow/.local/lib/python3.12/site-packages/airflow/example_dags/example_xcomargs.py
[2024-04-16T00:08:50.655+0000] {logging_mixin.py:188} INFO - [2024-04-16T00:08:50.654+0000] {dag.py:3096} INFO - Sync 2 DAGs
[2024-04-16T00:08:50.675+0000] {logging_mixin.py:188} INFO - [2024-04-16T00:08:50.675+0000] {dag.py:3954} INFO - Setting next_dagrun for example_xcom_args to None, run_after=None
[2024-04-16T00:08:50.681+0000] {logging_mixin.py:188} INFO - [2024-04-16T00:08:50.681+0000] {dag.py:3954} INFO - Setting next_dagrun for example_xcom_args_with_operators to None, run_after=None
[2024-04-16T00:08:50.708+0000] {processor.py:183} INFO - Processing /home/airflow/.local/lib/python3.12/site-packages/airflow/example_dags/example_xcomargs.py took 0.134 seconds
[2024-04-16T00:09:21.164+0000] {processor.py:161} INFO - Started process (PID=225) to work on /home/airflow/.local/lib/python3.12/site-packages/airflow/example_dags/example_xcomargs.py
[2024-04-16T00:09:21.165+0000] {processor.py:830} INFO - Processing file /home/airflow/.local/lib/python3.12/site-packages/airflow/example_dags/example_xcomargs.py for tasks to queue
[2024-04-16T00:09:21.168+0000] {logging_mixin.py:188} INFO - [2024-04-16T00:09:21.167+0000] {dagbag.py:540} INFO - Filling up the DagBag from /home/airflow/.local/lib/python3.12/site-packages/airflow/example_dags/example_xcomargs.py
[2024-04-16T00:09:21.180+0000] {processor.py:840} INFO - DAG(s) 'example_xcom_args_with_operators', 'example_xcom_args' retrieved from /home/airflow/.local/lib/python3.12/site-packages/airflow/example_dags/example_xcomargs.py
[2024-04-16T00:09:21.213+0000] {logging_mixin.py:188} INFO - [2024-04-16T00:09:21.213+0000] {dag.py:3096} INFO - Sync 2 DAGs
[2024-04-16T00:09:21.243+0000] {logging_mixin.py:188} INFO - [2024-04-16T00:09:21.242+0000] {dag.py:3954} INFO - Setting next_dagrun for example_xcom_args to None, run_after=None
[2024-04-16T00:09:21.252+0000] {logging_mixin.py:188} INFO - [2024-04-16T00:09:21.252+0000] {dag.py:3954} INFO - Setting next_dagrun for example_xcom_args_with_operators to None, run_after=None
[2024-04-16T00:09:21.279+0000] {processor.py:183} INFO - Processing /home/airflow/.local/lib/python3.12/site-packages/airflow/example_dags/example_xcomargs.py took 0.124 seconds
[2024-04-16T00:09:51.489+0000] {processor.py:161} INFO - Started process (PID=284) to work on /home/airflow/.local/lib/python3.12/site-packages/airflow/example_dags/example_xcomargs.py
[2024-04-16T00:09:51.491+0000] {processor.py:830} INFO - Processing file /home/airflow/.local/lib/python3.12/site-packages/airflow/example_dags/example_xcomargs.py for tasks to queue
[2024-04-16T00:09:51.494+0000] {logging_mixin.py:188} INFO - [2024-04-16T00:09:51.493+0000] {dagbag.py:540} INFO - Filling up the DagBag from /home/airflow/.local/lib/python3.12/site-packages/airflow/example_dags/example_xcomargs.py
[2024-04-16T00:09:51.506+0000] {processor.py:840} INFO - DAG(s) 'example_xcom_args_with_operators', 'example_xcom_args' retrieved from /home/airflow/.local/lib/python3.12/site-packages/airflow/example_dags/example_xcomargs.py
[2024-04-16T00:09:51.541+0000] {logging_mixin.py:188} INFO - [2024-04-16T00:09:51.541+0000] {dag.py:3096} INFO - Sync 2 DAGs
[2024-04-16T00:09:51.563+0000] {logging_mixin.py:188} INFO - [2024-04-16T00:09:51.563+0000] {dag.py:3954} INFO - Setting next_dagrun for example_xcom_args to None, run_after=None
[2024-04-16T00:09:51.569+0000] {logging_mixin.py:188} INFO - [2024-04-16T00:09:51.569+0000] {dag.py:3954} INFO - Setting next_dagrun for example_xcom_args_with_operators to None, run_after=None
[2024-04-16T00:09:51.594+0000] {processor.py:183} INFO - Processing /home/airflow/.local/lib/python3.12/site-packages/airflow/example_dags/example_xcomargs.py took 0.114 seconds
[2024-04-16T00:10:22.216+0000] {processor.py:161} INFO - Started process (PID=342) to work on /home/airflow/.local/lib/python3.12/site-packages/airflow/example_dags/example_xcomargs.py
[2024-04-16T00:10:22.218+0000] {processor.py:830} INFO - Processing file /home/airflow/.local/lib/python3.12/site-packages/airflow/example_dags/example_xcomargs.py for tasks to queue
[2024-04-16T00:10:22.220+0000] {logging_mixin.py:188} INFO - [2024-04-16T00:10:22.220+0000] {dagbag.py:540} INFO - Filling up the DagBag from /home/airflow/.local/lib/python3.12/site-packages/airflow/example_dags/example_xcomargs.py
[2024-04-16T00:10:22.232+0000] {processor.py:840} INFO - DAG(s) 'example_xcom_args', 'example_xcom_args_with_operators' retrieved from /home/airflow/.local/lib/python3.12/site-packages/airflow/example_dags/example_xcomargs.py
[2024-04-16T00:10:22.266+0000] {logging_mixin.py:188} INFO - [2024-04-16T00:10:22.266+0000] {dag.py:3096} INFO - Sync 2 DAGs
[2024-04-16T00:10:22.284+0000] {logging_mixin.py:188} INFO - [2024-04-16T00:10:22.284+0000] {dag.py:3954} INFO - Setting next_dagrun for example_xcom_args to None, run_after=None
[2024-04-16T00:10:22.290+0000] {logging_mixin.py:188} INFO - [2024-04-16T00:10:22.290+0000] {dag.py:3954} INFO - Setting next_dagrun for example_xcom_args_with_operators to None, run_after=None
[2024-04-16T00:10:22.314+0000] {processor.py:183} INFO - Processing /home/airflow/.local/lib/python3.12/site-packages/airflow/example_dags/example_xcomargs.py took 0.106 seconds
[2024-04-16T00:10:52.626+0000] {processor.py:161} INFO - Started process (PID=400) to work on /home/airflow/.local/lib/python3.12/site-packages/airflow/example_dags/example_xcomargs.py
[2024-04-16T00:10:52.628+0000] {processor.py:830} INFO - Processing file /home/airflow/.local/lib/python3.12/site-packages/airflow/example_dags/example_xcomargs.py for tasks to queue
[2024-04-16T00:10:52.631+0000] {logging_mixin.py:188} INFO - [2024-04-16T00:10:52.631+0000] {dagbag.py:540} INFO - Filling up the DagBag from /home/airflow/.local/lib/python3.12/site-packages/airflow/example_dags/example_xcomargs.py
[2024-04-16T00:10:52.643+0000] {processor.py:840} INFO - DAG(s) 'example_xcom_args', 'example_xcom_args_with_operators' retrieved from /home/airflow/.local/lib/python3.12/site-packages/airflow/example_dags/example_xcomargs.py
[2024-04-16T00:10:52.678+0000] {logging_mixin.py:188} INFO - [2024-04-16T00:10:52.678+0000] {dag.py:3096} INFO - Sync 2 DAGs
[2024-04-16T00:10:52.699+0000] {logging_mixin.py:188} INFO - [2024-04-16T00:10:52.699+0000] {dag.py:3954} INFO - Setting next_dagrun for example_xcom_args to None, run_after=None
[2024-04-16T00:10:52.705+0000] {logging_mixin.py:188} INFO - [2024-04-16T00:10:52.705+0000] {dag.py:3954} INFO - Setting next_dagrun for example_xcom_args_with_operators to None, run_after=None
[2024-04-16T00:10:52.730+0000] {processor.py:183} INFO - Processing /home/airflow/.local/lib/python3.12/site-packages/airflow/example_dags/example_xcomargs.py took 0.112 seconds
[2024-04-16T00:11:23.213+0000] {processor.py:161} INFO - Started process (PID=458) to work on /home/airflow/.local/lib/python3.12/site-packages/airflow/example_dags/example_xcomargs.py
[2024-04-16T00:11:23.215+0000] {processor.py:830} INFO - Processing file /home/airflow/.local/lib/python3.12/site-packages/airflow/example_dags/example_xcomargs.py for tasks to queue
[2024-04-16T00:11:23.218+0000] {logging_mixin.py:188} INFO - [2024-04-16T00:11:23.217+0000] {dagbag.py:540} INFO - Filling up the DagBag from /home/airflow/.local/lib/python3.12/site-packages/airflow/example_dags/example_xcomargs.py
[2024-04-16T00:11:23.230+0000] {processor.py:840} INFO - DAG(s) 'example_xcom_args', 'example_xcom_args_with_operators' retrieved from /home/airflow/.local/lib/python3.12/site-packages/airflow/example_dags/example_xcomargs.py
[2024-04-16T00:11:23.275+0000] {logging_mixin.py:188} INFO - [2024-04-16T00:11:23.274+0000] {dag.py:3096} INFO - Sync 2 DAGs
[2024-04-16T00:11:23.298+0000] {logging_mixin.py:188} INFO - [2024-04-16T00:11:23.298+0000] {dag.py:3954} INFO - Setting next_dagrun for example_xcom_args to None, run_after=None
[2024-04-16T00:11:23.304+0000] {logging_mixin.py:188} INFO - [2024-04-16T00:11:23.303+0000] {dag.py:3954} INFO - Setting next_dagrun for example_xcom_args_with_operators to None, run_after=None
[2024-04-16T00:11:23.329+0000] {processor.py:183} INFO - Processing /home/airflow/.local/lib/python3.12/site-packages/airflow/example_dags/example_xcomargs.py took 0.125 seconds
[2024-04-16T00:11:53.651+0000] {processor.py:161} INFO - Started process (PID=516) to work on /home/airflow/.local/lib/python3.12/site-packages/airflow/example_dags/example_xcomargs.py
[2024-04-16T00:11:53.652+0000] {processor.py:830} INFO - Processing file /home/airflow/.local/lib/python3.12/site-packages/airflow/example_dags/example_xcomargs.py for tasks to queue
[2024-04-16T00:11:53.655+0000] {logging_mixin.py:188} INFO - [2024-04-16T00:11:53.654+0000] {dagbag.py:540} INFO - Filling up the DagBag from /home/airflow/.local/lib/python3.12/site-packages/airflow/example_dags/example_xcomargs.py
[2024-04-16T00:11:53.665+0000] {processor.py:840} INFO - DAG(s) 'example_xcom_args', 'example_xcom_args_with_operators' retrieved from /home/airflow/.local/lib/python3.12/site-packages/airflow/example_dags/example_xcomargs.py
[2024-04-16T00:11:53.698+0000] {logging_mixin.py:188} INFO - [2024-04-16T00:11:53.698+0000] {dag.py:3096} INFO - Sync 2 DAGs
[2024-04-16T00:11:53.719+0000] {logging_mixin.py:188} INFO - [2024-04-16T00:11:53.719+0000] {dag.py:3954} INFO - Setting next_dagrun for example_xcom_args to None, run_after=None
[2024-04-16T00:11:53.724+0000] {logging_mixin.py:188} INFO - [2024-04-16T00:11:53.724+0000] {dag.py:3954} INFO - Setting next_dagrun for example_xcom_args_with_operators to None, run_after=None
[2024-04-16T00:11:53.749+0000] {processor.py:183} INFO - Processing /home/airflow/.local/lib/python3.12/site-packages/airflow/example_dags/example_xcomargs.py took 0.107 seconds
[2024-04-16T00:12:44.342+0000] {processor.py:161} INFO - Started process (PID=51) to work on /home/airflow/.local/lib/python3.12/site-packages/airflow/example_dags/example_xcomargs.py
[2024-04-16T00:12:44.344+0000] {processor.py:830} INFO - Processing file /home/airflow/.local/lib/python3.12/site-packages/airflow/example_dags/example_xcomargs.py for tasks to queue
[2024-04-16T00:12:44.347+0000] {logging_mixin.py:188} INFO - [2024-04-16T00:12:44.346+0000] {dagbag.py:540} INFO - Filling up the DagBag from /home/airflow/.local/lib/python3.12/site-packages/airflow/example_dags/example_xcomargs.py
[2024-04-16T00:12:44.361+0000] {processor.py:840} INFO - DAG(s) 'example_xcom_args', 'example_xcom_args_with_operators' retrieved from /home/airflow/.local/lib/python3.12/site-packages/airflow/example_dags/example_xcomargs.py
[2024-04-16T00:12:44.457+0000] {logging_mixin.py:188} INFO - [2024-04-16T00:12:44.456+0000] {dag.py:3096} INFO - Sync 2 DAGs
[2024-04-16T00:12:44.483+0000] {logging_mixin.py:188} INFO - [2024-04-16T00:12:44.483+0000] {dag.py:3954} INFO - Setting next_dagrun for example_xcom_args to None, run_after=None
[2024-04-16T00:12:44.491+0000] {logging_mixin.py:188} INFO - [2024-04-16T00:12:44.491+0000] {dag.py:3954} INFO - Setting next_dagrun for example_xcom_args_with_operators to None, run_after=None
[2024-04-16T00:12:44.528+0000] {processor.py:183} INFO - Processing /home/airflow/.local/lib/python3.12/site-packages/airflow/example_dags/example_xcomargs.py took 0.200 seconds
[2024-04-16T00:28:18.602+0000] {processor.py:161} INFO - Started process (PID=57) to work on /home/airflow/.local/lib/python3.12/site-packages/airflow/example_dags/example_xcomargs.py
[2024-04-16T00:28:18.604+0000] {processor.py:830} INFO - Processing file /home/airflow/.local/lib/python3.12/site-packages/airflow/example_dags/example_xcomargs.py for tasks to queue
[2024-04-16T00:28:18.607+0000] {logging_mixin.py:188} INFO - [2024-04-16T00:28:18.606+0000] {dagbag.py:540} INFO - Filling up the DagBag from /home/airflow/.local/lib/python3.12/site-packages/airflow/example_dags/example_xcomargs.py
[2024-04-16T00:28:18.623+0000] {processor.py:840} INFO - DAG(s) 'example_xcom_args', 'example_xcom_args_with_operators' retrieved from /home/airflow/.local/lib/python3.12/site-packages/airflow/example_dags/example_xcomargs.py
[2024-04-16T00:28:18.818+0000] {logging_mixin.py:188} INFO - [2024-04-16T00:28:18.818+0000] {dag.py:3096} INFO - Sync 2 DAGs
[2024-04-16T00:28:18.835+0000] {logging_mixin.py:188} INFO - [2024-04-16T00:28:18.835+0000] {dag.py:3954} INFO - Setting next_dagrun for example_xcom_args to None, run_after=None
[2024-04-16T00:28:18.840+0000] {logging_mixin.py:188} INFO - [2024-04-16T00:28:18.840+0000] {dag.py:3954} INFO - Setting next_dagrun for example_xcom_args_with_operators to None, run_after=None
[2024-04-16T00:28:18.867+0000] {processor.py:183} INFO - Processing /home/airflow/.local/lib/python3.12/site-packages/airflow/example_dags/example_xcomargs.py took 0.274 seconds
[2024-04-16T00:29:25.467+0000] {processor.py:161} INFO - Started process (PID=51) to work on /home/airflow/.local/lib/python3.12/site-packages/airflow/example_dags/example_xcomargs.py
[2024-04-16T00:29:25.468+0000] {processor.py:830} INFO - Processing file /home/airflow/.local/lib/python3.12/site-packages/airflow/example_dags/example_xcomargs.py for tasks to queue
[2024-04-16T00:29:25.471+0000] {logging_mixin.py:188} INFO - [2024-04-16T00:29:25.470+0000] {dagbag.py:540} INFO - Filling up the DagBag from /home/airflow/.local/lib/python3.12/site-packages/airflow/example_dags/example_xcomargs.py
[2024-04-16T00:29:25.484+0000] {processor.py:840} INFO - DAG(s) 'example_xcom_args', 'example_xcom_args_with_operators' retrieved from /home/airflow/.local/lib/python3.12/site-packages/airflow/example_dags/example_xcomargs.py
[2024-04-16T00:29:25.519+0000] {logging_mixin.py:188} INFO - [2024-04-16T00:29:25.518+0000] {dag.py:3096} INFO - Sync 2 DAGs
[2024-04-16T00:29:25.538+0000] {logging_mixin.py:188} INFO - [2024-04-16T00:29:25.537+0000] {dag.py:3954} INFO - Setting next_dagrun for example_xcom_args to None, run_after=None
[2024-04-16T00:29:25.543+0000] {logging_mixin.py:188} INFO - [2024-04-16T00:29:25.542+0000] {dag.py:3954} INFO - Setting next_dagrun for example_xcom_args_with_operators to None, run_after=None
[2024-04-16T00:29:25.566+0000] {processor.py:183} INFO - Processing /home/airflow/.local/lib/python3.12/site-packages/airflow/example_dags/example_xcomargs.py took 0.108 seconds
[2024-04-16T00:29:56.028+0000] {processor.py:161} INFO - Started process (PID=109) to work on /home/airflow/.local/lib/python3.12/site-packages/airflow/example_dags/example_xcomargs.py
[2024-04-16T00:29:56.029+0000] {processor.py:830} INFO - Processing file /home/airflow/.local/lib/python3.12/site-packages/airflow/example_dags/example_xcomargs.py for tasks to queue
[2024-04-16T00:29:56.031+0000] {logging_mixin.py:188} INFO - [2024-04-16T00:29:56.031+0000] {dagbag.py:540} INFO - Filling up the DagBag from /home/airflow/.local/lib/python3.12/site-packages/airflow/example_dags/example_xcomargs.py
[2024-04-16T00:29:56.043+0000] {processor.py:840} INFO - DAG(s) 'example_xcom_args_with_operators', 'example_xcom_args' retrieved from /home/airflow/.local/lib/python3.12/site-packages/airflow/example_dags/example_xcomargs.py
[2024-04-16T00:29:56.076+0000] {logging_mixin.py:188} INFO - [2024-04-16T00:29:56.076+0000] {dag.py:3096} INFO - Sync 2 DAGs
[2024-04-16T00:29:56.098+0000] {logging_mixin.py:188} INFO - [2024-04-16T00:29:56.097+0000] {dag.py:3954} INFO - Setting next_dagrun for example_xcom_args to None, run_after=None
[2024-04-16T00:29:56.105+0000] {logging_mixin.py:188} INFO - [2024-04-16T00:29:56.105+0000] {dag.py:3954} INFO - Setting next_dagrun for example_xcom_args_with_operators to None, run_after=None
[2024-04-16T00:29:56.170+0000] {processor.py:183} INFO - Processing /home/airflow/.local/lib/python3.12/site-packages/airflow/example_dags/example_xcomargs.py took 0.151 seconds
[2024-04-16T00:30:26.795+0000] {processor.py:161} INFO - Started process (PID=167) to work on /home/airflow/.local/lib/python3.12/site-packages/airflow/example_dags/example_xcomargs.py
[2024-04-16T00:30:26.796+0000] {processor.py:830} INFO - Processing file /home/airflow/.local/lib/python3.12/site-packages/airflow/example_dags/example_xcomargs.py for tasks to queue
[2024-04-16T00:30:26.799+0000] {logging_mixin.py:188} INFO - [2024-04-16T00:30:26.799+0000] {dagbag.py:540} INFO - Filling up the DagBag from /home/airflow/.local/lib/python3.12/site-packages/airflow/example_dags/example_xcomargs.py
[2024-04-16T00:30:26.811+0000] {processor.py:840} INFO - DAG(s) 'example_xcom_args', 'example_xcom_args_with_operators' retrieved from /home/airflow/.local/lib/python3.12/site-packages/airflow/example_dags/example_xcomargs.py
[2024-04-16T00:30:26.845+0000] {logging_mixin.py:188} INFO - [2024-04-16T00:30:26.845+0000] {dag.py:3096} INFO - Sync 2 DAGs
[2024-04-16T00:30:26.865+0000] {logging_mixin.py:188} INFO - [2024-04-16T00:30:26.865+0000] {dag.py:3954} INFO - Setting next_dagrun for example_xcom_args to None, run_after=None
[2024-04-16T00:30:26.871+0000] {logging_mixin.py:188} INFO - [2024-04-16T00:30:26.871+0000] {dag.py:3954} INFO - Setting next_dagrun for example_xcom_args_with_operators to None, run_after=None
[2024-04-16T00:30:26.897+0000] {processor.py:183} INFO - Processing /home/airflow/.local/lib/python3.12/site-packages/airflow/example_dags/example_xcomargs.py took 0.111 seconds
[2024-04-16T00:30:57.296+0000] {processor.py:161} INFO - Started process (PID=225) to work on /home/airflow/.local/lib/python3.12/site-packages/airflow/example_dags/example_xcomargs.py
[2024-04-16T00:30:57.298+0000] {processor.py:830} INFO - Processing file /home/airflow/.local/lib/python3.12/site-packages/airflow/example_dags/example_xcomargs.py for tasks to queue
[2024-04-16T00:30:57.300+0000] {logging_mixin.py:188} INFO - [2024-04-16T00:30:57.300+0000] {dagbag.py:540} INFO - Filling up the DagBag from /home/airflow/.local/lib/python3.12/site-packages/airflow/example_dags/example_xcomargs.py
[2024-04-16T00:30:57.313+0000] {processor.py:840} INFO - DAG(s) 'example_xcom_args', 'example_xcom_args_with_operators' retrieved from /home/airflow/.local/lib/python3.12/site-packages/airflow/example_dags/example_xcomargs.py
[2024-04-16T00:30:57.349+0000] {logging_mixin.py:188} INFO - [2024-04-16T00:30:57.349+0000] {dag.py:3096} INFO - Sync 2 DAGs
[2024-04-16T00:30:57.372+0000] {logging_mixin.py:188} INFO - [2024-04-16T00:30:57.372+0000] {dag.py:3954} INFO - Setting next_dagrun for example_xcom_args to None, run_after=None
[2024-04-16T00:30:57.378+0000] {logging_mixin.py:188} INFO - [2024-04-16T00:30:57.378+0000] {dag.py:3954} INFO - Setting next_dagrun for example_xcom_args_with_operators to None, run_after=None
[2024-04-16T00:30:57.403+0000] {processor.py:183} INFO - Processing /home/airflow/.local/lib/python3.12/site-packages/airflow/example_dags/example_xcomargs.py took 0.115 seconds
[2024-04-16T00:31:27.457+0000] {processor.py:161} INFO - Started process (PID=282) to work on /home/airflow/.local/lib/python3.12/site-packages/airflow/example_dags/example_xcomargs.py
[2024-04-16T00:31:27.458+0000] {processor.py:830} INFO - Processing file /home/airflow/.local/lib/python3.12/site-packages/airflow/example_dags/example_xcomargs.py for tasks to queue
[2024-04-16T00:31:27.461+0000] {logging_mixin.py:188} INFO - [2024-04-16T00:31:27.461+0000] {dagbag.py:540} INFO - Filling up the DagBag from /home/airflow/.local/lib/python3.12/site-packages/airflow/example_dags/example_xcomargs.py
[2024-04-16T00:31:27.473+0000] {processor.py:840} INFO - DAG(s) 'example_xcom_args_with_operators', 'example_xcom_args' retrieved from /home/airflow/.local/lib/python3.12/site-packages/airflow/example_dags/example_xcomargs.py
[2024-04-16T00:31:27.524+0000] {logging_mixin.py:188} INFO - [2024-04-16T00:31:27.524+0000] {dag.py:3096} INFO - Sync 2 DAGs
[2024-04-16T00:31:27.545+0000] {logging_mixin.py:188} INFO - [2024-04-16T00:31:27.545+0000] {dag.py:3954} INFO - Setting next_dagrun for example_xcom_args to None, run_after=None
[2024-04-16T00:31:27.551+0000] {logging_mixin.py:188} INFO - [2024-04-16T00:31:27.551+0000] {dag.py:3954} INFO - Setting next_dagrun for example_xcom_args_with_operators to None, run_after=None
[2024-04-16T00:31:27.577+0000] {processor.py:183} INFO - Processing /home/airflow/.local/lib/python3.12/site-packages/airflow/example_dags/example_xcomargs.py took 0.129 seconds
[2024-04-16T00:31:57.697+0000] {processor.py:161} INFO - Started process (PID=341) to work on /home/airflow/.local/lib/python3.12/site-packages/airflow/example_dags/example_xcomargs.py
[2024-04-16T00:31:57.698+0000] {processor.py:830} INFO - Processing file /home/airflow/.local/lib/python3.12/site-packages/airflow/example_dags/example_xcomargs.py for tasks to queue
[2024-04-16T00:31:57.701+0000] {logging_mixin.py:188} INFO - [2024-04-16T00:31:57.700+0000] {dagbag.py:540} INFO - Filling up the DagBag from /home/airflow/.local/lib/python3.12/site-packages/airflow/example_dags/example_xcomargs.py
[2024-04-16T00:31:57.713+0000] {processor.py:840} INFO - DAG(s) 'example_xcom_args_with_operators', 'example_xcom_args' retrieved from /home/airflow/.local/lib/python3.12/site-packages/airflow/example_dags/example_xcomargs.py
[2024-04-16T00:31:57.747+0000] {logging_mixin.py:188} INFO - [2024-04-16T00:31:57.747+0000] {dag.py:3096} INFO - Sync 2 DAGs
[2024-04-16T00:31:57.769+0000] {logging_mixin.py:188} INFO - [2024-04-16T00:31:57.769+0000] {dag.py:3954} INFO - Setting next_dagrun for example_xcom_args to None, run_after=None
[2024-04-16T00:31:57.774+0000] {logging_mixin.py:188} INFO - [2024-04-16T00:31:57.774+0000] {dag.py:3954} INFO - Setting next_dagrun for example_xcom_args_with_operators to None, run_after=None
[2024-04-16T00:31:57.796+0000] {processor.py:183} INFO - Processing /home/airflow/.local/lib/python3.12/site-packages/airflow/example_dags/example_xcomargs.py took 0.108 seconds
[2024-04-16T00:32:28.272+0000] {processor.py:161} INFO - Started process (PID=400) to work on /home/airflow/.local/lib/python3.12/site-packages/airflow/example_dags/example_xcomargs.py
[2024-04-16T00:32:28.274+0000] {processor.py:830} INFO - Processing file /home/airflow/.local/lib/python3.12/site-packages/airflow/example_dags/example_xcomargs.py for tasks to queue
[2024-04-16T00:32:28.277+0000] {logging_mixin.py:188} INFO - [2024-04-16T00:32:28.276+0000] {dagbag.py:540} INFO - Filling up the DagBag from /home/airflow/.local/lib/python3.12/site-packages/airflow/example_dags/example_xcomargs.py
[2024-04-16T00:32:28.289+0000] {processor.py:840} INFO - DAG(s) 'example_xcom_args', 'example_xcom_args_with_operators' retrieved from /home/airflow/.local/lib/python3.12/site-packages/airflow/example_dags/example_xcomargs.py
[2024-04-16T00:32:28.325+0000] {logging_mixin.py:188} INFO - [2024-04-16T00:32:28.324+0000] {dag.py:3096} INFO - Sync 2 DAGs
[2024-04-16T00:32:28.346+0000] {logging_mixin.py:188} INFO - [2024-04-16T00:32:28.346+0000] {dag.py:3954} INFO - Setting next_dagrun for example_xcom_args to None, run_after=None
[2024-04-16T00:32:28.352+0000] {logging_mixin.py:188} INFO - [2024-04-16T00:32:28.352+0000] {dag.py:3954} INFO - Setting next_dagrun for example_xcom_args_with_operators to None, run_after=None
[2024-04-16T00:32:28.384+0000] {processor.py:183} INFO - Processing /home/airflow/.local/lib/python3.12/site-packages/airflow/example_dags/example_xcomargs.py took 0.120 seconds
[2024-04-16T00:32:58.573+0000] {processor.py:161} INFO - Started process (PID=458) to work on /home/airflow/.local/lib/python3.12/site-packages/airflow/example_dags/example_xcomargs.py
[2024-04-16T00:32:58.574+0000] {processor.py:830} INFO - Processing file /home/airflow/.local/lib/python3.12/site-packages/airflow/example_dags/example_xcomargs.py for tasks to queue
[2024-04-16T00:32:58.577+0000] {logging_mixin.py:188} INFO - [2024-04-16T00:32:58.577+0000] {dagbag.py:540} INFO - Filling up the DagBag from /home/airflow/.local/lib/python3.12/site-packages/airflow/example_dags/example_xcomargs.py
[2024-04-16T00:32:58.590+0000] {processor.py:840} INFO - DAG(s) 'example_xcom_args', 'example_xcom_args_with_operators' retrieved from /home/airflow/.local/lib/python3.12/site-packages/airflow/example_dags/example_xcomargs.py
[2024-04-16T00:32:58.644+0000] {logging_mixin.py:188} INFO - [2024-04-16T00:32:58.643+0000] {dag.py:3096} INFO - Sync 2 DAGs
[2024-04-16T00:32:58.664+0000] {logging_mixin.py:188} INFO - [2024-04-16T00:32:58.664+0000] {dag.py:3954} INFO - Setting next_dagrun for example_xcom_args to None, run_after=None
[2024-04-16T00:32:58.671+0000] {logging_mixin.py:188} INFO - [2024-04-16T00:32:58.670+0000] {dag.py:3954} INFO - Setting next_dagrun for example_xcom_args_with_operators to None, run_after=None
[2024-04-16T00:32:58.704+0000] {processor.py:183} INFO - Processing /home/airflow/.local/lib/python3.12/site-packages/airflow/example_dags/example_xcomargs.py took 0.140 seconds
[2024-04-16T00:33:28.802+0000] {processor.py:161} INFO - Started process (PID=516) to work on /home/airflow/.local/lib/python3.12/site-packages/airflow/example_dags/example_xcomargs.py
[2024-04-16T00:33:28.803+0000] {processor.py:830} INFO - Processing file /home/airflow/.local/lib/python3.12/site-packages/airflow/example_dags/example_xcomargs.py for tasks to queue
[2024-04-16T00:33:28.806+0000] {logging_mixin.py:188} INFO - [2024-04-16T00:33:28.805+0000] {dagbag.py:540} INFO - Filling up the DagBag from /home/airflow/.local/lib/python3.12/site-packages/airflow/example_dags/example_xcomargs.py
[2024-04-16T00:33:28.817+0000] {processor.py:840} INFO - DAG(s) 'example_xcom_args', 'example_xcom_args_with_operators' retrieved from /home/airflow/.local/lib/python3.12/site-packages/airflow/example_dags/example_xcomargs.py
[2024-04-16T00:33:28.852+0000] {logging_mixin.py:188} INFO - [2024-04-16T00:33:28.852+0000] {dag.py:3096} INFO - Sync 2 DAGs
[2024-04-16T00:33:28.871+0000] {logging_mixin.py:188} INFO - [2024-04-16T00:33:28.870+0000] {dag.py:3954} INFO - Setting next_dagrun for example_xcom_args to None, run_after=None
[2024-04-16T00:33:28.877+0000] {logging_mixin.py:188} INFO - [2024-04-16T00:33:28.877+0000] {dag.py:3954} INFO - Setting next_dagrun for example_xcom_args_with_operators to None, run_after=None
[2024-04-16T00:33:28.904+0000] {processor.py:183} INFO - Processing /home/airflow/.local/lib/python3.12/site-packages/airflow/example_dags/example_xcomargs.py took 0.111 seconds
[2024-04-16T00:33:59.525+0000] {processor.py:161} INFO - Started process (PID=574) to work on /home/airflow/.local/lib/python3.12/site-packages/airflow/example_dags/example_xcomargs.py
[2024-04-16T00:33:59.527+0000] {processor.py:830} INFO - Processing file /home/airflow/.local/lib/python3.12/site-packages/airflow/example_dags/example_xcomargs.py for tasks to queue
[2024-04-16T00:33:59.529+0000] {logging_mixin.py:188} INFO - [2024-04-16T00:33:59.529+0000] {dagbag.py:540} INFO - Filling up the DagBag from /home/airflow/.local/lib/python3.12/site-packages/airflow/example_dags/example_xcomargs.py
[2024-04-16T00:33:59.542+0000] {processor.py:840} INFO - DAG(s) 'example_xcom_args', 'example_xcom_args_with_operators' retrieved from /home/airflow/.local/lib/python3.12/site-packages/airflow/example_dags/example_xcomargs.py
[2024-04-16T00:33:59.581+0000] {logging_mixin.py:188} INFO - [2024-04-16T00:33:59.581+0000] {dag.py:3096} INFO - Sync 2 DAGs
[2024-04-16T00:33:59.601+0000] {logging_mixin.py:188} INFO - [2024-04-16T00:33:59.601+0000] {dag.py:3954} INFO - Setting next_dagrun for example_xcom_args to None, run_after=None
[2024-04-16T00:33:59.607+0000] {logging_mixin.py:188} INFO - [2024-04-16T00:33:59.607+0000] {dag.py:3954} INFO - Setting next_dagrun for example_xcom_args_with_operators to None, run_after=None
[2024-04-16T00:33:59.634+0000] {processor.py:183} INFO - Processing /home/airflow/.local/lib/python3.12/site-packages/airflow/example_dags/example_xcomargs.py took 0.117 seconds
[2024-04-16T00:34:29.798+0000] {processor.py:161} INFO - Started process (PID=632) to work on /home/airflow/.local/lib/python3.12/site-packages/airflow/example_dags/example_xcomargs.py
[2024-04-16T00:34:29.799+0000] {processor.py:830} INFO - Processing file /home/airflow/.local/lib/python3.12/site-packages/airflow/example_dags/example_xcomargs.py for tasks to queue
[2024-04-16T00:34:29.802+0000] {logging_mixin.py:188} INFO - [2024-04-16T00:34:29.802+0000] {dagbag.py:540} INFO - Filling up the DagBag from /home/airflow/.local/lib/python3.12/site-packages/airflow/example_dags/example_xcomargs.py
[2024-04-16T00:34:29.814+0000] {processor.py:840} INFO - DAG(s) 'example_xcom_args', 'example_xcom_args_with_operators' retrieved from /home/airflow/.local/lib/python3.12/site-packages/airflow/example_dags/example_xcomargs.py
[2024-04-16T00:34:29.852+0000] {logging_mixin.py:188} INFO - [2024-04-16T00:34:29.852+0000] {dag.py:3096} INFO - Sync 2 DAGs
[2024-04-16T00:34:29.874+0000] {logging_mixin.py:188} INFO - [2024-04-16T00:34:29.873+0000] {dag.py:3954} INFO - Setting next_dagrun for example_xcom_args to None, run_after=None
[2024-04-16T00:34:29.880+0000] {logging_mixin.py:188} INFO - [2024-04-16T00:34:29.880+0000] {dag.py:3954} INFO - Setting next_dagrun for example_xcom_args_with_operators to None, run_after=None
[2024-04-16T00:34:29.912+0000] {processor.py:183} INFO - Processing /home/airflow/.local/lib/python3.12/site-packages/airflow/example_dags/example_xcomargs.py took 0.123 seconds
[2024-04-16T00:35:00.718+0000] {processor.py:161} INFO - Started process (PID=690) to work on /home/airflow/.local/lib/python3.12/site-packages/airflow/example_dags/example_xcomargs.py
[2024-04-16T00:35:00.720+0000] {processor.py:830} INFO - Processing file /home/airflow/.local/lib/python3.12/site-packages/airflow/example_dags/example_xcomargs.py for tasks to queue
[2024-04-16T00:35:00.723+0000] {logging_mixin.py:188} INFO - [2024-04-16T00:35:00.722+0000] {dagbag.py:540} INFO - Filling up the DagBag from /home/airflow/.local/lib/python3.12/site-packages/airflow/example_dags/example_xcomargs.py
[2024-04-16T00:35:00.735+0000] {processor.py:840} INFO - DAG(s) 'example_xcom_args_with_operators', 'example_xcom_args' retrieved from /home/airflow/.local/lib/python3.12/site-packages/airflow/example_dags/example_xcomargs.py
[2024-04-16T00:35:00.774+0000] {logging_mixin.py:188} INFO - [2024-04-16T00:35:00.773+0000] {dag.py:3096} INFO - Sync 2 DAGs
[2024-04-16T00:35:00.795+0000] {logging_mixin.py:188} INFO - [2024-04-16T00:35:00.795+0000] {dag.py:3954} INFO - Setting next_dagrun for example_xcom_args to None, run_after=None
[2024-04-16T00:35:00.802+0000] {logging_mixin.py:188} INFO - [2024-04-16T00:35:00.801+0000] {dag.py:3954} INFO - Setting next_dagrun for example_xcom_args_with_operators to None, run_after=None
[2024-04-16T00:35:00.830+0000] {processor.py:183} INFO - Processing /home/airflow/.local/lib/python3.12/site-packages/airflow/example_dags/example_xcomargs.py took 0.121 seconds
