[2024-04-16T00:07:47.922+0000] {processor.py:161} INFO - Started process (PID=41) to work on /home/airflow/.local/lib/python3.12/site-packages/airflow/example_dags/example_setup_teardown.py
[2024-04-16T00:07:47.924+0000] {processor.py:830} INFO - Processing file /home/airflow/.local/lib/python3.12/site-packages/airflow/example_dags/example_setup_teardown.py for tasks to queue
[2024-04-16T00:07:47.927+0000] {logging_mixin.py:188} INFO - [2024-04-16T00:07:47.927+0000] {dagbag.py:540} INFO - Filling up the DagBag from /home/airflow/.local/lib/python3.12/site-packages/airflow/example_dags/example_setup_teardown.py
[2024-04-16T00:07:47.943+0000] {processor.py:840} INFO - DAG(s) 'example_setup_teardown' retrieved from /home/airflow/.local/lib/python3.12/site-packages/airflow/example_dags/example_setup_teardown.py
[2024-04-16T00:07:47.988+0000] {logging_mixin.py:188} INFO - [2024-04-16T00:07:47.988+0000] {dag.py:3096} INFO - Sync 1 DAGs
[2024-04-16T00:07:48.023+0000] {logging_mixin.py:188} INFO - [2024-04-16T00:07:48.023+0000] {dag.py:3954} INFO - Setting next_dagrun for example_setup_teardown to 2024-04-15 00:00:00+00:00, run_after=2024-04-16 00:00:00+00:00
[2024-04-16T00:07:48.054+0000] {processor.py:183} INFO - Processing /home/airflow/.local/lib/python3.12/site-packages/airflow/example_dags/example_setup_teardown.py took 0.145 seconds
[2024-04-16T00:08:18.116+0000] {processor.py:161} INFO - Started process (PID=99) to work on /home/airflow/.local/lib/python3.12/site-packages/airflow/example_dags/example_setup_teardown.py
[2024-04-16T00:08:18.118+0000] {processor.py:830} INFO - Processing file /home/airflow/.local/lib/python3.12/site-packages/airflow/example_dags/example_setup_teardown.py for tasks to queue
[2024-04-16T00:08:18.121+0000] {logging_mixin.py:188} INFO - [2024-04-16T00:08:18.120+0000] {dagbag.py:540} INFO - Filling up the DagBag from /home/airflow/.local/lib/python3.12/site-packages/airflow/example_dags/example_setup_teardown.py
[2024-04-16T00:08:18.130+0000] {processor.py:840} INFO - DAG(s) 'example_setup_teardown' retrieved from /home/airflow/.local/lib/python3.12/site-packages/airflow/example_dags/example_setup_teardown.py
[2024-04-16T00:08:18.162+0000] {logging_mixin.py:188} INFO - [2024-04-16T00:08:18.161+0000] {dag.py:3096} INFO - Sync 1 DAGs
[2024-04-16T00:08:18.197+0000] {logging_mixin.py:188} INFO - [2024-04-16T00:08:18.197+0000] {dag.py:3954} INFO - Setting next_dagrun for example_setup_teardown to 2024-04-15 00:00:00+00:00, run_after=2024-04-16 00:00:00+00:00
[2024-04-16T00:08:18.223+0000] {processor.py:183} INFO - Processing /home/airflow/.local/lib/python3.12/site-packages/airflow/example_dags/example_setup_teardown.py took 0.116 seconds
[2024-04-16T00:08:48.517+0000] {processor.py:161} INFO - Started process (PID=157) to work on /home/airflow/.local/lib/python3.12/site-packages/airflow/example_dags/example_setup_teardown.py
[2024-04-16T00:08:48.518+0000] {processor.py:830} INFO - Processing file /home/airflow/.local/lib/python3.12/site-packages/airflow/example_dags/example_setup_teardown.py for tasks to queue
[2024-04-16T00:08:48.521+0000] {logging_mixin.py:188} INFO - [2024-04-16T00:08:48.521+0000] {dagbag.py:540} INFO - Filling up the DagBag from /home/airflow/.local/lib/python3.12/site-packages/airflow/example_dags/example_setup_teardown.py
[2024-04-16T00:08:48.532+0000] {processor.py:840} INFO - DAG(s) 'example_setup_teardown' retrieved from /home/airflow/.local/lib/python3.12/site-packages/airflow/example_dags/example_setup_teardown.py
[2024-04-16T00:08:48.562+0000] {logging_mixin.py:188} INFO - [2024-04-16T00:08:48.562+0000] {dag.py:3096} INFO - Sync 1 DAGs
[2024-04-16T00:08:48.596+0000] {logging_mixin.py:188} INFO - [2024-04-16T00:08:48.595+0000] {dag.py:3954} INFO - Setting next_dagrun for example_setup_teardown to 2024-04-15 00:00:00+00:00, run_after=2024-04-16 00:00:00+00:00
[2024-04-16T00:08:48.625+0000] {processor.py:183} INFO - Processing /home/airflow/.local/lib/python3.12/site-packages/airflow/example_dags/example_setup_teardown.py took 0.117 seconds
[2024-04-16T00:09:19.314+0000] {processor.py:161} INFO - Started process (PID=215) to work on /home/airflow/.local/lib/python3.12/site-packages/airflow/example_dags/example_setup_teardown.py
[2024-04-16T00:09:19.316+0000] {processor.py:830} INFO - Processing file /home/airflow/.local/lib/python3.12/site-packages/airflow/example_dags/example_setup_teardown.py for tasks to queue
[2024-04-16T00:09:19.318+0000] {logging_mixin.py:188} INFO - [2024-04-16T00:09:19.318+0000] {dagbag.py:540} INFO - Filling up the DagBag from /home/airflow/.local/lib/python3.12/site-packages/airflow/example_dags/example_setup_teardown.py
[2024-04-16T00:09:19.329+0000] {processor.py:840} INFO - DAG(s) 'example_setup_teardown' retrieved from /home/airflow/.local/lib/python3.12/site-packages/airflow/example_dags/example_setup_teardown.py
[2024-04-16T00:09:19.361+0000] {logging_mixin.py:188} INFO - [2024-04-16T00:09:19.360+0000] {dag.py:3096} INFO - Sync 1 DAGs
[2024-04-16T00:09:19.394+0000] {logging_mixin.py:188} INFO - [2024-04-16T00:09:19.393+0000] {dag.py:3954} INFO - Setting next_dagrun for example_setup_teardown to 2024-04-15 00:00:00+00:00, run_after=2024-04-16 00:00:00+00:00
[2024-04-16T00:09:19.424+0000] {processor.py:183} INFO - Processing /home/airflow/.local/lib/python3.12/site-packages/airflow/example_dags/example_setup_teardown.py took 0.118 seconds
[2024-04-16T00:09:49.519+0000] {processor.py:161} INFO - Started process (PID=274) to work on /home/airflow/.local/lib/python3.12/site-packages/airflow/example_dags/example_setup_teardown.py
[2024-04-16T00:09:49.520+0000] {processor.py:830} INFO - Processing file /home/airflow/.local/lib/python3.12/site-packages/airflow/example_dags/example_setup_teardown.py for tasks to queue
[2024-04-16T00:09:49.523+0000] {logging_mixin.py:188} INFO - [2024-04-16T00:09:49.523+0000] {dagbag.py:540} INFO - Filling up the DagBag from /home/airflow/.local/lib/python3.12/site-packages/airflow/example_dags/example_setup_teardown.py
[2024-04-16T00:09:49.533+0000] {processor.py:840} INFO - DAG(s) 'example_setup_teardown' retrieved from /home/airflow/.local/lib/python3.12/site-packages/airflow/example_dags/example_setup_teardown.py
[2024-04-16T00:09:49.563+0000] {logging_mixin.py:188} INFO - [2024-04-16T00:09:49.563+0000] {dag.py:3096} INFO - Sync 1 DAGs
[2024-04-16T00:09:49.597+0000] {logging_mixin.py:188} INFO - [2024-04-16T00:09:49.596+0000] {dag.py:3954} INFO - Setting next_dagrun for example_setup_teardown to 2024-04-15 00:00:00+00:00, run_after=2024-04-16 00:00:00+00:00
[2024-04-16T00:09:49.625+0000] {processor.py:183} INFO - Processing /home/airflow/.local/lib/python3.12/site-packages/airflow/example_dags/example_setup_teardown.py took 0.115 seconds
[2024-04-16T00:10:20.215+0000] {processor.py:161} INFO - Started process (PID=332) to work on /home/airflow/.local/lib/python3.12/site-packages/airflow/example_dags/example_setup_teardown.py
[2024-04-16T00:10:20.217+0000] {processor.py:830} INFO - Processing file /home/airflow/.local/lib/python3.12/site-packages/airflow/example_dags/example_setup_teardown.py for tasks to queue
[2024-04-16T00:10:20.219+0000] {logging_mixin.py:188} INFO - [2024-04-16T00:10:20.219+0000] {dagbag.py:540} INFO - Filling up the DagBag from /home/airflow/.local/lib/python3.12/site-packages/airflow/example_dags/example_setup_teardown.py
[2024-04-16T00:10:20.229+0000] {processor.py:840} INFO - DAG(s) 'example_setup_teardown' retrieved from /home/airflow/.local/lib/python3.12/site-packages/airflow/example_dags/example_setup_teardown.py
[2024-04-16T00:10:20.261+0000] {logging_mixin.py:188} INFO - [2024-04-16T00:10:20.261+0000] {dag.py:3096} INFO - Sync 1 DAGs
[2024-04-16T00:10:20.295+0000] {logging_mixin.py:188} INFO - [2024-04-16T00:10:20.295+0000] {dag.py:3954} INFO - Setting next_dagrun for example_setup_teardown to 2024-04-15 00:00:00+00:00, run_after=2024-04-16 00:00:00+00:00
[2024-04-16T00:10:20.325+0000] {processor.py:183} INFO - Processing /home/airflow/.local/lib/python3.12/site-packages/airflow/example_dags/example_setup_teardown.py took 0.118 seconds
[2024-04-16T00:10:50.505+0000] {processor.py:161} INFO - Started process (PID=390) to work on /home/airflow/.local/lib/python3.12/site-packages/airflow/example_dags/example_setup_teardown.py
[2024-04-16T00:10:50.507+0000] {processor.py:830} INFO - Processing file /home/airflow/.local/lib/python3.12/site-packages/airflow/example_dags/example_setup_teardown.py for tasks to queue
[2024-04-16T00:10:50.509+0000] {logging_mixin.py:188} INFO - [2024-04-16T00:10:50.509+0000] {dagbag.py:540} INFO - Filling up the DagBag from /home/airflow/.local/lib/python3.12/site-packages/airflow/example_dags/example_setup_teardown.py
[2024-04-16T00:10:50.520+0000] {processor.py:840} INFO - DAG(s) 'example_setup_teardown' retrieved from /home/airflow/.local/lib/python3.12/site-packages/airflow/example_dags/example_setup_teardown.py
[2024-04-16T00:10:50.556+0000] {logging_mixin.py:188} INFO - [2024-04-16T00:10:50.555+0000] {dag.py:3096} INFO - Sync 1 DAGs
[2024-04-16T00:10:50.589+0000] {logging_mixin.py:188} INFO - [2024-04-16T00:10:50.588+0000] {dag.py:3954} INFO - Setting next_dagrun for example_setup_teardown to 2024-04-15 00:00:00+00:00, run_after=2024-04-16 00:00:00+00:00
[2024-04-16T00:10:50.622+0000] {processor.py:183} INFO - Processing /home/airflow/.local/lib/python3.12/site-packages/airflow/example_dags/example_setup_teardown.py took 0.131 seconds
[2024-04-16T00:11:20.820+0000] {processor.py:161} INFO - Started process (PID=448) to work on /home/airflow/.local/lib/python3.12/site-packages/airflow/example_dags/example_setup_teardown.py
[2024-04-16T00:11:20.821+0000] {processor.py:830} INFO - Processing file /home/airflow/.local/lib/python3.12/site-packages/airflow/example_dags/example_setup_teardown.py for tasks to queue
[2024-04-16T00:11:20.824+0000] {logging_mixin.py:188} INFO - [2024-04-16T00:11:20.824+0000] {dagbag.py:540} INFO - Filling up the DagBag from /home/airflow/.local/lib/python3.12/site-packages/airflow/example_dags/example_setup_teardown.py
[2024-04-16T00:11:20.834+0000] {processor.py:840} INFO - DAG(s) 'example_setup_teardown' retrieved from /home/airflow/.local/lib/python3.12/site-packages/airflow/example_dags/example_setup_teardown.py
[2024-04-16T00:11:20.869+0000] {logging_mixin.py:188} INFO - [2024-04-16T00:11:20.869+0000] {dag.py:3096} INFO - Sync 1 DAGs
[2024-04-16T00:11:20.904+0000] {logging_mixin.py:188} INFO - [2024-04-16T00:11:20.904+0000] {dag.py:3954} INFO - Setting next_dagrun for example_setup_teardown to 2024-04-15 00:00:00+00:00, run_after=2024-04-16 00:00:00+00:00
[2024-04-16T00:11:20.937+0000] {processor.py:183} INFO - Processing /home/airflow/.local/lib/python3.12/site-packages/airflow/example_dags/example_setup_teardown.py took 0.125 seconds
[2024-04-16T00:11:51.494+0000] {processor.py:161} INFO - Started process (PID=506) to work on /home/airflow/.local/lib/python3.12/site-packages/airflow/example_dags/example_setup_teardown.py
[2024-04-16T00:11:51.496+0000] {processor.py:830} INFO - Processing file /home/airflow/.local/lib/python3.12/site-packages/airflow/example_dags/example_setup_teardown.py for tasks to queue
[2024-04-16T00:11:51.498+0000] {logging_mixin.py:188} INFO - [2024-04-16T00:11:51.498+0000] {dagbag.py:540} INFO - Filling up the DagBag from /home/airflow/.local/lib/python3.12/site-packages/airflow/example_dags/example_setup_teardown.py
[2024-04-16T00:11:51.508+0000] {processor.py:840} INFO - DAG(s) 'example_setup_teardown' retrieved from /home/airflow/.local/lib/python3.12/site-packages/airflow/example_dags/example_setup_teardown.py
[2024-04-16T00:11:51.540+0000] {logging_mixin.py:188} INFO - [2024-04-16T00:11:51.540+0000] {dag.py:3096} INFO - Sync 1 DAGs
[2024-04-16T00:11:51.573+0000] {logging_mixin.py:188} INFO - [2024-04-16T00:11:51.572+0000] {dag.py:3954} INFO - Setting next_dagrun for example_setup_teardown to 2024-04-15 00:00:00+00:00, run_after=2024-04-16 00:00:00+00:00
[2024-04-16T00:11:51.601+0000] {processor.py:183} INFO - Processing /home/airflow/.local/lib/python3.12/site-packages/airflow/example_dags/example_setup_teardown.py took 0.115 seconds
[2024-04-16T00:12:43.142+0000] {processor.py:161} INFO - Started process (PID=41) to work on /home/airflow/.local/lib/python3.12/site-packages/airflow/example_dags/example_setup_teardown.py
[2024-04-16T00:12:43.143+0000] {processor.py:830} INFO - Processing file /home/airflow/.local/lib/python3.12/site-packages/airflow/example_dags/example_setup_teardown.py for tasks to queue
[2024-04-16T00:12:43.146+0000] {logging_mixin.py:188} INFO - [2024-04-16T00:12:43.145+0000] {dagbag.py:540} INFO - Filling up the DagBag from /home/airflow/.local/lib/python3.12/site-packages/airflow/example_dags/example_setup_teardown.py
[2024-04-16T00:12:43.158+0000] {processor.py:840} INFO - DAG(s) 'example_setup_teardown' retrieved from /home/airflow/.local/lib/python3.12/site-packages/airflow/example_dags/example_setup_teardown.py
[2024-04-16T00:12:43.196+0000] {logging_mixin.py:188} INFO - [2024-04-16T00:12:43.196+0000] {dag.py:3096} INFO - Sync 1 DAGs
[2024-04-16T00:12:43.231+0000] {logging_mixin.py:188} INFO - [2024-04-16T00:12:43.231+0000] {dag.py:3954} INFO - Setting next_dagrun for example_setup_teardown to 2024-04-15 00:00:00+00:00, run_after=2024-04-16 00:00:00+00:00
[2024-04-16T00:12:43.261+0000] {processor.py:183} INFO - Processing /home/airflow/.local/lib/python3.12/site-packages/airflow/example_dags/example_setup_teardown.py took 0.127 seconds
[2024-04-16T00:28:16.630+0000] {processor.py:161} INFO - Started process (PID=47) to work on /home/airflow/.local/lib/python3.12/site-packages/airflow/example_dags/example_setup_teardown.py
[2024-04-16T00:28:16.633+0000] {processor.py:830} INFO - Processing file /home/airflow/.local/lib/python3.12/site-packages/airflow/example_dags/example_setup_teardown.py for tasks to queue
[2024-04-16T00:28:16.636+0000] {logging_mixin.py:188} INFO - [2024-04-16T00:28:16.636+0000] {dagbag.py:540} INFO - Filling up the DagBag from /home/airflow/.local/lib/python3.12/site-packages/airflow/example_dags/example_setup_teardown.py
[2024-04-16T00:28:16.655+0000] {processor.py:840} INFO - DAG(s) 'example_setup_teardown' retrieved from /home/airflow/.local/lib/python3.12/site-packages/airflow/example_dags/example_setup_teardown.py
[2024-04-16T00:28:16.889+0000] {logging_mixin.py:188} INFO - [2024-04-16T00:28:16.889+0000] {dag.py:3096} INFO - Sync 1 DAGs
[2024-04-16T00:28:16.921+0000] {logging_mixin.py:188} INFO - [2024-04-16T00:28:16.921+0000] {dag.py:3954} INFO - Setting next_dagrun for example_setup_teardown to 2024-04-15 00:00:00+00:00, run_after=2024-04-16 00:00:00+00:00
[2024-04-16T00:28:16.953+0000] {processor.py:183} INFO - Processing /home/airflow/.local/lib/python3.12/site-packages/airflow/example_dags/example_setup_teardown.py took 0.335 seconds
[2024-04-16T00:29:24.220+0000] {processor.py:161} INFO - Started process (PID=41) to work on /home/airflow/.local/lib/python3.12/site-packages/airflow/example_dags/example_setup_teardown.py
[2024-04-16T00:29:24.222+0000] {processor.py:830} INFO - Processing file /home/airflow/.local/lib/python3.12/site-packages/airflow/example_dags/example_setup_teardown.py for tasks to queue
[2024-04-16T00:29:24.224+0000] {logging_mixin.py:188} INFO - [2024-04-16T00:29:24.224+0000] {dagbag.py:540} INFO - Filling up the DagBag from /home/airflow/.local/lib/python3.12/site-packages/airflow/example_dags/example_setup_teardown.py
[2024-04-16T00:29:24.237+0000] {processor.py:840} INFO - DAG(s) 'example_setup_teardown' retrieved from /home/airflow/.local/lib/python3.12/site-packages/airflow/example_dags/example_setup_teardown.py
[2024-04-16T00:29:24.276+0000] {logging_mixin.py:188} INFO - [2024-04-16T00:29:24.276+0000] {dag.py:3096} INFO - Sync 1 DAGs
[2024-04-16T00:29:24.313+0000] {logging_mixin.py:188} INFO - [2024-04-16T00:29:24.313+0000] {dag.py:3954} INFO - Setting next_dagrun for example_setup_teardown to 2024-04-15 00:00:00+00:00, run_after=2024-04-16 00:00:00+00:00
[2024-04-16T00:29:24.344+0000] {processor.py:183} INFO - Processing /home/airflow/.local/lib/python3.12/site-packages/airflow/example_dags/example_setup_teardown.py took 0.132 seconds
[2024-04-16T00:29:54.581+0000] {processor.py:161} INFO - Started process (PID=99) to work on /home/airflow/.local/lib/python3.12/site-packages/airflow/example_dags/example_setup_teardown.py
[2024-04-16T00:29:54.583+0000] {processor.py:830} INFO - Processing file /home/airflow/.local/lib/python3.12/site-packages/airflow/example_dags/example_setup_teardown.py for tasks to queue
[2024-04-16T00:29:54.586+0000] {logging_mixin.py:188} INFO - [2024-04-16T00:29:54.585+0000] {dagbag.py:540} INFO - Filling up the DagBag from /home/airflow/.local/lib/python3.12/site-packages/airflow/example_dags/example_setup_teardown.py
[2024-04-16T00:29:54.596+0000] {processor.py:840} INFO - DAG(s) 'example_setup_teardown' retrieved from /home/airflow/.local/lib/python3.12/site-packages/airflow/example_dags/example_setup_teardown.py
[2024-04-16T00:29:54.634+0000] {logging_mixin.py:188} INFO - [2024-04-16T00:29:54.634+0000] {dag.py:3096} INFO - Sync 1 DAGs
[2024-04-16T00:29:54.671+0000] {logging_mixin.py:188} INFO - [2024-04-16T00:29:54.671+0000] {dag.py:3954} INFO - Setting next_dagrun for example_setup_teardown to 2024-04-15 00:00:00+00:00, run_after=2024-04-16 00:00:00+00:00
[2024-04-16T00:29:54.707+0000] {processor.py:183} INFO - Processing /home/airflow/.local/lib/python3.12/site-packages/airflow/example_dags/example_setup_teardown.py took 0.135 seconds
[2024-04-16T00:30:24.958+0000] {processor.py:161} INFO - Started process (PID=157) to work on /home/airflow/.local/lib/python3.12/site-packages/airflow/example_dags/example_setup_teardown.py
[2024-04-16T00:30:24.960+0000] {processor.py:830} INFO - Processing file /home/airflow/.local/lib/python3.12/site-packages/airflow/example_dags/example_setup_teardown.py for tasks to queue
[2024-04-16T00:30:24.964+0000] {logging_mixin.py:188} INFO - [2024-04-16T00:30:24.964+0000] {dagbag.py:540} INFO - Filling up the DagBag from /home/airflow/.local/lib/python3.12/site-packages/airflow/example_dags/example_setup_teardown.py
[2024-04-16T00:30:24.979+0000] {processor.py:840} INFO - DAG(s) 'example_setup_teardown' retrieved from /home/airflow/.local/lib/python3.12/site-packages/airflow/example_dags/example_setup_teardown.py
[2024-04-16T00:30:25.013+0000] {logging_mixin.py:188} INFO - [2024-04-16T00:30:25.013+0000] {dag.py:3096} INFO - Sync 1 DAGs
[2024-04-16T00:30:25.046+0000] {logging_mixin.py:188} INFO - [2024-04-16T00:30:25.046+0000] {dag.py:3954} INFO - Setting next_dagrun for example_setup_teardown to 2024-04-15 00:00:00+00:00, run_after=2024-04-16 00:00:00+00:00
[2024-04-16T00:30:25.080+0000] {processor.py:183} INFO - Processing /home/airflow/.local/lib/python3.12/site-packages/airflow/example_dags/example_setup_teardown.py took 0.131 seconds
[2024-04-16T00:30:55.278+0000] {processor.py:161} INFO - Started process (PID=215) to work on /home/airflow/.local/lib/python3.12/site-packages/airflow/example_dags/example_setup_teardown.py
[2024-04-16T00:30:55.280+0000] {processor.py:830} INFO - Processing file /home/airflow/.local/lib/python3.12/site-packages/airflow/example_dags/example_setup_teardown.py for tasks to queue
[2024-04-16T00:30:55.284+0000] {logging_mixin.py:188} INFO - [2024-04-16T00:30:55.284+0000] {dagbag.py:540} INFO - Filling up the DagBag from /home/airflow/.local/lib/python3.12/site-packages/airflow/example_dags/example_setup_teardown.py
[2024-04-16T00:30:55.295+0000] {processor.py:840} INFO - DAG(s) 'example_setup_teardown' retrieved from /home/airflow/.local/lib/python3.12/site-packages/airflow/example_dags/example_setup_teardown.py
[2024-04-16T00:30:55.332+0000] {logging_mixin.py:188} INFO - [2024-04-16T00:30:55.331+0000] {dag.py:3096} INFO - Sync 1 DAGs
[2024-04-16T00:30:55.368+0000] {logging_mixin.py:188} INFO - [2024-04-16T00:30:55.367+0000] {dag.py:3954} INFO - Setting next_dagrun for example_setup_teardown to 2024-04-15 00:00:00+00:00, run_after=2024-04-16 00:00:00+00:00
[2024-04-16T00:30:55.403+0000] {processor.py:183} INFO - Processing /home/airflow/.local/lib/python3.12/site-packages/airflow/example_dags/example_setup_teardown.py took 0.134 seconds
