[2024-04-16T00:07:56.314+0000] {processor.py:161} INFO - Started process (PID=86) to work on /home/airflow/.local/lib/python3.12/site-packages/airflow/example_dags/example_complex.py
[2024-04-16T00:07:56.316+0000] {processor.py:830} INFO - Processing file /home/airflow/.local/lib/python3.12/site-packages/airflow/example_dags/example_complex.py for tasks to queue
[2024-04-16T00:07:56.318+0000] {logging_mixin.py:188} INFO - [2024-04-16T00:07:56.318+0000] {dagbag.py:540} INFO - Filling up the DagBag from /home/airflow/.local/lib/python3.12/site-packages/airflow/example_dags/example_complex.py
[2024-04-16T00:07:56.344+0000] {processor.py:840} INFO - DAG(s) 'example_complex' retrieved from /home/airflow/.local/lib/python3.12/site-packages/airflow/example_dags/example_complex.py
[2024-04-16T00:07:56.397+0000] {logging_mixin.py:188} INFO - [2024-04-16T00:07:56.396+0000] {dag.py:3096} INFO - Sync 1 DAGs
[2024-04-16T00:07:56.418+0000] {logging_mixin.py:188} INFO - [2024-04-16T00:07:56.417+0000] {dag.py:3954} INFO - Setting next_dagrun for example_complex to None, run_after=None
[2024-04-16T00:07:56.445+0000] {processor.py:183} INFO - Processing /home/airflow/.local/lib/python3.12/site-packages/airflow/example_dags/example_complex.py took 0.139 seconds
[2024-04-16T00:08:26.517+0000] {processor.py:161} INFO - Started process (PID=144) to work on /home/airflow/.local/lib/python3.12/site-packages/airflow/example_dags/example_complex.py
[2024-04-16T00:08:26.519+0000] {processor.py:830} INFO - Processing file /home/airflow/.local/lib/python3.12/site-packages/airflow/example_dags/example_complex.py for tasks to queue
[2024-04-16T00:08:26.522+0000] {logging_mixin.py:188} INFO - [2024-04-16T00:08:26.521+0000] {dagbag.py:540} INFO - Filling up the DagBag from /home/airflow/.local/lib/python3.12/site-packages/airflow/example_dags/example_complex.py
[2024-04-16T00:08:26.539+0000] {processor.py:840} INFO - DAG(s) 'example_complex' retrieved from /home/airflow/.local/lib/python3.12/site-packages/airflow/example_dags/example_complex.py
[2024-04-16T00:08:26.591+0000] {logging_mixin.py:188} INFO - [2024-04-16T00:08:26.591+0000] {dag.py:3096} INFO - Sync 1 DAGs
[2024-04-16T00:08:26.609+0000] {logging_mixin.py:188} INFO - [2024-04-16T00:08:26.609+0000] {dag.py:3954} INFO - Setting next_dagrun for example_complex to None, run_after=None
[2024-04-16T00:08:26.637+0000] {processor.py:183} INFO - Processing /home/airflow/.local/lib/python3.12/site-packages/airflow/example_dags/example_complex.py took 0.128 seconds
[2024-04-16T00:08:57.673+0000] {processor.py:161} INFO - Started process (PID=202) to work on /home/airflow/.local/lib/python3.12/site-packages/airflow/example_dags/example_complex.py
[2024-04-16T00:08:57.675+0000] {processor.py:830} INFO - Processing file /home/airflow/.local/lib/python3.12/site-packages/airflow/example_dags/example_complex.py for tasks to queue
[2024-04-16T00:08:57.677+0000] {logging_mixin.py:188} INFO - [2024-04-16T00:08:57.677+0000] {dagbag.py:540} INFO - Filling up the DagBag from /home/airflow/.local/lib/python3.12/site-packages/airflow/example_dags/example_complex.py
[2024-04-16T00:08:57.692+0000] {processor.py:840} INFO - DAG(s) 'example_complex' retrieved from /home/airflow/.local/lib/python3.12/site-packages/airflow/example_dags/example_complex.py
[2024-04-16T00:08:57.744+0000] {logging_mixin.py:188} INFO - [2024-04-16T00:08:57.744+0000] {dag.py:3096} INFO - Sync 1 DAGs
[2024-04-16T00:08:57.764+0000] {logging_mixin.py:188} INFO - [2024-04-16T00:08:57.764+0000] {dag.py:3954} INFO - Setting next_dagrun for example_complex to None, run_after=None
[2024-04-16T00:08:57.798+0000] {processor.py:183} INFO - Processing /home/airflow/.local/lib/python3.12/site-packages/airflow/example_dags/example_complex.py took 0.140 seconds
[2024-04-16T00:09:27.976+0000] {processor.py:161} INFO - Started process (PID=261) to work on /home/airflow/.local/lib/python3.12/site-packages/airflow/example_dags/example_complex.py
[2024-04-16T00:09:27.978+0000] {processor.py:830} INFO - Processing file /home/airflow/.local/lib/python3.12/site-packages/airflow/example_dags/example_complex.py for tasks to queue
[2024-04-16T00:09:27.981+0000] {logging_mixin.py:188} INFO - [2024-04-16T00:09:27.980+0000] {dagbag.py:540} INFO - Filling up the DagBag from /home/airflow/.local/lib/python3.12/site-packages/airflow/example_dags/example_complex.py
[2024-04-16T00:09:27.997+0000] {processor.py:840} INFO - DAG(s) 'example_complex' retrieved from /home/airflow/.local/lib/python3.12/site-packages/airflow/example_dags/example_complex.py
[2024-04-16T00:09:28.050+0000] {logging_mixin.py:188} INFO - [2024-04-16T00:09:28.050+0000] {dag.py:3096} INFO - Sync 1 DAGs
[2024-04-16T00:09:28.071+0000] {logging_mixin.py:188} INFO - [2024-04-16T00:09:28.071+0000] {dag.py:3954} INFO - Setting next_dagrun for example_complex to None, run_after=None
[2024-04-16T00:09:28.104+0000] {processor.py:183} INFO - Processing /home/airflow/.local/lib/python3.12/site-packages/airflow/example_dags/example_complex.py took 0.136 seconds
[2024-04-16T00:09:58.422+0000] {processor.py:161} INFO - Started process (PID=319) to work on /home/airflow/.local/lib/python3.12/site-packages/airflow/example_dags/example_complex.py
[2024-04-16T00:09:58.424+0000] {processor.py:830} INFO - Processing file /home/airflow/.local/lib/python3.12/site-packages/airflow/example_dags/example_complex.py for tasks to queue
[2024-04-16T00:09:58.426+0000] {logging_mixin.py:188} INFO - [2024-04-16T00:09:58.426+0000] {dagbag.py:540} INFO - Filling up the DagBag from /home/airflow/.local/lib/python3.12/site-packages/airflow/example_dags/example_complex.py
[2024-04-16T00:09:58.442+0000] {processor.py:840} INFO - DAG(s) 'example_complex' retrieved from /home/airflow/.local/lib/python3.12/site-packages/airflow/example_dags/example_complex.py
[2024-04-16T00:09:58.490+0000] {logging_mixin.py:188} INFO - [2024-04-16T00:09:58.489+0000] {dag.py:3096} INFO - Sync 1 DAGs
[2024-04-16T00:09:58.508+0000] {logging_mixin.py:188} INFO - [2024-04-16T00:09:58.507+0000] {dag.py:3954} INFO - Setting next_dagrun for example_complex to None, run_after=None
[2024-04-16T00:09:58.535+0000] {processor.py:183} INFO - Processing /home/airflow/.local/lib/python3.12/site-packages/airflow/example_dags/example_complex.py took 0.121 seconds
[2024-04-16T00:10:28.891+0000] {processor.py:161} INFO - Started process (PID=377) to work on /home/airflow/.local/lib/python3.12/site-packages/airflow/example_dags/example_complex.py
[2024-04-16T00:10:28.893+0000] {processor.py:830} INFO - Processing file /home/airflow/.local/lib/python3.12/site-packages/airflow/example_dags/example_complex.py for tasks to queue
[2024-04-16T00:10:28.895+0000] {logging_mixin.py:188} INFO - [2024-04-16T00:10:28.895+0000] {dagbag.py:540} INFO - Filling up the DagBag from /home/airflow/.local/lib/python3.12/site-packages/airflow/example_dags/example_complex.py
[2024-04-16T00:10:28.912+0000] {processor.py:840} INFO - DAG(s) 'example_complex' retrieved from /home/airflow/.local/lib/python3.12/site-packages/airflow/example_dags/example_complex.py
[2024-04-16T00:10:28.965+0000] {logging_mixin.py:188} INFO - [2024-04-16T00:10:28.965+0000] {dag.py:3096} INFO - Sync 1 DAGs
[2024-04-16T00:10:28.987+0000] {logging_mixin.py:188} INFO - [2024-04-16T00:10:28.986+0000] {dag.py:3954} INFO - Setting next_dagrun for example_complex to None, run_after=None
[2024-04-16T00:10:29.015+0000] {processor.py:183} INFO - Processing /home/airflow/.local/lib/python3.12/site-packages/airflow/example_dags/example_complex.py took 0.133 seconds
[2024-04-16T00:11:00.047+0000] {processor.py:161} INFO - Started process (PID=435) to work on /home/airflow/.local/lib/python3.12/site-packages/airflow/example_dags/example_complex.py
[2024-04-16T00:11:00.048+0000] {processor.py:830} INFO - Processing file /home/airflow/.local/lib/python3.12/site-packages/airflow/example_dags/example_complex.py for tasks to queue
[2024-04-16T00:11:00.051+0000] {logging_mixin.py:188} INFO - [2024-04-16T00:11:00.051+0000] {dagbag.py:540} INFO - Filling up the DagBag from /home/airflow/.local/lib/python3.12/site-packages/airflow/example_dags/example_complex.py
[2024-04-16T00:11:00.066+0000] {processor.py:840} INFO - DAG(s) 'example_complex' retrieved from /home/airflow/.local/lib/python3.12/site-packages/airflow/example_dags/example_complex.py
[2024-04-16T00:11:00.119+0000] {logging_mixin.py:188} INFO - [2024-04-16T00:11:00.118+0000] {dag.py:3096} INFO - Sync 1 DAGs
[2024-04-16T00:11:00.138+0000] {logging_mixin.py:188} INFO - [2024-04-16T00:11:00.138+0000] {dag.py:3954} INFO - Setting next_dagrun for example_complex to None, run_after=None
[2024-04-16T00:11:00.166+0000] {processor.py:183} INFO - Processing /home/airflow/.local/lib/python3.12/site-packages/airflow/example_dags/example_complex.py took 0.127 seconds
[2024-04-16T00:11:30.740+0000] {processor.py:161} INFO - Started process (PID=493) to work on /home/airflow/.local/lib/python3.12/site-packages/airflow/example_dags/example_complex.py
[2024-04-16T00:11:30.741+0000] {processor.py:830} INFO - Processing file /home/airflow/.local/lib/python3.12/site-packages/airflow/example_dags/example_complex.py for tasks to queue
[2024-04-16T00:11:30.744+0000] {logging_mixin.py:188} INFO - [2024-04-16T00:11:30.744+0000] {dagbag.py:540} INFO - Filling up the DagBag from /home/airflow/.local/lib/python3.12/site-packages/airflow/example_dags/example_complex.py
[2024-04-16T00:11:30.762+0000] {processor.py:840} INFO - DAG(s) 'example_complex' retrieved from /home/airflow/.local/lib/python3.12/site-packages/airflow/example_dags/example_complex.py
[2024-04-16T00:11:30.815+0000] {logging_mixin.py:188} INFO - [2024-04-16T00:11:30.814+0000] {dag.py:3096} INFO - Sync 1 DAGs
[2024-04-16T00:11:30.836+0000] {logging_mixin.py:188} INFO - [2024-04-16T00:11:30.836+0000] {dag.py:3954} INFO - Setting next_dagrun for example_complex to None, run_after=None
[2024-04-16T00:11:30.867+0000] {processor.py:183} INFO - Processing /home/airflow/.local/lib/python3.12/site-packages/airflow/example_dags/example_complex.py took 0.137 seconds
[2024-04-16T00:12:01.246+0000] {processor.py:161} INFO - Started process (PID=551) to work on /home/airflow/.local/lib/python3.12/site-packages/airflow/example_dags/example_complex.py
[2024-04-16T00:12:01.248+0000] {processor.py:830} INFO - Processing file /home/airflow/.local/lib/python3.12/site-packages/airflow/example_dags/example_complex.py for tasks to queue
[2024-04-16T00:12:01.251+0000] {logging_mixin.py:188} INFO - [2024-04-16T00:12:01.251+0000] {dagbag.py:540} INFO - Filling up the DagBag from /home/airflow/.local/lib/python3.12/site-packages/airflow/example_dags/example_complex.py
[2024-04-16T00:12:01.269+0000] {processor.py:840} INFO - DAG(s) 'example_complex' retrieved from /home/airflow/.local/lib/python3.12/site-packages/airflow/example_dags/example_complex.py
[2024-04-16T00:12:01.334+0000] {logging_mixin.py:188} INFO - [2024-04-16T00:12:01.334+0000] {dag.py:3096} INFO - Sync 1 DAGs
[2024-04-16T00:12:01.356+0000] {logging_mixin.py:188} INFO - [2024-04-16T00:12:01.356+0000] {dag.py:3954} INFO - Setting next_dagrun for example_complex to None, run_after=None
[2024-04-16T00:12:01.390+0000] {processor.py:183} INFO - Processing /home/airflow/.local/lib/python3.12/site-packages/airflow/example_dags/example_complex.py took 0.157 seconds
[2024-04-16T00:12:49.904+0000] {processor.py:161} INFO - Started process (PID=80) to work on /home/airflow/.local/lib/python3.12/site-packages/airflow/example_dags/example_complex.py
[2024-04-16T00:12:49.906+0000] {processor.py:830} INFO - Processing file /home/airflow/.local/lib/python3.12/site-packages/airflow/example_dags/example_complex.py for tasks to queue
[2024-04-16T00:12:49.909+0000] {logging_mixin.py:188} INFO - [2024-04-16T00:12:49.908+0000] {dagbag.py:540} INFO - Filling up the DagBag from /home/airflow/.local/lib/python3.12/site-packages/airflow/example_dags/example_complex.py
[2024-04-16T00:12:49.930+0000] {processor.py:840} INFO - DAG(s) 'example_complex' retrieved from /home/airflow/.local/lib/python3.12/site-packages/airflow/example_dags/example_complex.py
[2024-04-16T00:12:49.988+0000] {logging_mixin.py:188} INFO - [2024-04-16T00:12:49.987+0000] {dag.py:3096} INFO - Sync 1 DAGs
[2024-04-16T00:12:50.008+0000] {logging_mixin.py:188} INFO - [2024-04-16T00:12:50.007+0000] {dag.py:3954} INFO - Setting next_dagrun for example_complex to None, run_after=None
[2024-04-16T00:12:50.038+0000] {processor.py:183} INFO - Processing /home/airflow/.local/lib/python3.12/site-packages/airflow/example_dags/example_complex.py took 0.144 seconds
[2024-04-16T00:28:23.701+0000] {processor.py:161} INFO - Started process (PID=86) to work on /home/airflow/.local/lib/python3.12/site-packages/airflow/example_dags/example_complex.py
[2024-04-16T00:28:23.703+0000] {processor.py:830} INFO - Processing file /home/airflow/.local/lib/python3.12/site-packages/airflow/example_dags/example_complex.py for tasks to queue
[2024-04-16T00:28:23.705+0000] {logging_mixin.py:188} INFO - [2024-04-16T00:28:23.705+0000] {dagbag.py:540} INFO - Filling up the DagBag from /home/airflow/.local/lib/python3.12/site-packages/airflow/example_dags/example_complex.py
[2024-04-16T00:28:23.725+0000] {processor.py:840} INFO - DAG(s) 'example_complex' retrieved from /home/airflow/.local/lib/python3.12/site-packages/airflow/example_dags/example_complex.py
[2024-04-16T00:28:23.905+0000] {logging_mixin.py:188} INFO - [2024-04-16T00:28:23.905+0000] {dag.py:3096} INFO - Sync 1 DAGs
[2024-04-16T00:28:23.922+0000] {logging_mixin.py:188} INFO - [2024-04-16T00:28:23.922+0000] {dag.py:3954} INFO - Setting next_dagrun for example_complex to None, run_after=None
[2024-04-16T00:28:23.952+0000] {processor.py:183} INFO - Processing /home/airflow/.local/lib/python3.12/site-packages/airflow/example_dags/example_complex.py took 0.259 seconds
[2024-04-16T00:29:29.193+0000] {processor.py:161} INFO - Started process (PID=80) to work on /home/airflow/.local/lib/python3.12/site-packages/airflow/example_dags/example_complex.py
[2024-04-16T00:29:29.194+0000] {processor.py:830} INFO - Processing file /home/airflow/.local/lib/python3.12/site-packages/airflow/example_dags/example_complex.py for tasks to queue
[2024-04-16T00:29:29.197+0000] {logging_mixin.py:188} INFO - [2024-04-16T00:29:29.197+0000] {dagbag.py:540} INFO - Filling up the DagBag from /home/airflow/.local/lib/python3.12/site-packages/airflow/example_dags/example_complex.py
[2024-04-16T00:29:29.217+0000] {processor.py:840} INFO - DAG(s) 'example_complex' retrieved from /home/airflow/.local/lib/python3.12/site-packages/airflow/example_dags/example_complex.py
[2024-04-16T00:29:29.276+0000] {logging_mixin.py:188} INFO - [2024-04-16T00:29:29.276+0000] {dag.py:3096} INFO - Sync 1 DAGs
[2024-04-16T00:29:29.296+0000] {logging_mixin.py:188} INFO - [2024-04-16T00:29:29.296+0000] {dag.py:3954} INFO - Setting next_dagrun for example_complex to None, run_after=None
[2024-04-16T00:29:29.409+0000] {processor.py:183} INFO - Processing /home/airflow/.local/lib/python3.12/site-packages/airflow/example_dags/example_complex.py took 0.225 seconds
[2024-04-16T00:29:59.743+0000] {processor.py:161} INFO - Started process (PID=138) to work on /home/airflow/.local/lib/python3.12/site-packages/airflow/example_dags/example_complex.py
[2024-04-16T00:29:59.744+0000] {processor.py:830} INFO - Processing file /home/airflow/.local/lib/python3.12/site-packages/airflow/example_dags/example_complex.py for tasks to queue
[2024-04-16T00:29:59.747+0000] {logging_mixin.py:188} INFO - [2024-04-16T00:29:59.747+0000] {dagbag.py:540} INFO - Filling up the DagBag from /home/airflow/.local/lib/python3.12/site-packages/airflow/example_dags/example_complex.py
[2024-04-16T00:29:59.763+0000] {processor.py:840} INFO - DAG(s) 'example_complex' retrieved from /home/airflow/.local/lib/python3.12/site-packages/airflow/example_dags/example_complex.py
[2024-04-16T00:29:59.816+0000] {logging_mixin.py:188} INFO - [2024-04-16T00:29:59.816+0000] {dag.py:3096} INFO - Sync 1 DAGs
[2024-04-16T00:29:59.835+0000] {logging_mixin.py:188} INFO - [2024-04-16T00:29:59.835+0000] {dag.py:3954} INFO - Setting next_dagrun for example_complex to None, run_after=None
[2024-04-16T00:29:59.864+0000] {processor.py:183} INFO - Processing /home/airflow/.local/lib/python3.12/site-packages/airflow/example_dags/example_complex.py took 0.130 seconds
[2024-04-16T00:30:30.498+0000] {processor.py:161} INFO - Started process (PID=196) to work on /home/airflow/.local/lib/python3.12/site-packages/airflow/example_dags/example_complex.py
[2024-04-16T00:30:30.500+0000] {processor.py:830} INFO - Processing file /home/airflow/.local/lib/python3.12/site-packages/airflow/example_dags/example_complex.py for tasks to queue
[2024-04-16T00:30:30.502+0000] {logging_mixin.py:188} INFO - [2024-04-16T00:30:30.502+0000] {dagbag.py:540} INFO - Filling up the DagBag from /home/airflow/.local/lib/python3.12/site-packages/airflow/example_dags/example_complex.py
[2024-04-16T00:30:30.519+0000] {processor.py:840} INFO - DAG(s) 'example_complex' retrieved from /home/airflow/.local/lib/python3.12/site-packages/airflow/example_dags/example_complex.py
[2024-04-16T00:30:30.581+0000] {logging_mixin.py:188} INFO - [2024-04-16T00:30:30.580+0000] {dag.py:3096} INFO - Sync 1 DAGs
[2024-04-16T00:30:30.616+0000] {logging_mixin.py:188} INFO - [2024-04-16T00:30:30.616+0000] {dag.py:3954} INFO - Setting next_dagrun for example_complex to None, run_after=None
[2024-04-16T00:30:30.644+0000] {processor.py:183} INFO - Processing /home/airflow/.local/lib/python3.12/site-packages/airflow/example_dags/example_complex.py took 0.155 seconds
[2024-04-16T00:31:01.420+0000] {processor.py:161} INFO - Started process (PID=254) to work on /home/airflow/.local/lib/python3.12/site-packages/airflow/example_dags/example_complex.py
[2024-04-16T00:31:01.421+0000] {processor.py:830} INFO - Processing file /home/airflow/.local/lib/python3.12/site-packages/airflow/example_dags/example_complex.py for tasks to queue
[2024-04-16T00:31:01.424+0000] {logging_mixin.py:188} INFO - [2024-04-16T00:31:01.424+0000] {dagbag.py:540} INFO - Filling up the DagBag from /home/airflow/.local/lib/python3.12/site-packages/airflow/example_dags/example_complex.py
[2024-04-16T00:31:01.442+0000] {processor.py:840} INFO - DAG(s) 'example_complex' retrieved from /home/airflow/.local/lib/python3.12/site-packages/airflow/example_dags/example_complex.py
[2024-04-16T00:31:01.495+0000] {logging_mixin.py:188} INFO - [2024-04-16T00:31:01.495+0000] {dag.py:3096} INFO - Sync 1 DAGs
[2024-04-16T00:31:01.515+0000] {logging_mixin.py:188} INFO - [2024-04-16T00:31:01.515+0000] {dag.py:3954} INFO - Setting next_dagrun for example_complex to None, run_after=None
[2024-04-16T00:31:01.547+0000] {processor.py:183} INFO - Processing /home/airflow/.local/lib/python3.12/site-packages/airflow/example_dags/example_complex.py took 0.137 seconds
[2024-04-16T00:31:31.757+0000] {processor.py:161} INFO - Started process (PID=312) to work on /home/airflow/.local/lib/python3.12/site-packages/airflow/example_dags/example_complex.py
[2024-04-16T00:31:31.759+0000] {processor.py:830} INFO - Processing file /home/airflow/.local/lib/python3.12/site-packages/airflow/example_dags/example_complex.py for tasks to queue
[2024-04-16T00:31:31.761+0000] {logging_mixin.py:188} INFO - [2024-04-16T00:31:31.761+0000] {dagbag.py:540} INFO - Filling up the DagBag from /home/airflow/.local/lib/python3.12/site-packages/airflow/example_dags/example_complex.py
[2024-04-16T00:31:31.779+0000] {processor.py:840} INFO - DAG(s) 'example_complex' retrieved from /home/airflow/.local/lib/python3.12/site-packages/airflow/example_dags/example_complex.py
[2024-04-16T00:31:31.837+0000] {logging_mixin.py:188} INFO - [2024-04-16T00:31:31.836+0000] {dag.py:3096} INFO - Sync 1 DAGs
[2024-04-16T00:31:31.858+0000] {logging_mixin.py:188} INFO - [2024-04-16T00:31:31.858+0000] {dag.py:3954} INFO - Setting next_dagrun for example_complex to None, run_after=None
[2024-04-16T00:31:31.889+0000] {processor.py:183} INFO - Processing /home/airflow/.local/lib/python3.12/site-packages/airflow/example_dags/example_complex.py took 0.141 seconds
[2024-04-16T00:32:02.260+0000] {processor.py:161} INFO - Started process (PID=371) to work on /home/airflow/.local/lib/python3.12/site-packages/airflow/example_dags/example_complex.py
[2024-04-16T00:32:02.262+0000] {processor.py:830} INFO - Processing file /home/airflow/.local/lib/python3.12/site-packages/airflow/example_dags/example_complex.py for tasks to queue
[2024-04-16T00:32:02.267+0000] {logging_mixin.py:188} INFO - [2024-04-16T00:32:02.266+0000] {dagbag.py:540} INFO - Filling up the DagBag from /home/airflow/.local/lib/python3.12/site-packages/airflow/example_dags/example_complex.py
[2024-04-16T00:32:02.284+0000] {processor.py:840} INFO - DAG(s) 'example_complex' retrieved from /home/airflow/.local/lib/python3.12/site-packages/airflow/example_dags/example_complex.py
[2024-04-16T00:32:02.338+0000] {logging_mixin.py:188} INFO - [2024-04-16T00:32:02.338+0000] {dag.py:3096} INFO - Sync 1 DAGs
[2024-04-16T00:32:02.360+0000] {logging_mixin.py:188} INFO - [2024-04-16T00:32:02.359+0000] {dag.py:3954} INFO - Setting next_dagrun for example_complex to None, run_after=None
[2024-04-16T00:32:02.393+0000] {processor.py:183} INFO - Processing /home/airflow/.local/lib/python3.12/site-packages/airflow/example_dags/example_complex.py took 0.142 seconds
[2024-04-16T00:32:32.935+0000] {processor.py:161} INFO - Started process (PID=429) to work on /home/airflow/.local/lib/python3.12/site-packages/airflow/example_dags/example_complex.py
[2024-04-16T00:32:32.937+0000] {processor.py:830} INFO - Processing file /home/airflow/.local/lib/python3.12/site-packages/airflow/example_dags/example_complex.py for tasks to queue
[2024-04-16T00:32:32.939+0000] {logging_mixin.py:188} INFO - [2024-04-16T00:32:32.939+0000] {dagbag.py:540} INFO - Filling up the DagBag from /home/airflow/.local/lib/python3.12/site-packages/airflow/example_dags/example_complex.py
[2024-04-16T00:32:32.957+0000] {processor.py:840} INFO - DAG(s) 'example_complex' retrieved from /home/airflow/.local/lib/python3.12/site-packages/airflow/example_dags/example_complex.py
[2024-04-16T00:32:33.015+0000] {logging_mixin.py:188} INFO - [2024-04-16T00:32:33.014+0000] {dag.py:3096} INFO - Sync 1 DAGs
[2024-04-16T00:32:33.036+0000] {logging_mixin.py:188} INFO - [2024-04-16T00:32:33.036+0000] {dag.py:3954} INFO - Setting next_dagrun for example_complex to None, run_after=None
[2024-04-16T00:32:33.069+0000] {processor.py:183} INFO - Processing /home/airflow/.local/lib/python3.12/site-packages/airflow/example_dags/example_complex.py took 0.143 seconds
[2024-04-16T00:33:03.153+0000] {processor.py:161} INFO - Started process (PID=487) to work on /home/airflow/.local/lib/python3.12/site-packages/airflow/example_dags/example_complex.py
[2024-04-16T00:33:03.154+0000] {processor.py:830} INFO - Processing file /home/airflow/.local/lib/python3.12/site-packages/airflow/example_dags/example_complex.py for tasks to queue
[2024-04-16T00:33:03.157+0000] {logging_mixin.py:188} INFO - [2024-04-16T00:33:03.157+0000] {dagbag.py:540} INFO - Filling up the DagBag from /home/airflow/.local/lib/python3.12/site-packages/airflow/example_dags/example_complex.py
[2024-04-16T00:33:03.174+0000] {processor.py:840} INFO - DAG(s) 'example_complex' retrieved from /home/airflow/.local/lib/python3.12/site-packages/airflow/example_dags/example_complex.py
[2024-04-16T00:33:03.245+0000] {logging_mixin.py:188} INFO - [2024-04-16T00:33:03.245+0000] {dag.py:3096} INFO - Sync 1 DAGs
[2024-04-16T00:33:03.266+0000] {logging_mixin.py:188} INFO - [2024-04-16T00:33:03.265+0000] {dag.py:3954} INFO - Setting next_dagrun for example_complex to None, run_after=None
[2024-04-16T00:33:03.299+0000] {processor.py:183} INFO - Processing /home/airflow/.local/lib/python3.12/site-packages/airflow/example_dags/example_complex.py took 0.155 seconds
[2024-04-16T00:33:34.036+0000] {processor.py:161} INFO - Started process (PID=546) to work on /home/airflow/.local/lib/python3.12/site-packages/airflow/example_dags/example_complex.py
[2024-04-16T00:33:34.038+0000] {processor.py:830} INFO - Processing file /home/airflow/.local/lib/python3.12/site-packages/airflow/example_dags/example_complex.py for tasks to queue
[2024-04-16T00:33:34.041+0000] {logging_mixin.py:188} INFO - [2024-04-16T00:33:34.040+0000] {dagbag.py:540} INFO - Filling up the DagBag from /home/airflow/.local/lib/python3.12/site-packages/airflow/example_dags/example_complex.py
[2024-04-16T00:33:34.059+0000] {processor.py:840} INFO - DAG(s) 'example_complex' retrieved from /home/airflow/.local/lib/python3.12/site-packages/airflow/example_dags/example_complex.py
[2024-04-16T00:33:34.165+0000] {logging_mixin.py:188} INFO - [2024-04-16T00:33:34.165+0000] {dag.py:3096} INFO - Sync 1 DAGs
[2024-04-16T00:33:34.200+0000] {logging_mixin.py:188} INFO - [2024-04-16T00:33:34.200+0000] {dag.py:3954} INFO - Setting next_dagrun for example_complex to None, run_after=None
[2024-04-16T00:33:34.240+0000] {processor.py:183} INFO - Processing /home/airflow/.local/lib/python3.12/site-packages/airflow/example_dags/example_complex.py took 0.213 seconds
[2024-04-16T00:34:04.318+0000] {processor.py:161} INFO - Started process (PID=604) to work on /home/airflow/.local/lib/python3.12/site-packages/airflow/example_dags/example_complex.py
[2024-04-16T00:34:04.319+0000] {processor.py:830} INFO - Processing file /home/airflow/.local/lib/python3.12/site-packages/airflow/example_dags/example_complex.py for tasks to queue
[2024-04-16T00:34:04.322+0000] {logging_mixin.py:188} INFO - [2024-04-16T00:34:04.322+0000] {dagbag.py:540} INFO - Filling up the DagBag from /home/airflow/.local/lib/python3.12/site-packages/airflow/example_dags/example_complex.py
[2024-04-16T00:34:04.339+0000] {processor.py:840} INFO - DAG(s) 'example_complex' retrieved from /home/airflow/.local/lib/python3.12/site-packages/airflow/example_dags/example_complex.py
[2024-04-16T00:34:04.390+0000] {logging_mixin.py:188} INFO - [2024-04-16T00:34:04.390+0000] {dag.py:3096} INFO - Sync 1 DAGs
[2024-04-16T00:34:04.409+0000] {logging_mixin.py:188} INFO - [2024-04-16T00:34:04.409+0000] {dag.py:3954} INFO - Setting next_dagrun for example_complex to None, run_after=None
[2024-04-16T00:34:04.439+0000] {processor.py:183} INFO - Processing /home/airflow/.local/lib/python3.12/site-packages/airflow/example_dags/example_complex.py took 0.129 seconds
