[2024-04-16T00:07:54.772+0000] {processor.py:161} INFO - Started process (PID=75) to work on /home/airflow/.local/lib/python3.12/site-packages/airflow/example_dags/example_short_circuit_decorator.py
[2024-04-16T00:07:54.774+0000] {processor.py:830} INFO - Processing file /home/airflow/.local/lib/python3.12/site-packages/airflow/example_dags/example_short_circuit_decorator.py for tasks to queue
[2024-04-16T00:07:54.776+0000] {logging_mixin.py:188} INFO - [2024-04-16T00:07:54.776+0000] {dagbag.py:540} INFO - Filling up the DagBag from /home/airflow/.local/lib/python3.12/site-packages/airflow/example_dags/example_short_circuit_decorator.py
[2024-04-16T00:07:54.791+0000] {processor.py:840} INFO - DAG(s) 'example_short_circuit_decorator' retrieved from /home/airflow/.local/lib/python3.12/site-packages/airflow/example_dags/example_short_circuit_decorator.py
[2024-04-16T00:07:54.830+0000] {logging_mixin.py:188} INFO - [2024-04-16T00:07:54.829+0000] {dag.py:3096} INFO - Sync 1 DAGs
[2024-04-16T00:07:54.866+0000] {logging_mixin.py:188} INFO - [2024-04-16T00:07:54.865+0000] {dag.py:3954} INFO - Setting next_dagrun for example_short_circuit_decorator to 2024-04-15 00:00:00+00:00, run_after=2024-04-16 00:00:00+00:00
[2024-04-16T00:07:55.009+0000] {processor.py:183} INFO - Processing /home/airflow/.local/lib/python3.12/site-packages/airflow/example_dags/example_short_circuit_decorator.py took 0.249 seconds
[2024-04-16T00:08:25.319+0000] {processor.py:161} INFO - Started process (PID=133) to work on /home/airflow/.local/lib/python3.12/site-packages/airflow/example_dags/example_short_circuit_decorator.py
[2024-04-16T00:08:25.321+0000] {processor.py:830} INFO - Processing file /home/airflow/.local/lib/python3.12/site-packages/airflow/example_dags/example_short_circuit_decorator.py for tasks to queue
[2024-04-16T00:08:25.324+0000] {logging_mixin.py:188} INFO - [2024-04-16T00:08:25.323+0000] {dagbag.py:540} INFO - Filling up the DagBag from /home/airflow/.local/lib/python3.12/site-packages/airflow/example_dags/example_short_circuit_decorator.py
[2024-04-16T00:08:25.337+0000] {processor.py:840} INFO - DAG(s) 'example_short_circuit_decorator' retrieved from /home/airflow/.local/lib/python3.12/site-packages/airflow/example_dags/example_short_circuit_decorator.py
[2024-04-16T00:08:25.374+0000] {logging_mixin.py:188} INFO - [2024-04-16T00:08:25.374+0000] {dag.py:3096} INFO - Sync 1 DAGs
[2024-04-16T00:08:25.410+0000] {logging_mixin.py:188} INFO - [2024-04-16T00:08:25.409+0000] {dag.py:3954} INFO - Setting next_dagrun for example_short_circuit_decorator to 2024-04-15 00:00:00+00:00, run_after=2024-04-16 00:00:00+00:00
[2024-04-16T00:08:25.447+0000] {processor.py:183} INFO - Processing /home/airflow/.local/lib/python3.12/site-packages/airflow/example_dags/example_short_circuit_decorator.py took 0.137 seconds
[2024-04-16T00:08:56.272+0000] {processor.py:161} INFO - Started process (PID=191) to work on /home/airflow/.local/lib/python3.12/site-packages/airflow/example_dags/example_short_circuit_decorator.py
[2024-04-16T00:08:56.274+0000] {processor.py:830} INFO - Processing file /home/airflow/.local/lib/python3.12/site-packages/airflow/example_dags/example_short_circuit_decorator.py for tasks to queue
[2024-04-16T00:08:56.276+0000] {logging_mixin.py:188} INFO - [2024-04-16T00:08:56.276+0000] {dagbag.py:540} INFO - Filling up the DagBag from /home/airflow/.local/lib/python3.12/site-packages/airflow/example_dags/example_short_circuit_decorator.py
[2024-04-16T00:08:56.289+0000] {processor.py:840} INFO - DAG(s) 'example_short_circuit_decorator' retrieved from /home/airflow/.local/lib/python3.12/site-packages/airflow/example_dags/example_short_circuit_decorator.py
[2024-04-16T00:08:56.328+0000] {logging_mixin.py:188} INFO - [2024-04-16T00:08:56.328+0000] {dag.py:3096} INFO - Sync 1 DAGs
[2024-04-16T00:08:56.364+0000] {logging_mixin.py:188} INFO - [2024-04-16T00:08:56.363+0000] {dag.py:3954} INFO - Setting next_dagrun for example_short_circuit_decorator to 2024-04-15 00:00:00+00:00, run_after=2024-04-16 00:00:00+00:00
[2024-04-16T00:08:56.394+0000] {processor.py:183} INFO - Processing /home/airflow/.local/lib/python3.12/site-packages/airflow/example_dags/example_short_circuit_decorator.py took 0.130 seconds
[2024-04-16T00:09:26.685+0000] {processor.py:161} INFO - Started process (PID=249) to work on /home/airflow/.local/lib/python3.12/site-packages/airflow/example_dags/example_short_circuit_decorator.py
[2024-04-16T00:09:26.687+0000] {processor.py:830} INFO - Processing file /home/airflow/.local/lib/python3.12/site-packages/airflow/example_dags/example_short_circuit_decorator.py for tasks to queue
[2024-04-16T00:09:26.690+0000] {logging_mixin.py:188} INFO - [2024-04-16T00:09:26.689+0000] {dagbag.py:540} INFO - Filling up the DagBag from /home/airflow/.local/lib/python3.12/site-packages/airflow/example_dags/example_short_circuit_decorator.py
[2024-04-16T00:09:26.704+0000] {processor.py:840} INFO - DAG(s) 'example_short_circuit_decorator' retrieved from /home/airflow/.local/lib/python3.12/site-packages/airflow/example_dags/example_short_circuit_decorator.py
[2024-04-16T00:09:26.756+0000] {logging_mixin.py:188} INFO - [2024-04-16T00:09:26.756+0000] {dag.py:3096} INFO - Sync 1 DAGs
[2024-04-16T00:09:26.792+0000] {logging_mixin.py:188} INFO - [2024-04-16T00:09:26.791+0000] {dag.py:3954} INFO - Setting next_dagrun for example_short_circuit_decorator to 2024-04-15 00:00:00+00:00, run_after=2024-04-16 00:00:00+00:00
[2024-04-16T00:09:26.851+0000] {processor.py:183} INFO - Processing /home/airflow/.local/lib/python3.12/site-packages/airflow/example_dags/example_short_circuit_decorator.py took 0.176 seconds
[2024-04-16T00:09:56.988+0000] {processor.py:161} INFO - Started process (PID=307) to work on /home/airflow/.local/lib/python3.12/site-packages/airflow/example_dags/example_short_circuit_decorator.py
[2024-04-16T00:09:56.989+0000] {processor.py:830} INFO - Processing file /home/airflow/.local/lib/python3.12/site-packages/airflow/example_dags/example_short_circuit_decorator.py for tasks to queue
[2024-04-16T00:09:56.992+0000] {logging_mixin.py:188} INFO - [2024-04-16T00:09:56.991+0000] {dagbag.py:540} INFO - Filling up the DagBag from /home/airflow/.local/lib/python3.12/site-packages/airflow/example_dags/example_short_circuit_decorator.py
[2024-04-16T00:09:57.005+0000] {processor.py:840} INFO - DAG(s) 'example_short_circuit_decorator' retrieved from /home/airflow/.local/lib/python3.12/site-packages/airflow/example_dags/example_short_circuit_decorator.py
[2024-04-16T00:09:57.053+0000] {logging_mixin.py:188} INFO - [2024-04-16T00:09:57.053+0000] {dag.py:3096} INFO - Sync 1 DAGs
[2024-04-16T00:09:57.087+0000] {logging_mixin.py:188} INFO - [2024-04-16T00:09:57.086+0000] {dag.py:3954} INFO - Setting next_dagrun for example_short_circuit_decorator to 2024-04-15 00:00:00+00:00, run_after=2024-04-16 00:00:00+00:00
[2024-04-16T00:09:57.130+0000] {processor.py:183} INFO - Processing /home/airflow/.local/lib/python3.12/site-packages/airflow/example_dags/example_short_circuit_decorator.py took 0.151 seconds
[2024-04-16T00:10:27.531+0000] {processor.py:161} INFO - Started process (PID=365) to work on /home/airflow/.local/lib/python3.12/site-packages/airflow/example_dags/example_short_circuit_decorator.py
[2024-04-16T00:10:27.533+0000] {processor.py:830} INFO - Processing file /home/airflow/.local/lib/python3.12/site-packages/airflow/example_dags/example_short_circuit_decorator.py for tasks to queue
[2024-04-16T00:10:27.535+0000] {logging_mixin.py:188} INFO - [2024-04-16T00:10:27.535+0000] {dagbag.py:540} INFO - Filling up the DagBag from /home/airflow/.local/lib/python3.12/site-packages/airflow/example_dags/example_short_circuit_decorator.py
[2024-04-16T00:10:27.549+0000] {processor.py:840} INFO - DAG(s) 'example_short_circuit_decorator' retrieved from /home/airflow/.local/lib/python3.12/site-packages/airflow/example_dags/example_short_circuit_decorator.py
[2024-04-16T00:10:27.586+0000] {logging_mixin.py:188} INFO - [2024-04-16T00:10:27.585+0000] {dag.py:3096} INFO - Sync 1 DAGs
[2024-04-16T00:10:27.618+0000] {logging_mixin.py:188} INFO - [2024-04-16T00:10:27.618+0000] {dag.py:3954} INFO - Setting next_dagrun for example_short_circuit_decorator to 2024-04-15 00:00:00+00:00, run_after=2024-04-16 00:00:00+00:00
[2024-04-16T00:10:27.647+0000] {processor.py:183} INFO - Processing /home/airflow/.local/lib/python3.12/site-packages/airflow/example_dags/example_short_circuit_decorator.py took 0.126 seconds
[2024-04-16T00:10:58.488+0000] {processor.py:161} INFO - Started process (PID=423) to work on /home/airflow/.local/lib/python3.12/site-packages/airflow/example_dags/example_short_circuit_decorator.py
[2024-04-16T00:10:58.490+0000] {processor.py:830} INFO - Processing file /home/airflow/.local/lib/python3.12/site-packages/airflow/example_dags/example_short_circuit_decorator.py for tasks to queue
[2024-04-16T00:10:58.493+0000] {logging_mixin.py:188} INFO - [2024-04-16T00:10:58.492+0000] {dagbag.py:540} INFO - Filling up the DagBag from /home/airflow/.local/lib/python3.12/site-packages/airflow/example_dags/example_short_circuit_decorator.py
[2024-04-16T00:10:58.507+0000] {processor.py:840} INFO - DAG(s) 'example_short_circuit_decorator' retrieved from /home/airflow/.local/lib/python3.12/site-packages/airflow/example_dags/example_short_circuit_decorator.py
[2024-04-16T00:10:58.548+0000] {logging_mixin.py:188} INFO - [2024-04-16T00:10:58.548+0000] {dag.py:3096} INFO - Sync 1 DAGs
[2024-04-16T00:10:58.583+0000] {logging_mixin.py:188} INFO - [2024-04-16T00:10:58.582+0000] {dag.py:3954} INFO - Setting next_dagrun for example_short_circuit_decorator to 2024-04-15 00:00:00+00:00, run_after=2024-04-16 00:00:00+00:00
[2024-04-16T00:10:58.614+0000] {processor.py:183} INFO - Processing /home/airflow/.local/lib/python3.12/site-packages/airflow/example_dags/example_short_circuit_decorator.py took 0.138 seconds
[2024-04-16T00:11:28.852+0000] {processor.py:161} INFO - Started process (PID=481) to work on /home/airflow/.local/lib/python3.12/site-packages/airflow/example_dags/example_short_circuit_decorator.py
[2024-04-16T00:11:28.854+0000] {processor.py:830} INFO - Processing file /home/airflow/.local/lib/python3.12/site-packages/airflow/example_dags/example_short_circuit_decorator.py for tasks to queue
[2024-04-16T00:11:28.857+0000] {logging_mixin.py:188} INFO - [2024-04-16T00:11:28.856+0000] {dagbag.py:540} INFO - Filling up the DagBag from /home/airflow/.local/lib/python3.12/site-packages/airflow/example_dags/example_short_circuit_decorator.py
[2024-04-16T00:11:28.872+0000] {processor.py:840} INFO - DAG(s) 'example_short_circuit_decorator' retrieved from /home/airflow/.local/lib/python3.12/site-packages/airflow/example_dags/example_short_circuit_decorator.py
[2024-04-16T00:11:28.917+0000] {logging_mixin.py:188} INFO - [2024-04-16T00:11:28.916+0000] {dag.py:3096} INFO - Sync 1 DAGs
[2024-04-16T00:11:28.950+0000] {logging_mixin.py:188} INFO - [2024-04-16T00:11:28.950+0000] {dag.py:3954} INFO - Setting next_dagrun for example_short_circuit_decorator to 2024-04-15 00:00:00+00:00, run_after=2024-04-16 00:00:00+00:00
[2024-04-16T00:11:28.979+0000] {processor.py:183} INFO - Processing /home/airflow/.local/lib/python3.12/site-packages/airflow/example_dags/example_short_circuit_decorator.py took 0.140 seconds
[2024-04-16T00:11:59.420+0000] {processor.py:161} INFO - Started process (PID=539) to work on /home/airflow/.local/lib/python3.12/site-packages/airflow/example_dags/example_short_circuit_decorator.py
[2024-04-16T00:11:59.422+0000] {processor.py:830} INFO - Processing file /home/airflow/.local/lib/python3.12/site-packages/airflow/example_dags/example_short_circuit_decorator.py for tasks to queue
[2024-04-16T00:11:59.424+0000] {logging_mixin.py:188} INFO - [2024-04-16T00:11:59.424+0000] {dagbag.py:540} INFO - Filling up the DagBag from /home/airflow/.local/lib/python3.12/site-packages/airflow/example_dags/example_short_circuit_decorator.py
[2024-04-16T00:11:59.438+0000] {processor.py:840} INFO - DAG(s) 'example_short_circuit_decorator' retrieved from /home/airflow/.local/lib/python3.12/site-packages/airflow/example_dags/example_short_circuit_decorator.py
[2024-04-16T00:11:59.479+0000] {logging_mixin.py:188} INFO - [2024-04-16T00:11:59.478+0000] {dag.py:3096} INFO - Sync 1 DAGs
[2024-04-16T00:11:59.512+0000] {logging_mixin.py:188} INFO - [2024-04-16T00:11:59.512+0000] {dag.py:3954} INFO - Setting next_dagrun for example_short_circuit_decorator to 2024-04-15 00:00:00+00:00, run_after=2024-04-16 00:00:00+00:00
[2024-04-16T00:11:59.546+0000] {processor.py:183} INFO - Processing /home/airflow/.local/lib/python3.12/site-packages/airflow/example_dags/example_short_circuit_decorator.py took 0.135 seconds
[2024-04-16T00:12:46.847+0000] {processor.py:161} INFO - Started process (PID=69) to work on /home/airflow/.local/lib/python3.12/site-packages/airflow/example_dags/example_short_circuit_decorator.py
[2024-04-16T00:12:46.849+0000] {processor.py:830} INFO - Processing file /home/airflow/.local/lib/python3.12/site-packages/airflow/example_dags/example_short_circuit_decorator.py for tasks to queue
[2024-04-16T00:12:46.851+0000] {logging_mixin.py:188} INFO - [2024-04-16T00:12:46.851+0000] {dagbag.py:540} INFO - Filling up the DagBag from /home/airflow/.local/lib/python3.12/site-packages/airflow/example_dags/example_short_circuit_decorator.py
[2024-04-16T00:12:46.866+0000] {processor.py:840} INFO - DAG(s) 'example_short_circuit_decorator' retrieved from /home/airflow/.local/lib/python3.12/site-packages/airflow/example_dags/example_short_circuit_decorator.py
[2024-04-16T00:12:46.905+0000] {logging_mixin.py:188} INFO - [2024-04-16T00:12:46.905+0000] {dag.py:3096} INFO - Sync 1 DAGs
[2024-04-16T00:12:46.940+0000] {logging_mixin.py:188} INFO - [2024-04-16T00:12:46.940+0000] {dag.py:3954} INFO - Setting next_dagrun for example_short_circuit_decorator to 2024-04-15 00:00:00+00:00, run_after=2024-04-16 00:00:00+00:00
[2024-04-16T00:12:46.979+0000] {processor.py:183} INFO - Processing /home/airflow/.local/lib/python3.12/site-packages/airflow/example_dags/example_short_circuit_decorator.py took 0.140 seconds
[2024-04-16T00:28:21.956+0000] {processor.py:161} INFO - Started process (PID=75) to work on /home/airflow/.local/lib/python3.12/site-packages/airflow/example_dags/example_short_circuit_decorator.py
[2024-04-16T00:28:21.958+0000] {processor.py:830} INFO - Processing file /home/airflow/.local/lib/python3.12/site-packages/airflow/example_dags/example_short_circuit_decorator.py for tasks to queue
[2024-04-16T00:28:21.961+0000] {logging_mixin.py:188} INFO - [2024-04-16T00:28:21.961+0000] {dagbag.py:540} INFO - Filling up the DagBag from /home/airflow/.local/lib/python3.12/site-packages/airflow/example_dags/example_short_circuit_decorator.py
[2024-04-16T00:28:21.980+0000] {processor.py:840} INFO - DAG(s) 'example_short_circuit_decorator' retrieved from /home/airflow/.local/lib/python3.12/site-packages/airflow/example_dags/example_short_circuit_decorator.py
[2024-04-16T00:28:22.139+0000] {logging_mixin.py:188} INFO - [2024-04-16T00:28:22.139+0000] {dag.py:3096} INFO - Sync 1 DAGs
[2024-04-16T00:28:22.169+0000] {logging_mixin.py:188} INFO - [2024-04-16T00:28:22.168+0000] {dag.py:3954} INFO - Setting next_dagrun for example_short_circuit_decorator to 2024-04-15 00:00:00+00:00, run_after=2024-04-16 00:00:00+00:00
[2024-04-16T00:28:22.198+0000] {processor.py:183} INFO - Processing /home/airflow/.local/lib/python3.12/site-packages/airflow/example_dags/example_short_circuit_decorator.py took 0.253 seconds
[2024-04-16T00:29:27.355+0000] {processor.py:161} INFO - Started process (PID=69) to work on /home/airflow/.local/lib/python3.12/site-packages/airflow/example_dags/example_short_circuit_decorator.py
[2024-04-16T00:29:27.356+0000] {processor.py:830} INFO - Processing file /home/airflow/.local/lib/python3.12/site-packages/airflow/example_dags/example_short_circuit_decorator.py for tasks to queue
[2024-04-16T00:29:27.359+0000] {logging_mixin.py:188} INFO - [2024-04-16T00:29:27.358+0000] {dagbag.py:540} INFO - Filling up the DagBag from /home/airflow/.local/lib/python3.12/site-packages/airflow/example_dags/example_short_circuit_decorator.py
[2024-04-16T00:29:27.380+0000] {processor.py:840} INFO - DAG(s) 'example_short_circuit_decorator' retrieved from /home/airflow/.local/lib/python3.12/site-packages/airflow/example_dags/example_short_circuit_decorator.py
[2024-04-16T00:29:27.416+0000] {logging_mixin.py:188} INFO - [2024-04-16T00:29:27.416+0000] {dag.py:3096} INFO - Sync 1 DAGs
[2024-04-16T00:29:27.447+0000] {logging_mixin.py:188} INFO - [2024-04-16T00:29:27.447+0000] {dag.py:3954} INFO - Setting next_dagrun for example_short_circuit_decorator to 2024-04-15 00:00:00+00:00, run_after=2024-04-16 00:00:00+00:00
[2024-04-16T00:29:27.477+0000] {processor.py:183} INFO - Processing /home/airflow/.local/lib/python3.12/site-packages/airflow/example_dags/example_short_circuit_decorator.py took 0.130 seconds
[2024-04-16T00:29:57.763+0000] {processor.py:161} INFO - Started process (PID=127) to work on /home/airflow/.local/lib/python3.12/site-packages/airflow/example_dags/example_short_circuit_decorator.py
[2024-04-16T00:29:57.765+0000] {processor.py:830} INFO - Processing file /home/airflow/.local/lib/python3.12/site-packages/airflow/example_dags/example_short_circuit_decorator.py for tasks to queue
[2024-04-16T00:29:57.767+0000] {logging_mixin.py:188} INFO - [2024-04-16T00:29:57.767+0000] {dagbag.py:540} INFO - Filling up the DagBag from /home/airflow/.local/lib/python3.12/site-packages/airflow/example_dags/example_short_circuit_decorator.py
[2024-04-16T00:29:57.780+0000] {processor.py:840} INFO - DAG(s) 'example_short_circuit_decorator' retrieved from /home/airflow/.local/lib/python3.12/site-packages/airflow/example_dags/example_short_circuit_decorator.py
[2024-04-16T00:29:57.815+0000] {logging_mixin.py:188} INFO - [2024-04-16T00:29:57.814+0000] {dag.py:3096} INFO - Sync 1 DAGs
[2024-04-16T00:29:57.850+0000] {logging_mixin.py:188} INFO - [2024-04-16T00:29:57.850+0000] {dag.py:3954} INFO - Setting next_dagrun for example_short_circuit_decorator to 2024-04-15 00:00:00+00:00, run_after=2024-04-16 00:00:00+00:00
[2024-04-16T00:29:57.881+0000] {processor.py:183} INFO - Processing /home/airflow/.local/lib/python3.12/site-packages/airflow/example_dags/example_short_circuit_decorator.py took 0.127 seconds
[2024-04-16T00:30:28.590+0000] {processor.py:161} INFO - Started process (PID=185) to work on /home/airflow/.local/lib/python3.12/site-packages/airflow/example_dags/example_short_circuit_decorator.py
[2024-04-16T00:30:28.592+0000] {processor.py:830} INFO - Processing file /home/airflow/.local/lib/python3.12/site-packages/airflow/example_dags/example_short_circuit_decorator.py for tasks to queue
[2024-04-16T00:30:28.594+0000] {logging_mixin.py:188} INFO - [2024-04-16T00:30:28.594+0000] {dagbag.py:540} INFO - Filling up the DagBag from /home/airflow/.local/lib/python3.12/site-packages/airflow/example_dags/example_short_circuit_decorator.py
[2024-04-16T00:30:28.608+0000] {processor.py:840} INFO - DAG(s) 'example_short_circuit_decorator' retrieved from /home/airflow/.local/lib/python3.12/site-packages/airflow/example_dags/example_short_circuit_decorator.py
[2024-04-16T00:30:28.655+0000] {logging_mixin.py:188} INFO - [2024-04-16T00:30:28.655+0000] {dag.py:3096} INFO - Sync 1 DAGs
[2024-04-16T00:30:28.688+0000] {logging_mixin.py:188} INFO - [2024-04-16T00:30:28.688+0000] {dag.py:3954} INFO - Setting next_dagrun for example_short_circuit_decorator to 2024-04-15 00:00:00+00:00, run_after=2024-04-16 00:00:00+00:00
[2024-04-16T00:30:28.721+0000] {processor.py:183} INFO - Processing /home/airflow/.local/lib/python3.12/site-packages/airflow/example_dags/example_short_circuit_decorator.py took 0.139 seconds
[2024-04-16T00:30:59.357+0000] {processor.py:161} INFO - Started process (PID=243) to work on /home/airflow/.local/lib/python3.12/site-packages/airflow/example_dags/example_short_circuit_decorator.py
[2024-04-16T00:30:59.359+0000] {processor.py:830} INFO - Processing file /home/airflow/.local/lib/python3.12/site-packages/airflow/example_dags/example_short_circuit_decorator.py for tasks to queue
[2024-04-16T00:30:59.361+0000] {logging_mixin.py:188} INFO - [2024-04-16T00:30:59.361+0000] {dagbag.py:540} INFO - Filling up the DagBag from /home/airflow/.local/lib/python3.12/site-packages/airflow/example_dags/example_short_circuit_decorator.py
[2024-04-16T00:30:59.378+0000] {processor.py:840} INFO - DAG(s) 'example_short_circuit_decorator' retrieved from /home/airflow/.local/lib/python3.12/site-packages/airflow/example_dags/example_short_circuit_decorator.py
[2024-04-16T00:30:59.421+0000] {logging_mixin.py:188} INFO - [2024-04-16T00:30:59.420+0000] {dag.py:3096} INFO - Sync 1 DAGs
[2024-04-16T00:30:59.460+0000] {logging_mixin.py:188} INFO - [2024-04-16T00:30:59.460+0000] {dag.py:3954} INFO - Setting next_dagrun for example_short_circuit_decorator to 2024-04-15 00:00:00+00:00, run_after=2024-04-16 00:00:00+00:00
[2024-04-16T00:30:59.490+0000] {processor.py:183} INFO - Processing /home/airflow/.local/lib/python3.12/site-packages/airflow/example_dags/example_short_circuit_decorator.py took 0.146 seconds
[2024-04-16T00:31:29.651+0000] {processor.py:161} INFO - Started process (PID=301) to work on /home/airflow/.local/lib/python3.12/site-packages/airflow/example_dags/example_short_circuit_decorator.py
[2024-04-16T00:31:29.654+0000] {processor.py:830} INFO - Processing file /home/airflow/.local/lib/python3.12/site-packages/airflow/example_dags/example_short_circuit_decorator.py for tasks to queue
[2024-04-16T00:31:29.658+0000] {logging_mixin.py:188} INFO - [2024-04-16T00:31:29.658+0000] {dagbag.py:540} INFO - Filling up the DagBag from /home/airflow/.local/lib/python3.12/site-packages/airflow/example_dags/example_short_circuit_decorator.py
[2024-04-16T00:31:29.684+0000] {processor.py:840} INFO - DAG(s) 'example_short_circuit_decorator' retrieved from /home/airflow/.local/lib/python3.12/site-packages/airflow/example_dags/example_short_circuit_decorator.py
[2024-04-16T00:31:29.733+0000] {logging_mixin.py:188} INFO - [2024-04-16T00:31:29.732+0000] {dag.py:3096} INFO - Sync 1 DAGs
[2024-04-16T00:31:29.769+0000] {logging_mixin.py:188} INFO - [2024-04-16T00:31:29.769+0000] {dag.py:3954} INFO - Setting next_dagrun for example_short_circuit_decorator to 2024-04-15 00:00:00+00:00, run_after=2024-04-16 00:00:00+00:00
[2024-04-16T00:31:29.804+0000] {processor.py:183} INFO - Processing /home/airflow/.local/lib/python3.12/site-packages/airflow/example_dags/example_short_circuit_decorator.py took 0.161 seconds
[2024-04-16T00:32:00.801+0000] {processor.py:161} INFO - Started process (PID=360) to work on /home/airflow/.local/lib/python3.12/site-packages/airflow/example_dags/example_short_circuit_decorator.py
[2024-04-16T00:32:00.803+0000] {processor.py:830} INFO - Processing file /home/airflow/.local/lib/python3.12/site-packages/airflow/example_dags/example_short_circuit_decorator.py for tasks to queue
[2024-04-16T00:32:00.808+0000] {logging_mixin.py:188} INFO - [2024-04-16T00:32:00.807+0000] {dagbag.py:540} INFO - Filling up the DagBag from /home/airflow/.local/lib/python3.12/site-packages/airflow/example_dags/example_short_circuit_decorator.py
[2024-04-16T00:32:00.829+0000] {processor.py:840} INFO - DAG(s) 'example_short_circuit_decorator' retrieved from /home/airflow/.local/lib/python3.12/site-packages/airflow/example_dags/example_short_circuit_decorator.py
[2024-04-16T00:32:00.872+0000] {logging_mixin.py:188} INFO - [2024-04-16T00:32:00.871+0000] {dag.py:3096} INFO - Sync 1 DAGs
[2024-04-16T00:32:00.908+0000] {logging_mixin.py:188} INFO - [2024-04-16T00:32:00.908+0000] {dag.py:3954} INFO - Setting next_dagrun for example_short_circuit_decorator to 2024-04-15 00:00:00+00:00, run_after=2024-04-16 00:00:00+00:00
[2024-04-16T00:32:01.049+0000] {processor.py:183} INFO - Processing /home/airflow/.local/lib/python3.12/site-packages/airflow/example_dags/example_short_circuit_decorator.py took 0.257 seconds
[2024-04-16T00:32:31.158+0000] {processor.py:161} INFO - Started process (PID=417) to work on /home/airflow/.local/lib/python3.12/site-packages/airflow/example_dags/example_short_circuit_decorator.py
[2024-04-16T00:32:31.160+0000] {processor.py:830} INFO - Processing file /home/airflow/.local/lib/python3.12/site-packages/airflow/example_dags/example_short_circuit_decorator.py for tasks to queue
[2024-04-16T00:32:31.163+0000] {logging_mixin.py:188} INFO - [2024-04-16T00:32:31.163+0000] {dagbag.py:540} INFO - Filling up the DagBag from /home/airflow/.local/lib/python3.12/site-packages/airflow/example_dags/example_short_circuit_decorator.py
[2024-04-16T00:32:31.178+0000] {processor.py:840} INFO - DAG(s) 'example_short_circuit_decorator' retrieved from /home/airflow/.local/lib/python3.12/site-packages/airflow/example_dags/example_short_circuit_decorator.py
[2024-04-16T00:32:31.222+0000] {logging_mixin.py:188} INFO - [2024-04-16T00:32:31.221+0000] {dag.py:3096} INFO - Sync 1 DAGs
[2024-04-16T00:32:31.256+0000] {logging_mixin.py:188} INFO - [2024-04-16T00:32:31.256+0000] {dag.py:3954} INFO - Setting next_dagrun for example_short_circuit_decorator to 2024-04-15 00:00:00+00:00, run_after=2024-04-16 00:00:00+00:00
[2024-04-16T00:32:31.286+0000] {processor.py:183} INFO - Processing /home/airflow/.local/lib/python3.12/site-packages/airflow/example_dags/example_short_circuit_decorator.py took 0.138 seconds
[2024-04-16T00:33:01.595+0000] {processor.py:161} INFO - Started process (PID=475) to work on /home/airflow/.local/lib/python3.12/site-packages/airflow/example_dags/example_short_circuit_decorator.py
[2024-04-16T00:33:01.597+0000] {processor.py:830} INFO - Processing file /home/airflow/.local/lib/python3.12/site-packages/airflow/example_dags/example_short_circuit_decorator.py for tasks to queue
[2024-04-16T00:33:01.600+0000] {logging_mixin.py:188} INFO - [2024-04-16T00:33:01.600+0000] {dagbag.py:540} INFO - Filling up the DagBag from /home/airflow/.local/lib/python3.12/site-packages/airflow/example_dags/example_short_circuit_decorator.py
[2024-04-16T00:33:01.615+0000] {processor.py:840} INFO - DAG(s) 'example_short_circuit_decorator' retrieved from /home/airflow/.local/lib/python3.12/site-packages/airflow/example_dags/example_short_circuit_decorator.py
[2024-04-16T00:33:01.655+0000] {logging_mixin.py:188} INFO - [2024-04-16T00:33:01.655+0000] {dag.py:3096} INFO - Sync 1 DAGs
[2024-04-16T00:33:01.688+0000] {logging_mixin.py:188} INFO - [2024-04-16T00:33:01.687+0000] {dag.py:3954} INFO - Setting next_dagrun for example_short_circuit_decorator to 2024-04-15 00:00:00+00:00, run_after=2024-04-16 00:00:00+00:00
[2024-04-16T00:33:01.814+0000] {processor.py:183} INFO - Processing /home/airflow/.local/lib/python3.12/site-packages/airflow/example_dags/example_short_circuit_decorator.py took 0.229 seconds
[2024-04-16T00:33:31.912+0000] {processor.py:161} INFO - Started process (PID=533) to work on /home/airflow/.local/lib/python3.12/site-packages/airflow/example_dags/example_short_circuit_decorator.py
[2024-04-16T00:33:31.914+0000] {processor.py:830} INFO - Processing file /home/airflow/.local/lib/python3.12/site-packages/airflow/example_dags/example_short_circuit_decorator.py for tasks to queue
[2024-04-16T00:33:31.917+0000] {logging_mixin.py:188} INFO - [2024-04-16T00:33:31.917+0000] {dagbag.py:540} INFO - Filling up the DagBag from /home/airflow/.local/lib/python3.12/site-packages/airflow/example_dags/example_short_circuit_decorator.py
[2024-04-16T00:33:31.933+0000] {processor.py:840} INFO - DAG(s) 'example_short_circuit_decorator' retrieved from /home/airflow/.local/lib/python3.12/site-packages/airflow/example_dags/example_short_circuit_decorator.py
[2024-04-16T00:33:31.976+0000] {logging_mixin.py:188} INFO - [2024-04-16T00:33:31.976+0000] {dag.py:3096} INFO - Sync 1 DAGs
[2024-04-16T00:33:32.015+0000] {logging_mixin.py:188} INFO - [2024-04-16T00:33:32.014+0000] {dag.py:3954} INFO - Setting next_dagrun for example_short_circuit_decorator to 2024-04-15 00:00:00+00:00, run_after=2024-04-16 00:00:00+00:00
[2024-04-16T00:33:32.046+0000] {processor.py:183} INFO - Processing /home/airflow/.local/lib/python3.12/site-packages/airflow/example_dags/example_short_circuit_decorator.py took 0.145 seconds
[2024-04-16T00:34:02.259+0000] {processor.py:161} INFO - Started process (PID=592) to work on /home/airflow/.local/lib/python3.12/site-packages/airflow/example_dags/example_short_circuit_decorator.py
[2024-04-16T00:34:02.262+0000] {processor.py:830} INFO - Processing file /home/airflow/.local/lib/python3.12/site-packages/airflow/example_dags/example_short_circuit_decorator.py for tasks to queue
[2024-04-16T00:34:02.265+0000] {logging_mixin.py:188} INFO - [2024-04-16T00:34:02.265+0000] {dagbag.py:540} INFO - Filling up the DagBag from /home/airflow/.local/lib/python3.12/site-packages/airflow/example_dags/example_short_circuit_decorator.py
[2024-04-16T00:34:02.279+0000] {processor.py:840} INFO - DAG(s) 'example_short_circuit_decorator' retrieved from /home/airflow/.local/lib/python3.12/site-packages/airflow/example_dags/example_short_circuit_decorator.py
[2024-04-16T00:34:02.332+0000] {logging_mixin.py:188} INFO - [2024-04-16T00:34:02.332+0000] {dag.py:3096} INFO - Sync 1 DAGs
[2024-04-16T00:34:02.372+0000] {logging_mixin.py:188} INFO - [2024-04-16T00:34:02.371+0000] {dag.py:3954} INFO - Setting next_dagrun for example_short_circuit_decorator to 2024-04-15 00:00:00+00:00, run_after=2024-04-16 00:00:00+00:00
[2024-04-16T00:34:02.403+0000] {processor.py:183} INFO - Processing /home/airflow/.local/lib/python3.12/site-packages/airflow/example_dags/example_short_circuit_decorator.py took 0.162 seconds
[2024-04-16T00:34:32.566+0000] {processor.py:161} INFO - Started process (PID=650) to work on /home/airflow/.local/lib/python3.12/site-packages/airflow/example_dags/example_short_circuit_decorator.py
[2024-04-16T00:34:32.568+0000] {processor.py:830} INFO - Processing file /home/airflow/.local/lib/python3.12/site-packages/airflow/example_dags/example_short_circuit_decorator.py for tasks to queue
[2024-04-16T00:34:32.571+0000] {logging_mixin.py:188} INFO - [2024-04-16T00:34:32.570+0000] {dagbag.py:540} INFO - Filling up the DagBag from /home/airflow/.local/lib/python3.12/site-packages/airflow/example_dags/example_short_circuit_decorator.py
[2024-04-16T00:34:32.586+0000] {processor.py:840} INFO - DAG(s) 'example_short_circuit_decorator' retrieved from /home/airflow/.local/lib/python3.12/site-packages/airflow/example_dags/example_short_circuit_decorator.py
[2024-04-16T00:34:32.621+0000] {logging_mixin.py:188} INFO - [2024-04-16T00:34:32.620+0000] {dag.py:3096} INFO - Sync 1 DAGs
[2024-04-16T00:34:32.653+0000] {logging_mixin.py:188} INFO - [2024-04-16T00:34:32.653+0000] {dag.py:3954} INFO - Setting next_dagrun for example_short_circuit_decorator to 2024-04-15 00:00:00+00:00, run_after=2024-04-16 00:00:00+00:00
[2024-04-16T00:34:32.687+0000] {processor.py:183} INFO - Processing /home/airflow/.local/lib/python3.12/site-packages/airflow/example_dags/example_short_circuit_decorator.py took 0.129 seconds
[2024-04-16T00:35:03.398+0000] {processor.py:161} INFO - Started process (PID=707) to work on /home/airflow/.local/lib/python3.12/site-packages/airflow/example_dags/example_short_circuit_decorator.py
[2024-04-16T00:35:03.400+0000] {processor.py:830} INFO - Processing file /home/airflow/.local/lib/python3.12/site-packages/airflow/example_dags/example_short_circuit_decorator.py for tasks to queue
[2024-04-16T00:35:03.404+0000] {logging_mixin.py:188} INFO - [2024-04-16T00:35:03.403+0000] {dagbag.py:540} INFO - Filling up the DagBag from /home/airflow/.local/lib/python3.12/site-packages/airflow/example_dags/example_short_circuit_decorator.py
[2024-04-16T00:35:03.433+0000] {processor.py:840} INFO - DAG(s) 'example_short_circuit_decorator' retrieved from /home/airflow/.local/lib/python3.12/site-packages/airflow/example_dags/example_short_circuit_decorator.py
[2024-04-16T00:35:03.476+0000] {logging_mixin.py:188} INFO - [2024-04-16T00:35:03.475+0000] {dag.py:3096} INFO - Sync 1 DAGs
[2024-04-16T00:35:03.511+0000] {logging_mixin.py:188} INFO - [2024-04-16T00:35:03.511+0000] {dag.py:3954} INFO - Setting next_dagrun for example_short_circuit_decorator to 2024-04-15 00:00:00+00:00, run_after=2024-04-16 00:00:00+00:00
[2024-04-16T00:35:03.548+0000] {processor.py:183} INFO - Processing /home/airflow/.local/lib/python3.12/site-packages/airflow/example_dags/example_short_circuit_decorator.py took 0.161 seconds
