[2024-04-16T00:07:50.269+0000] {processor.py:161} INFO - Started process (PID=54) to work on /home/airflow/.local/lib/python3.12/site-packages/airflow/example_dags/example_task_group_decorator.py
[2024-04-16T00:07:50.270+0000] {processor.py:830} INFO - Processing file /home/airflow/.local/lib/python3.12/site-packages/airflow/example_dags/example_task_group_decorator.py for tasks to queue
[2024-04-16T00:07:50.272+0000] {logging_mixin.py:188} INFO - [2024-04-16T00:07:50.272+0000] {dagbag.py:540} INFO - Filling up the DagBag from /home/airflow/.local/lib/python3.12/site-packages/airflow/example_dags/example_task_group_decorator.py
[2024-04-16T00:07:50.665+0000] {processor.py:840} INFO - DAG(s) 'example_task_group_decorator' retrieved from /home/airflow/.local/lib/python3.12/site-packages/airflow/example_dags/example_task_group_decorator.py
[2024-04-16T00:07:50.712+0000] {logging_mixin.py:188} INFO - [2024-04-16T00:07:50.712+0000] {dag.py:3096} INFO - Sync 1 DAGs
[2024-04-16T00:07:50.748+0000] {logging_mixin.py:188} INFO - [2024-04-16T00:07:50.747+0000] {dag.py:3954} INFO - Setting next_dagrun for example_task_group_decorator to 2024-04-15 00:00:00+00:00, run_after=2024-04-16 00:00:00+00:00
[2024-04-16T00:07:51.772+0000] {processor.py:183} INFO - Processing /home/airflow/.local/lib/python3.12/site-packages/airflow/example_dags/example_task_group_decorator.py took 1.511 seconds
[2024-04-16T00:08:22.656+0000] {processor.py:161} INFO - Started process (PID=112) to work on /home/airflow/.local/lib/python3.12/site-packages/airflow/example_dags/example_task_group_decorator.py
[2024-04-16T00:08:22.658+0000] {processor.py:830} INFO - Processing file /home/airflow/.local/lib/python3.12/site-packages/airflow/example_dags/example_task_group_decorator.py for tasks to queue
[2024-04-16T00:08:22.662+0000] {logging_mixin.py:188} INFO - [2024-04-16T00:08:22.662+0000] {dagbag.py:540} INFO - Filling up the DagBag from /home/airflow/.local/lib/python3.12/site-packages/airflow/example_dags/example_task_group_decorator.py
[2024-04-16T00:08:22.684+0000] {processor.py:840} INFO - DAG(s) 'example_task_group_decorator' retrieved from /home/airflow/.local/lib/python3.12/site-packages/airflow/example_dags/example_task_group_decorator.py
[2024-04-16T00:08:22.729+0000] {logging_mixin.py:188} INFO - [2024-04-16T00:08:22.729+0000] {dag.py:3096} INFO - Sync 1 DAGs
[2024-04-16T00:08:22.763+0000] {logging_mixin.py:188} INFO - [2024-04-16T00:08:22.762+0000] {dag.py:3954} INFO - Setting next_dagrun for example_task_group_decorator to 2024-04-15 00:00:00+00:00, run_after=2024-04-16 00:00:00+00:00
[2024-04-16T00:08:22.795+0000] {processor.py:183} INFO - Processing /home/airflow/.local/lib/python3.12/site-packages/airflow/example_dags/example_task_group_decorator.py took 0.156 seconds
[2024-04-16T00:08:52.929+0000] {processor.py:161} INFO - Started process (PID=170) to work on /home/airflow/.local/lib/python3.12/site-packages/airflow/example_dags/example_task_group_decorator.py
[2024-04-16T00:08:52.931+0000] {processor.py:830} INFO - Processing file /home/airflow/.local/lib/python3.12/site-packages/airflow/example_dags/example_task_group_decorator.py for tasks to queue
[2024-04-16T00:08:52.934+0000] {logging_mixin.py:188} INFO - [2024-04-16T00:08:52.934+0000] {dagbag.py:540} INFO - Filling up the DagBag from /home/airflow/.local/lib/python3.12/site-packages/airflow/example_dags/example_task_group_decorator.py
[2024-04-16T00:08:52.956+0000] {processor.py:840} INFO - DAG(s) 'example_task_group_decorator' retrieved from /home/airflow/.local/lib/python3.12/site-packages/airflow/example_dags/example_task_group_decorator.py
[2024-04-16T00:08:53.002+0000] {logging_mixin.py:188} INFO - [2024-04-16T00:08:53.002+0000] {dag.py:3096} INFO - Sync 1 DAGs
[2024-04-16T00:08:53.041+0000] {logging_mixin.py:188} INFO - [2024-04-16T00:08:53.041+0000] {dag.py:3954} INFO - Setting next_dagrun for example_task_group_decorator to 2024-04-15 00:00:00+00:00, run_after=2024-04-16 00:00:00+00:00
[2024-04-16T00:08:53.074+0000] {processor.py:183} INFO - Processing /home/airflow/.local/lib/python3.12/site-packages/airflow/example_dags/example_task_group_decorator.py took 0.153 seconds
[2024-04-16T00:09:23.489+0000] {processor.py:161} INFO - Started process (PID=235) to work on /home/airflow/.local/lib/python3.12/site-packages/airflow/example_dags/example_task_group_decorator.py
[2024-04-16T00:09:23.491+0000] {processor.py:830} INFO - Processing file /home/airflow/.local/lib/python3.12/site-packages/airflow/example_dags/example_task_group_decorator.py for tasks to queue
[2024-04-16T00:09:23.494+0000] {logging_mixin.py:188} INFO - [2024-04-16T00:09:23.493+0000] {dagbag.py:540} INFO - Filling up the DagBag from /home/airflow/.local/lib/python3.12/site-packages/airflow/example_dags/example_task_group_decorator.py
[2024-04-16T00:09:23.516+0000] {processor.py:840} INFO - DAG(s) 'example_task_group_decorator' retrieved from /home/airflow/.local/lib/python3.12/site-packages/airflow/example_dags/example_task_group_decorator.py
[2024-04-16T00:09:23.555+0000] {logging_mixin.py:188} INFO - [2024-04-16T00:09:23.555+0000] {dag.py:3096} INFO - Sync 1 DAGs
[2024-04-16T00:09:23.587+0000] {logging_mixin.py:188} INFO - [2024-04-16T00:09:23.587+0000] {dag.py:3954} INFO - Setting next_dagrun for example_task_group_decorator to 2024-04-15 00:00:00+00:00, run_after=2024-04-16 00:00:00+00:00
[2024-04-16T00:09:23.616+0000] {processor.py:183} INFO - Processing /home/airflow/.local/lib/python3.12/site-packages/airflow/example_dags/example_task_group_decorator.py took 0.138 seconds
[2024-04-16T00:09:53.740+0000] {processor.py:161} INFO - Started process (PID=293) to work on /home/airflow/.local/lib/python3.12/site-packages/airflow/example_dags/example_task_group_decorator.py
[2024-04-16T00:09:53.742+0000] {processor.py:830} INFO - Processing file /home/airflow/.local/lib/python3.12/site-packages/airflow/example_dags/example_task_group_decorator.py for tasks to queue
[2024-04-16T00:09:53.745+0000] {logging_mixin.py:188} INFO - [2024-04-16T00:09:53.744+0000] {dagbag.py:540} INFO - Filling up the DagBag from /home/airflow/.local/lib/python3.12/site-packages/airflow/example_dags/example_task_group_decorator.py
[2024-04-16T00:09:53.765+0000] {processor.py:840} INFO - DAG(s) 'example_task_group_decorator' retrieved from /home/airflow/.local/lib/python3.12/site-packages/airflow/example_dags/example_task_group_decorator.py
[2024-04-16T00:09:53.805+0000] {logging_mixin.py:188} INFO - [2024-04-16T00:09:53.804+0000] {dag.py:3096} INFO - Sync 1 DAGs
[2024-04-16T00:09:53.837+0000] {logging_mixin.py:188} INFO - [2024-04-16T00:09:53.837+0000] {dag.py:3954} INFO - Setting next_dagrun for example_task_group_decorator to 2024-04-15 00:00:00+00:00, run_after=2024-04-16 00:00:00+00:00
[2024-04-16T00:09:53.866+0000] {processor.py:183} INFO - Processing /home/airflow/.local/lib/python3.12/site-packages/airflow/example_dags/example_task_group_decorator.py took 0.134 seconds
[2024-04-16T00:10:24.525+0000] {processor.py:161} INFO - Started process (PID=351) to work on /home/airflow/.local/lib/python3.12/site-packages/airflow/example_dags/example_task_group_decorator.py
[2024-04-16T00:10:24.527+0000] {processor.py:830} INFO - Processing file /home/airflow/.local/lib/python3.12/site-packages/airflow/example_dags/example_task_group_decorator.py for tasks to queue
[2024-04-16T00:10:24.529+0000] {logging_mixin.py:188} INFO - [2024-04-16T00:10:24.529+0000] {dagbag.py:540} INFO - Filling up the DagBag from /home/airflow/.local/lib/python3.12/site-packages/airflow/example_dags/example_task_group_decorator.py
[2024-04-16T00:10:24.552+0000] {processor.py:840} INFO - DAG(s) 'example_task_group_decorator' retrieved from /home/airflow/.local/lib/python3.12/site-packages/airflow/example_dags/example_task_group_decorator.py
[2024-04-16T00:10:24.591+0000] {logging_mixin.py:188} INFO - [2024-04-16T00:10:24.591+0000] {dag.py:3096} INFO - Sync 1 DAGs
[2024-04-16T00:10:24.624+0000] {logging_mixin.py:188} INFO - [2024-04-16T00:10:24.624+0000] {dag.py:3954} INFO - Setting next_dagrun for example_task_group_decorator to 2024-04-15 00:00:00+00:00, run_after=2024-04-16 00:00:00+00:00
[2024-04-16T00:10:24.653+0000] {processor.py:183} INFO - Processing /home/airflow/.local/lib/python3.12/site-packages/airflow/example_dags/example_task_group_decorator.py took 0.137 seconds
[2024-04-16T00:10:54.865+0000] {processor.py:161} INFO - Started process (PID=409) to work on /home/airflow/.local/lib/python3.12/site-packages/airflow/example_dags/example_task_group_decorator.py
[2024-04-16T00:10:54.866+0000] {processor.py:830} INFO - Processing file /home/airflow/.local/lib/python3.12/site-packages/airflow/example_dags/example_task_group_decorator.py for tasks to queue
[2024-04-16T00:10:54.870+0000] {logging_mixin.py:188} INFO - [2024-04-16T00:10:54.869+0000] {dagbag.py:540} INFO - Filling up the DagBag from /home/airflow/.local/lib/python3.12/site-packages/airflow/example_dags/example_task_group_decorator.py
[2024-04-16T00:10:54.894+0000] {processor.py:840} INFO - DAG(s) 'example_task_group_decorator' retrieved from /home/airflow/.local/lib/python3.12/site-packages/airflow/example_dags/example_task_group_decorator.py
[2024-04-16T00:10:54.942+0000] {logging_mixin.py:188} INFO - [2024-04-16T00:10:54.941+0000] {dag.py:3096} INFO - Sync 1 DAGs
[2024-04-16T00:10:54.980+0000] {logging_mixin.py:188} INFO - [2024-04-16T00:10:54.980+0000] {dag.py:3954} INFO - Setting next_dagrun for example_task_group_decorator to 2024-04-15 00:00:00+00:00, run_after=2024-04-16 00:00:00+00:00
[2024-04-16T00:10:55.009+0000] {processor.py:183} INFO - Processing /home/airflow/.local/lib/python3.12/site-packages/airflow/example_dags/example_task_group_decorator.py took 0.154 seconds
[2024-04-16T00:11:25.425+0000] {processor.py:161} INFO - Started process (PID=467) to work on /home/airflow/.local/lib/python3.12/site-packages/airflow/example_dags/example_task_group_decorator.py
[2024-04-16T00:11:25.428+0000] {processor.py:830} INFO - Processing file /home/airflow/.local/lib/python3.12/site-packages/airflow/example_dags/example_task_group_decorator.py for tasks to queue
[2024-04-16T00:11:25.431+0000] {logging_mixin.py:188} INFO - [2024-04-16T00:11:25.430+0000] {dagbag.py:540} INFO - Filling up the DagBag from /home/airflow/.local/lib/python3.12/site-packages/airflow/example_dags/example_task_group_decorator.py
[2024-04-16T00:11:25.455+0000] {processor.py:840} INFO - DAG(s) 'example_task_group_decorator' retrieved from /home/airflow/.local/lib/python3.12/site-packages/airflow/example_dags/example_task_group_decorator.py
[2024-04-16T00:11:25.501+0000] {logging_mixin.py:188} INFO - [2024-04-16T00:11:25.500+0000] {dag.py:3096} INFO - Sync 1 DAGs
[2024-04-16T00:11:25.536+0000] {logging_mixin.py:188} INFO - [2024-04-16T00:11:25.535+0000] {dag.py:3954} INFO - Setting next_dagrun for example_task_group_decorator to 2024-04-15 00:00:00+00:00, run_after=2024-04-16 00:00:00+00:00
[2024-04-16T00:11:25.594+0000] {processor.py:183} INFO - Processing /home/airflow/.local/lib/python3.12/site-packages/airflow/example_dags/example_task_group_decorator.py took 0.178 seconds
[2024-04-16T00:11:55.824+0000] {processor.py:161} INFO - Started process (PID=525) to work on /home/airflow/.local/lib/python3.12/site-packages/airflow/example_dags/example_task_group_decorator.py
[2024-04-16T00:11:55.826+0000] {processor.py:830} INFO - Processing file /home/airflow/.local/lib/python3.12/site-packages/airflow/example_dags/example_task_group_decorator.py for tasks to queue
[2024-04-16T00:11:55.828+0000] {logging_mixin.py:188} INFO - [2024-04-16T00:11:55.828+0000] {dagbag.py:540} INFO - Filling up the DagBag from /home/airflow/.local/lib/python3.12/site-packages/airflow/example_dags/example_task_group_decorator.py
[2024-04-16T00:11:55.851+0000] {processor.py:840} INFO - DAG(s) 'example_task_group_decorator' retrieved from /home/airflow/.local/lib/python3.12/site-packages/airflow/example_dags/example_task_group_decorator.py
[2024-04-16T00:11:55.899+0000] {logging_mixin.py:188} INFO - [2024-04-16T00:11:55.899+0000] {dag.py:3096} INFO - Sync 1 DAGs
[2024-04-16T00:11:55.938+0000] {logging_mixin.py:188} INFO - [2024-04-16T00:11:55.937+0000] {dag.py:3954} INFO - Setting next_dagrun for example_task_group_decorator to 2024-04-15 00:00:00+00:00, run_after=2024-04-16 00:00:00+00:00
[2024-04-16T00:11:55.978+0000] {processor.py:183} INFO - Processing /home/airflow/.local/lib/python3.12/site-packages/airflow/example_dags/example_task_group_decorator.py took 0.163 seconds
[2024-04-16T00:12:44.729+0000] {processor.py:161} INFO - Started process (PID=54) to work on /home/airflow/.local/lib/python3.12/site-packages/airflow/example_dags/example_task_group_decorator.py
[2024-04-16T00:12:44.730+0000] {processor.py:830} INFO - Processing file /home/airflow/.local/lib/python3.12/site-packages/airflow/example_dags/example_task_group_decorator.py for tasks to queue
[2024-04-16T00:12:44.733+0000] {logging_mixin.py:188} INFO - [2024-04-16T00:12:44.732+0000] {dagbag.py:540} INFO - Filling up the DagBag from /home/airflow/.local/lib/python3.12/site-packages/airflow/example_dags/example_task_group_decorator.py
[2024-04-16T00:12:44.757+0000] {processor.py:840} INFO - DAG(s) 'example_task_group_decorator' retrieved from /home/airflow/.local/lib/python3.12/site-packages/airflow/example_dags/example_task_group_decorator.py
[2024-04-16T00:12:44.809+0000] {logging_mixin.py:188} INFO - [2024-04-16T00:12:44.808+0000] {dag.py:3096} INFO - Sync 1 DAGs
[2024-04-16T00:12:44.841+0000] {logging_mixin.py:188} INFO - [2024-04-16T00:12:44.841+0000] {dag.py:3954} INFO - Setting next_dagrun for example_task_group_decorator to 2024-04-15 00:00:00+00:00, run_after=2024-04-16 00:00:00+00:00
[2024-04-16T00:12:44.871+0000] {processor.py:183} INFO - Processing /home/airflow/.local/lib/python3.12/site-packages/airflow/example_dags/example_task_group_decorator.py took 0.151 seconds
[2024-04-16T00:28:19.025+0000] {processor.py:161} INFO - Started process (PID=60) to work on /home/airflow/.local/lib/python3.12/site-packages/airflow/example_dags/example_task_group_decorator.py
[2024-04-16T00:28:19.027+0000] {processor.py:830} INFO - Processing file /home/airflow/.local/lib/python3.12/site-packages/airflow/example_dags/example_task_group_decorator.py for tasks to queue
[2024-04-16T00:28:19.031+0000] {logging_mixin.py:188} INFO - [2024-04-16T00:28:19.030+0000] {dagbag.py:540} INFO - Filling up the DagBag from /home/airflow/.local/lib/python3.12/site-packages/airflow/example_dags/example_task_group_decorator.py
[2024-04-16T00:28:19.062+0000] {processor.py:840} INFO - DAG(s) 'example_task_group_decorator' retrieved from /home/airflow/.local/lib/python3.12/site-packages/airflow/example_dags/example_task_group_decorator.py
[2024-04-16T00:28:19.235+0000] {logging_mixin.py:188} INFO - [2024-04-16T00:28:19.235+0000] {dag.py:3096} INFO - Sync 1 DAGs
[2024-04-16T00:28:19.266+0000] {logging_mixin.py:188} INFO - [2024-04-16T00:28:19.266+0000] {dag.py:3954} INFO - Setting next_dagrun for example_task_group_decorator to 2024-04-15 00:00:00+00:00, run_after=2024-04-16 00:00:00+00:00
[2024-04-16T00:28:19.305+0000] {processor.py:183} INFO - Processing /home/airflow/.local/lib/python3.12/site-packages/airflow/example_dags/example_task_group_decorator.py took 0.291 seconds
[2024-04-16T00:29:25.747+0000] {processor.py:161} INFO - Started process (PID=54) to work on /home/airflow/.local/lib/python3.12/site-packages/airflow/example_dags/example_task_group_decorator.py
[2024-04-16T00:29:25.749+0000] {processor.py:830} INFO - Processing file /home/airflow/.local/lib/python3.12/site-packages/airflow/example_dags/example_task_group_decorator.py for tasks to queue
[2024-04-16T00:29:25.751+0000] {logging_mixin.py:188} INFO - [2024-04-16T00:29:25.751+0000] {dagbag.py:540} INFO - Filling up the DagBag from /home/airflow/.local/lib/python3.12/site-packages/airflow/example_dags/example_task_group_decorator.py
[2024-04-16T00:29:25.775+0000] {processor.py:840} INFO - DAG(s) 'example_task_group_decorator' retrieved from /home/airflow/.local/lib/python3.12/site-packages/airflow/example_dags/example_task_group_decorator.py
[2024-04-16T00:29:25.815+0000] {logging_mixin.py:188} INFO - [2024-04-16T00:29:25.814+0000] {dag.py:3096} INFO - Sync 1 DAGs
[2024-04-16T00:29:25.843+0000] {logging_mixin.py:188} INFO - [2024-04-16T00:29:25.843+0000] {dag.py:3954} INFO - Setting next_dagrun for example_task_group_decorator to 2024-04-15 00:00:00+00:00, run_after=2024-04-16 00:00:00+00:00
[2024-04-16T00:29:25.869+0000] {processor.py:183} INFO - Processing /home/airflow/.local/lib/python3.12/site-packages/airflow/example_dags/example_task_group_decorator.py took 0.130 seconds
[2024-04-16T00:29:56.384+0000] {processor.py:161} INFO - Started process (PID=112) to work on /home/airflow/.local/lib/python3.12/site-packages/airflow/example_dags/example_task_group_decorator.py
[2024-04-16T00:29:56.386+0000] {processor.py:830} INFO - Processing file /home/airflow/.local/lib/python3.12/site-packages/airflow/example_dags/example_task_group_decorator.py for tasks to queue
[2024-04-16T00:29:56.389+0000] {logging_mixin.py:188} INFO - [2024-04-16T00:29:56.388+0000] {dagbag.py:540} INFO - Filling up the DagBag from /home/airflow/.local/lib/python3.12/site-packages/airflow/example_dags/example_task_group_decorator.py
[2024-04-16T00:29:56.412+0000] {processor.py:840} INFO - DAG(s) 'example_task_group_decorator' retrieved from /home/airflow/.local/lib/python3.12/site-packages/airflow/example_dags/example_task_group_decorator.py
[2024-04-16T00:29:56.454+0000] {logging_mixin.py:188} INFO - [2024-04-16T00:29:56.454+0000] {dag.py:3096} INFO - Sync 1 DAGs
[2024-04-16T00:29:56.488+0000] {logging_mixin.py:188} INFO - [2024-04-16T00:29:56.488+0000] {dag.py:3954} INFO - Setting next_dagrun for example_task_group_decorator to 2024-04-15 00:00:00+00:00, run_after=2024-04-16 00:00:00+00:00
[2024-04-16T00:29:56.522+0000] {processor.py:183} INFO - Processing /home/airflow/.local/lib/python3.12/site-packages/airflow/example_dags/example_task_group_decorator.py took 0.146 seconds
[2024-04-16T00:30:26.999+0000] {processor.py:161} INFO - Started process (PID=170) to work on /home/airflow/.local/lib/python3.12/site-packages/airflow/example_dags/example_task_group_decorator.py
[2024-04-16T00:30:27.000+0000] {processor.py:830} INFO - Processing file /home/airflow/.local/lib/python3.12/site-packages/airflow/example_dags/example_task_group_decorator.py for tasks to queue
[2024-04-16T00:30:27.003+0000] {logging_mixin.py:188} INFO - [2024-04-16T00:30:27.002+0000] {dagbag.py:540} INFO - Filling up the DagBag from /home/airflow/.local/lib/python3.12/site-packages/airflow/example_dags/example_task_group_decorator.py
[2024-04-16T00:30:27.025+0000] {processor.py:840} INFO - DAG(s) 'example_task_group_decorator' retrieved from /home/airflow/.local/lib/python3.12/site-packages/airflow/example_dags/example_task_group_decorator.py
[2024-04-16T00:30:27.065+0000] {logging_mixin.py:188} INFO - [2024-04-16T00:30:27.065+0000] {dag.py:3096} INFO - Sync 1 DAGs
[2024-04-16T00:30:27.108+0000] {logging_mixin.py:188} INFO - [2024-04-16T00:30:27.107+0000] {dag.py:3954} INFO - Setting next_dagrun for example_task_group_decorator to 2024-04-15 00:00:00+00:00, run_after=2024-04-16 00:00:00+00:00
[2024-04-16T00:30:27.142+0000] {processor.py:183} INFO - Processing /home/airflow/.local/lib/python3.12/site-packages/airflow/example_dags/example_task_group_decorator.py took 0.153 seconds
[2024-04-16T00:30:57.642+0000] {processor.py:161} INFO - Started process (PID=228) to work on /home/airflow/.local/lib/python3.12/site-packages/airflow/example_dags/example_task_group_decorator.py
[2024-04-16T00:30:57.644+0000] {processor.py:830} INFO - Processing file /home/airflow/.local/lib/python3.12/site-packages/airflow/example_dags/example_task_group_decorator.py for tasks to queue
[2024-04-16T00:30:57.650+0000] {logging_mixin.py:188} INFO - [2024-04-16T00:30:57.649+0000] {dagbag.py:540} INFO - Filling up the DagBag from /home/airflow/.local/lib/python3.12/site-packages/airflow/example_dags/example_task_group_decorator.py
[2024-04-16T00:30:57.683+0000] {processor.py:840} INFO - DAG(s) 'example_task_group_decorator' retrieved from /home/airflow/.local/lib/python3.12/site-packages/airflow/example_dags/example_task_group_decorator.py
[2024-04-16T00:30:57.726+0000] {logging_mixin.py:188} INFO - [2024-04-16T00:30:57.726+0000] {dag.py:3096} INFO - Sync 1 DAGs
[2024-04-16T00:30:57.759+0000] {logging_mixin.py:188} INFO - [2024-04-16T00:30:57.759+0000] {dag.py:3954} INFO - Setting next_dagrun for example_task_group_decorator to 2024-04-15 00:00:00+00:00, run_after=2024-04-16 00:00:00+00:00
[2024-04-16T00:30:57.786+0000] {processor.py:183} INFO - Processing /home/airflow/.local/lib/python3.12/site-packages/airflow/example_dags/example_task_group_decorator.py took 0.162 seconds
[2024-04-16T00:31:27.976+0000] {processor.py:161} INFO - Started process (PID=286) to work on /home/airflow/.local/lib/python3.12/site-packages/airflow/example_dags/example_task_group_decorator.py
[2024-04-16T00:31:27.978+0000] {processor.py:830} INFO - Processing file /home/airflow/.local/lib/python3.12/site-packages/airflow/example_dags/example_task_group_decorator.py for tasks to queue
[2024-04-16T00:31:27.981+0000] {logging_mixin.py:188} INFO - [2024-04-16T00:31:27.980+0000] {dagbag.py:540} INFO - Filling up the DagBag from /home/airflow/.local/lib/python3.12/site-packages/airflow/example_dags/example_task_group_decorator.py
[2024-04-16T00:31:28.001+0000] {processor.py:840} INFO - DAG(s) 'example_task_group_decorator' retrieved from /home/airflow/.local/lib/python3.12/site-packages/airflow/example_dags/example_task_group_decorator.py
[2024-04-16T00:31:28.053+0000] {logging_mixin.py:188} INFO - [2024-04-16T00:31:28.052+0000] {dag.py:3096} INFO - Sync 1 DAGs
[2024-04-16T00:31:28.087+0000] {logging_mixin.py:188} INFO - [2024-04-16T00:31:28.087+0000] {dag.py:3954} INFO - Setting next_dagrun for example_task_group_decorator to 2024-04-15 00:00:00+00:00, run_after=2024-04-16 00:00:00+00:00
[2024-04-16T00:31:28.114+0000] {processor.py:183} INFO - Processing /home/airflow/.local/lib/python3.12/site-packages/airflow/example_dags/example_task_group_decorator.py took 0.150 seconds
[2024-04-16T00:31:58.202+0000] {processor.py:161} INFO - Started process (PID=345) to work on /home/airflow/.local/lib/python3.12/site-packages/airflow/example_dags/example_task_group_decorator.py
[2024-04-16T00:31:58.203+0000] {processor.py:830} INFO - Processing file /home/airflow/.local/lib/python3.12/site-packages/airflow/example_dags/example_task_group_decorator.py for tasks to queue
[2024-04-16T00:31:58.205+0000] {logging_mixin.py:188} INFO - [2024-04-16T00:31:58.205+0000] {dagbag.py:540} INFO - Filling up the DagBag from /home/airflow/.local/lib/python3.12/site-packages/airflow/example_dags/example_task_group_decorator.py
[2024-04-16T00:31:58.225+0000] {processor.py:840} INFO - DAG(s) 'example_task_group_decorator' retrieved from /home/airflow/.local/lib/python3.12/site-packages/airflow/example_dags/example_task_group_decorator.py
[2024-04-16T00:31:58.259+0000] {logging_mixin.py:188} INFO - [2024-04-16T00:31:58.259+0000] {dag.py:3096} INFO - Sync 1 DAGs
[2024-04-16T00:31:58.300+0000] {logging_mixin.py:188} INFO - [2024-04-16T00:31:58.300+0000] {dag.py:3954} INFO - Setting next_dagrun for example_task_group_decorator to 2024-04-15 00:00:00+00:00, run_after=2024-04-16 00:00:00+00:00
[2024-04-16T00:31:58.343+0000] {processor.py:183} INFO - Processing /home/airflow/.local/lib/python3.12/site-packages/airflow/example_dags/example_task_group_decorator.py took 0.149 seconds
[2024-04-16T00:32:28.512+0000] {processor.py:161} INFO - Started process (PID=403) to work on /home/airflow/.local/lib/python3.12/site-packages/airflow/example_dags/example_task_group_decorator.py
[2024-04-16T00:32:28.514+0000] {processor.py:830} INFO - Processing file /home/airflow/.local/lib/python3.12/site-packages/airflow/example_dags/example_task_group_decorator.py for tasks to queue
[2024-04-16T00:32:28.516+0000] {logging_mixin.py:188} INFO - [2024-04-16T00:32:28.516+0000] {dagbag.py:540} INFO - Filling up the DagBag from /home/airflow/.local/lib/python3.12/site-packages/airflow/example_dags/example_task_group_decorator.py
[2024-04-16T00:32:28.536+0000] {processor.py:840} INFO - DAG(s) 'example_task_group_decorator' retrieved from /home/airflow/.local/lib/python3.12/site-packages/airflow/example_dags/example_task_group_decorator.py
[2024-04-16T00:32:28.568+0000] {logging_mixin.py:188} INFO - [2024-04-16T00:32:28.568+0000] {dag.py:3096} INFO - Sync 1 DAGs
[2024-04-16T00:32:28.595+0000] {logging_mixin.py:188} INFO - [2024-04-16T00:32:28.595+0000] {dag.py:3954} INFO - Setting next_dagrun for example_task_group_decorator to 2024-04-15 00:00:00+00:00, run_after=2024-04-16 00:00:00+00:00
[2024-04-16T00:32:28.623+0000] {processor.py:183} INFO - Processing /home/airflow/.local/lib/python3.12/site-packages/airflow/example_dags/example_task_group_decorator.py took 0.119 seconds
[2024-04-16T00:32:58.824+0000] {processor.py:161} INFO - Started process (PID=461) to work on /home/airflow/.local/lib/python3.12/site-packages/airflow/example_dags/example_task_group_decorator.py
[2024-04-16T00:32:58.825+0000] {processor.py:830} INFO - Processing file /home/airflow/.local/lib/python3.12/site-packages/airflow/example_dags/example_task_group_decorator.py for tasks to queue
[2024-04-16T00:32:58.828+0000] {logging_mixin.py:188} INFO - [2024-04-16T00:32:58.828+0000] {dagbag.py:540} INFO - Filling up the DagBag from /home/airflow/.local/lib/python3.12/site-packages/airflow/example_dags/example_task_group_decorator.py
[2024-04-16T00:32:58.851+0000] {processor.py:840} INFO - DAG(s) 'example_task_group_decorator' retrieved from /home/airflow/.local/lib/python3.12/site-packages/airflow/example_dags/example_task_group_decorator.py
[2024-04-16T00:32:58.896+0000] {logging_mixin.py:188} INFO - [2024-04-16T00:32:58.896+0000] {dag.py:3096} INFO - Sync 1 DAGs
[2024-04-16T00:32:58.932+0000] {logging_mixin.py:188} INFO - [2024-04-16T00:32:58.932+0000] {dag.py:3954} INFO - Setting next_dagrun for example_task_group_decorator to 2024-04-15 00:00:00+00:00, run_after=2024-04-16 00:00:00+00:00
[2024-04-16T00:32:58.960+0000] {processor.py:183} INFO - Processing /home/airflow/.local/lib/python3.12/site-packages/airflow/example_dags/example_task_group_decorator.py took 0.145 seconds
[2024-04-16T00:33:29.077+0000] {processor.py:161} INFO - Started process (PID=519) to work on /home/airflow/.local/lib/python3.12/site-packages/airflow/example_dags/example_task_group_decorator.py
[2024-04-16T00:33:29.079+0000] {processor.py:830} INFO - Processing file /home/airflow/.local/lib/python3.12/site-packages/airflow/example_dags/example_task_group_decorator.py for tasks to queue
[2024-04-16T00:33:29.081+0000] {logging_mixin.py:188} INFO - [2024-04-16T00:33:29.081+0000] {dagbag.py:540} INFO - Filling up the DagBag from /home/airflow/.local/lib/python3.12/site-packages/airflow/example_dags/example_task_group_decorator.py
[2024-04-16T00:33:29.104+0000] {processor.py:840} INFO - DAG(s) 'example_task_group_decorator' retrieved from /home/airflow/.local/lib/python3.12/site-packages/airflow/example_dags/example_task_group_decorator.py
[2024-04-16T00:33:29.144+0000] {logging_mixin.py:188} INFO - [2024-04-16T00:33:29.143+0000] {dag.py:3096} INFO - Sync 1 DAGs
[2024-04-16T00:33:29.172+0000] {logging_mixin.py:188} INFO - [2024-04-16T00:33:29.172+0000] {dag.py:3954} INFO - Setting next_dagrun for example_task_group_decorator to 2024-04-15 00:00:00+00:00, run_after=2024-04-16 00:00:00+00:00
[2024-04-16T00:33:29.201+0000] {processor.py:183} INFO - Processing /home/airflow/.local/lib/python3.12/site-packages/airflow/example_dags/example_task_group_decorator.py took 0.134 seconds
[2024-04-16T00:33:59.743+0000] {processor.py:161} INFO - Started process (PID=577) to work on /home/airflow/.local/lib/python3.12/site-packages/airflow/example_dags/example_task_group_decorator.py
[2024-04-16T00:33:59.744+0000] {processor.py:830} INFO - Processing file /home/airflow/.local/lib/python3.12/site-packages/airflow/example_dags/example_task_group_decorator.py for tasks to queue
[2024-04-16T00:33:59.747+0000] {logging_mixin.py:188} INFO - [2024-04-16T00:33:59.746+0000] {dagbag.py:540} INFO - Filling up the DagBag from /home/airflow/.local/lib/python3.12/site-packages/airflow/example_dags/example_task_group_decorator.py
[2024-04-16T00:33:59.768+0000] {processor.py:840} INFO - DAG(s) 'example_task_group_decorator' retrieved from /home/airflow/.local/lib/python3.12/site-packages/airflow/example_dags/example_task_group_decorator.py
[2024-04-16T00:33:59.805+0000] {logging_mixin.py:188} INFO - [2024-04-16T00:33:59.805+0000] {dag.py:3096} INFO - Sync 1 DAGs
[2024-04-16T00:33:59.836+0000] {logging_mixin.py:188} INFO - [2024-04-16T00:33:59.835+0000] {dag.py:3954} INFO - Setting next_dagrun for example_task_group_decorator to 2024-04-15 00:00:00+00:00, run_after=2024-04-16 00:00:00+00:00
[2024-04-16T00:33:59.863+0000] {processor.py:183} INFO - Processing /home/airflow/.local/lib/python3.12/site-packages/airflow/example_dags/example_task_group_decorator.py took 0.128 seconds
