[2024-04-16T00:07:49.652+0000] {processor.py:161} INFO - Started process (PID=50) to work on /home/airflow/.local/lib/python3.12/site-packages/airflow/example_dags/example_branch_operator.py
[2024-04-16T00:07:49.653+0000] {processor.py:830} INFO - Processing file /home/airflow/.local/lib/python3.12/site-packages/airflow/example_dags/example_branch_operator.py for tasks to queue
[2024-04-16T00:07:49.657+0000] {logging_mixin.py:188} INFO - [2024-04-16T00:07:49.656+0000] {dagbag.py:540} INFO - Filling up the DagBag from /home/airflow/.local/lib/python3.12/site-packages/airflow/example_dags/example_branch_operator.py
[2024-04-16T00:07:49.764+0000] {processor.py:840} INFO - DAG(s) 'example_branch_operator' retrieved from /home/airflow/.local/lib/python3.12/site-packages/airflow/example_dags/example_branch_operator.py
[2024-04-16T00:07:49.946+0000] {logging_mixin.py:188} INFO - [2024-04-16T00:07:49.945+0000] {dag.py:3096} INFO - Sync 1 DAGs
[2024-04-16T00:07:49.978+0000] {logging_mixin.py:188} INFO - [2024-04-16T00:07:49.977+0000] {dag.py:3954} INFO - Setting next_dagrun for example_branch_operator to 2024-04-15 00:00:00+00:00, run_after=2024-04-16 00:00:00+00:00
[2024-04-16T00:07:50.019+0000] {processor.py:183} INFO - Processing /home/airflow/.local/lib/python3.12/site-packages/airflow/example_dags/example_branch_operator.py took 0.376 seconds
[2024-04-16T00:08:20.240+0000] {processor.py:161} INFO - Started process (PID=109) to work on /home/airflow/.local/lib/python3.12/site-packages/airflow/example_dags/example_branch_operator.py
[2024-04-16T00:08:20.242+0000] {processor.py:830} INFO - Processing file /home/airflow/.local/lib/python3.12/site-packages/airflow/example_dags/example_branch_operator.py for tasks to queue
[2024-04-16T00:08:20.245+0000] {logging_mixin.py:188} INFO - [2024-04-16T00:08:20.244+0000] {dagbag.py:540} INFO - Filling up the DagBag from /home/airflow/.local/lib/python3.12/site-packages/airflow/example_dags/example_branch_operator.py
[2024-04-16T00:08:20.270+0000] {processor.py:840} INFO - DAG(s) 'example_branch_operator' retrieved from /home/airflow/.local/lib/python3.12/site-packages/airflow/example_dags/example_branch_operator.py
[2024-04-16T00:08:20.312+0000] {logging_mixin.py:188} INFO - [2024-04-16T00:08:20.312+0000] {dag.py:3096} INFO - Sync 1 DAGs
[2024-04-16T00:08:20.344+0000] {logging_mixin.py:188} INFO - [2024-04-16T00:08:20.344+0000] {dag.py:3954} INFO - Setting next_dagrun for example_branch_operator to 2024-04-15 00:00:00+00:00, run_after=2024-04-16 00:00:00+00:00
[2024-04-16T00:08:20.374+0000] {processor.py:183} INFO - Processing /home/airflow/.local/lib/python3.12/site-packages/airflow/example_dags/example_branch_operator.py took 0.143 seconds
[2024-04-16T00:08:50.591+0000] {processor.py:161} INFO - Started process (PID=166) to work on /home/airflow/.local/lib/python3.12/site-packages/airflow/example_dags/example_branch_operator.py
[2024-04-16T00:08:50.593+0000] {processor.py:830} INFO - Processing file /home/airflow/.local/lib/python3.12/site-packages/airflow/example_dags/example_branch_operator.py for tasks to queue
[2024-04-16T00:08:50.598+0000] {logging_mixin.py:188} INFO - [2024-04-16T00:08:50.597+0000] {dagbag.py:540} INFO - Filling up the DagBag from /home/airflow/.local/lib/python3.12/site-packages/airflow/example_dags/example_branch_operator.py
[2024-04-16T00:08:50.634+0000] {processor.py:840} INFO - DAG(s) 'example_branch_operator' retrieved from /home/airflow/.local/lib/python3.12/site-packages/airflow/example_dags/example_branch_operator.py
[2024-04-16T00:08:50.682+0000] {logging_mixin.py:188} INFO - [2024-04-16T00:08:50.681+0000] {dag.py:3096} INFO - Sync 1 DAGs
[2024-04-16T00:08:50.717+0000] {logging_mixin.py:188} INFO - [2024-04-16T00:08:50.717+0000] {dag.py:3954} INFO - Setting next_dagrun for example_branch_operator to 2024-04-15 00:00:00+00:00, run_after=2024-04-16 00:00:00+00:00
[2024-04-16T00:08:50.748+0000] {processor.py:183} INFO - Processing /home/airflow/.local/lib/python3.12/site-packages/airflow/example_dags/example_branch_operator.py took 0.174 seconds
[2024-04-16T00:09:21.090+0000] {processor.py:161} INFO - Started process (PID=224) to work on /home/airflow/.local/lib/python3.12/site-packages/airflow/example_dags/example_branch_operator.py
[2024-04-16T00:09:21.092+0000] {processor.py:830} INFO - Processing file /home/airflow/.local/lib/python3.12/site-packages/airflow/example_dags/example_branch_operator.py for tasks to queue
[2024-04-16T00:09:21.095+0000] {logging_mixin.py:188} INFO - [2024-04-16T00:09:21.094+0000] {dagbag.py:540} INFO - Filling up the DagBag from /home/airflow/.local/lib/python3.12/site-packages/airflow/example_dags/example_branch_operator.py
[2024-04-16T00:09:21.120+0000] {processor.py:840} INFO - DAG(s) 'example_branch_operator' retrieved from /home/airflow/.local/lib/python3.12/site-packages/airflow/example_dags/example_branch_operator.py
[2024-04-16T00:09:21.167+0000] {logging_mixin.py:188} INFO - [2024-04-16T00:09:21.166+0000] {dag.py:3096} INFO - Sync 1 DAGs
[2024-04-16T00:09:21.202+0000] {logging_mixin.py:188} INFO - [2024-04-16T00:09:21.202+0000] {dag.py:3954} INFO - Setting next_dagrun for example_branch_operator to 2024-04-15 00:00:00+00:00, run_after=2024-04-16 00:00:00+00:00
[2024-04-16T00:09:21.234+0000] {processor.py:183} INFO - Processing /home/airflow/.local/lib/python3.12/site-packages/airflow/example_dags/example_branch_operator.py took 0.153 seconds
[2024-04-16T00:09:51.393+0000] {processor.py:161} INFO - Started process (PID=283) to work on /home/airflow/.local/lib/python3.12/site-packages/airflow/example_dags/example_branch_operator.py
[2024-04-16T00:09:51.394+0000] {processor.py:830} INFO - Processing file /home/airflow/.local/lib/python3.12/site-packages/airflow/example_dags/example_branch_operator.py for tasks to queue
[2024-04-16T00:09:51.397+0000] {logging_mixin.py:188} INFO - [2024-04-16T00:09:51.396+0000] {dagbag.py:540} INFO - Filling up the DagBag from /home/airflow/.local/lib/python3.12/site-packages/airflow/example_dags/example_branch_operator.py
[2024-04-16T00:09:51.426+0000] {processor.py:840} INFO - DAG(s) 'example_branch_operator' retrieved from /home/airflow/.local/lib/python3.12/site-packages/airflow/example_dags/example_branch_operator.py
[2024-04-16T00:09:51.473+0000] {logging_mixin.py:188} INFO - [2024-04-16T00:09:51.473+0000] {dag.py:3096} INFO - Sync 1 DAGs
[2024-04-16T00:09:51.508+0000] {logging_mixin.py:188} INFO - [2024-04-16T00:09:51.508+0000] {dag.py:3954} INFO - Setting next_dagrun for example_branch_operator to 2024-04-15 00:00:00+00:00, run_after=2024-04-16 00:00:00+00:00
[2024-04-16T00:09:51.539+0000] {processor.py:183} INFO - Processing /home/airflow/.local/lib/python3.12/site-packages/airflow/example_dags/example_branch_operator.py took 0.155 seconds
[2024-04-16T00:10:22.216+0000] {processor.py:161} INFO - Started process (PID=341) to work on /home/airflow/.local/lib/python3.12/site-packages/airflow/example_dags/example_branch_operator.py
[2024-04-16T00:10:22.218+0000] {processor.py:830} INFO - Processing file /home/airflow/.local/lib/python3.12/site-packages/airflow/example_dags/example_branch_operator.py for tasks to queue
[2024-04-16T00:10:22.221+0000] {logging_mixin.py:188} INFO - [2024-04-16T00:10:22.220+0000] {dagbag.py:540} INFO - Filling up the DagBag from /home/airflow/.local/lib/python3.12/site-packages/airflow/example_dags/example_branch_operator.py
[2024-04-16T00:10:22.246+0000] {processor.py:840} INFO - DAG(s) 'example_branch_operator' retrieved from /home/airflow/.local/lib/python3.12/site-packages/airflow/example_dags/example_branch_operator.py
[2024-04-16T00:10:22.290+0000] {logging_mixin.py:188} INFO - [2024-04-16T00:10:22.289+0000] {dag.py:3096} INFO - Sync 1 DAGs
[2024-04-16T00:10:22.325+0000] {logging_mixin.py:188} INFO - [2024-04-16T00:10:22.324+0000] {dag.py:3954} INFO - Setting next_dagrun for example_branch_operator to 2024-04-15 00:00:00+00:00, run_after=2024-04-16 00:00:00+00:00
[2024-04-16T00:10:22.353+0000] {processor.py:183} INFO - Processing /home/airflow/.local/lib/python3.12/site-packages/airflow/example_dags/example_branch_operator.py took 0.146 seconds
[2024-04-16T00:10:52.461+0000] {processor.py:161} INFO - Started process (PID=399) to work on /home/airflow/.local/lib/python3.12/site-packages/airflow/example_dags/example_branch_operator.py
[2024-04-16T00:10:52.463+0000] {processor.py:830} INFO - Processing file /home/airflow/.local/lib/python3.12/site-packages/airflow/example_dags/example_branch_operator.py for tasks to queue
[2024-04-16T00:10:52.466+0000] {logging_mixin.py:188} INFO - [2024-04-16T00:10:52.466+0000] {dagbag.py:540} INFO - Filling up the DagBag from /home/airflow/.local/lib/python3.12/site-packages/airflow/example_dags/example_branch_operator.py
[2024-04-16T00:10:52.491+0000] {processor.py:840} INFO - DAG(s) 'example_branch_operator' retrieved from /home/airflow/.local/lib/python3.12/site-packages/airflow/example_dags/example_branch_operator.py
[2024-04-16T00:10:52.542+0000] {logging_mixin.py:188} INFO - [2024-04-16T00:10:52.542+0000] {dag.py:3096} INFO - Sync 1 DAGs
[2024-04-16T00:10:52.579+0000] {logging_mixin.py:188} INFO - [2024-04-16T00:10:52.579+0000] {dag.py:3954} INFO - Setting next_dagrun for example_branch_operator to 2024-04-15 00:00:00+00:00, run_after=2024-04-16 00:00:00+00:00
[2024-04-16T00:10:52.611+0000] {processor.py:183} INFO - Processing /home/airflow/.local/lib/python3.12/site-packages/airflow/example_dags/example_branch_operator.py took 0.158 seconds
[2024-04-16T00:11:22.996+0000] {processor.py:161} INFO - Started process (PID=457) to work on /home/airflow/.local/lib/python3.12/site-packages/airflow/example_dags/example_branch_operator.py
[2024-04-16T00:11:22.998+0000] {processor.py:830} INFO - Processing file /home/airflow/.local/lib/python3.12/site-packages/airflow/example_dags/example_branch_operator.py for tasks to queue
[2024-04-16T00:11:23.001+0000] {logging_mixin.py:188} INFO - [2024-04-16T00:11:23.001+0000] {dagbag.py:540} INFO - Filling up the DagBag from /home/airflow/.local/lib/python3.12/site-packages/airflow/example_dags/example_branch_operator.py
[2024-04-16T00:11:23.031+0000] {processor.py:840} INFO - DAG(s) 'example_branch_operator' retrieved from /home/airflow/.local/lib/python3.12/site-packages/airflow/example_dags/example_branch_operator.py
[2024-04-16T00:11:23.080+0000] {logging_mixin.py:188} INFO - [2024-04-16T00:11:23.079+0000] {dag.py:3096} INFO - Sync 1 DAGs
[2024-04-16T00:11:23.118+0000] {logging_mixin.py:188} INFO - [2024-04-16T00:11:23.118+0000] {dag.py:3954} INFO - Setting next_dagrun for example_branch_operator to 2024-04-15 00:00:00+00:00, run_after=2024-04-16 00:00:00+00:00
[2024-04-16T00:11:23.148+0000] {processor.py:183} INFO - Processing /home/airflow/.local/lib/python3.12/site-packages/airflow/example_dags/example_branch_operator.py took 0.166 seconds
[2024-04-16T00:11:53.479+0000] {processor.py:161} INFO - Started process (PID=515) to work on /home/airflow/.local/lib/python3.12/site-packages/airflow/example_dags/example_branch_operator.py
[2024-04-16T00:11:53.480+0000] {processor.py:830} INFO - Processing file /home/airflow/.local/lib/python3.12/site-packages/airflow/example_dags/example_branch_operator.py for tasks to queue
[2024-04-16T00:11:53.482+0000] {logging_mixin.py:188} INFO - [2024-04-16T00:11:53.482+0000] {dagbag.py:540} INFO - Filling up the DagBag from /home/airflow/.local/lib/python3.12/site-packages/airflow/example_dags/example_branch_operator.py
[2024-04-16T00:11:53.505+0000] {processor.py:840} INFO - DAG(s) 'example_branch_operator' retrieved from /home/airflow/.local/lib/python3.12/site-packages/airflow/example_dags/example_branch_operator.py
[2024-04-16T00:11:53.546+0000] {logging_mixin.py:188} INFO - [2024-04-16T00:11:53.546+0000] {dag.py:3096} INFO - Sync 1 DAGs
[2024-04-16T00:11:53.580+0000] {logging_mixin.py:188} INFO - [2024-04-16T00:11:53.580+0000] {dag.py:3954} INFO - Setting next_dagrun for example_branch_operator to 2024-04-15 00:00:00+00:00, run_after=2024-04-16 00:00:00+00:00
[2024-04-16T00:11:53.607+0000] {processor.py:183} INFO - Processing /home/airflow/.local/lib/python3.12/site-packages/airflow/example_dags/example_branch_operator.py took 0.137 seconds
[2024-04-16T00:12:44.109+0000] {processor.py:161} INFO - Started process (PID=50) to work on /home/airflow/.local/lib/python3.12/site-packages/airflow/example_dags/example_branch_operator.py
[2024-04-16T00:12:44.113+0000] {processor.py:830} INFO - Processing file /home/airflow/.local/lib/python3.12/site-packages/airflow/example_dags/example_branch_operator.py for tasks to queue
[2024-04-16T00:12:44.116+0000] {logging_mixin.py:188} INFO - [2024-04-16T00:12:44.116+0000] {dagbag.py:540} INFO - Filling up the DagBag from /home/airflow/.local/lib/python3.12/site-packages/airflow/example_dags/example_branch_operator.py
[2024-04-16T00:12:44.148+0000] {processor.py:840} INFO - DAG(s) 'example_branch_operator' retrieved from /home/airflow/.local/lib/python3.12/site-packages/airflow/example_dags/example_branch_operator.py
[2024-04-16T00:12:44.331+0000] {logging_mixin.py:188} INFO - [2024-04-16T00:12:44.331+0000] {dag.py:3096} INFO - Sync 1 DAGs
[2024-04-16T00:12:44.392+0000] {logging_mixin.py:188} INFO - [2024-04-16T00:12:44.391+0000] {dag.py:3954} INFO - Setting next_dagrun for example_branch_operator to 2024-04-15 00:00:00+00:00, run_after=2024-04-16 00:00:00+00:00
[2024-04-16T00:12:44.460+0000] {processor.py:183} INFO - Processing /home/airflow/.local/lib/python3.12/site-packages/airflow/example_dags/example_branch_operator.py took 0.362 seconds
[2024-04-16T00:28:18.363+0000] {processor.py:161} INFO - Started process (PID=56) to work on /home/airflow/.local/lib/python3.12/site-packages/airflow/example_dags/example_branch_operator.py
[2024-04-16T00:28:18.365+0000] {processor.py:830} INFO - Processing file /home/airflow/.local/lib/python3.12/site-packages/airflow/example_dags/example_branch_operator.py for tasks to queue
[2024-04-16T00:28:18.368+0000] {logging_mixin.py:188} INFO - [2024-04-16T00:28:18.367+0000] {dagbag.py:540} INFO - Filling up the DagBag from /home/airflow/.local/lib/python3.12/site-packages/airflow/example_dags/example_branch_operator.py
[2024-04-16T00:28:18.405+0000] {processor.py:840} INFO - DAG(s) 'example_branch_operator' retrieved from /home/airflow/.local/lib/python3.12/site-packages/airflow/example_dags/example_branch_operator.py
[2024-04-16T00:28:18.613+0000] {logging_mixin.py:188} INFO - [2024-04-16T00:28:18.613+0000] {dag.py:3096} INFO - Sync 1 DAGs
[2024-04-16T00:28:18.646+0000] {logging_mixin.py:188} INFO - [2024-04-16T00:28:18.646+0000] {dag.py:3954} INFO - Setting next_dagrun for example_branch_operator to 2024-04-15 00:00:00+00:00, run_after=2024-04-16 00:00:00+00:00
[2024-04-16T00:28:18.678+0000] {processor.py:183} INFO - Processing /home/airflow/.local/lib/python3.12/site-packages/airflow/example_dags/example_branch_operator.py took 0.324 seconds
[2024-04-16T00:29:25.348+0000] {processor.py:161} INFO - Started process (PID=50) to work on /home/airflow/.local/lib/python3.12/site-packages/airflow/example_dags/example_branch_operator.py
[2024-04-16T00:29:25.350+0000] {processor.py:830} INFO - Processing file /home/airflow/.local/lib/python3.12/site-packages/airflow/example_dags/example_branch_operator.py for tasks to queue
[2024-04-16T00:29:25.352+0000] {logging_mixin.py:188} INFO - [2024-04-16T00:29:25.352+0000] {dagbag.py:540} INFO - Filling up the DagBag from /home/airflow/.local/lib/python3.12/site-packages/airflow/example_dags/example_branch_operator.py
[2024-04-16T00:29:25.383+0000] {processor.py:840} INFO - DAG(s) 'example_branch_operator' retrieved from /home/airflow/.local/lib/python3.12/site-packages/airflow/example_dags/example_branch_operator.py
[2024-04-16T00:29:25.564+0000] {logging_mixin.py:188} INFO - [2024-04-16T00:29:25.564+0000] {dag.py:3096} INFO - Sync 1 DAGs
[2024-04-16T00:29:25.594+0000] {logging_mixin.py:188} INFO - [2024-04-16T00:29:25.593+0000] {dag.py:3954} INFO - Setting next_dagrun for example_branch_operator to 2024-04-15 00:00:00+00:00, run_after=2024-04-16 00:00:00+00:00
[2024-04-16T00:29:25.620+0000] {processor.py:183} INFO - Processing /home/airflow/.local/lib/python3.12/site-packages/airflow/example_dags/example_branch_operator.py took 0.283 seconds
[2024-04-16T00:29:56.027+0000] {processor.py:161} INFO - Started process (PID=108) to work on /home/airflow/.local/lib/python3.12/site-packages/airflow/example_dags/example_branch_operator.py
[2024-04-16T00:29:56.029+0000] {processor.py:830} INFO - Processing file /home/airflow/.local/lib/python3.12/site-packages/airflow/example_dags/example_branch_operator.py for tasks to queue
[2024-04-16T00:29:56.031+0000] {logging_mixin.py:188} INFO - [2024-04-16T00:29:56.031+0000] {dagbag.py:540} INFO - Filling up the DagBag from /home/airflow/.local/lib/python3.12/site-packages/airflow/example_dags/example_branch_operator.py
[2024-04-16T00:29:56.060+0000] {processor.py:840} INFO - DAG(s) 'example_branch_operator' retrieved from /home/airflow/.local/lib/python3.12/site-packages/airflow/example_dags/example_branch_operator.py
[2024-04-16T00:29:56.105+0000] {logging_mixin.py:188} INFO - [2024-04-16T00:29:56.105+0000] {dag.py:3096} INFO - Sync 1 DAGs
[2024-04-16T00:29:56.143+0000] {logging_mixin.py:188} INFO - [2024-04-16T00:29:56.142+0000] {dag.py:3954} INFO - Setting next_dagrun for example_branch_operator to 2024-04-15 00:00:00+00:00, run_after=2024-04-16 00:00:00+00:00
[2024-04-16T00:29:56.212+0000] {processor.py:183} INFO - Processing /home/airflow/.local/lib/python3.12/site-packages/airflow/example_dags/example_branch_operator.py took 0.193 seconds
[2024-04-16T00:30:26.676+0000] {processor.py:161} INFO - Started process (PID=166) to work on /home/airflow/.local/lib/python3.12/site-packages/airflow/example_dags/example_branch_operator.py
[2024-04-16T00:30:26.678+0000] {processor.py:830} INFO - Processing file /home/airflow/.local/lib/python3.12/site-packages/airflow/example_dags/example_branch_operator.py for tasks to queue
[2024-04-16T00:30:26.681+0000] {logging_mixin.py:188} INFO - [2024-04-16T00:30:26.680+0000] {dagbag.py:540} INFO - Filling up the DagBag from /home/airflow/.local/lib/python3.12/site-packages/airflow/example_dags/example_branch_operator.py
[2024-04-16T00:30:26.705+0000] {processor.py:840} INFO - DAG(s) 'example_branch_operator' retrieved from /home/airflow/.local/lib/python3.12/site-packages/airflow/example_dags/example_branch_operator.py
[2024-04-16T00:30:26.750+0000] {logging_mixin.py:188} INFO - [2024-04-16T00:30:26.750+0000] {dag.py:3096} INFO - Sync 1 DAGs
[2024-04-16T00:30:26.785+0000] {logging_mixin.py:188} INFO - [2024-04-16T00:30:26.785+0000] {dag.py:3954} INFO - Setting next_dagrun for example_branch_operator to 2024-04-15 00:00:00+00:00, run_after=2024-04-16 00:00:00+00:00
[2024-04-16T00:30:26.814+0000] {processor.py:183} INFO - Processing /home/airflow/.local/lib/python3.12/site-packages/airflow/example_dags/example_branch_operator.py took 0.146 seconds
[2024-04-16T00:30:57.305+0000] {processor.py:161} INFO - Started process (PID=224) to work on /home/airflow/.local/lib/python3.12/site-packages/airflow/example_dags/example_branch_operator.py
[2024-04-16T00:30:57.308+0000] {processor.py:830} INFO - Processing file /home/airflow/.local/lib/python3.12/site-packages/airflow/example_dags/example_branch_operator.py for tasks to queue
[2024-04-16T00:30:57.312+0000] {logging_mixin.py:188} INFO - [2024-04-16T00:30:57.311+0000] {dagbag.py:540} INFO - Filling up the DagBag from /home/airflow/.local/lib/python3.12/site-packages/airflow/example_dags/example_branch_operator.py
[2024-04-16T00:30:57.353+0000] {processor.py:840} INFO - DAG(s) 'example_branch_operator' retrieved from /home/airflow/.local/lib/python3.12/site-packages/airflow/example_dags/example_branch_operator.py
[2024-04-16T00:30:57.419+0000] {logging_mixin.py:188} INFO - [2024-04-16T00:30:57.419+0000] {dag.py:3096} INFO - Sync 1 DAGs
[2024-04-16T00:30:57.456+0000] {logging_mixin.py:188} INFO - [2024-04-16T00:30:57.455+0000] {dag.py:3954} INFO - Setting next_dagrun for example_branch_operator to 2024-04-15 00:00:00+00:00, run_after=2024-04-16 00:00:00+00:00
[2024-04-16T00:30:57.491+0000] {processor.py:183} INFO - Processing /home/airflow/.local/lib/python3.12/site-packages/airflow/example_dags/example_branch_operator.py took 0.203 seconds
[2024-04-16T00:31:27.633+0000] {processor.py:161} INFO - Started process (PID=283) to work on /home/airflow/.local/lib/python3.12/site-packages/airflow/example_dags/example_branch_operator.py
[2024-04-16T00:31:27.635+0000] {processor.py:830} INFO - Processing file /home/airflow/.local/lib/python3.12/site-packages/airflow/example_dags/example_branch_operator.py for tasks to queue
[2024-04-16T00:31:27.638+0000] {logging_mixin.py:188} INFO - [2024-04-16T00:31:27.637+0000] {dagbag.py:540} INFO - Filling up the DagBag from /home/airflow/.local/lib/python3.12/site-packages/airflow/example_dags/example_branch_operator.py
[2024-04-16T00:31:27.662+0000] {processor.py:840} INFO - DAG(s) 'example_branch_operator' retrieved from /home/airflow/.local/lib/python3.12/site-packages/airflow/example_dags/example_branch_operator.py
[2024-04-16T00:31:27.705+0000] {logging_mixin.py:188} INFO - [2024-04-16T00:31:27.705+0000] {dag.py:3096} INFO - Sync 1 DAGs
[2024-04-16T00:31:27.738+0000] {logging_mixin.py:188} INFO - [2024-04-16T00:31:27.737+0000] {dag.py:3954} INFO - Setting next_dagrun for example_branch_operator to 2024-04-15 00:00:00+00:00, run_after=2024-04-16 00:00:00+00:00
[2024-04-16T00:31:27.762+0000] {processor.py:183} INFO - Processing /home/airflow/.local/lib/python3.12/site-packages/airflow/example_dags/example_branch_operator.py took 0.138 seconds
[2024-04-16T00:31:57.840+0000] {processor.py:161} INFO - Started process (PID=342) to work on /home/airflow/.local/lib/python3.12/site-packages/airflow/example_dags/example_branch_operator.py
[2024-04-16T00:31:57.841+0000] {processor.py:830} INFO - Processing file /home/airflow/.local/lib/python3.12/site-packages/airflow/example_dags/example_branch_operator.py for tasks to queue
[2024-04-16T00:31:57.844+0000] {logging_mixin.py:188} INFO - [2024-04-16T00:31:57.844+0000] {dagbag.py:540} INFO - Filling up the DagBag from /home/airflow/.local/lib/python3.12/site-packages/airflow/example_dags/example_branch_operator.py
[2024-04-16T00:31:57.871+0000] {processor.py:840} INFO - DAG(s) 'example_branch_operator' retrieved from /home/airflow/.local/lib/python3.12/site-packages/airflow/example_dags/example_branch_operator.py
[2024-04-16T00:31:57.924+0000] {logging_mixin.py:188} INFO - [2024-04-16T00:31:57.923+0000] {dag.py:3096} INFO - Sync 1 DAGs
[2024-04-16T00:31:57.959+0000] {logging_mixin.py:188} INFO - [2024-04-16T00:31:57.958+0000] {dag.py:3954} INFO - Setting next_dagrun for example_branch_operator to 2024-04-15 00:00:00+00:00, run_after=2024-04-16 00:00:00+00:00
[2024-04-16T00:31:57.988+0000] {processor.py:183} INFO - Processing /home/airflow/.local/lib/python3.12/site-packages/airflow/example_dags/example_branch_operator.py took 0.155 seconds
[2024-04-16T00:32:28.164+0000] {processor.py:161} INFO - Started process (PID=399) to work on /home/airflow/.local/lib/python3.12/site-packages/airflow/example_dags/example_branch_operator.py
[2024-04-16T00:32:28.166+0000] {processor.py:830} INFO - Processing file /home/airflow/.local/lib/python3.12/site-packages/airflow/example_dags/example_branch_operator.py for tasks to queue
[2024-04-16T00:32:28.168+0000] {logging_mixin.py:188} INFO - [2024-04-16T00:32:28.168+0000] {dagbag.py:540} INFO - Filling up the DagBag from /home/airflow/.local/lib/python3.12/site-packages/airflow/example_dags/example_branch_operator.py
[2024-04-16T00:32:28.201+0000] {processor.py:840} INFO - DAG(s) 'example_branch_operator' retrieved from /home/airflow/.local/lib/python3.12/site-packages/airflow/example_dags/example_branch_operator.py
[2024-04-16T00:32:28.248+0000] {logging_mixin.py:188} INFO - [2024-04-16T00:32:28.247+0000] {dag.py:3096} INFO - Sync 1 DAGs
[2024-04-16T00:32:28.283+0000] {logging_mixin.py:188} INFO - [2024-04-16T00:32:28.282+0000] {dag.py:3954} INFO - Setting next_dagrun for example_branch_operator to 2024-04-15 00:00:00+00:00, run_after=2024-04-16 00:00:00+00:00
[2024-04-16T00:32:28.312+0000] {processor.py:183} INFO - Processing /home/airflow/.local/lib/python3.12/site-packages/airflow/example_dags/example_branch_operator.py took 0.157 seconds
[2024-04-16T00:32:58.455+0000] {processor.py:161} INFO - Started process (PID=457) to work on /home/airflow/.local/lib/python3.12/site-packages/airflow/example_dags/example_branch_operator.py
[2024-04-16T00:32:58.456+0000] {processor.py:830} INFO - Processing file /home/airflow/.local/lib/python3.12/site-packages/airflow/example_dags/example_branch_operator.py for tasks to queue
[2024-04-16T00:32:58.459+0000] {logging_mixin.py:188} INFO - [2024-04-16T00:32:58.459+0000] {dagbag.py:540} INFO - Filling up the DagBag from /home/airflow/.local/lib/python3.12/site-packages/airflow/example_dags/example_branch_operator.py
[2024-04-16T00:32:58.485+0000] {processor.py:840} INFO - DAG(s) 'example_branch_operator' retrieved from /home/airflow/.local/lib/python3.12/site-packages/airflow/example_dags/example_branch_operator.py
[2024-04-16T00:32:58.540+0000] {logging_mixin.py:188} INFO - [2024-04-16T00:32:58.540+0000] {dag.py:3096} INFO - Sync 1 DAGs
[2024-04-16T00:32:58.580+0000] {logging_mixin.py:188} INFO - [2024-04-16T00:32:58.579+0000] {dag.py:3954} INFO - Setting next_dagrun for example_branch_operator to 2024-04-15 00:00:00+00:00, run_after=2024-04-16 00:00:00+00:00
[2024-04-16T00:32:58.611+0000] {processor.py:183} INFO - Processing /home/airflow/.local/lib/python3.12/site-packages/airflow/example_dags/example_branch_operator.py took 0.166 seconds
[2024-04-16T00:33:28.731+0000] {processor.py:161} INFO - Started process (PID=515) to work on /home/airflow/.local/lib/python3.12/site-packages/airflow/example_dags/example_branch_operator.py
[2024-04-16T00:33:28.732+0000] {processor.py:830} INFO - Processing file /home/airflow/.local/lib/python3.12/site-packages/airflow/example_dags/example_branch_operator.py for tasks to queue
[2024-04-16T00:33:28.735+0000] {logging_mixin.py:188} INFO - [2024-04-16T00:33:28.735+0000] {dagbag.py:540} INFO - Filling up the DagBag from /home/airflow/.local/lib/python3.12/site-packages/airflow/example_dags/example_branch_operator.py
[2024-04-16T00:33:28.762+0000] {processor.py:840} INFO - DAG(s) 'example_branch_operator' retrieved from /home/airflow/.local/lib/python3.12/site-packages/airflow/example_dags/example_branch_operator.py
[2024-04-16T00:33:28.809+0000] {logging_mixin.py:188} INFO - [2024-04-16T00:33:28.809+0000] {dag.py:3096} INFO - Sync 1 DAGs
[2024-04-16T00:33:28.847+0000] {logging_mixin.py:188} INFO - [2024-04-16T00:33:28.846+0000] {dag.py:3954} INFO - Setting next_dagrun for example_branch_operator to 2024-04-15 00:00:00+00:00, run_after=2024-04-16 00:00:00+00:00
[2024-04-16T00:33:28.877+0000] {processor.py:183} INFO - Processing /home/airflow/.local/lib/python3.12/site-packages/airflow/example_dags/example_branch_operator.py took 0.155 seconds
[2024-04-16T00:33:59.422+0000] {processor.py:161} INFO - Started process (PID=573) to work on /home/airflow/.local/lib/python3.12/site-packages/airflow/example_dags/example_branch_operator.py
[2024-04-16T00:33:59.424+0000] {processor.py:830} INFO - Processing file /home/airflow/.local/lib/python3.12/site-packages/airflow/example_dags/example_branch_operator.py for tasks to queue
[2024-04-16T00:33:59.427+0000] {logging_mixin.py:188} INFO - [2024-04-16T00:33:59.427+0000] {dagbag.py:540} INFO - Filling up the DagBag from /home/airflow/.local/lib/python3.12/site-packages/airflow/example_dags/example_branch_operator.py
[2024-04-16T00:33:59.453+0000] {processor.py:840} INFO - DAG(s) 'example_branch_operator' retrieved from /home/airflow/.local/lib/python3.12/site-packages/airflow/example_dags/example_branch_operator.py
[2024-04-16T00:33:59.499+0000] {logging_mixin.py:188} INFO - [2024-04-16T00:33:59.499+0000] {dag.py:3096} INFO - Sync 1 DAGs
[2024-04-16T00:33:59.535+0000] {logging_mixin.py:188} INFO - [2024-04-16T00:33:59.535+0000] {dag.py:3954} INFO - Setting next_dagrun for example_branch_operator to 2024-04-15 00:00:00+00:00, run_after=2024-04-16 00:00:00+00:00
[2024-04-16T00:33:59.564+0000] {processor.py:183} INFO - Processing /home/airflow/.local/lib/python3.12/site-packages/airflow/example_dags/example_branch_operator.py took 0.154 seconds
