[2024-04-16T00:07:53.228+0000] {processor.py:161} INFO - Started process (PID=67) to work on /home/airflow/.local/lib/python3.12/site-packages/airflow/example_dags/example_branch_datetime_operator.py
[2024-04-16T00:07:53.230+0000] {processor.py:830} INFO - Processing file /home/airflow/.local/lib/python3.12/site-packages/airflow/example_dags/example_branch_datetime_operator.py for tasks to queue
[2024-04-16T00:07:53.233+0000] {logging_mixin.py:188} INFO - [2024-04-16T00:07:53.232+0000] {dagbag.py:540} INFO - Filling up the DagBag from /home/airflow/.local/lib/python3.12/site-packages/airflow/example_dags/example_branch_datetime_operator.py
[2024-04-16T00:07:53.256+0000] {processor.py:840} INFO - DAG(s) 'example_branch_datetime_operator', 'example_branch_datetime_operator_3', 'example_branch_datetime_operator_2' retrieved from /home/airflow/.local/lib/python3.12/site-packages/airflow/example_dags/example_branch_datetime_operator.py
[2024-04-16T00:07:53.299+0000] {logging_mixin.py:188} INFO - [2024-04-16T00:07:53.298+0000] {dag.py:3096} INFO - Sync 3 DAGs
[2024-04-16T00:07:53.336+0000] {logging_mixin.py:188} INFO - [2024-04-16T00:07:53.336+0000] {dag.py:3954} INFO - Setting next_dagrun for example_branch_datetime_operator to 2024-04-15 00:00:00+00:00, run_after=2024-04-16 00:00:00+00:00
[2024-04-16T00:07:53.344+0000] {logging_mixin.py:188} INFO - [2024-04-16T00:07:53.343+0000] {dag.py:3954} INFO - Setting next_dagrun for example_branch_datetime_operator_2 to 2024-04-15 00:00:00+00:00, run_after=2024-04-16 00:00:00+00:00
[2024-04-16T00:07:53.347+0000] {logging_mixin.py:188} INFO - [2024-04-16T00:07:53.347+0000] {dag.py:3954} INFO - Setting next_dagrun for example_branch_datetime_operator_3 to 2024-04-15 00:00:00+00:00, run_after=2024-04-16 00:00:00+00:00
[2024-04-16T00:07:53.373+0000] {processor.py:183} INFO - Processing /home/airflow/.local/lib/python3.12/site-packages/airflow/example_dags/example_branch_datetime_operator.py took 0.154 seconds
[2024-04-16T00:08:23.643+0000] {processor.py:161} INFO - Started process (PID=125) to work on /home/airflow/.local/lib/python3.12/site-packages/airflow/example_dags/example_branch_datetime_operator.py
[2024-04-16T00:08:23.645+0000] {processor.py:830} INFO - Processing file /home/airflow/.local/lib/python3.12/site-packages/airflow/example_dags/example_branch_datetime_operator.py for tasks to queue
[2024-04-16T00:08:23.647+0000] {logging_mixin.py:188} INFO - [2024-04-16T00:08:23.647+0000] {dagbag.py:540} INFO - Filling up the DagBag from /home/airflow/.local/lib/python3.12/site-packages/airflow/example_dags/example_branch_datetime_operator.py
[2024-04-16T00:08:23.663+0000] {processor.py:840} INFO - DAG(s) 'example_branch_datetime_operator_3', 'example_branch_datetime_operator', 'example_branch_datetime_operator_2' retrieved from /home/airflow/.local/lib/python3.12/site-packages/airflow/example_dags/example_branch_datetime_operator.py
[2024-04-16T00:08:23.703+0000] {logging_mixin.py:188} INFO - [2024-04-16T00:08:23.703+0000] {dag.py:3096} INFO - Sync 3 DAGs
[2024-04-16T00:08:23.743+0000] {logging_mixin.py:188} INFO - [2024-04-16T00:08:23.742+0000] {dag.py:3954} INFO - Setting next_dagrun for example_branch_datetime_operator to 2024-04-15 00:00:00+00:00, run_after=2024-04-16 00:00:00+00:00
[2024-04-16T00:08:23.751+0000] {logging_mixin.py:188} INFO - [2024-04-16T00:08:23.750+0000] {dag.py:3954} INFO - Setting next_dagrun for example_branch_datetime_operator_2 to 2024-04-15 00:00:00+00:00, run_after=2024-04-16 00:00:00+00:00
[2024-04-16T00:08:23.755+0000] {logging_mixin.py:188} INFO - [2024-04-16T00:08:23.755+0000] {dag.py:3954} INFO - Setting next_dagrun for example_branch_datetime_operator_3 to 2024-04-15 00:00:00+00:00, run_after=2024-04-16 00:00:00+00:00
[2024-04-16T00:08:23.782+0000] {processor.py:183} INFO - Processing /home/airflow/.local/lib/python3.12/site-packages/airflow/example_dags/example_branch_datetime_operator.py took 0.147 seconds
[2024-04-16T00:08:54.618+0000] {processor.py:161} INFO - Started process (PID=183) to work on /home/airflow/.local/lib/python3.12/site-packages/airflow/example_dags/example_branch_datetime_operator.py
[2024-04-16T00:08:54.619+0000] {processor.py:830} INFO - Processing file /home/airflow/.local/lib/python3.12/site-packages/airflow/example_dags/example_branch_datetime_operator.py for tasks to queue
[2024-04-16T00:08:54.622+0000] {logging_mixin.py:188} INFO - [2024-04-16T00:08:54.622+0000] {dagbag.py:540} INFO - Filling up the DagBag from /home/airflow/.local/lib/python3.12/site-packages/airflow/example_dags/example_branch_datetime_operator.py
[2024-04-16T00:08:54.637+0000] {processor.py:840} INFO - DAG(s) 'example_branch_datetime_operator_2', 'example_branch_datetime_operator_3', 'example_branch_datetime_operator' retrieved from /home/airflow/.local/lib/python3.12/site-packages/airflow/example_dags/example_branch_datetime_operator.py
[2024-04-16T00:08:54.678+0000] {logging_mixin.py:188} INFO - [2024-04-16T00:08:54.678+0000] {dag.py:3096} INFO - Sync 3 DAGs
[2024-04-16T00:08:54.715+0000] {logging_mixin.py:188} INFO - [2024-04-16T00:08:54.715+0000] {dag.py:3954} INFO - Setting next_dagrun for example_branch_datetime_operator to 2024-04-15 00:00:00+00:00, run_after=2024-04-16 00:00:00+00:00
[2024-04-16T00:08:54.724+0000] {logging_mixin.py:188} INFO - [2024-04-16T00:08:54.723+0000] {dag.py:3954} INFO - Setting next_dagrun for example_branch_datetime_operator_2 to 2024-04-15 00:00:00+00:00, run_after=2024-04-16 00:00:00+00:00
[2024-04-16T00:08:54.729+0000] {logging_mixin.py:188} INFO - [2024-04-16T00:08:54.728+0000] {dag.py:3954} INFO - Setting next_dagrun for example_branch_datetime_operator_3 to 2024-04-15 00:00:00+00:00, run_after=2024-04-16 00:00:00+00:00
[2024-04-16T00:08:54.758+0000] {processor.py:183} INFO - Processing /home/airflow/.local/lib/python3.12/site-packages/airflow/example_dags/example_branch_datetime_operator.py took 0.148 seconds
[2024-04-16T00:09:25.128+0000] {processor.py:161} INFO - Started process (PID=242) to work on /home/airflow/.local/lib/python3.12/site-packages/airflow/example_dags/example_branch_datetime_operator.py
[2024-04-16T00:09:25.130+0000] {processor.py:830} INFO - Processing file /home/airflow/.local/lib/python3.12/site-packages/airflow/example_dags/example_branch_datetime_operator.py for tasks to queue
[2024-04-16T00:09:25.133+0000] {logging_mixin.py:188} INFO - [2024-04-16T00:09:25.132+0000] {dagbag.py:540} INFO - Filling up the DagBag from /home/airflow/.local/lib/python3.12/site-packages/airflow/example_dags/example_branch_datetime_operator.py
[2024-04-16T00:09:25.148+0000] {processor.py:840} INFO - DAG(s) 'example_branch_datetime_operator_2', 'example_branch_datetime_operator_3', 'example_branch_datetime_operator' retrieved from /home/airflow/.local/lib/python3.12/site-packages/airflow/example_dags/example_branch_datetime_operator.py
[2024-04-16T00:09:25.195+0000] {logging_mixin.py:188} INFO - [2024-04-16T00:09:25.194+0000] {dag.py:3096} INFO - Sync 3 DAGs
[2024-04-16T00:09:25.230+0000] {logging_mixin.py:188} INFO - [2024-04-16T00:09:25.230+0000] {dag.py:3954} INFO - Setting next_dagrun for example_branch_datetime_operator to 2024-04-15 00:00:00+00:00, run_after=2024-04-16 00:00:00+00:00
[2024-04-16T00:09:25.237+0000] {logging_mixin.py:188} INFO - [2024-04-16T00:09:25.237+0000] {dag.py:3954} INFO - Setting next_dagrun for example_branch_datetime_operator_2 to 2024-04-15 00:00:00+00:00, run_after=2024-04-16 00:00:00+00:00
[2024-04-16T00:09:25.242+0000] {logging_mixin.py:188} INFO - [2024-04-16T00:09:25.242+0000] {dag.py:3954} INFO - Setting next_dagrun for example_branch_datetime_operator_3 to 2024-04-15 00:00:00+00:00, run_after=2024-04-16 00:00:00+00:00
[2024-04-16T00:09:25.270+0000] {processor.py:183} INFO - Processing /home/airflow/.local/lib/python3.12/site-packages/airflow/example_dags/example_branch_datetime_operator.py took 0.150 seconds
[2024-04-16T00:09:55.568+0000] {processor.py:161} INFO - Started process (PID=300) to work on /home/airflow/.local/lib/python3.12/site-packages/airflow/example_dags/example_branch_datetime_operator.py
[2024-04-16T00:09:55.569+0000] {processor.py:830} INFO - Processing file /home/airflow/.local/lib/python3.12/site-packages/airflow/example_dags/example_branch_datetime_operator.py for tasks to queue
[2024-04-16T00:09:55.572+0000] {logging_mixin.py:188} INFO - [2024-04-16T00:09:55.571+0000] {dagbag.py:540} INFO - Filling up the DagBag from /home/airflow/.local/lib/python3.12/site-packages/airflow/example_dags/example_branch_datetime_operator.py
[2024-04-16T00:09:55.587+0000] {processor.py:840} INFO - DAG(s) 'example_branch_datetime_operator_2', 'example_branch_datetime_operator', 'example_branch_datetime_operator_3' retrieved from /home/airflow/.local/lib/python3.12/site-packages/airflow/example_dags/example_branch_datetime_operator.py
[2024-04-16T00:09:55.626+0000] {logging_mixin.py:188} INFO - [2024-04-16T00:09:55.626+0000] {dag.py:3096} INFO - Sync 3 DAGs
[2024-04-16T00:09:55.665+0000] {logging_mixin.py:188} INFO - [2024-04-16T00:09:55.665+0000] {dag.py:3954} INFO - Setting next_dagrun for example_branch_datetime_operator to 2024-04-15 00:00:00+00:00, run_after=2024-04-16 00:00:00+00:00
[2024-04-16T00:09:55.674+0000] {logging_mixin.py:188} INFO - [2024-04-16T00:09:55.673+0000] {dag.py:3954} INFO - Setting next_dagrun for example_branch_datetime_operator_2 to 2024-04-15 00:00:00+00:00, run_after=2024-04-16 00:00:00+00:00
[2024-04-16T00:09:55.678+0000] {logging_mixin.py:188} INFO - [2024-04-16T00:09:55.678+0000] {dag.py:3954} INFO - Setting next_dagrun for example_branch_datetime_operator_3 to 2024-04-15 00:00:00+00:00, run_after=2024-04-16 00:00:00+00:00
[2024-04-16T00:09:55.705+0000] {processor.py:183} INFO - Processing /home/airflow/.local/lib/python3.12/site-packages/airflow/example_dags/example_branch_datetime_operator.py took 0.146 seconds
[2024-04-16T00:10:26.042+0000] {processor.py:161} INFO - Started process (PID=358) to work on /home/airflow/.local/lib/python3.12/site-packages/airflow/example_dags/example_branch_datetime_operator.py
[2024-04-16T00:10:26.044+0000] {processor.py:830} INFO - Processing file /home/airflow/.local/lib/python3.12/site-packages/airflow/example_dags/example_branch_datetime_operator.py for tasks to queue
[2024-04-16T00:10:26.046+0000] {logging_mixin.py:188} INFO - [2024-04-16T00:10:26.046+0000] {dagbag.py:540} INFO - Filling up the DagBag from /home/airflow/.local/lib/python3.12/site-packages/airflow/example_dags/example_branch_datetime_operator.py
[2024-04-16T00:10:26.062+0000] {processor.py:840} INFO - DAG(s) 'example_branch_datetime_operator_2', 'example_branch_datetime_operator', 'example_branch_datetime_operator_3' retrieved from /home/airflow/.local/lib/python3.12/site-packages/airflow/example_dags/example_branch_datetime_operator.py
[2024-04-16T00:10:26.114+0000] {logging_mixin.py:188} INFO - [2024-04-16T00:10:26.114+0000] {dag.py:3096} INFO - Sync 3 DAGs
[2024-04-16T00:10:26.157+0000] {logging_mixin.py:188} INFO - [2024-04-16T00:10:26.156+0000] {dag.py:3954} INFO - Setting next_dagrun for example_branch_datetime_operator to 2024-04-15 00:00:00+00:00, run_after=2024-04-16 00:00:00+00:00
[2024-04-16T00:10:26.164+0000] {logging_mixin.py:188} INFO - [2024-04-16T00:10:26.164+0000] {dag.py:3954} INFO - Setting next_dagrun for example_branch_datetime_operator_2 to 2024-04-15 00:00:00+00:00, run_after=2024-04-16 00:00:00+00:00
[2024-04-16T00:10:26.167+0000] {logging_mixin.py:188} INFO - [2024-04-16T00:10:26.167+0000] {dag.py:3954} INFO - Setting next_dagrun for example_branch_datetime_operator_3 to 2024-04-15 00:00:00+00:00, run_after=2024-04-16 00:00:00+00:00
[2024-04-16T00:10:26.194+0000] {processor.py:183} INFO - Processing /home/airflow/.local/lib/python3.12/site-packages/airflow/example_dags/example_branch_datetime_operator.py took 0.161 seconds
[2024-04-16T00:10:56.661+0000] {processor.py:161} INFO - Started process (PID=416) to work on /home/airflow/.local/lib/python3.12/site-packages/airflow/example_dags/example_branch_datetime_operator.py
[2024-04-16T00:10:56.662+0000] {processor.py:830} INFO - Processing file /home/airflow/.local/lib/python3.12/site-packages/airflow/example_dags/example_branch_datetime_operator.py for tasks to queue
[2024-04-16T00:10:56.665+0000] {logging_mixin.py:188} INFO - [2024-04-16T00:10:56.665+0000] {dagbag.py:540} INFO - Filling up the DagBag from /home/airflow/.local/lib/python3.12/site-packages/airflow/example_dags/example_branch_datetime_operator.py
[2024-04-16T00:10:56.683+0000] {processor.py:840} INFO - DAG(s) 'example_branch_datetime_operator_2', 'example_branch_datetime_operator', 'example_branch_datetime_operator_3' retrieved from /home/airflow/.local/lib/python3.12/site-packages/airflow/example_dags/example_branch_datetime_operator.py
[2024-04-16T00:10:56.731+0000] {logging_mixin.py:188} INFO - [2024-04-16T00:10:56.731+0000] {dag.py:3096} INFO - Sync 3 DAGs
[2024-04-16T00:10:56.775+0000] {logging_mixin.py:188} INFO - [2024-04-16T00:10:56.775+0000] {dag.py:3954} INFO - Setting next_dagrun for example_branch_datetime_operator to 2024-04-15 00:00:00+00:00, run_after=2024-04-16 00:00:00+00:00
[2024-04-16T00:10:56.784+0000] {logging_mixin.py:188} INFO - [2024-04-16T00:10:56.784+0000] {dag.py:3954} INFO - Setting next_dagrun for example_branch_datetime_operator_2 to 2024-04-15 00:00:00+00:00, run_after=2024-04-16 00:00:00+00:00
[2024-04-16T00:10:56.789+0000] {logging_mixin.py:188} INFO - [2024-04-16T00:10:56.789+0000] {dag.py:3954} INFO - Setting next_dagrun for example_branch_datetime_operator_3 to 2024-04-15 00:00:00+00:00, run_after=2024-04-16 00:00:00+00:00
[2024-04-16T00:10:56.816+0000] {processor.py:183} INFO - Processing /home/airflow/.local/lib/python3.12/site-packages/airflow/example_dags/example_branch_datetime_operator.py took 0.165 seconds
[2024-04-16T00:11:27.285+0000] {processor.py:161} INFO - Started process (PID=474) to work on /home/airflow/.local/lib/python3.12/site-packages/airflow/example_dags/example_branch_datetime_operator.py
[2024-04-16T00:11:27.287+0000] {processor.py:830} INFO - Processing file /home/airflow/.local/lib/python3.12/site-packages/airflow/example_dags/example_branch_datetime_operator.py for tasks to queue
[2024-04-16T00:11:27.290+0000] {logging_mixin.py:188} INFO - [2024-04-16T00:11:27.289+0000] {dagbag.py:540} INFO - Filling up the DagBag from /home/airflow/.local/lib/python3.12/site-packages/airflow/example_dags/example_branch_datetime_operator.py
[2024-04-16T00:11:27.306+0000] {processor.py:840} INFO - DAG(s) 'example_branch_datetime_operator', 'example_branch_datetime_operator_3', 'example_branch_datetime_operator_2' retrieved from /home/airflow/.local/lib/python3.12/site-packages/airflow/example_dags/example_branch_datetime_operator.py
[2024-04-16T00:11:27.347+0000] {logging_mixin.py:188} INFO - [2024-04-16T00:11:27.346+0000] {dag.py:3096} INFO - Sync 3 DAGs
[2024-04-16T00:11:27.383+0000] {logging_mixin.py:188} INFO - [2024-04-16T00:11:27.382+0000] {dag.py:3954} INFO - Setting next_dagrun for example_branch_datetime_operator to 2024-04-15 00:00:00+00:00, run_after=2024-04-16 00:00:00+00:00
[2024-04-16T00:11:27.395+0000] {logging_mixin.py:188} INFO - [2024-04-16T00:11:27.394+0000] {dag.py:3954} INFO - Setting next_dagrun for example_branch_datetime_operator_2 to 2024-04-15 00:00:00+00:00, run_after=2024-04-16 00:00:00+00:00
[2024-04-16T00:11:27.400+0000] {logging_mixin.py:188} INFO - [2024-04-16T00:11:27.399+0000] {dag.py:3954} INFO - Setting next_dagrun for example_branch_datetime_operator_3 to 2024-04-15 00:00:00+00:00, run_after=2024-04-16 00:00:00+00:00
[2024-04-16T00:11:27.427+0000] {processor.py:183} INFO - Processing /home/airflow/.local/lib/python3.12/site-packages/airflow/example_dags/example_branch_datetime_operator.py took 0.151 seconds
[2024-04-16T00:11:57.594+0000] {processor.py:161} INFO - Started process (PID=532) to work on /home/airflow/.local/lib/python3.12/site-packages/airflow/example_dags/example_branch_datetime_operator.py
[2024-04-16T00:11:57.596+0000] {processor.py:830} INFO - Processing file /home/airflow/.local/lib/python3.12/site-packages/airflow/example_dags/example_branch_datetime_operator.py for tasks to queue
[2024-04-16T00:11:57.599+0000] {logging_mixin.py:188} INFO - [2024-04-16T00:11:57.598+0000] {dagbag.py:540} INFO - Filling up the DagBag from /home/airflow/.local/lib/python3.12/site-packages/airflow/example_dags/example_branch_datetime_operator.py
[2024-04-16T00:11:57.621+0000] {processor.py:840} INFO - DAG(s) 'example_branch_datetime_operator', 'example_branch_datetime_operator_3', 'example_branch_datetime_operator_2' retrieved from /home/airflow/.local/lib/python3.12/site-packages/airflow/example_dags/example_branch_datetime_operator.py
[2024-04-16T00:11:57.666+0000] {logging_mixin.py:188} INFO - [2024-04-16T00:11:57.666+0000] {dag.py:3096} INFO - Sync 3 DAGs
[2024-04-16T00:11:57.707+0000] {logging_mixin.py:188} INFO - [2024-04-16T00:11:57.707+0000] {dag.py:3954} INFO - Setting next_dagrun for example_branch_datetime_operator to 2024-04-15 00:00:00+00:00, run_after=2024-04-16 00:00:00+00:00
[2024-04-16T00:11:57.715+0000] {logging_mixin.py:188} INFO - [2024-04-16T00:11:57.715+0000] {dag.py:3954} INFO - Setting next_dagrun for example_branch_datetime_operator_2 to 2024-04-15 00:00:00+00:00, run_after=2024-04-16 00:00:00+00:00
[2024-04-16T00:11:57.720+0000] {logging_mixin.py:188} INFO - [2024-04-16T00:11:57.720+0000] {dag.py:3954} INFO - Setting next_dagrun for example_branch_datetime_operator_3 to 2024-04-15 00:00:00+00:00, run_after=2024-04-16 00:00:00+00:00
[2024-04-16T00:11:57.749+0000] {processor.py:183} INFO - Processing /home/airflow/.local/lib/python3.12/site-packages/airflow/example_dags/example_branch_datetime_operator.py took 0.164 seconds
[2024-04-16T00:12:45.959+0000] {processor.py:161} INFO - Started process (PID=61) to work on /home/airflow/.local/lib/python3.12/site-packages/airflow/example_dags/example_branch_datetime_operator.py
[2024-04-16T00:12:45.960+0000] {processor.py:830} INFO - Processing file /home/airflow/.local/lib/python3.12/site-packages/airflow/example_dags/example_branch_datetime_operator.py for tasks to queue
[2024-04-16T00:12:45.963+0000] {logging_mixin.py:188} INFO - [2024-04-16T00:12:45.962+0000] {dagbag.py:540} INFO - Filling up the DagBag from /home/airflow/.local/lib/python3.12/site-packages/airflow/example_dags/example_branch_datetime_operator.py
[2024-04-16T00:12:45.983+0000] {processor.py:840} INFO - DAG(s) 'example_branch_datetime_operator_3', 'example_branch_datetime_operator_2', 'example_branch_datetime_operator' retrieved from /home/airflow/.local/lib/python3.12/site-packages/airflow/example_dags/example_branch_datetime_operator.py
[2024-04-16T00:12:46.024+0000] {logging_mixin.py:188} INFO - [2024-04-16T00:12:46.023+0000] {dag.py:3096} INFO - Sync 3 DAGs
[2024-04-16T00:12:46.063+0000] {logging_mixin.py:188} INFO - [2024-04-16T00:12:46.062+0000] {dag.py:3954} INFO - Setting next_dagrun for example_branch_datetime_operator to 2024-04-15 00:00:00+00:00, run_after=2024-04-16 00:00:00+00:00
[2024-04-16T00:12:46.070+0000] {logging_mixin.py:188} INFO - [2024-04-16T00:12:46.070+0000] {dag.py:3954} INFO - Setting next_dagrun for example_branch_datetime_operator_2 to 2024-04-15 00:00:00+00:00, run_after=2024-04-16 00:00:00+00:00
[2024-04-16T00:12:46.074+0000] {logging_mixin.py:188} INFO - [2024-04-16T00:12:46.074+0000] {dag.py:3954} INFO - Setting next_dagrun for example_branch_datetime_operator_3 to 2024-04-15 00:00:00+00:00, run_after=2024-04-16 00:00:00+00:00
[2024-04-16T00:12:46.098+0000] {processor.py:183} INFO - Processing /home/airflow/.local/lib/python3.12/site-packages/airflow/example_dags/example_branch_datetime_operator.py took 0.148 seconds
[2024-04-16T00:28:20.223+0000] {processor.py:161} INFO - Started process (PID=67) to work on /home/airflow/.local/lib/python3.12/site-packages/airflow/example_dags/example_branch_datetime_operator.py
[2024-04-16T00:28:20.225+0000] {processor.py:830} INFO - Processing file /home/airflow/.local/lib/python3.12/site-packages/airflow/example_dags/example_branch_datetime_operator.py for tasks to queue
[2024-04-16T00:28:20.228+0000] {logging_mixin.py:188} INFO - [2024-04-16T00:28:20.227+0000] {dagbag.py:540} INFO - Filling up the DagBag from /home/airflow/.local/lib/python3.12/site-packages/airflow/example_dags/example_branch_datetime_operator.py
[2024-04-16T00:28:20.248+0000] {processor.py:840} INFO - DAG(s) 'example_branch_datetime_operator_2', 'example_branch_datetime_operator', 'example_branch_datetime_operator_3' retrieved from /home/airflow/.local/lib/python3.12/site-packages/airflow/example_dags/example_branch_datetime_operator.py
[2024-04-16T00:28:20.440+0000] {logging_mixin.py:188} INFO - [2024-04-16T00:28:20.440+0000] {dag.py:3096} INFO - Sync 3 DAGs
[2024-04-16T00:28:20.472+0000] {logging_mixin.py:188} INFO - [2024-04-16T00:28:20.472+0000] {dag.py:3954} INFO - Setting next_dagrun for example_branch_datetime_operator to 2024-04-15 00:00:00+00:00, run_after=2024-04-16 00:00:00+00:00
[2024-04-16T00:28:20.479+0000] {logging_mixin.py:188} INFO - [2024-04-16T00:28:20.479+0000] {dag.py:3954} INFO - Setting next_dagrun for example_branch_datetime_operator_2 to 2024-04-15 00:00:00+00:00, run_after=2024-04-16 00:00:00+00:00
[2024-04-16T00:28:20.486+0000] {logging_mixin.py:188} INFO - [2024-04-16T00:28:20.485+0000] {dag.py:3954} INFO - Setting next_dagrun for example_branch_datetime_operator_3 to 2024-04-15 00:00:00+00:00, run_after=2024-04-16 00:00:00+00:00
[2024-04-16T00:28:20.521+0000] {processor.py:183} INFO - Processing /home/airflow/.local/lib/python3.12/site-packages/airflow/example_dags/example_branch_datetime_operator.py took 0.308 seconds
[2024-04-16T00:29:26.474+0000] {processor.py:161} INFO - Started process (PID=61) to work on /home/airflow/.local/lib/python3.12/site-packages/airflow/example_dags/example_branch_datetime_operator.py
[2024-04-16T00:29:26.476+0000] {processor.py:830} INFO - Processing file /home/airflow/.local/lib/python3.12/site-packages/airflow/example_dags/example_branch_datetime_operator.py for tasks to queue
[2024-04-16T00:29:26.478+0000] {logging_mixin.py:188} INFO - [2024-04-16T00:29:26.478+0000] {dagbag.py:540} INFO - Filling up the DagBag from /home/airflow/.local/lib/python3.12/site-packages/airflow/example_dags/example_branch_datetime_operator.py
[2024-04-16T00:29:26.499+0000] {processor.py:840} INFO - DAG(s) 'example_branch_datetime_operator', 'example_branch_datetime_operator_3', 'example_branch_datetime_operator_2' retrieved from /home/airflow/.local/lib/python3.12/site-packages/airflow/example_dags/example_branch_datetime_operator.py
[2024-04-16T00:29:26.538+0000] {logging_mixin.py:188} INFO - [2024-04-16T00:29:26.538+0000] {dag.py:3096} INFO - Sync 3 DAGs
[2024-04-16T00:29:26.572+0000] {logging_mixin.py:188} INFO - [2024-04-16T00:29:26.571+0000] {dag.py:3954} INFO - Setting next_dagrun for example_branch_datetime_operator to 2024-04-15 00:00:00+00:00, run_after=2024-04-16 00:00:00+00:00
[2024-04-16T00:29:26.580+0000] {logging_mixin.py:188} INFO - [2024-04-16T00:29:26.579+0000] {dag.py:3954} INFO - Setting next_dagrun for example_branch_datetime_operator_2 to 2024-04-15 00:00:00+00:00, run_after=2024-04-16 00:00:00+00:00
[2024-04-16T00:29:26.583+0000] {logging_mixin.py:188} INFO - [2024-04-16T00:29:26.583+0000] {dag.py:3954} INFO - Setting next_dagrun for example_branch_datetime_operator_3 to 2024-04-15 00:00:00+00:00, run_after=2024-04-16 00:00:00+00:00
[2024-04-16T00:29:26.608+0000] {processor.py:183} INFO - Processing /home/airflow/.local/lib/python3.12/site-packages/airflow/example_dags/example_branch_datetime_operator.py took 0.141 seconds
[2024-04-16T00:29:56.966+0000] {processor.py:161} INFO - Started process (PID=119) to work on /home/airflow/.local/lib/python3.12/site-packages/airflow/example_dags/example_branch_datetime_operator.py
[2024-04-16T00:29:56.968+0000] {processor.py:830} INFO - Processing file /home/airflow/.local/lib/python3.12/site-packages/airflow/example_dags/example_branch_datetime_operator.py for tasks to queue
[2024-04-16T00:29:56.970+0000] {logging_mixin.py:188} INFO - [2024-04-16T00:29:56.970+0000] {dagbag.py:540} INFO - Filling up the DagBag from /home/airflow/.local/lib/python3.12/site-packages/airflow/example_dags/example_branch_datetime_operator.py
[2024-04-16T00:29:56.985+0000] {processor.py:840} INFO - DAG(s) 'example_branch_datetime_operator_2', 'example_branch_datetime_operator_3', 'example_branch_datetime_operator' retrieved from /home/airflow/.local/lib/python3.12/site-packages/airflow/example_dags/example_branch_datetime_operator.py
[2024-04-16T00:29:57.022+0000] {logging_mixin.py:188} INFO - [2024-04-16T00:29:57.021+0000] {dag.py:3096} INFO - Sync 3 DAGs
[2024-04-16T00:29:57.057+0000] {logging_mixin.py:188} INFO - [2024-04-16T00:29:57.057+0000] {dag.py:3954} INFO - Setting next_dagrun for example_branch_datetime_operator to 2024-04-15 00:00:00+00:00, run_after=2024-04-16 00:00:00+00:00
[2024-04-16T00:29:57.066+0000] {logging_mixin.py:188} INFO - [2024-04-16T00:29:57.065+0000] {dag.py:3954} INFO - Setting next_dagrun for example_branch_datetime_operator_2 to 2024-04-15 00:00:00+00:00, run_after=2024-04-16 00:00:00+00:00
[2024-04-16T00:29:57.070+0000] {logging_mixin.py:188} INFO - [2024-04-16T00:29:57.069+0000] {dag.py:3954} INFO - Setting next_dagrun for example_branch_datetime_operator_3 to 2024-04-15 00:00:00+00:00, run_after=2024-04-16 00:00:00+00:00
[2024-04-16T00:29:57.095+0000] {processor.py:183} INFO - Processing /home/airflow/.local/lib/python3.12/site-packages/airflow/example_dags/example_branch_datetime_operator.py took 0.137 seconds
[2024-04-16T00:30:27.813+0000] {processor.py:161} INFO - Started process (PID=177) to work on /home/airflow/.local/lib/python3.12/site-packages/airflow/example_dags/example_branch_datetime_operator.py
[2024-04-16T00:30:27.816+0000] {processor.py:830} INFO - Processing file /home/airflow/.local/lib/python3.12/site-packages/airflow/example_dags/example_branch_datetime_operator.py for tasks to queue
[2024-04-16T00:30:27.821+0000] {logging_mixin.py:188} INFO - [2024-04-16T00:30:27.820+0000] {dagbag.py:540} INFO - Filling up the DagBag from /home/airflow/.local/lib/python3.12/site-packages/airflow/example_dags/example_branch_datetime_operator.py
[2024-04-16T00:30:27.838+0000] {processor.py:840} INFO - DAG(s) 'example_branch_datetime_operator_3', 'example_branch_datetime_operator', 'example_branch_datetime_operator_2' retrieved from /home/airflow/.local/lib/python3.12/site-packages/airflow/example_dags/example_branch_datetime_operator.py
[2024-04-16T00:30:27.894+0000] {logging_mixin.py:188} INFO - [2024-04-16T00:30:27.894+0000] {dag.py:3096} INFO - Sync 3 DAGs
[2024-04-16T00:30:27.929+0000] {logging_mixin.py:188} INFO - [2024-04-16T00:30:27.928+0000] {dag.py:3954} INFO - Setting next_dagrun for example_branch_datetime_operator to 2024-04-15 00:00:00+00:00, run_after=2024-04-16 00:00:00+00:00
[2024-04-16T00:30:27.938+0000] {logging_mixin.py:188} INFO - [2024-04-16T00:30:27.938+0000] {dag.py:3954} INFO - Setting next_dagrun for example_branch_datetime_operator_2 to 2024-04-15 00:00:00+00:00, run_after=2024-04-16 00:00:00+00:00
[2024-04-16T00:30:27.944+0000] {logging_mixin.py:188} INFO - [2024-04-16T00:30:27.944+0000] {dag.py:3954} INFO - Setting next_dagrun for example_branch_datetime_operator_3 to 2024-04-15 00:00:00+00:00, run_after=2024-04-16 00:00:00+00:00
[2024-04-16T00:30:27.972+0000] {processor.py:183} INFO - Processing /home/airflow/.local/lib/python3.12/site-packages/airflow/example_dags/example_branch_datetime_operator.py took 0.176 seconds
[2024-04-16T00:30:58.512+0000] {processor.py:161} INFO - Started process (PID=235) to work on /home/airflow/.local/lib/python3.12/site-packages/airflow/example_dags/example_branch_datetime_operator.py
[2024-04-16T00:30:58.513+0000] {processor.py:830} INFO - Processing file /home/airflow/.local/lib/python3.12/site-packages/airflow/example_dags/example_branch_datetime_operator.py for tasks to queue
[2024-04-16T00:30:58.516+0000] {logging_mixin.py:188} INFO - [2024-04-16T00:30:58.516+0000] {dagbag.py:540} INFO - Filling up the DagBag from /home/airflow/.local/lib/python3.12/site-packages/airflow/example_dags/example_branch_datetime_operator.py
[2024-04-16T00:30:58.532+0000] {processor.py:840} INFO - DAG(s) 'example_branch_datetime_operator', 'example_branch_datetime_operator_3', 'example_branch_datetime_operator_2' retrieved from /home/airflow/.local/lib/python3.12/site-packages/airflow/example_dags/example_branch_datetime_operator.py
[2024-04-16T00:30:58.577+0000] {logging_mixin.py:188} INFO - [2024-04-16T00:30:58.577+0000] {dag.py:3096} INFO - Sync 3 DAGs
[2024-04-16T00:30:58.616+0000] {logging_mixin.py:188} INFO - [2024-04-16T00:30:58.616+0000] {dag.py:3954} INFO - Setting next_dagrun for example_branch_datetime_operator to 2024-04-15 00:00:00+00:00, run_after=2024-04-16 00:00:00+00:00
[2024-04-16T00:30:58.625+0000] {logging_mixin.py:188} INFO - [2024-04-16T00:30:58.625+0000] {dag.py:3954} INFO - Setting next_dagrun for example_branch_datetime_operator_2 to 2024-04-15 00:00:00+00:00, run_after=2024-04-16 00:00:00+00:00
[2024-04-16T00:30:58.629+0000] {logging_mixin.py:188} INFO - [2024-04-16T00:30:58.629+0000] {dag.py:3954} INFO - Setting next_dagrun for example_branch_datetime_operator_3 to 2024-04-15 00:00:00+00:00, run_after=2024-04-16 00:00:00+00:00
[2024-04-16T00:30:58.660+0000] {processor.py:183} INFO - Processing /home/airflow/.local/lib/python3.12/site-packages/airflow/example_dags/example_branch_datetime_operator.py took 0.165 seconds
[2024-04-16T00:31:28.840+0000] {processor.py:161} INFO - Started process (PID=293) to work on /home/airflow/.local/lib/python3.12/site-packages/airflow/example_dags/example_branch_datetime_operator.py
[2024-04-16T00:31:28.842+0000] {processor.py:830} INFO - Processing file /home/airflow/.local/lib/python3.12/site-packages/airflow/example_dags/example_branch_datetime_operator.py for tasks to queue
[2024-04-16T00:31:28.845+0000] {logging_mixin.py:188} INFO - [2024-04-16T00:31:28.844+0000] {dagbag.py:540} INFO - Filling up the DagBag from /home/airflow/.local/lib/python3.12/site-packages/airflow/example_dags/example_branch_datetime_operator.py
[2024-04-16T00:31:28.860+0000] {processor.py:840} INFO - DAG(s) 'example_branch_datetime_operator_2', 'example_branch_datetime_operator_3', 'example_branch_datetime_operator' retrieved from /home/airflow/.local/lib/python3.12/site-packages/airflow/example_dags/example_branch_datetime_operator.py
[2024-04-16T00:31:28.898+0000] {logging_mixin.py:188} INFO - [2024-04-16T00:31:28.898+0000] {dag.py:3096} INFO - Sync 3 DAGs
[2024-04-16T00:31:28.937+0000] {logging_mixin.py:188} INFO - [2024-04-16T00:31:28.937+0000] {dag.py:3954} INFO - Setting next_dagrun for example_branch_datetime_operator to 2024-04-15 00:00:00+00:00, run_after=2024-04-16 00:00:00+00:00
[2024-04-16T00:31:28.945+0000] {logging_mixin.py:188} INFO - [2024-04-16T00:31:28.945+0000] {dag.py:3954} INFO - Setting next_dagrun for example_branch_datetime_operator_2 to 2024-04-15 00:00:00+00:00, run_after=2024-04-16 00:00:00+00:00
[2024-04-16T00:31:28.949+0000] {logging_mixin.py:188} INFO - [2024-04-16T00:31:28.949+0000] {dag.py:3954} INFO - Setting next_dagrun for example_branch_datetime_operator_3 to 2024-04-15 00:00:00+00:00, run_after=2024-04-16 00:00:00+00:00
[2024-04-16T00:31:28.978+0000] {processor.py:183} INFO - Processing /home/airflow/.local/lib/python3.12/site-packages/airflow/example_dags/example_branch_datetime_operator.py took 0.147 seconds
[2024-04-16T00:31:59.120+0000] {processor.py:161} INFO - Started process (PID=352) to work on /home/airflow/.local/lib/python3.12/site-packages/airflow/example_dags/example_branch_datetime_operator.py
[2024-04-16T00:31:59.122+0000] {processor.py:830} INFO - Processing file /home/airflow/.local/lib/python3.12/site-packages/airflow/example_dags/example_branch_datetime_operator.py for tasks to queue
[2024-04-16T00:31:59.124+0000] {logging_mixin.py:188} INFO - [2024-04-16T00:31:59.124+0000] {dagbag.py:540} INFO - Filling up the DagBag from /home/airflow/.local/lib/python3.12/site-packages/airflow/example_dags/example_branch_datetime_operator.py
[2024-04-16T00:31:59.140+0000] {processor.py:840} INFO - DAG(s) 'example_branch_datetime_operator_2', 'example_branch_datetime_operator', 'example_branch_datetime_operator_3' retrieved from /home/airflow/.local/lib/python3.12/site-packages/airflow/example_dags/example_branch_datetime_operator.py
[2024-04-16T00:31:59.186+0000] {logging_mixin.py:188} INFO - [2024-04-16T00:31:59.185+0000] {dag.py:3096} INFO - Sync 3 DAGs
[2024-04-16T00:31:59.225+0000] {logging_mixin.py:188} INFO - [2024-04-16T00:31:59.225+0000] {dag.py:3954} INFO - Setting next_dagrun for example_branch_datetime_operator to 2024-04-15 00:00:00+00:00, run_after=2024-04-16 00:00:00+00:00
[2024-04-16T00:31:59.234+0000] {logging_mixin.py:188} INFO - [2024-04-16T00:31:59.234+0000] {dag.py:3954} INFO - Setting next_dagrun for example_branch_datetime_operator_2 to 2024-04-15 00:00:00+00:00, run_after=2024-04-16 00:00:00+00:00
[2024-04-16T00:31:59.238+0000] {logging_mixin.py:188} INFO - [2024-04-16T00:31:59.238+0000] {dag.py:3954} INFO - Setting next_dagrun for example_branch_datetime_operator_3 to 2024-04-15 00:00:00+00:00, run_after=2024-04-16 00:00:00+00:00
[2024-04-16T00:31:59.265+0000] {processor.py:183} INFO - Processing /home/airflow/.local/lib/python3.12/site-packages/airflow/example_dags/example_branch_datetime_operator.py took 0.155 seconds
[2024-04-16T00:32:29.384+0000] {processor.py:161} INFO - Started process (PID=410) to work on /home/airflow/.local/lib/python3.12/site-packages/airflow/example_dags/example_branch_datetime_operator.py
[2024-04-16T00:32:29.386+0000] {processor.py:830} INFO - Processing file /home/airflow/.local/lib/python3.12/site-packages/airflow/example_dags/example_branch_datetime_operator.py for tasks to queue
[2024-04-16T00:32:29.392+0000] {logging_mixin.py:188} INFO - [2024-04-16T00:32:29.391+0000] {dagbag.py:540} INFO - Filling up the DagBag from /home/airflow/.local/lib/python3.12/site-packages/airflow/example_dags/example_branch_datetime_operator.py
[2024-04-16T00:32:29.420+0000] {processor.py:840} INFO - DAG(s) 'example_branch_datetime_operator_2', 'example_branch_datetime_operator', 'example_branch_datetime_operator_3' retrieved from /home/airflow/.local/lib/python3.12/site-packages/airflow/example_dags/example_branch_datetime_operator.py
[2024-04-16T00:32:29.466+0000] {logging_mixin.py:188} INFO - [2024-04-16T00:32:29.466+0000] {dag.py:3096} INFO - Sync 3 DAGs
[2024-04-16T00:32:29.505+0000] {logging_mixin.py:188} INFO - [2024-04-16T00:32:29.505+0000] {dag.py:3954} INFO - Setting next_dagrun for example_branch_datetime_operator to 2024-04-15 00:00:00+00:00, run_after=2024-04-16 00:00:00+00:00
[2024-04-16T00:32:29.513+0000] {logging_mixin.py:188} INFO - [2024-04-16T00:32:29.513+0000] {dag.py:3954} INFO - Setting next_dagrun for example_branch_datetime_operator_2 to 2024-04-15 00:00:00+00:00, run_after=2024-04-16 00:00:00+00:00
[2024-04-16T00:32:29.518+0000] {logging_mixin.py:188} INFO - [2024-04-16T00:32:29.517+0000] {dag.py:3954} INFO - Setting next_dagrun for example_branch_datetime_operator_3 to 2024-04-15 00:00:00+00:00, run_after=2024-04-16 00:00:00+00:00
[2024-04-16T00:32:29.546+0000] {processor.py:183} INFO - Processing /home/airflow/.local/lib/python3.12/site-packages/airflow/example_dags/example_branch_datetime_operator.py took 0.183 seconds
[2024-04-16T00:32:59.691+0000] {processor.py:161} INFO - Started process (PID=468) to work on /home/airflow/.local/lib/python3.12/site-packages/airflow/example_dags/example_branch_datetime_operator.py
[2024-04-16T00:32:59.693+0000] {processor.py:830} INFO - Processing file /home/airflow/.local/lib/python3.12/site-packages/airflow/example_dags/example_branch_datetime_operator.py for tasks to queue
[2024-04-16T00:32:59.696+0000] {logging_mixin.py:188} INFO - [2024-04-16T00:32:59.695+0000] {dagbag.py:540} INFO - Filling up the DagBag from /home/airflow/.local/lib/python3.12/site-packages/airflow/example_dags/example_branch_datetime_operator.py
[2024-04-16T00:32:59.712+0000] {processor.py:840} INFO - DAG(s) 'example_branch_datetime_operator_3', 'example_branch_datetime_operator_2', 'example_branch_datetime_operator' retrieved from /home/airflow/.local/lib/python3.12/site-packages/airflow/example_dags/example_branch_datetime_operator.py
[2024-04-16T00:32:59.758+0000] {logging_mixin.py:188} INFO - [2024-04-16T00:32:59.758+0000] {dag.py:3096} INFO - Sync 3 DAGs
[2024-04-16T00:32:59.798+0000] {logging_mixin.py:188} INFO - [2024-04-16T00:32:59.798+0000] {dag.py:3954} INFO - Setting next_dagrun for example_branch_datetime_operator to 2024-04-15 00:00:00+00:00, run_after=2024-04-16 00:00:00+00:00
[2024-04-16T00:32:59.807+0000] {logging_mixin.py:188} INFO - [2024-04-16T00:32:59.806+0000] {dag.py:3954} INFO - Setting next_dagrun for example_branch_datetime_operator_2 to 2024-04-15 00:00:00+00:00, run_after=2024-04-16 00:00:00+00:00
[2024-04-16T00:32:59.811+0000] {logging_mixin.py:188} INFO - [2024-04-16T00:32:59.811+0000] {dag.py:3954} INFO - Setting next_dagrun for example_branch_datetime_operator_3 to 2024-04-15 00:00:00+00:00, run_after=2024-04-16 00:00:00+00:00
[2024-04-16T00:32:59.842+0000] {processor.py:183} INFO - Processing /home/airflow/.local/lib/python3.12/site-packages/airflow/example_dags/example_branch_datetime_operator.py took 0.160 seconds
[2024-04-16T00:33:29.898+0000] {processor.py:161} INFO - Started process (PID=525) to work on /home/airflow/.local/lib/python3.12/site-packages/airflow/example_dags/example_branch_datetime_operator.py
[2024-04-16T00:33:29.899+0000] {processor.py:830} INFO - Processing file /home/airflow/.local/lib/python3.12/site-packages/airflow/example_dags/example_branch_datetime_operator.py for tasks to queue
[2024-04-16T00:33:29.902+0000] {logging_mixin.py:188} INFO - [2024-04-16T00:33:29.902+0000] {dagbag.py:540} INFO - Filling up the DagBag from /home/airflow/.local/lib/python3.12/site-packages/airflow/example_dags/example_branch_datetime_operator.py
[2024-04-16T00:33:29.915+0000] {processor.py:840} INFO - DAG(s) 'example_branch_datetime_operator', 'example_branch_datetime_operator_2', 'example_branch_datetime_operator_3' retrieved from /home/airflow/.local/lib/python3.12/site-packages/airflow/example_dags/example_branch_datetime_operator.py
[2024-04-16T00:33:29.960+0000] {logging_mixin.py:188} INFO - [2024-04-16T00:33:29.960+0000] {dag.py:3096} INFO - Sync 3 DAGs
[2024-04-16T00:33:29.999+0000] {logging_mixin.py:188} INFO - [2024-04-16T00:33:29.999+0000] {dag.py:3954} INFO - Setting next_dagrun for example_branch_datetime_operator to 2024-04-15 00:00:00+00:00, run_after=2024-04-16 00:00:00+00:00
[2024-04-16T00:33:30.008+0000] {logging_mixin.py:188} INFO - [2024-04-16T00:33:30.008+0000] {dag.py:3954} INFO - Setting next_dagrun for example_branch_datetime_operator_2 to 2024-04-15 00:00:00+00:00, run_after=2024-04-16 00:00:00+00:00
[2024-04-16T00:33:30.013+0000] {logging_mixin.py:188} INFO - [2024-04-16T00:33:30.012+0000] {dag.py:3954} INFO - Setting next_dagrun for example_branch_datetime_operator_3 to 2024-04-15 00:00:00+00:00, run_after=2024-04-16 00:00:00+00:00
[2024-04-16T00:33:30.045+0000] {processor.py:183} INFO - Processing /home/airflow/.local/lib/python3.12/site-packages/airflow/example_dags/example_branch_datetime_operator.py took 0.155 seconds
[2024-04-16T00:34:00.269+0000] {processor.py:161} INFO - Started process (PID=583) to work on /home/airflow/.local/lib/python3.12/site-packages/airflow/example_dags/example_branch_datetime_operator.py
[2024-04-16T00:34:00.270+0000] {processor.py:830} INFO - Processing file /home/airflow/.local/lib/python3.12/site-packages/airflow/example_dags/example_branch_datetime_operator.py for tasks to queue
[2024-04-16T00:34:00.273+0000] {logging_mixin.py:188} INFO - [2024-04-16T00:34:00.272+0000] {dagbag.py:540} INFO - Filling up the DagBag from /home/airflow/.local/lib/python3.12/site-packages/airflow/example_dags/example_branch_datetime_operator.py
[2024-04-16T00:34:00.287+0000] {processor.py:840} INFO - DAG(s) 'example_branch_datetime_operator_2', 'example_branch_datetime_operator', 'example_branch_datetime_operator_3' retrieved from /home/airflow/.local/lib/python3.12/site-packages/airflow/example_dags/example_branch_datetime_operator.py
[2024-04-16T00:34:00.323+0000] {logging_mixin.py:188} INFO - [2024-04-16T00:34:00.323+0000] {dag.py:3096} INFO - Sync 3 DAGs
[2024-04-16T00:34:00.361+0000] {logging_mixin.py:188} INFO - [2024-04-16T00:34:00.361+0000] {dag.py:3954} INFO - Setting next_dagrun for example_branch_datetime_operator to 2024-04-15 00:00:00+00:00, run_after=2024-04-16 00:00:00+00:00
[2024-04-16T00:34:00.369+0000] {logging_mixin.py:188} INFO - [2024-04-16T00:34:00.369+0000] {dag.py:3954} INFO - Setting next_dagrun for example_branch_datetime_operator_2 to 2024-04-15 00:00:00+00:00, run_after=2024-04-16 00:00:00+00:00
[2024-04-16T00:34:00.373+0000] {logging_mixin.py:188} INFO - [2024-04-16T00:34:00.373+0000] {dag.py:3954} INFO - Setting next_dagrun for example_branch_datetime_operator_3 to 2024-04-15 00:00:00+00:00, run_after=2024-04-16 00:00:00+00:00
[2024-04-16T00:34:00.404+0000] {processor.py:183} INFO - Processing /home/airflow/.local/lib/python3.12/site-packages/airflow/example_dags/example_branch_datetime_operator.py took 0.144 seconds
