[2024-04-16T00:07:52.855+0000] {processor.py:161} INFO - Started process (PID=58) to work on /home/airflow/.local/lib/python3.12/site-packages/airflow/example_dags/example_datasets.py
[2024-04-16T00:07:52.856+0000] {processor.py:830} INFO - Processing file /home/airflow/.local/lib/python3.12/site-packages/airflow/example_dags/example_datasets.py for tasks to queue
[2024-04-16T00:07:52.859+0000] {logging_mixin.py:188} INFO - [2024-04-16T00:07:52.859+0000] {dagbag.py:540} INFO - Filling up the DagBag from /home/airflow/.local/lib/python3.12/site-packages/airflow/example_dags/example_datasets.py
[2024-04-16T00:07:52.890+0000] {processor.py:840} INFO - DAG(s) 'dataset_consumes_unknown_never_scheduled', 'consume_1_and_2_with_dataset_expressions', 'dataset_consumes_1', 'consume_1_or_2_with_dataset_expressions', 'dataset_produces_1', 'dataset_produces_2', 'conditional_dataset_and_time_based_timetable', 'consume_1_or_both_2_and_3_with_dataset_expressions', 'dataset_consumes_1_never_scheduled', 'dataset_consumes_1_and_2' retrieved from /home/airflow/.local/lib/python3.12/site-packages/airflow/example_dags/example_datasets.py
[2024-04-16T00:07:52.967+0000] {logging_mixin.py:188} INFO - [2024-04-16T00:07:52.966+0000] {dag.py:3096} INFO - Sync 10 DAGs
[2024-04-16T00:07:53.007+0000] {logging_mixin.py:188} INFO - [2024-04-16T00:07:53.006+0000] {dag.py:3954} INFO - Setting next_dagrun for conditional_dataset_and_time_based_timetable to 2024-04-10 01:00:00+00:00, run_after=2024-04-10 01:00:00+00:00
[2024-04-16T00:07:53.014+0000] {logging_mixin.py:188} INFO - [2024-04-16T00:07:53.013+0000] {dag.py:3954} INFO - Setting next_dagrun for consume_1_and_2_with_dataset_expressions to None, run_after=None
[2024-04-16T00:07:53.016+0000] {logging_mixin.py:188} INFO - [2024-04-16T00:07:53.016+0000] {dag.py:3954} INFO - Setting next_dagrun for consume_1_or_2_with_dataset_expressions to None, run_after=None
[2024-04-16T00:07:53.018+0000] {logging_mixin.py:188} INFO - [2024-04-16T00:07:53.018+0000] {dag.py:3954} INFO - Setting next_dagrun for consume_1_or_both_2_and_3_with_dataset_expressions to None, run_after=None
[2024-04-16T00:07:53.020+0000] {logging_mixin.py:188} INFO - [2024-04-16T00:07:53.020+0000] {dag.py:3954} INFO - Setting next_dagrun for dataset_consumes_1 to None, run_after=None
[2024-04-16T00:07:53.022+0000] {logging_mixin.py:188} INFO - [2024-04-16T00:07:53.022+0000] {dag.py:3954} INFO - Setting next_dagrun for dataset_consumes_1_and_2 to None, run_after=None
[2024-04-16T00:07:53.024+0000] {logging_mixin.py:188} INFO - [2024-04-16T00:07:53.023+0000] {dag.py:3954} INFO - Setting next_dagrun for dataset_consumes_1_never_scheduled to None, run_after=None
[2024-04-16T00:07:53.025+0000] {logging_mixin.py:188} INFO - [2024-04-16T00:07:53.025+0000] {dag.py:3954} INFO - Setting next_dagrun for dataset_consumes_unknown_never_scheduled to None, run_after=None
[2024-04-16T00:07:53.029+0000] {logging_mixin.py:188} INFO - [2024-04-16T00:07:53.029+0000] {dag.py:3954} INFO - Setting next_dagrun for dataset_produces_1 to 2024-04-15 00:00:00+00:00, run_after=2024-04-16 00:00:00+00:00
[2024-04-16T00:07:53.031+0000] {logging_mixin.py:188} INFO - [2024-04-16T00:07:53.031+0000] {dag.py:3954} INFO - Setting next_dagrun for dataset_produces_2 to None, run_after=None
[2024-04-16T00:07:53.185+0000] {processor.py:183} INFO - Processing /home/airflow/.local/lib/python3.12/site-packages/airflow/example_dags/example_datasets.py took 0.339 seconds
[2024-04-16T00:08:23.519+0000] {processor.py:161} INFO - Started process (PID=123) to work on /home/airflow/.local/lib/python3.12/site-packages/airflow/example_dags/example_datasets.py
[2024-04-16T00:08:23.521+0000] {processor.py:830} INFO - Processing file /home/airflow/.local/lib/python3.12/site-packages/airflow/example_dags/example_datasets.py for tasks to queue
[2024-04-16T00:08:23.525+0000] {logging_mixin.py:188} INFO - [2024-04-16T00:08:23.525+0000] {dagbag.py:540} INFO - Filling up the DagBag from /home/airflow/.local/lib/python3.12/site-packages/airflow/example_dags/example_datasets.py
[2024-04-16T00:08:23.547+0000] {processor.py:840} INFO - DAG(s) 'dataset_produces_1', 'conditional_dataset_and_time_based_timetable', 'dataset_consumes_unknown_never_scheduled', 'dataset_produces_2', 'consume_1_and_2_with_dataset_expressions', 'consume_1_or_both_2_and_3_with_dataset_expressions', 'dataset_consumes_1_and_2', 'dataset_consumes_1_never_scheduled', 'dataset_consumes_1', 'consume_1_or_2_with_dataset_expressions' retrieved from /home/airflow/.local/lib/python3.12/site-packages/airflow/example_dags/example_datasets.py
[2024-04-16T00:08:23.619+0000] {logging_mixin.py:188} INFO - [2024-04-16T00:08:23.619+0000] {dag.py:3096} INFO - Sync 10 DAGs
[2024-04-16T00:08:23.658+0000] {logging_mixin.py:188} INFO - [2024-04-16T00:08:23.658+0000] {dag.py:3954} INFO - Setting next_dagrun for conditional_dataset_and_time_based_timetable to 2024-04-10 01:00:00+00:00, run_after=2024-04-10 01:00:00+00:00
[2024-04-16T00:08:23.664+0000] {logging_mixin.py:188} INFO - [2024-04-16T00:08:23.664+0000] {dag.py:3954} INFO - Setting next_dagrun for consume_1_and_2_with_dataset_expressions to None, run_after=None
[2024-04-16T00:08:23.666+0000] {logging_mixin.py:188} INFO - [2024-04-16T00:08:23.666+0000] {dag.py:3954} INFO - Setting next_dagrun for consume_1_or_2_with_dataset_expressions to None, run_after=None
[2024-04-16T00:08:23.668+0000] {logging_mixin.py:188} INFO - [2024-04-16T00:08:23.668+0000] {dag.py:3954} INFO - Setting next_dagrun for consume_1_or_both_2_and_3_with_dataset_expressions to None, run_after=None
[2024-04-16T00:08:23.670+0000] {logging_mixin.py:188} INFO - [2024-04-16T00:08:23.669+0000] {dag.py:3954} INFO - Setting next_dagrun for dataset_consumes_1 to None, run_after=None
[2024-04-16T00:08:23.672+0000] {logging_mixin.py:188} INFO - [2024-04-16T00:08:23.671+0000] {dag.py:3954} INFO - Setting next_dagrun for dataset_consumes_1_and_2 to None, run_after=None
[2024-04-16T00:08:23.674+0000] {logging_mixin.py:188} INFO - [2024-04-16T00:08:23.673+0000] {dag.py:3954} INFO - Setting next_dagrun for dataset_consumes_1_never_scheduled to None, run_after=None
[2024-04-16T00:08:23.675+0000] {logging_mixin.py:188} INFO - [2024-04-16T00:08:23.675+0000] {dag.py:3954} INFO - Setting next_dagrun for dataset_consumes_unknown_never_scheduled to None, run_after=None
[2024-04-16T00:08:23.679+0000] {logging_mixin.py:188} INFO - [2024-04-16T00:08:23.679+0000] {dag.py:3954} INFO - Setting next_dagrun for dataset_produces_1 to 2024-04-15 00:00:00+00:00, run_after=2024-04-16 00:00:00+00:00
[2024-04-16T00:08:23.681+0000] {logging_mixin.py:188} INFO - [2024-04-16T00:08:23.681+0000] {dag.py:3954} INFO - Setting next_dagrun for dataset_produces_2 to None, run_after=None
[2024-04-16T00:08:23.732+0000] {processor.py:183} INFO - Processing /home/airflow/.local/lib/python3.12/site-packages/airflow/example_dags/example_datasets.py took 0.230 seconds
[2024-04-16T00:08:54.471+0000] {processor.py:161} INFO - Started process (PID=181) to work on /home/airflow/.local/lib/python3.12/site-packages/airflow/example_dags/example_datasets.py
[2024-04-16T00:08:54.472+0000] {processor.py:830} INFO - Processing file /home/airflow/.local/lib/python3.12/site-packages/airflow/example_dags/example_datasets.py for tasks to queue
[2024-04-16T00:08:54.475+0000] {logging_mixin.py:188} INFO - [2024-04-16T00:08:54.474+0000] {dagbag.py:540} INFO - Filling up the DagBag from /home/airflow/.local/lib/python3.12/site-packages/airflow/example_dags/example_datasets.py
[2024-04-16T00:08:54.496+0000] {processor.py:840} INFO - DAG(s) 'dataset_produces_1', 'dataset_consumes_unknown_never_scheduled', 'dataset_consumes_1_and_2', 'consume_1_or_both_2_and_3_with_dataset_expressions', 'dataset_produces_2', 'consume_1_or_2_with_dataset_expressions', 'consume_1_and_2_with_dataset_expressions', 'conditional_dataset_and_time_based_timetable', 'dataset_consumes_1_never_scheduled', 'dataset_consumes_1' retrieved from /home/airflow/.local/lib/python3.12/site-packages/airflow/example_dags/example_datasets.py
[2024-04-16T00:08:54.578+0000] {logging_mixin.py:188} INFO - [2024-04-16T00:08:54.577+0000] {dag.py:3096} INFO - Sync 10 DAGs
[2024-04-16T00:08:54.620+0000] {logging_mixin.py:188} INFO - [2024-04-16T00:08:54.619+0000] {dag.py:3954} INFO - Setting next_dagrun for conditional_dataset_and_time_based_timetable to 2024-04-10 01:00:00+00:00, run_after=2024-04-10 01:00:00+00:00
[2024-04-16T00:08:54.626+0000] {logging_mixin.py:188} INFO - [2024-04-16T00:08:54.625+0000] {dag.py:3954} INFO - Setting next_dagrun for consume_1_and_2_with_dataset_expressions to None, run_after=None
[2024-04-16T00:08:54.628+0000] {logging_mixin.py:188} INFO - [2024-04-16T00:08:54.628+0000] {dag.py:3954} INFO - Setting next_dagrun for consume_1_or_2_with_dataset_expressions to None, run_after=None
[2024-04-16T00:08:54.630+0000] {logging_mixin.py:188} INFO - [2024-04-16T00:08:54.630+0000] {dag.py:3954} INFO - Setting next_dagrun for consume_1_or_both_2_and_3_with_dataset_expressions to None, run_after=None
[2024-04-16T00:08:54.632+0000] {logging_mixin.py:188} INFO - [2024-04-16T00:08:54.632+0000] {dag.py:3954} INFO - Setting next_dagrun for dataset_consumes_1 to None, run_after=None
[2024-04-16T00:08:54.634+0000] {logging_mixin.py:188} INFO - [2024-04-16T00:08:54.634+0000] {dag.py:3954} INFO - Setting next_dagrun for dataset_consumes_1_and_2 to None, run_after=None
[2024-04-16T00:08:54.636+0000] {logging_mixin.py:188} INFO - [2024-04-16T00:08:54.636+0000] {dag.py:3954} INFO - Setting next_dagrun for dataset_consumes_1_never_scheduled to None, run_after=None
[2024-04-16T00:08:54.638+0000] {logging_mixin.py:188} INFO - [2024-04-16T00:08:54.638+0000] {dag.py:3954} INFO - Setting next_dagrun for dataset_consumes_unknown_never_scheduled to None, run_after=None
[2024-04-16T00:08:54.642+0000] {logging_mixin.py:188} INFO - [2024-04-16T00:08:54.642+0000] {dag.py:3954} INFO - Setting next_dagrun for dataset_produces_1 to 2024-04-15 00:00:00+00:00, run_after=2024-04-16 00:00:00+00:00
[2024-04-16T00:08:54.645+0000] {logging_mixin.py:188} INFO - [2024-04-16T00:08:54.644+0000] {dag.py:3954} INFO - Setting next_dagrun for dataset_produces_2 to None, run_after=None
[2024-04-16T00:08:54.696+0000] {processor.py:183} INFO - Processing /home/airflow/.local/lib/python3.12/site-packages/airflow/example_dags/example_datasets.py took 0.234 seconds
[2024-04-16T00:09:24.856+0000] {processor.py:161} INFO - Started process (PID=240) to work on /home/airflow/.local/lib/python3.12/site-packages/airflow/example_dags/example_datasets.py
[2024-04-16T00:09:24.858+0000] {processor.py:830} INFO - Processing file /home/airflow/.local/lib/python3.12/site-packages/airflow/example_dags/example_datasets.py for tasks to queue
[2024-04-16T00:09:24.861+0000] {logging_mixin.py:188} INFO - [2024-04-16T00:09:24.860+0000] {dagbag.py:540} INFO - Filling up the DagBag from /home/airflow/.local/lib/python3.12/site-packages/airflow/example_dags/example_datasets.py
[2024-04-16T00:09:24.882+0000] {processor.py:840} INFO - DAG(s) 'dataset_produces_2', 'consume_1_or_both_2_and_3_with_dataset_expressions', 'dataset_consumes_unknown_never_scheduled', 'consume_1_and_2_with_dataset_expressions', 'conditional_dataset_and_time_based_timetable', 'dataset_consumes_1_and_2', 'dataset_consumes_1_never_scheduled', 'consume_1_or_2_with_dataset_expressions', 'dataset_produces_1', 'dataset_consumes_1' retrieved from /home/airflow/.local/lib/python3.12/site-packages/airflow/example_dags/example_datasets.py
[2024-04-16T00:09:24.952+0000] {logging_mixin.py:188} INFO - [2024-04-16T00:09:24.951+0000] {dag.py:3096} INFO - Sync 10 DAGs
[2024-04-16T00:09:24.990+0000] {logging_mixin.py:188} INFO - [2024-04-16T00:09:24.989+0000] {dag.py:3954} INFO - Setting next_dagrun for conditional_dataset_and_time_based_timetable to 2024-04-10 01:00:00+00:00, run_after=2024-04-10 01:00:00+00:00
[2024-04-16T00:09:24.995+0000] {logging_mixin.py:188} INFO - [2024-04-16T00:09:24.995+0000] {dag.py:3954} INFO - Setting next_dagrun for consume_1_and_2_with_dataset_expressions to None, run_after=None
[2024-04-16T00:09:24.997+0000] {logging_mixin.py:188} INFO - [2024-04-16T00:09:24.997+0000] {dag.py:3954} INFO - Setting next_dagrun for consume_1_or_2_with_dataset_expressions to None, run_after=None
[2024-04-16T00:09:24.999+0000] {logging_mixin.py:188} INFO - [2024-04-16T00:09:24.999+0000] {dag.py:3954} INFO - Setting next_dagrun for consume_1_or_both_2_and_3_with_dataset_expressions to None, run_after=None
[2024-04-16T00:09:25.001+0000] {logging_mixin.py:188} INFO - [2024-04-16T00:09:25.001+0000] {dag.py:3954} INFO - Setting next_dagrun for dataset_consumes_1 to None, run_after=None
[2024-04-16T00:09:25.004+0000] {logging_mixin.py:188} INFO - [2024-04-16T00:09:25.003+0000] {dag.py:3954} INFO - Setting next_dagrun for dataset_consumes_1_and_2 to None, run_after=None
[2024-04-16T00:09:25.006+0000] {logging_mixin.py:188} INFO - [2024-04-16T00:09:25.006+0000] {dag.py:3954} INFO - Setting next_dagrun for dataset_consumes_1_never_scheduled to None, run_after=None
[2024-04-16T00:09:25.008+0000] {logging_mixin.py:188} INFO - [2024-04-16T00:09:25.008+0000] {dag.py:3954} INFO - Setting next_dagrun for dataset_consumes_unknown_never_scheduled to None, run_after=None
[2024-04-16T00:09:25.015+0000] {logging_mixin.py:188} INFO - [2024-04-16T00:09:25.015+0000] {dag.py:3954} INFO - Setting next_dagrun for dataset_produces_1 to 2024-04-15 00:00:00+00:00, run_after=2024-04-16 00:00:00+00:00
[2024-04-16T00:09:25.018+0000] {logging_mixin.py:188} INFO - [2024-04-16T00:09:25.017+0000] {dag.py:3954} INFO - Setting next_dagrun for dataset_produces_2 to None, run_after=None
[2024-04-16T00:09:25.082+0000] {processor.py:183} INFO - Processing /home/airflow/.local/lib/python3.12/site-packages/airflow/example_dags/example_datasets.py took 0.234 seconds
[2024-04-16T00:09:55.249+0000] {processor.py:161} INFO - Started process (PID=299) to work on /home/airflow/.local/lib/python3.12/site-packages/airflow/example_dags/example_datasets.py
[2024-04-16T00:09:55.250+0000] {processor.py:830} INFO - Processing file /home/airflow/.local/lib/python3.12/site-packages/airflow/example_dags/example_datasets.py for tasks to queue
[2024-04-16T00:09:55.253+0000] {logging_mixin.py:188} INFO - [2024-04-16T00:09:55.252+0000] {dagbag.py:540} INFO - Filling up the DagBag from /home/airflow/.local/lib/python3.12/site-packages/airflow/example_dags/example_datasets.py
[2024-04-16T00:09:55.272+0000] {processor.py:840} INFO - DAG(s) 'dataset_consumes_unknown_never_scheduled', 'dataset_consumes_1_and_2', 'consume_1_or_2_with_dataset_expressions', 'dataset_consumes_1', 'consume_1_and_2_with_dataset_expressions', 'dataset_produces_1', 'dataset_produces_2', 'consume_1_or_both_2_and_3_with_dataset_expressions', 'conditional_dataset_and_time_based_timetable', 'dataset_consumes_1_never_scheduled' retrieved from /home/airflow/.local/lib/python3.12/site-packages/airflow/example_dags/example_datasets.py
[2024-04-16T00:09:55.383+0000] {logging_mixin.py:188} INFO - [2024-04-16T00:09:55.383+0000] {dag.py:3096} INFO - Sync 10 DAGs
[2024-04-16T00:09:55.433+0000] {logging_mixin.py:188} INFO - [2024-04-16T00:09:55.433+0000] {dag.py:3954} INFO - Setting next_dagrun for conditional_dataset_and_time_based_timetable to 2024-04-10 01:00:00+00:00, run_after=2024-04-10 01:00:00+00:00
[2024-04-16T00:09:55.439+0000] {logging_mixin.py:188} INFO - [2024-04-16T00:09:55.438+0000] {dag.py:3954} INFO - Setting next_dagrun for consume_1_and_2_with_dataset_expressions to None, run_after=None
[2024-04-16T00:09:55.441+0000] {logging_mixin.py:188} INFO - [2024-04-16T00:09:55.441+0000] {dag.py:3954} INFO - Setting next_dagrun for consume_1_or_2_with_dataset_expressions to None, run_after=None
[2024-04-16T00:09:55.443+0000] {logging_mixin.py:188} INFO - [2024-04-16T00:09:55.443+0000] {dag.py:3954} INFO - Setting next_dagrun for consume_1_or_both_2_and_3_with_dataset_expressions to None, run_after=None
[2024-04-16T00:09:55.445+0000] {logging_mixin.py:188} INFO - [2024-04-16T00:09:55.445+0000] {dag.py:3954} INFO - Setting next_dagrun for dataset_consumes_1 to None, run_after=None
[2024-04-16T00:09:55.447+0000] {logging_mixin.py:188} INFO - [2024-04-16T00:09:55.447+0000] {dag.py:3954} INFO - Setting next_dagrun for dataset_consumes_1_and_2 to None, run_after=None
[2024-04-16T00:09:55.451+0000] {logging_mixin.py:188} INFO - [2024-04-16T00:09:55.451+0000] {dag.py:3954} INFO - Setting next_dagrun for dataset_consumes_1_never_scheduled to None, run_after=None
[2024-04-16T00:09:55.453+0000] {logging_mixin.py:188} INFO - [2024-04-16T00:09:55.453+0000] {dag.py:3954} INFO - Setting next_dagrun for dataset_consumes_unknown_never_scheduled to None, run_after=None
[2024-04-16T00:09:55.458+0000] {logging_mixin.py:188} INFO - [2024-04-16T00:09:55.457+0000] {dag.py:3954} INFO - Setting next_dagrun for dataset_produces_1 to 2024-04-15 00:00:00+00:00, run_after=2024-04-16 00:00:00+00:00
[2024-04-16T00:09:55.460+0000] {logging_mixin.py:188} INFO - [2024-04-16T00:09:55.460+0000] {dag.py:3954} INFO - Setting next_dagrun for dataset_produces_2 to None, run_after=None
[2024-04-16T00:09:55.507+0000] {processor.py:183} INFO - Processing /home/airflow/.local/lib/python3.12/site-packages/airflow/example_dags/example_datasets.py took 0.269 seconds
[2024-04-16T00:10:25.891+0000] {processor.py:161} INFO - Started process (PID=356) to work on /home/airflow/.local/lib/python3.12/site-packages/airflow/example_dags/example_datasets.py
[2024-04-16T00:10:25.894+0000] {processor.py:830} INFO - Processing file /home/airflow/.local/lib/python3.12/site-packages/airflow/example_dags/example_datasets.py for tasks to queue
[2024-04-16T00:10:25.898+0000] {logging_mixin.py:188} INFO - [2024-04-16T00:10:25.898+0000] {dagbag.py:540} INFO - Filling up the DagBag from /home/airflow/.local/lib/python3.12/site-packages/airflow/example_dags/example_datasets.py
[2024-04-16T00:10:25.918+0000] {processor.py:840} INFO - DAG(s) 'dataset_consumes_1', 'dataset_produces_2', 'conditional_dataset_and_time_based_timetable', 'dataset_consumes_1_never_scheduled', 'consume_1_or_2_with_dataset_expressions', 'consume_1_or_both_2_and_3_with_dataset_expressions', 'consume_1_and_2_with_dataset_expressions', 'dataset_consumes_1_and_2', 'dataset_produces_1', 'dataset_consumes_unknown_never_scheduled' retrieved from /home/airflow/.local/lib/python3.12/site-packages/airflow/example_dags/example_datasets.py
[2024-04-16T00:10:26.001+0000] {logging_mixin.py:188} INFO - [2024-04-16T00:10:26.001+0000] {dag.py:3096} INFO - Sync 10 DAGs
[2024-04-16T00:10:26.039+0000] {logging_mixin.py:188} INFO - [2024-04-16T00:10:26.039+0000] {dag.py:3954} INFO - Setting next_dagrun for conditional_dataset_and_time_based_timetable to 2024-04-10 01:00:00+00:00, run_after=2024-04-10 01:00:00+00:00
[2024-04-16T00:10:26.045+0000] {logging_mixin.py:188} INFO - [2024-04-16T00:10:26.045+0000] {dag.py:3954} INFO - Setting next_dagrun for consume_1_and_2_with_dataset_expressions to None, run_after=None
[2024-04-16T00:10:26.047+0000] {logging_mixin.py:188} INFO - [2024-04-16T00:10:26.047+0000] {dag.py:3954} INFO - Setting next_dagrun for consume_1_or_2_with_dataset_expressions to None, run_after=None
[2024-04-16T00:10:26.049+0000] {logging_mixin.py:188} INFO - [2024-04-16T00:10:26.049+0000] {dag.py:3954} INFO - Setting next_dagrun for consume_1_or_both_2_and_3_with_dataset_expressions to None, run_after=None
[2024-04-16T00:10:26.051+0000] {logging_mixin.py:188} INFO - [2024-04-16T00:10:26.050+0000] {dag.py:3954} INFO - Setting next_dagrun for dataset_consumes_1 to None, run_after=None
[2024-04-16T00:10:26.052+0000] {logging_mixin.py:188} INFO - [2024-04-16T00:10:26.052+0000] {dag.py:3954} INFO - Setting next_dagrun for dataset_consumes_1_and_2 to None, run_after=None
[2024-04-16T00:10:26.054+0000] {logging_mixin.py:188} INFO - [2024-04-16T00:10:26.054+0000] {dag.py:3954} INFO - Setting next_dagrun for dataset_consumes_1_never_scheduled to None, run_after=None
[2024-04-16T00:10:26.056+0000] {logging_mixin.py:188} INFO - [2024-04-16T00:10:26.056+0000] {dag.py:3954} INFO - Setting next_dagrun for dataset_consumes_unknown_never_scheduled to None, run_after=None
[2024-04-16T00:10:26.060+0000] {logging_mixin.py:188} INFO - [2024-04-16T00:10:26.060+0000] {dag.py:3954} INFO - Setting next_dagrun for dataset_produces_1 to 2024-04-15 00:00:00+00:00, run_after=2024-04-16 00:00:00+00:00
[2024-04-16T00:10:26.062+0000] {logging_mixin.py:188} INFO - [2024-04-16T00:10:26.061+0000] {dag.py:3954} INFO - Setting next_dagrun for dataset_produces_2 to None, run_after=None
[2024-04-16T00:10:26.130+0000] {processor.py:183} INFO - Processing /home/airflow/.local/lib/python3.12/site-packages/airflow/example_dags/example_datasets.py took 0.258 seconds
[2024-04-16T00:10:56.495+0000] {processor.py:161} INFO - Started process (PID=414) to work on /home/airflow/.local/lib/python3.12/site-packages/airflow/example_dags/example_datasets.py
[2024-04-16T00:10:56.497+0000] {processor.py:830} INFO - Processing file /home/airflow/.local/lib/python3.12/site-packages/airflow/example_dags/example_datasets.py for tasks to queue
[2024-04-16T00:10:56.500+0000] {logging_mixin.py:188} INFO - [2024-04-16T00:10:56.500+0000] {dagbag.py:540} INFO - Filling up the DagBag from /home/airflow/.local/lib/python3.12/site-packages/airflow/example_dags/example_datasets.py
[2024-04-16T00:10:56.523+0000] {processor.py:840} INFO - DAG(s) 'dataset_consumes_1_never_scheduled', 'consume_1_or_2_with_dataset_expressions', 'dataset_produces_2', 'dataset_produces_1', 'dataset_consumes_1_and_2', 'dataset_consumes_1', 'consume_1_and_2_with_dataset_expressions', 'conditional_dataset_and_time_based_timetable', 'dataset_consumes_unknown_never_scheduled', 'consume_1_or_both_2_and_3_with_dataset_expressions' retrieved from /home/airflow/.local/lib/python3.12/site-packages/airflow/example_dags/example_datasets.py
[2024-04-16T00:10:56.603+0000] {logging_mixin.py:188} INFO - [2024-04-16T00:10:56.602+0000] {dag.py:3096} INFO - Sync 10 DAGs
[2024-04-16T00:10:56.665+0000] {logging_mixin.py:188} INFO - [2024-04-16T00:10:56.664+0000] {dag.py:3954} INFO - Setting next_dagrun for conditional_dataset_and_time_based_timetable to 2024-04-10 01:00:00+00:00, run_after=2024-04-10 01:00:00+00:00
[2024-04-16T00:10:56.676+0000] {logging_mixin.py:188} INFO - [2024-04-16T00:10:56.676+0000] {dag.py:3954} INFO - Setting next_dagrun for consume_1_and_2_with_dataset_expressions to None, run_after=None
[2024-04-16T00:10:56.680+0000] {logging_mixin.py:188} INFO - [2024-04-16T00:10:56.680+0000] {dag.py:3954} INFO - Setting next_dagrun for consume_1_or_2_with_dataset_expressions to None, run_after=None
[2024-04-16T00:10:56.683+0000] {logging_mixin.py:188} INFO - [2024-04-16T00:10:56.682+0000] {dag.py:3954} INFO - Setting next_dagrun for consume_1_or_both_2_and_3_with_dataset_expressions to None, run_after=None
[2024-04-16T00:10:56.685+0000] {logging_mixin.py:188} INFO - [2024-04-16T00:10:56.685+0000] {dag.py:3954} INFO - Setting next_dagrun for dataset_consumes_1 to None, run_after=None
[2024-04-16T00:10:56.688+0000] {logging_mixin.py:188} INFO - [2024-04-16T00:10:56.688+0000] {dag.py:3954} INFO - Setting next_dagrun for dataset_consumes_1_and_2 to None, run_after=None
[2024-04-16T00:10:56.692+0000] {logging_mixin.py:188} INFO - [2024-04-16T00:10:56.692+0000] {dag.py:3954} INFO - Setting next_dagrun for dataset_consumes_1_never_scheduled to None, run_after=None
[2024-04-16T00:10:56.695+0000] {logging_mixin.py:188} INFO - [2024-04-16T00:10:56.695+0000] {dag.py:3954} INFO - Setting next_dagrun for dataset_consumes_unknown_never_scheduled to None, run_after=None
[2024-04-16T00:10:56.699+0000] {logging_mixin.py:188} INFO - [2024-04-16T00:10:56.699+0000] {dag.py:3954} INFO - Setting next_dagrun for dataset_produces_1 to 2024-04-15 00:00:00+00:00, run_after=2024-04-16 00:00:00+00:00
[2024-04-16T00:10:56.702+0000] {logging_mixin.py:188} INFO - [2024-04-16T00:10:56.701+0000] {dag.py:3954} INFO - Setting next_dagrun for dataset_produces_2 to None, run_after=None
[2024-04-16T00:10:56.764+0000] {processor.py:183} INFO - Processing /home/airflow/.local/lib/python3.12/site-packages/airflow/example_dags/example_datasets.py took 0.279 seconds
[2024-04-16T00:11:27.115+0000] {processor.py:161} INFO - Started process (PID=472) to work on /home/airflow/.local/lib/python3.12/site-packages/airflow/example_dags/example_datasets.py
[2024-04-16T00:11:27.117+0000] {processor.py:830} INFO - Processing file /home/airflow/.local/lib/python3.12/site-packages/airflow/example_dags/example_datasets.py for tasks to queue
[2024-04-16T00:11:27.121+0000] {logging_mixin.py:188} INFO - [2024-04-16T00:11:27.120+0000] {dagbag.py:540} INFO - Filling up the DagBag from /home/airflow/.local/lib/python3.12/site-packages/airflow/example_dags/example_datasets.py
[2024-04-16T00:11:27.146+0000] {processor.py:840} INFO - DAG(s) 'dataset_consumes_1_and_2', 'conditional_dataset_and_time_based_timetable', 'dataset_consumes_1_never_scheduled', 'dataset_produces_1', 'dataset_consumes_1', 'consume_1_or_both_2_and_3_with_dataset_expressions', 'consume_1_or_2_with_dataset_expressions', 'consume_1_and_2_with_dataset_expressions', 'dataset_consumes_unknown_never_scheduled', 'dataset_produces_2' retrieved from /home/airflow/.local/lib/python3.12/site-packages/airflow/example_dags/example_datasets.py
[2024-04-16T00:11:27.239+0000] {logging_mixin.py:188} INFO - [2024-04-16T00:11:27.239+0000] {dag.py:3096} INFO - Sync 10 DAGs
[2024-04-16T00:11:27.293+0000] {logging_mixin.py:188} INFO - [2024-04-16T00:11:27.293+0000] {dag.py:3954} INFO - Setting next_dagrun for conditional_dataset_and_time_based_timetable to 2024-04-10 01:00:00+00:00, run_after=2024-04-10 01:00:00+00:00
[2024-04-16T00:11:27.304+0000] {logging_mixin.py:188} INFO - [2024-04-16T00:11:27.304+0000] {dag.py:3954} INFO - Setting next_dagrun for consume_1_and_2_with_dataset_expressions to None, run_after=None
[2024-04-16T00:11:27.306+0000] {logging_mixin.py:188} INFO - [2024-04-16T00:11:27.306+0000] {dag.py:3954} INFO - Setting next_dagrun for consume_1_or_2_with_dataset_expressions to None, run_after=None
[2024-04-16T00:11:27.309+0000] {logging_mixin.py:188} INFO - [2024-04-16T00:11:27.309+0000] {dag.py:3954} INFO - Setting next_dagrun for consume_1_or_both_2_and_3_with_dataset_expressions to None, run_after=None
[2024-04-16T00:11:27.311+0000] {logging_mixin.py:188} INFO - [2024-04-16T00:11:27.311+0000] {dag.py:3954} INFO - Setting next_dagrun for dataset_consumes_1 to None, run_after=None
[2024-04-16T00:11:27.313+0000] {logging_mixin.py:188} INFO - [2024-04-16T00:11:27.313+0000] {dag.py:3954} INFO - Setting next_dagrun for dataset_consumes_1_and_2 to None, run_after=None
[2024-04-16T00:11:27.316+0000] {logging_mixin.py:188} INFO - [2024-04-16T00:11:27.315+0000] {dag.py:3954} INFO - Setting next_dagrun for dataset_consumes_1_never_scheduled to None, run_after=None
[2024-04-16T00:11:27.319+0000] {logging_mixin.py:188} INFO - [2024-04-16T00:11:27.319+0000] {dag.py:3954} INFO - Setting next_dagrun for dataset_consumes_unknown_never_scheduled to None, run_after=None
[2024-04-16T00:11:27.324+0000] {logging_mixin.py:188} INFO - [2024-04-16T00:11:27.324+0000] {dag.py:3954} INFO - Setting next_dagrun for dataset_produces_1 to 2024-04-15 00:00:00+00:00, run_after=2024-04-16 00:00:00+00:00
[2024-04-16T00:11:27.326+0000] {logging_mixin.py:188} INFO - [2024-04-16T00:11:27.326+0000] {dag.py:3954} INFO - Setting next_dagrun for dataset_produces_2 to None, run_after=None
[2024-04-16T00:11:27.386+0000] {processor.py:183} INFO - Processing /home/airflow/.local/lib/python3.12/site-packages/airflow/example_dags/example_datasets.py took 0.283 seconds
[2024-04-16T00:11:57.594+0000] {processor.py:161} INFO - Started process (PID=531) to work on /home/airflow/.local/lib/python3.12/site-packages/airflow/example_dags/example_datasets.py
[2024-04-16T00:11:57.596+0000] {processor.py:830} INFO - Processing file /home/airflow/.local/lib/python3.12/site-packages/airflow/example_dags/example_datasets.py for tasks to queue
[2024-04-16T00:11:57.599+0000] {logging_mixin.py:188} INFO - [2024-04-16T00:11:57.598+0000] {dagbag.py:540} INFO - Filling up the DagBag from /home/airflow/.local/lib/python3.12/site-packages/airflow/example_dags/example_datasets.py
[2024-04-16T00:11:57.621+0000] {processor.py:840} INFO - DAG(s) 'dataset_produces_2', 'dataset_consumes_unknown_never_scheduled', 'dataset_consumes_1', 'dataset_consumes_1_and_2', 'consume_1_and_2_with_dataset_expressions', 'dataset_consumes_1_never_scheduled', 'dataset_produces_1', 'consume_1_or_both_2_and_3_with_dataset_expressions', 'conditional_dataset_and_time_based_timetable', 'consume_1_or_2_with_dataset_expressions' retrieved from /home/airflow/.local/lib/python3.12/site-packages/airflow/example_dags/example_datasets.py
[2024-04-16T00:11:57.700+0000] {logging_mixin.py:188} INFO - [2024-04-16T00:11:57.699+0000] {dag.py:3096} INFO - Sync 10 DAGs
[2024-04-16T00:11:57.743+0000] {logging_mixin.py:188} INFO - [2024-04-16T00:11:57.742+0000] {dag.py:3954} INFO - Setting next_dagrun for conditional_dataset_and_time_based_timetable to 2024-04-10 01:00:00+00:00, run_after=2024-04-10 01:00:00+00:00
[2024-04-16T00:11:57.750+0000] {logging_mixin.py:188} INFO - [2024-04-16T00:11:57.749+0000] {dag.py:3954} INFO - Setting next_dagrun for consume_1_and_2_with_dataset_expressions to None, run_after=None
[2024-04-16T00:11:57.753+0000] {logging_mixin.py:188} INFO - [2024-04-16T00:11:57.753+0000] {dag.py:3954} INFO - Setting next_dagrun for consume_1_or_2_with_dataset_expressions to None, run_after=None
[2024-04-16T00:11:57.756+0000] {logging_mixin.py:188} INFO - [2024-04-16T00:11:57.756+0000] {dag.py:3954} INFO - Setting next_dagrun for consume_1_or_both_2_and_3_with_dataset_expressions to None, run_after=None
[2024-04-16T00:11:57.760+0000] {logging_mixin.py:188} INFO - [2024-04-16T00:11:57.760+0000] {dag.py:3954} INFO - Setting next_dagrun for dataset_consumes_1 to None, run_after=None
[2024-04-16T00:11:57.763+0000] {logging_mixin.py:188} INFO - [2024-04-16T00:11:57.763+0000] {dag.py:3954} INFO - Setting next_dagrun for dataset_consumes_1_and_2 to None, run_after=None
[2024-04-16T00:11:57.765+0000] {logging_mixin.py:188} INFO - [2024-04-16T00:11:57.765+0000] {dag.py:3954} INFO - Setting next_dagrun for dataset_consumes_1_never_scheduled to None, run_after=None
[2024-04-16T00:11:57.768+0000] {logging_mixin.py:188} INFO - [2024-04-16T00:11:57.767+0000] {dag.py:3954} INFO - Setting next_dagrun for dataset_consumes_unknown_never_scheduled to None, run_after=None
[2024-04-16T00:11:57.772+0000] {logging_mixin.py:188} INFO - [2024-04-16T00:11:57.772+0000] {dag.py:3954} INFO - Setting next_dagrun for dataset_produces_1 to 2024-04-15 00:00:00+00:00, run_after=2024-04-16 00:00:00+00:00
[2024-04-16T00:11:57.774+0000] {logging_mixin.py:188} INFO - [2024-04-16T00:11:57.774+0000] {dag.py:3954} INFO - Setting next_dagrun for dataset_produces_2 to None, run_after=None
[2024-04-16T00:11:57.836+0000] {processor.py:183} INFO - Processing /home/airflow/.local/lib/python3.12/site-packages/airflow/example_dags/example_datasets.py took 0.251 seconds
[2024-04-16T00:12:45.711+0000] {processor.py:161} INFO - Started process (PID=58) to work on /home/airflow/.local/lib/python3.12/site-packages/airflow/example_dags/example_datasets.py
[2024-04-16T00:12:45.712+0000] {processor.py:830} INFO - Processing file /home/airflow/.local/lib/python3.12/site-packages/airflow/example_dags/example_datasets.py for tasks to queue
[2024-04-16T00:12:45.715+0000] {logging_mixin.py:188} INFO - [2024-04-16T00:12:45.715+0000] {dagbag.py:540} INFO - Filling up the DagBag from /home/airflow/.local/lib/python3.12/site-packages/airflow/example_dags/example_datasets.py
[2024-04-16T00:12:45.740+0000] {processor.py:840} INFO - DAG(s) 'dataset_consumes_1_never_scheduled', 'dataset_consumes_unknown_never_scheduled', 'conditional_dataset_and_time_based_timetable', 'dataset_consumes_1', 'dataset_consumes_1_and_2', 'consume_1_or_2_with_dataset_expressions', 'consume_1_and_2_with_dataset_expressions', 'dataset_produces_2', 'dataset_produces_1', 'consume_1_or_both_2_and_3_with_dataset_expressions' retrieved from /home/airflow/.local/lib/python3.12/site-packages/airflow/example_dags/example_datasets.py
[2024-04-16T00:12:45.808+0000] {logging_mixin.py:188} INFO - [2024-04-16T00:12:45.807+0000] {dag.py:3096} INFO - Sync 10 DAGs
[2024-04-16T00:12:45.844+0000] {logging_mixin.py:188} INFO - [2024-04-16T00:12:45.843+0000] {dag.py:3954} INFO - Setting next_dagrun for conditional_dataset_and_time_based_timetable to 2024-04-10 01:00:00+00:00, run_after=2024-04-10 01:00:00+00:00
[2024-04-16T00:12:45.850+0000] {logging_mixin.py:188} INFO - [2024-04-16T00:12:45.850+0000] {dag.py:3954} INFO - Setting next_dagrun for consume_1_and_2_with_dataset_expressions to None, run_after=None
[2024-04-16T00:12:45.852+0000] {logging_mixin.py:188} INFO - [2024-04-16T00:12:45.852+0000] {dag.py:3954} INFO - Setting next_dagrun for consume_1_or_2_with_dataset_expressions to None, run_after=None
[2024-04-16T00:12:45.854+0000] {logging_mixin.py:188} INFO - [2024-04-16T00:12:45.854+0000] {dag.py:3954} INFO - Setting next_dagrun for consume_1_or_both_2_and_3_with_dataset_expressions to None, run_after=None
[2024-04-16T00:12:45.856+0000] {logging_mixin.py:188} INFO - [2024-04-16T00:12:45.855+0000] {dag.py:3954} INFO - Setting next_dagrun for dataset_consumes_1 to None, run_after=None
[2024-04-16T00:12:45.857+0000] {logging_mixin.py:188} INFO - [2024-04-16T00:12:45.857+0000] {dag.py:3954} INFO - Setting next_dagrun for dataset_consumes_1_and_2 to None, run_after=None
[2024-04-16T00:12:45.859+0000] {logging_mixin.py:188} INFO - [2024-04-16T00:12:45.859+0000] {dag.py:3954} INFO - Setting next_dagrun for dataset_consumes_1_never_scheduled to None, run_after=None
[2024-04-16T00:12:45.861+0000] {logging_mixin.py:188} INFO - [2024-04-16T00:12:45.861+0000] {dag.py:3954} INFO - Setting next_dagrun for dataset_consumes_unknown_never_scheduled to None, run_after=None
[2024-04-16T00:12:45.866+0000] {logging_mixin.py:188} INFO - [2024-04-16T00:12:45.866+0000] {dag.py:3954} INFO - Setting next_dagrun for dataset_produces_1 to 2024-04-15 00:00:00+00:00, run_after=2024-04-16 00:00:00+00:00
[2024-04-16T00:12:45.868+0000] {logging_mixin.py:188} INFO - [2024-04-16T00:12:45.868+0000] {dag.py:3954} INFO - Setting next_dagrun for dataset_produces_2 to None, run_after=None
[2024-04-16T00:12:45.919+0000] {processor.py:183} INFO - Processing /home/airflow/.local/lib/python3.12/site-packages/airflow/example_dags/example_datasets.py took 0.217 seconds
[2024-04-16T00:28:19.680+0000] {processor.py:161} INFO - Started process (PID=64) to work on /home/airflow/.local/lib/python3.12/site-packages/airflow/example_dags/example_datasets.py
[2024-04-16T00:28:19.682+0000] {processor.py:830} INFO - Processing file /home/airflow/.local/lib/python3.12/site-packages/airflow/example_dags/example_datasets.py for tasks to queue
[2024-04-16T00:28:19.686+0000] {logging_mixin.py:188} INFO - [2024-04-16T00:28:19.685+0000] {dagbag.py:540} INFO - Filling up the DagBag from /home/airflow/.local/lib/python3.12/site-packages/airflow/example_dags/example_datasets.py
[2024-04-16T00:28:19.718+0000] {processor.py:840} INFO - DAG(s) 'dataset_consumes_1_and_2', 'consume_1_or_both_2_and_3_with_dataset_expressions', 'dataset_consumes_unknown_never_scheduled', 'consume_1_or_2_with_dataset_expressions', 'consume_1_and_2_with_dataset_expressions', 'dataset_produces_2', 'dataset_consumes_1_never_scheduled', 'dataset_produces_1', 'conditional_dataset_and_time_based_timetable', 'dataset_consumes_1' retrieved from /home/airflow/.local/lib/python3.12/site-packages/airflow/example_dags/example_datasets.py
[2024-04-16T00:28:20.049+0000] {logging_mixin.py:188} INFO - [2024-04-16T00:28:20.049+0000] {dag.py:3096} INFO - Sync 10 DAGs
[2024-04-16T00:28:20.090+0000] {logging_mixin.py:188} INFO - [2024-04-16T00:28:20.090+0000] {dag.py:3954} INFO - Setting next_dagrun for conditional_dataset_and_time_based_timetable to 2024-04-10 01:00:00+00:00, run_after=2024-04-10 01:00:00+00:00
[2024-04-16T00:28:20.097+0000] {logging_mixin.py:188} INFO - [2024-04-16T00:28:20.096+0000] {dag.py:3954} INFO - Setting next_dagrun for consume_1_and_2_with_dataset_expressions to None, run_after=None
[2024-04-16T00:28:20.099+0000] {logging_mixin.py:188} INFO - [2024-04-16T00:28:20.099+0000] {dag.py:3954} INFO - Setting next_dagrun for consume_1_or_2_with_dataset_expressions to None, run_after=None
[2024-04-16T00:28:20.101+0000] {logging_mixin.py:188} INFO - [2024-04-16T00:28:20.101+0000] {dag.py:3954} INFO - Setting next_dagrun for consume_1_or_both_2_and_3_with_dataset_expressions to None, run_after=None
[2024-04-16T00:28:20.103+0000] {logging_mixin.py:188} INFO - [2024-04-16T00:28:20.103+0000] {dag.py:3954} INFO - Setting next_dagrun for dataset_consumes_1 to None, run_after=None
[2024-04-16T00:28:20.105+0000] {logging_mixin.py:188} INFO - [2024-04-16T00:28:20.105+0000] {dag.py:3954} INFO - Setting next_dagrun for dataset_consumes_1_and_2 to None, run_after=None
[2024-04-16T00:28:20.107+0000] {logging_mixin.py:188} INFO - [2024-04-16T00:28:20.107+0000] {dag.py:3954} INFO - Setting next_dagrun for dataset_consumes_1_never_scheduled to None, run_after=None
[2024-04-16T00:28:20.109+0000] {logging_mixin.py:188} INFO - [2024-04-16T00:28:20.109+0000] {dag.py:3954} INFO - Setting next_dagrun for dataset_consumes_unknown_never_scheduled to None, run_after=None
[2024-04-16T00:28:20.113+0000] {logging_mixin.py:188} INFO - [2024-04-16T00:28:20.112+0000] {dag.py:3954} INFO - Setting next_dagrun for dataset_produces_1 to 2024-04-15 00:00:00+00:00, run_after=2024-04-16 00:00:00+00:00
[2024-04-16T00:28:20.115+0000] {logging_mixin.py:188} INFO - [2024-04-16T00:28:20.115+0000] {dag.py:3954} INFO - Setting next_dagrun for dataset_produces_2 to None, run_after=None
[2024-04-16T00:28:20.177+0000] {processor.py:183} INFO - Processing /home/airflow/.local/lib/python3.12/site-packages/airflow/example_dags/example_datasets.py took 0.507 seconds
[2024-04-16T00:29:26.086+0000] {processor.py:161} INFO - Started process (PID=58) to work on /home/airflow/.local/lib/python3.12/site-packages/airflow/example_dags/example_datasets.py
[2024-04-16T00:29:26.088+0000] {processor.py:830} INFO - Processing file /home/airflow/.local/lib/python3.12/site-packages/airflow/example_dags/example_datasets.py for tasks to queue
[2024-04-16T00:29:26.090+0000] {logging_mixin.py:188} INFO - [2024-04-16T00:29:26.090+0000] {dagbag.py:540} INFO - Filling up the DagBag from /home/airflow/.local/lib/python3.12/site-packages/airflow/example_dags/example_datasets.py
[2024-04-16T00:29:26.113+0000] {processor.py:840} INFO - DAG(s) 'consume_1_or_2_with_dataset_expressions', 'consume_1_or_both_2_and_3_with_dataset_expressions', 'dataset_produces_2', 'dataset_consumes_unknown_never_scheduled', 'consume_1_and_2_with_dataset_expressions', 'conditional_dataset_and_time_based_timetable', 'dataset_produces_1', 'dataset_consumes_1_never_scheduled', 'dataset_consumes_1_and_2', 'dataset_consumes_1' retrieved from /home/airflow/.local/lib/python3.12/site-packages/airflow/example_dags/example_datasets.py
[2024-04-16T00:29:26.184+0000] {logging_mixin.py:188} INFO - [2024-04-16T00:29:26.184+0000] {dag.py:3096} INFO - Sync 10 DAGs
[2024-04-16T00:29:26.223+0000] {logging_mixin.py:188} INFO - [2024-04-16T00:29:26.222+0000] {dag.py:3954} INFO - Setting next_dagrun for conditional_dataset_and_time_based_timetable to 2024-04-10 01:00:00+00:00, run_after=2024-04-10 01:00:00+00:00
[2024-04-16T00:29:26.228+0000] {logging_mixin.py:188} INFO - [2024-04-16T00:29:26.228+0000] {dag.py:3954} INFO - Setting next_dagrun for consume_1_and_2_with_dataset_expressions to None, run_after=None
[2024-04-16T00:29:26.230+0000] {logging_mixin.py:188} INFO - [2024-04-16T00:29:26.230+0000] {dag.py:3954} INFO - Setting next_dagrun for consume_1_or_2_with_dataset_expressions to None, run_after=None
[2024-04-16T00:29:26.232+0000] {logging_mixin.py:188} INFO - [2024-04-16T00:29:26.232+0000] {dag.py:3954} INFO - Setting next_dagrun for consume_1_or_both_2_and_3_with_dataset_expressions to None, run_after=None
[2024-04-16T00:29:26.234+0000] {logging_mixin.py:188} INFO - [2024-04-16T00:29:26.234+0000] {dag.py:3954} INFO - Setting next_dagrun for dataset_consumes_1 to None, run_after=None
[2024-04-16T00:29:26.236+0000] {logging_mixin.py:188} INFO - [2024-04-16T00:29:26.236+0000] {dag.py:3954} INFO - Setting next_dagrun for dataset_consumes_1_and_2 to None, run_after=None
[2024-04-16T00:29:26.238+0000] {logging_mixin.py:188} INFO - [2024-04-16T00:29:26.238+0000] {dag.py:3954} INFO - Setting next_dagrun for dataset_consumes_1_never_scheduled to None, run_after=None
[2024-04-16T00:29:26.240+0000] {logging_mixin.py:188} INFO - [2024-04-16T00:29:26.240+0000] {dag.py:3954} INFO - Setting next_dagrun for dataset_consumes_unknown_never_scheduled to None, run_after=None
[2024-04-16T00:29:26.245+0000] {logging_mixin.py:188} INFO - [2024-04-16T00:29:26.244+0000] {dag.py:3954} INFO - Setting next_dagrun for dataset_produces_1 to 2024-04-15 00:00:00+00:00, run_after=2024-04-16 00:00:00+00:00
[2024-04-16T00:29:26.247+0000] {logging_mixin.py:188} INFO - [2024-04-16T00:29:26.246+0000] {dag.py:3954} INFO - Setting next_dagrun for dataset_produces_2 to None, run_after=None
[2024-04-16T00:29:26.292+0000] {processor.py:183} INFO - Processing /home/airflow/.local/lib/python3.12/site-packages/airflow/example_dags/example_datasets.py took 0.214 seconds
[2024-04-16T00:29:56.709+0000] {processor.py:161} INFO - Started process (PID=116) to work on /home/airflow/.local/lib/python3.12/site-packages/airflow/example_dags/example_datasets.py
[2024-04-16T00:29:56.710+0000] {processor.py:830} INFO - Processing file /home/airflow/.local/lib/python3.12/site-packages/airflow/example_dags/example_datasets.py for tasks to queue
[2024-04-16T00:29:56.713+0000] {logging_mixin.py:188} INFO - [2024-04-16T00:29:56.712+0000] {dagbag.py:540} INFO - Filling up the DagBag from /home/airflow/.local/lib/python3.12/site-packages/airflow/example_dags/example_datasets.py
[2024-04-16T00:29:56.734+0000] {processor.py:840} INFO - DAG(s) 'dataset_produces_1', 'dataset_consumes_1_and_2', 'dataset_consumes_unknown_never_scheduled', 'consume_1_or_both_2_and_3_with_dataset_expressions', 'consume_1_and_2_with_dataset_expressions', 'dataset_consumes_1_never_scheduled', 'dataset_consumes_1', 'consume_1_or_2_with_dataset_expressions', 'dataset_produces_2', 'conditional_dataset_and_time_based_timetable' retrieved from /home/airflow/.local/lib/python3.12/site-packages/airflow/example_dags/example_datasets.py
[2024-04-16T00:29:56.801+0000] {logging_mixin.py:188} INFO - [2024-04-16T00:29:56.800+0000] {dag.py:3096} INFO - Sync 10 DAGs
[2024-04-16T00:29:56.836+0000] {logging_mixin.py:188} INFO - [2024-04-16T00:29:56.836+0000] {dag.py:3954} INFO - Setting next_dagrun for conditional_dataset_and_time_based_timetable to 2024-04-10 01:00:00+00:00, run_after=2024-04-10 01:00:00+00:00
[2024-04-16T00:29:56.841+0000] {logging_mixin.py:188} INFO - [2024-04-16T00:29:56.841+0000] {dag.py:3954} INFO - Setting next_dagrun for consume_1_and_2_with_dataset_expressions to None, run_after=None
[2024-04-16T00:29:56.843+0000] {logging_mixin.py:188} INFO - [2024-04-16T00:29:56.843+0000] {dag.py:3954} INFO - Setting next_dagrun for consume_1_or_2_with_dataset_expressions to None, run_after=None
[2024-04-16T00:29:56.845+0000] {logging_mixin.py:188} INFO - [2024-04-16T00:29:56.845+0000] {dag.py:3954} INFO - Setting next_dagrun for consume_1_or_both_2_and_3_with_dataset_expressions to None, run_after=None
[2024-04-16T00:29:56.847+0000] {logging_mixin.py:188} INFO - [2024-04-16T00:29:56.846+0000] {dag.py:3954} INFO - Setting next_dagrun for dataset_consumes_1 to None, run_after=None
[2024-04-16T00:29:56.848+0000] {logging_mixin.py:188} INFO - [2024-04-16T00:29:56.848+0000] {dag.py:3954} INFO - Setting next_dagrun for dataset_consumes_1_and_2 to None, run_after=None
[2024-04-16T00:29:56.850+0000] {logging_mixin.py:188} INFO - [2024-04-16T00:29:56.850+0000] {dag.py:3954} INFO - Setting next_dagrun for dataset_consumes_1_never_scheduled to None, run_after=None
[2024-04-16T00:29:56.855+0000] {logging_mixin.py:188} INFO - [2024-04-16T00:29:56.852+0000] {dag.py:3954} INFO - Setting next_dagrun for dataset_consumes_unknown_never_scheduled to None, run_after=None
[2024-04-16T00:29:56.862+0000] {logging_mixin.py:188} INFO - [2024-04-16T00:29:56.861+0000] {dag.py:3954} INFO - Setting next_dagrun for dataset_produces_1 to 2024-04-15 00:00:00+00:00, run_after=2024-04-16 00:00:00+00:00
[2024-04-16T00:29:56.865+0000] {logging_mixin.py:188} INFO - [2024-04-16T00:29:56.865+0000] {dag.py:3954} INFO - Setting next_dagrun for dataset_produces_2 to None, run_after=None
[2024-04-16T00:29:56.926+0000] {processor.py:183} INFO - Processing /home/airflow/.local/lib/python3.12/site-packages/airflow/example_dags/example_datasets.py took 0.226 seconds
[2024-04-16T00:30:27.374+0000] {processor.py:161} INFO - Started process (PID=174) to work on /home/airflow/.local/lib/python3.12/site-packages/airflow/example_dags/example_datasets.py
[2024-04-16T00:30:27.375+0000] {processor.py:830} INFO - Processing file /home/airflow/.local/lib/python3.12/site-packages/airflow/example_dags/example_datasets.py for tasks to queue
[2024-04-16T00:30:27.378+0000] {logging_mixin.py:188} INFO - [2024-04-16T00:30:27.377+0000] {dagbag.py:540} INFO - Filling up the DagBag from /home/airflow/.local/lib/python3.12/site-packages/airflow/example_dags/example_datasets.py
[2024-04-16T00:30:27.399+0000] {processor.py:840} INFO - DAG(s) 'dataset_consumes_1_and_2', 'dataset_consumes_1', 'consume_1_and_2_with_dataset_expressions', 'dataset_consumes_1_never_scheduled', 'conditional_dataset_and_time_based_timetable', 'dataset_produces_1', 'dataset_consumes_unknown_never_scheduled', 'consume_1_or_both_2_and_3_with_dataset_expressions', 'consume_1_or_2_with_dataset_expressions', 'dataset_produces_2' retrieved from /home/airflow/.local/lib/python3.12/site-packages/airflow/example_dags/example_datasets.py
[2024-04-16T00:30:27.482+0000] {logging_mixin.py:188} INFO - [2024-04-16T00:30:27.481+0000] {dag.py:3096} INFO - Sync 10 DAGs
[2024-04-16T00:30:27.519+0000] {logging_mixin.py:188} INFO - [2024-04-16T00:30:27.519+0000] {dag.py:3954} INFO - Setting next_dagrun for conditional_dataset_and_time_based_timetable to 2024-04-10 01:00:00+00:00, run_after=2024-04-10 01:00:00+00:00
[2024-04-16T00:30:27.526+0000] {logging_mixin.py:188} INFO - [2024-04-16T00:30:27.526+0000] {dag.py:3954} INFO - Setting next_dagrun for consume_1_and_2_with_dataset_expressions to None, run_after=None
[2024-04-16T00:30:27.528+0000] {logging_mixin.py:188} INFO - [2024-04-16T00:30:27.528+0000] {dag.py:3954} INFO - Setting next_dagrun for consume_1_or_2_with_dataset_expressions to None, run_after=None
[2024-04-16T00:30:27.530+0000] {logging_mixin.py:188} INFO - [2024-04-16T00:30:27.530+0000] {dag.py:3954} INFO - Setting next_dagrun for consume_1_or_both_2_and_3_with_dataset_expressions to None, run_after=None
[2024-04-16T00:30:27.532+0000] {logging_mixin.py:188} INFO - [2024-04-16T00:30:27.532+0000] {dag.py:3954} INFO - Setting next_dagrun for dataset_consumes_1 to None, run_after=None
[2024-04-16T00:30:27.534+0000] {logging_mixin.py:188} INFO - [2024-04-16T00:30:27.534+0000] {dag.py:3954} INFO - Setting next_dagrun for dataset_consumes_1_and_2 to None, run_after=None
[2024-04-16T00:30:27.536+0000] {logging_mixin.py:188} INFO - [2024-04-16T00:30:27.536+0000] {dag.py:3954} INFO - Setting next_dagrun for dataset_consumes_1_never_scheduled to None, run_after=None
[2024-04-16T00:30:27.538+0000] {logging_mixin.py:188} INFO - [2024-04-16T00:30:27.537+0000] {dag.py:3954} INFO - Setting next_dagrun for dataset_consumes_unknown_never_scheduled to None, run_after=None
[2024-04-16T00:30:27.541+0000] {logging_mixin.py:188} INFO - [2024-04-16T00:30:27.541+0000] {dag.py:3954} INFO - Setting next_dagrun for dataset_produces_1 to 2024-04-15 00:00:00+00:00, run_after=2024-04-16 00:00:00+00:00
[2024-04-16T00:30:27.543+0000] {logging_mixin.py:188} INFO - [2024-04-16T00:30:27.543+0000] {dag.py:3954} INFO - Setting next_dagrun for dataset_produces_2 to None, run_after=None
[2024-04-16T00:30:27.596+0000] {processor.py:183} INFO - Processing /home/airflow/.local/lib/python3.12/site-packages/airflow/example_dags/example_datasets.py took 0.230 seconds
[2024-04-16T00:30:58.038+0000] {processor.py:161} INFO - Started process (PID=232) to work on /home/airflow/.local/lib/python3.12/site-packages/airflow/example_dags/example_datasets.py
[2024-04-16T00:30:58.040+0000] {processor.py:830} INFO - Processing file /home/airflow/.local/lib/python3.12/site-packages/airflow/example_dags/example_datasets.py for tasks to queue
[2024-04-16T00:30:58.043+0000] {logging_mixin.py:188} INFO - [2024-04-16T00:30:58.043+0000] {dagbag.py:540} INFO - Filling up the DagBag from /home/airflow/.local/lib/python3.12/site-packages/airflow/example_dags/example_datasets.py
[2024-04-16T00:30:58.065+0000] {processor.py:840} INFO - DAG(s) 'conditional_dataset_and_time_based_timetable', 'dataset_consumes_1_never_scheduled', 'dataset_consumes_1', 'consume_1_or_both_2_and_3_with_dataset_expressions', 'dataset_produces_2', 'consume_1_and_2_with_dataset_expressions', 'dataset_produces_1', 'dataset_consumes_unknown_never_scheduled', 'dataset_consumes_1_and_2', 'consume_1_or_2_with_dataset_expressions' retrieved from /home/airflow/.local/lib/python3.12/site-packages/airflow/example_dags/example_datasets.py
[2024-04-16T00:30:58.154+0000] {logging_mixin.py:188} INFO - [2024-04-16T00:30:58.153+0000] {dag.py:3096} INFO - Sync 10 DAGs
[2024-04-16T00:30:58.194+0000] {logging_mixin.py:188} INFO - [2024-04-16T00:30:58.193+0000] {dag.py:3954} INFO - Setting next_dagrun for conditional_dataset_and_time_based_timetable to 2024-04-10 01:00:00+00:00, run_after=2024-04-10 01:00:00+00:00
[2024-04-16T00:30:58.200+0000] {logging_mixin.py:188} INFO - [2024-04-16T00:30:58.199+0000] {dag.py:3954} INFO - Setting next_dagrun for consume_1_and_2_with_dataset_expressions to None, run_after=None
[2024-04-16T00:30:58.202+0000] {logging_mixin.py:188} INFO - [2024-04-16T00:30:58.201+0000] {dag.py:3954} INFO - Setting next_dagrun for consume_1_or_2_with_dataset_expressions to None, run_after=None
[2024-04-16T00:30:58.204+0000] {logging_mixin.py:188} INFO - [2024-04-16T00:30:58.203+0000] {dag.py:3954} INFO - Setting next_dagrun for consume_1_or_both_2_and_3_with_dataset_expressions to None, run_after=None
[2024-04-16T00:30:58.206+0000] {logging_mixin.py:188} INFO - [2024-04-16T00:30:58.205+0000] {dag.py:3954} INFO - Setting next_dagrun for dataset_consumes_1 to None, run_after=None
[2024-04-16T00:30:58.208+0000] {logging_mixin.py:188} INFO - [2024-04-16T00:30:58.207+0000] {dag.py:3954} INFO - Setting next_dagrun for dataset_consumes_1_and_2 to None, run_after=None
[2024-04-16T00:30:58.210+0000] {logging_mixin.py:188} INFO - [2024-04-16T00:30:58.209+0000] {dag.py:3954} INFO - Setting next_dagrun for dataset_consumes_1_never_scheduled to None, run_after=None
[2024-04-16T00:30:58.212+0000] {logging_mixin.py:188} INFO - [2024-04-16T00:30:58.211+0000] {dag.py:3954} INFO - Setting next_dagrun for dataset_consumes_unknown_never_scheduled to None, run_after=None
[2024-04-16T00:30:58.219+0000] {logging_mixin.py:188} INFO - [2024-04-16T00:30:58.218+0000] {dag.py:3954} INFO - Setting next_dagrun for dataset_produces_1 to 2024-04-15 00:00:00+00:00, run_after=2024-04-16 00:00:00+00:00
[2024-04-16T00:30:58.222+0000] {logging_mixin.py:188} INFO - [2024-04-16T00:30:58.221+0000] {dag.py:3954} INFO - Setting next_dagrun for dataset_produces_2 to None, run_after=None
[2024-04-16T00:30:58.287+0000] {processor.py:183} INFO - Processing /home/airflow/.local/lib/python3.12/site-packages/airflow/example_dags/example_datasets.py took 0.259 seconds
[2024-04-16T00:31:28.566+0000] {processor.py:161} INFO - Started process (PID=290) to work on /home/airflow/.local/lib/python3.12/site-packages/airflow/example_dags/example_datasets.py
[2024-04-16T00:31:28.567+0000] {processor.py:830} INFO - Processing file /home/airflow/.local/lib/python3.12/site-packages/airflow/example_dags/example_datasets.py for tasks to queue
[2024-04-16T00:31:28.570+0000] {logging_mixin.py:188} INFO - [2024-04-16T00:31:28.569+0000] {dagbag.py:540} INFO - Filling up the DagBag from /home/airflow/.local/lib/python3.12/site-packages/airflow/example_dags/example_datasets.py
[2024-04-16T00:31:28.591+0000] {processor.py:840} INFO - DAG(s) 'dataset_produces_1', 'dataset_consumes_1_and_2', 'dataset_produces_2', 'dataset_consumes_1', 'dataset_consumes_1_never_scheduled', 'consume_1_or_2_with_dataset_expressions', 'conditional_dataset_and_time_based_timetable', 'dataset_consumes_unknown_never_scheduled', 'consume_1_and_2_with_dataset_expressions', 'consume_1_or_both_2_and_3_with_dataset_expressions' retrieved from /home/airflow/.local/lib/python3.12/site-packages/airflow/example_dags/example_datasets.py
[2024-04-16T00:31:28.671+0000] {logging_mixin.py:188} INFO - [2024-04-16T00:31:28.671+0000] {dag.py:3096} INFO - Sync 10 DAGs
[2024-04-16T00:31:28.713+0000] {logging_mixin.py:188} INFO - [2024-04-16T00:31:28.713+0000] {dag.py:3954} INFO - Setting next_dagrun for conditional_dataset_and_time_based_timetable to 2024-04-10 01:00:00+00:00, run_after=2024-04-10 01:00:00+00:00
[2024-04-16T00:31:28.719+0000] {logging_mixin.py:188} INFO - [2024-04-16T00:31:28.719+0000] {dag.py:3954} INFO - Setting next_dagrun for consume_1_and_2_with_dataset_expressions to None, run_after=None
[2024-04-16T00:31:28.722+0000] {logging_mixin.py:188} INFO - [2024-04-16T00:31:28.721+0000] {dag.py:3954} INFO - Setting next_dagrun for consume_1_or_2_with_dataset_expressions to None, run_after=None
[2024-04-16T00:31:28.724+0000] {logging_mixin.py:188} INFO - [2024-04-16T00:31:28.724+0000] {dag.py:3954} INFO - Setting next_dagrun for consume_1_or_both_2_and_3_with_dataset_expressions to None, run_after=None
[2024-04-16T00:31:28.726+0000] {logging_mixin.py:188} INFO - [2024-04-16T00:31:28.726+0000] {dag.py:3954} INFO - Setting next_dagrun for dataset_consumes_1 to None, run_after=None
[2024-04-16T00:31:28.729+0000] {logging_mixin.py:188} INFO - [2024-04-16T00:31:28.728+0000] {dag.py:3954} INFO - Setting next_dagrun for dataset_consumes_1_and_2 to None, run_after=None
[2024-04-16T00:31:28.731+0000] {logging_mixin.py:188} INFO - [2024-04-16T00:31:28.731+0000] {dag.py:3954} INFO - Setting next_dagrun for dataset_consumes_1_never_scheduled to None, run_after=None
[2024-04-16T00:31:28.733+0000] {logging_mixin.py:188} INFO - [2024-04-16T00:31:28.733+0000] {dag.py:3954} INFO - Setting next_dagrun for dataset_consumes_unknown_never_scheduled to None, run_after=None
[2024-04-16T00:31:28.738+0000] {logging_mixin.py:188} INFO - [2024-04-16T00:31:28.737+0000] {dag.py:3954} INFO - Setting next_dagrun for dataset_produces_1 to 2024-04-15 00:00:00+00:00, run_after=2024-04-16 00:00:00+00:00
[2024-04-16T00:31:28.741+0000] {logging_mixin.py:188} INFO - [2024-04-16T00:31:28.740+0000] {dag.py:3954} INFO - Setting next_dagrun for dataset_produces_2 to None, run_after=None
[2024-04-16T00:31:28.799+0000] {processor.py:183} INFO - Processing /home/airflow/.local/lib/python3.12/site-packages/airflow/example_dags/example_datasets.py took 0.242 seconds
[2024-04-16T00:31:58.960+0000] {processor.py:161} INFO - Started process (PID=350) to work on /home/airflow/.local/lib/python3.12/site-packages/airflow/example_dags/example_datasets.py
[2024-04-16T00:31:58.962+0000] {processor.py:830} INFO - Processing file /home/airflow/.local/lib/python3.12/site-packages/airflow/example_dags/example_datasets.py for tasks to queue
[2024-04-16T00:31:58.965+0000] {logging_mixin.py:188} INFO - [2024-04-16T00:31:58.964+0000] {dagbag.py:540} INFO - Filling up the DagBag from /home/airflow/.local/lib/python3.12/site-packages/airflow/example_dags/example_datasets.py
[2024-04-16T00:31:58.986+0000] {processor.py:840} INFO - DAG(s) 'dataset_produces_1', 'consume_1_or_both_2_and_3_with_dataset_expressions', 'conditional_dataset_and_time_based_timetable', 'dataset_produces_2', 'consume_1_and_2_with_dataset_expressions', 'dataset_consumes_unknown_never_scheduled', 'dataset_consumes_1_never_scheduled', 'dataset_consumes_1_and_2', 'consume_1_or_2_with_dataset_expressions', 'dataset_consumes_1' retrieved from /home/airflow/.local/lib/python3.12/site-packages/airflow/example_dags/example_datasets.py
[2024-04-16T00:31:59.075+0000] {logging_mixin.py:188} INFO - [2024-04-16T00:31:59.074+0000] {dag.py:3096} INFO - Sync 10 DAGs
[2024-04-16T00:31:59.117+0000] {logging_mixin.py:188} INFO - [2024-04-16T00:31:59.117+0000] {dag.py:3954} INFO - Setting next_dagrun for conditional_dataset_and_time_based_timetable to 2024-04-10 01:00:00+00:00, run_after=2024-04-10 01:00:00+00:00
[2024-04-16T00:31:59.124+0000] {logging_mixin.py:188} INFO - [2024-04-16T00:31:59.124+0000] {dag.py:3954} INFO - Setting next_dagrun for consume_1_and_2_with_dataset_expressions to None, run_after=None
[2024-04-16T00:31:59.126+0000] {logging_mixin.py:188} INFO - [2024-04-16T00:31:59.126+0000] {dag.py:3954} INFO - Setting next_dagrun for consume_1_or_2_with_dataset_expressions to None, run_after=None
[2024-04-16T00:31:59.128+0000] {logging_mixin.py:188} INFO - [2024-04-16T00:31:59.128+0000] {dag.py:3954} INFO - Setting next_dagrun for consume_1_or_both_2_and_3_with_dataset_expressions to None, run_after=None
[2024-04-16T00:31:59.130+0000] {logging_mixin.py:188} INFO - [2024-04-16T00:31:59.130+0000] {dag.py:3954} INFO - Setting next_dagrun for dataset_consumes_1 to None, run_after=None
[2024-04-16T00:31:59.132+0000] {logging_mixin.py:188} INFO - [2024-04-16T00:31:59.132+0000] {dag.py:3954} INFO - Setting next_dagrun for dataset_consumes_1_and_2 to None, run_after=None
[2024-04-16T00:31:59.134+0000] {logging_mixin.py:188} INFO - [2024-04-16T00:31:59.134+0000] {dag.py:3954} INFO - Setting next_dagrun for dataset_consumes_1_never_scheduled to None, run_after=None
[2024-04-16T00:31:59.136+0000] {logging_mixin.py:188} INFO - [2024-04-16T00:31:59.136+0000] {dag.py:3954} INFO - Setting next_dagrun for dataset_consumes_unknown_never_scheduled to None, run_after=None
[2024-04-16T00:31:59.140+0000] {logging_mixin.py:188} INFO - [2024-04-16T00:31:59.140+0000] {dag.py:3954} INFO - Setting next_dagrun for dataset_produces_1 to 2024-04-15 00:00:00+00:00, run_after=2024-04-16 00:00:00+00:00
[2024-04-16T00:31:59.142+0000] {logging_mixin.py:188} INFO - [2024-04-16T00:31:59.142+0000] {dag.py:3954} INFO - Setting next_dagrun for dataset_produces_2 to None, run_after=None
[2024-04-16T00:31:59.198+0000] {processor.py:183} INFO - Processing /home/airflow/.local/lib/python3.12/site-packages/airflow/example_dags/example_datasets.py took 0.248 seconds
[2024-04-16T00:32:29.380+0000] {processor.py:161} INFO - Started process (PID=409) to work on /home/airflow/.local/lib/python3.12/site-packages/airflow/example_dags/example_datasets.py
[2024-04-16T00:32:29.383+0000] {processor.py:830} INFO - Processing file /home/airflow/.local/lib/python3.12/site-packages/airflow/example_dags/example_datasets.py for tasks to queue
[2024-04-16T00:32:29.385+0000] {logging_mixin.py:188} INFO - [2024-04-16T00:32:29.385+0000] {dagbag.py:540} INFO - Filling up the DagBag from /home/airflow/.local/lib/python3.12/site-packages/airflow/example_dags/example_datasets.py
[2024-04-16T00:32:29.404+0000] {processor.py:840} INFO - DAG(s) 'consume_1_or_both_2_and_3_with_dataset_expressions', 'dataset_consumes_1', 'conditional_dataset_and_time_based_timetable', 'dataset_consumes_unknown_never_scheduled', 'consume_1_and_2_with_dataset_expressions', 'dataset_produces_1', 'dataset_consumes_1_never_scheduled', 'dataset_produces_2', 'dataset_consumes_1_and_2', 'consume_1_or_2_with_dataset_expressions' retrieved from /home/airflow/.local/lib/python3.12/site-packages/airflow/example_dags/example_datasets.py
[2024-04-16T00:32:29.474+0000] {logging_mixin.py:188} INFO - [2024-04-16T00:32:29.474+0000] {dag.py:3096} INFO - Sync 10 DAGs
[2024-04-16T00:32:29.511+0000] {logging_mixin.py:188} INFO - [2024-04-16T00:32:29.511+0000] {dag.py:3954} INFO - Setting next_dagrun for conditional_dataset_and_time_based_timetable to 2024-04-10 01:00:00+00:00, run_after=2024-04-10 01:00:00+00:00
[2024-04-16T00:32:29.517+0000] {logging_mixin.py:188} INFO - [2024-04-16T00:32:29.517+0000] {dag.py:3954} INFO - Setting next_dagrun for consume_1_and_2_with_dataset_expressions to None, run_after=None
[2024-04-16T00:32:29.519+0000] {logging_mixin.py:188} INFO - [2024-04-16T00:32:29.519+0000] {dag.py:3954} INFO - Setting next_dagrun for consume_1_or_2_with_dataset_expressions to None, run_after=None
[2024-04-16T00:32:29.521+0000] {logging_mixin.py:188} INFO - [2024-04-16T00:32:29.521+0000] {dag.py:3954} INFO - Setting next_dagrun for consume_1_or_both_2_and_3_with_dataset_expressions to None, run_after=None
[2024-04-16T00:32:29.524+0000] {logging_mixin.py:188} INFO - [2024-04-16T00:32:29.523+0000] {dag.py:3954} INFO - Setting next_dagrun for dataset_consumes_1 to None, run_after=None
[2024-04-16T00:32:29.526+0000] {logging_mixin.py:188} INFO - [2024-04-16T00:32:29.525+0000] {dag.py:3954} INFO - Setting next_dagrun for dataset_consumes_1_and_2 to None, run_after=None
[2024-04-16T00:32:29.528+0000] {logging_mixin.py:188} INFO - [2024-04-16T00:32:29.528+0000] {dag.py:3954} INFO - Setting next_dagrun for dataset_consumes_1_never_scheduled to None, run_after=None
[2024-04-16T00:32:29.531+0000] {logging_mixin.py:188} INFO - [2024-04-16T00:32:29.530+0000] {dag.py:3954} INFO - Setting next_dagrun for dataset_consumes_unknown_never_scheduled to None, run_after=None
[2024-04-16T00:32:29.535+0000] {logging_mixin.py:188} INFO - [2024-04-16T00:32:29.535+0000] {dag.py:3954} INFO - Setting next_dagrun for dataset_produces_1 to 2024-04-15 00:00:00+00:00, run_after=2024-04-16 00:00:00+00:00
[2024-04-16T00:32:29.537+0000] {logging_mixin.py:188} INFO - [2024-04-16T00:32:29.537+0000] {dag.py:3954} INFO - Setting next_dagrun for dataset_produces_2 to None, run_after=None
[2024-04-16T00:32:29.591+0000] {processor.py:183} INFO - Processing /home/airflow/.local/lib/python3.12/site-packages/airflow/example_dags/example_datasets.py took 0.229 seconds
[2024-04-16T00:32:59.691+0000] {processor.py:161} INFO - Started process (PID=467) to work on /home/airflow/.local/lib/python3.12/site-packages/airflow/example_dags/example_datasets.py
[2024-04-16T00:32:59.693+0000] {processor.py:830} INFO - Processing file /home/airflow/.local/lib/python3.12/site-packages/airflow/example_dags/example_datasets.py for tasks to queue
[2024-04-16T00:32:59.696+0000] {logging_mixin.py:188} INFO - [2024-04-16T00:32:59.695+0000] {dagbag.py:540} INFO - Filling up the DagBag from /home/airflow/.local/lib/python3.12/site-packages/airflow/example_dags/example_datasets.py
[2024-04-16T00:32:59.718+0000] {processor.py:840} INFO - DAG(s) 'consume_1_and_2_with_dataset_expressions', 'conditional_dataset_and_time_based_timetable', 'consume_1_or_both_2_and_3_with_dataset_expressions', 'dataset_consumes_1_and_2', 'dataset_consumes_1_never_scheduled', 'dataset_produces_2', 'consume_1_or_2_with_dataset_expressions', 'dataset_consumes_1', 'dataset_produces_1', 'dataset_consumes_unknown_never_scheduled' retrieved from /home/airflow/.local/lib/python3.12/site-packages/airflow/example_dags/example_datasets.py
[2024-04-16T00:32:59.796+0000] {logging_mixin.py:188} INFO - [2024-04-16T00:32:59.796+0000] {dag.py:3096} INFO - Sync 10 DAGs
[2024-04-16T00:32:59.842+0000] {logging_mixin.py:188} INFO - [2024-04-16T00:32:59.841+0000] {dag.py:3954} INFO - Setting next_dagrun for conditional_dataset_and_time_based_timetable to 2024-04-10 01:00:00+00:00, run_after=2024-04-10 01:00:00+00:00
[2024-04-16T00:32:59.848+0000] {logging_mixin.py:188} INFO - [2024-04-16T00:32:59.848+0000] {dag.py:3954} INFO - Setting next_dagrun for consume_1_and_2_with_dataset_expressions to None, run_after=None
[2024-04-16T00:32:59.850+0000] {logging_mixin.py:188} INFO - [2024-04-16T00:32:59.850+0000] {dag.py:3954} INFO - Setting next_dagrun for consume_1_or_2_with_dataset_expressions to None, run_after=None
[2024-04-16T00:32:59.854+0000] {logging_mixin.py:188} INFO - [2024-04-16T00:32:59.854+0000] {dag.py:3954} INFO - Setting next_dagrun for consume_1_or_both_2_and_3_with_dataset_expressions to None, run_after=None
[2024-04-16T00:32:59.857+0000] {logging_mixin.py:188} INFO - [2024-04-16T00:32:59.856+0000] {dag.py:3954} INFO - Setting next_dagrun for dataset_consumes_1 to None, run_after=None
[2024-04-16T00:32:59.859+0000] {logging_mixin.py:188} INFO - [2024-04-16T00:32:59.859+0000] {dag.py:3954} INFO - Setting next_dagrun for dataset_consumes_1_and_2 to None, run_after=None
[2024-04-16T00:32:59.861+0000] {logging_mixin.py:188} INFO - [2024-04-16T00:32:59.861+0000] {dag.py:3954} INFO - Setting next_dagrun for dataset_consumes_1_never_scheduled to None, run_after=None
[2024-04-16T00:32:59.864+0000] {logging_mixin.py:188} INFO - [2024-04-16T00:32:59.863+0000] {dag.py:3954} INFO - Setting next_dagrun for dataset_consumes_unknown_never_scheduled to None, run_after=None
[2024-04-16T00:32:59.868+0000] {logging_mixin.py:188} INFO - [2024-04-16T00:32:59.867+0000] {dag.py:3954} INFO - Setting next_dagrun for dataset_produces_1 to 2024-04-15 00:00:00+00:00, run_after=2024-04-16 00:00:00+00:00
[2024-04-16T00:32:59.870+0000] {logging_mixin.py:188} INFO - [2024-04-16T00:32:59.870+0000] {dag.py:3954} INFO - Setting next_dagrun for dataset_produces_2 to None, run_after=None
[2024-04-16T00:32:59.923+0000] {processor.py:183} INFO - Processing /home/airflow/.local/lib/python3.12/site-packages/airflow/example_dags/example_datasets.py took 0.241 seconds
[2024-04-16T00:33:30.102+0000] {processor.py:161} INFO - Started process (PID=526) to work on /home/airflow/.local/lib/python3.12/site-packages/airflow/example_dags/example_datasets.py
[2024-04-16T00:33:30.104+0000] {processor.py:830} INFO - Processing file /home/airflow/.local/lib/python3.12/site-packages/airflow/example_dags/example_datasets.py for tasks to queue
[2024-04-16T00:33:30.109+0000] {logging_mixin.py:188} INFO - [2024-04-16T00:33:30.108+0000] {dagbag.py:540} INFO - Filling up the DagBag from /home/airflow/.local/lib/python3.12/site-packages/airflow/example_dags/example_datasets.py
[2024-04-16T00:33:30.127+0000] {processor.py:840} INFO - DAG(s) 'dataset_consumes_unknown_never_scheduled', 'dataset_consumes_1_and_2', 'dataset_produces_1', 'dataset_produces_2', 'consume_1_and_2_with_dataset_expressions', 'consume_1_or_both_2_and_3_with_dataset_expressions', 'consume_1_or_2_with_dataset_expressions', 'conditional_dataset_and_time_based_timetable', 'dataset_consumes_1_never_scheduled', 'dataset_consumes_1' retrieved from /home/airflow/.local/lib/python3.12/site-packages/airflow/example_dags/example_datasets.py
[2024-04-16T00:33:30.209+0000] {logging_mixin.py:188} INFO - [2024-04-16T00:33:30.209+0000] {dag.py:3096} INFO - Sync 10 DAGs
[2024-04-16T00:33:30.254+0000] {logging_mixin.py:188} INFO - [2024-04-16T00:33:30.253+0000] {dag.py:3954} INFO - Setting next_dagrun for conditional_dataset_and_time_based_timetable to 2024-04-10 01:00:00+00:00, run_after=2024-04-10 01:00:00+00:00
[2024-04-16T00:33:30.259+0000] {logging_mixin.py:188} INFO - [2024-04-16T00:33:30.259+0000] {dag.py:3954} INFO - Setting next_dagrun for consume_1_and_2_with_dataset_expressions to None, run_after=None
[2024-04-16T00:33:30.261+0000] {logging_mixin.py:188} INFO - [2024-04-16T00:33:30.261+0000] {dag.py:3954} INFO - Setting next_dagrun for consume_1_or_2_with_dataset_expressions to None, run_after=None
[2024-04-16T00:33:30.263+0000] {logging_mixin.py:188} INFO - [2024-04-16T00:33:30.262+0000] {dag.py:3954} INFO - Setting next_dagrun for consume_1_or_both_2_and_3_with_dataset_expressions to None, run_after=None
[2024-04-16T00:33:30.265+0000] {logging_mixin.py:188} INFO - [2024-04-16T00:33:30.265+0000] {dag.py:3954} INFO - Setting next_dagrun for dataset_consumes_1 to None, run_after=None
[2024-04-16T00:33:30.267+0000] {logging_mixin.py:188} INFO - [2024-04-16T00:33:30.267+0000] {dag.py:3954} INFO - Setting next_dagrun for dataset_consumes_1_and_2 to None, run_after=None
[2024-04-16T00:33:30.269+0000] {logging_mixin.py:188} INFO - [2024-04-16T00:33:30.269+0000] {dag.py:3954} INFO - Setting next_dagrun for dataset_consumes_1_never_scheduled to None, run_after=None
[2024-04-16T00:33:30.271+0000] {logging_mixin.py:188} INFO - [2024-04-16T00:33:30.271+0000] {dag.py:3954} INFO - Setting next_dagrun for dataset_consumes_unknown_never_scheduled to None, run_after=None
[2024-04-16T00:33:30.275+0000] {logging_mixin.py:188} INFO - [2024-04-16T00:33:30.275+0000] {dag.py:3954} INFO - Setting next_dagrun for dataset_produces_1 to 2024-04-15 00:00:00+00:00, run_after=2024-04-16 00:00:00+00:00
[2024-04-16T00:33:30.277+0000] {logging_mixin.py:188} INFO - [2024-04-16T00:33:30.277+0000] {dag.py:3954} INFO - Setting next_dagrun for dataset_produces_2 to None, run_after=None
[2024-04-16T00:33:30.323+0000] {processor.py:183} INFO - Processing /home/airflow/.local/lib/python3.12/site-packages/airflow/example_dags/example_datasets.py took 0.229 seconds
[2024-04-16T00:34:00.402+0000] {processor.py:161} INFO - Started process (PID=584) to work on /home/airflow/.local/lib/python3.12/site-packages/airflow/example_dags/example_datasets.py
[2024-04-16T00:34:00.404+0000] {processor.py:830} INFO - Processing file /home/airflow/.local/lib/python3.12/site-packages/airflow/example_dags/example_datasets.py for tasks to queue
[2024-04-16T00:34:00.407+0000] {logging_mixin.py:188} INFO - [2024-04-16T00:34:00.407+0000] {dagbag.py:540} INFO - Filling up the DagBag from /home/airflow/.local/lib/python3.12/site-packages/airflow/example_dags/example_datasets.py
[2024-04-16T00:34:00.429+0000] {processor.py:840} INFO - DAG(s) 'consume_1_or_both_2_and_3_with_dataset_expressions', 'consume_1_and_2_with_dataset_expressions', 'dataset_consumes_unknown_never_scheduled', 'dataset_produces_1', 'dataset_produces_2', 'dataset_consumes_1_and_2', 'dataset_consumes_1', 'conditional_dataset_and_time_based_timetable', 'dataset_consumes_1_never_scheduled', 'consume_1_or_2_with_dataset_expressions' retrieved from /home/airflow/.local/lib/python3.12/site-packages/airflow/example_dags/example_datasets.py
[2024-04-16T00:34:00.493+0000] {logging_mixin.py:188} INFO - [2024-04-16T00:34:00.493+0000] {dag.py:3096} INFO - Sync 10 DAGs
[2024-04-16T00:34:00.531+0000] {logging_mixin.py:188} INFO - [2024-04-16T00:34:00.531+0000] {dag.py:3954} INFO - Setting next_dagrun for conditional_dataset_and_time_based_timetable to 2024-04-10 01:00:00+00:00, run_after=2024-04-10 01:00:00+00:00
[2024-04-16T00:34:00.537+0000] {logging_mixin.py:188} INFO - [2024-04-16T00:34:00.537+0000] {dag.py:3954} INFO - Setting next_dagrun for consume_1_and_2_with_dataset_expressions to None, run_after=None
[2024-04-16T00:34:00.539+0000] {logging_mixin.py:188} INFO - [2024-04-16T00:34:00.539+0000] {dag.py:3954} INFO - Setting next_dagrun for consume_1_or_2_with_dataset_expressions to None, run_after=None
[2024-04-16T00:34:00.541+0000] {logging_mixin.py:188} INFO - [2024-04-16T00:34:00.541+0000] {dag.py:3954} INFO - Setting next_dagrun for consume_1_or_both_2_and_3_with_dataset_expressions to None, run_after=None
[2024-04-16T00:34:00.543+0000] {logging_mixin.py:188} INFO - [2024-04-16T00:34:00.543+0000] {dag.py:3954} INFO - Setting next_dagrun for dataset_consumes_1 to None, run_after=None
[2024-04-16T00:34:00.545+0000] {logging_mixin.py:188} INFO - [2024-04-16T00:34:00.545+0000] {dag.py:3954} INFO - Setting next_dagrun for dataset_consumes_1_and_2 to None, run_after=None
[2024-04-16T00:34:00.547+0000] {logging_mixin.py:188} INFO - [2024-04-16T00:34:00.547+0000] {dag.py:3954} INFO - Setting next_dagrun for dataset_consumes_1_never_scheduled to None, run_after=None
[2024-04-16T00:34:00.549+0000] {logging_mixin.py:188} INFO - [2024-04-16T00:34:00.548+0000] {dag.py:3954} INFO - Setting next_dagrun for dataset_consumes_unknown_never_scheduled to None, run_after=None
[2024-04-16T00:34:00.552+0000] {logging_mixin.py:188} INFO - [2024-04-16T00:34:00.552+0000] {dag.py:3954} INFO - Setting next_dagrun for dataset_produces_1 to 2024-04-15 00:00:00+00:00, run_after=2024-04-16 00:00:00+00:00
[2024-04-16T00:34:00.554+0000] {logging_mixin.py:188} INFO - [2024-04-16T00:34:00.554+0000] {dag.py:3954} INFO - Setting next_dagrun for dataset_produces_2 to None, run_after=None
[2024-04-16T00:34:00.603+0000] {processor.py:183} INFO - Processing /home/airflow/.local/lib/python3.12/site-packages/airflow/example_dags/example_datasets.py took 0.210 seconds
