[2024-04-16T00:07:55.889+0000] {processor.py:161} INFO - Started process (PID=83) to work on /home/airflow/.local/lib/python3.12/site-packages/airflow/example_dags/example_latest_only.py
[2024-04-16T00:07:55.890+0000] {processor.py:830} INFO - Processing file /home/airflow/.local/lib/python3.12/site-packages/airflow/example_dags/example_latest_only.py for tasks to queue
[2024-04-16T00:07:55.893+0000] {logging_mixin.py:188} INFO - [2024-04-16T00:07:55.892+0000] {dagbag.py:540} INFO - Filling up the DagBag from /home/airflow/.local/lib/python3.12/site-packages/airflow/example_dags/example_latest_only.py
[2024-04-16T00:07:55.902+0000] {processor.py:840} INFO - DAG(s) 'latest_only' retrieved from /home/airflow/.local/lib/python3.12/site-packages/airflow/example_dags/example_latest_only.py
[2024-04-16T00:07:55.935+0000] {logging_mixin.py:188} INFO - [2024-04-16T00:07:55.934+0000] {dag.py:3096} INFO - Sync 1 DAGs
[2024-04-16T00:07:55.967+0000] {logging_mixin.py:188} INFO - [2024-04-16T00:07:55.967+0000] {dag.py:3954} INFO - Setting next_dagrun for latest_only to 2024-04-15 20:00:00+00:00, run_after=2024-04-16 00:00:00+00:00
[2024-04-16T00:07:55.995+0000] {processor.py:183} INFO - Processing /home/airflow/.local/lib/python3.12/site-packages/airflow/example_dags/example_latest_only.py took 0.115 seconds
[2024-04-16T00:08:26.188+0000] {processor.py:161} INFO - Started process (PID=141) to work on /home/airflow/.local/lib/python3.12/site-packages/airflow/example_dags/example_latest_only.py
[2024-04-16T00:08:26.190+0000] {processor.py:830} INFO - Processing file /home/airflow/.local/lib/python3.12/site-packages/airflow/example_dags/example_latest_only.py for tasks to queue
[2024-04-16T00:08:26.192+0000] {logging_mixin.py:188} INFO - [2024-04-16T00:08:26.192+0000] {dagbag.py:540} INFO - Filling up the DagBag from /home/airflow/.local/lib/python3.12/site-packages/airflow/example_dags/example_latest_only.py
[2024-04-16T00:08:26.198+0000] {processor.py:840} INFO - DAG(s) 'latest_only' retrieved from /home/airflow/.local/lib/python3.12/site-packages/airflow/example_dags/example_latest_only.py
[2024-04-16T00:08:26.235+0000] {logging_mixin.py:188} INFO - [2024-04-16T00:08:26.235+0000] {dag.py:3096} INFO - Sync 1 DAGs
[2024-04-16T00:08:26.271+0000] {logging_mixin.py:188} INFO - [2024-04-16T00:08:26.271+0000] {dag.py:3954} INFO - Setting next_dagrun for latest_only to 2024-04-15 20:00:00+00:00, run_after=2024-04-16 00:00:00+00:00
[2024-04-16T00:08:26.297+0000] {processor.py:183} INFO - Processing /home/airflow/.local/lib/python3.12/site-packages/airflow/example_dags/example_latest_only.py took 0.118 seconds
[2024-04-16T00:08:57.340+0000] {processor.py:161} INFO - Started process (PID=199) to work on /home/airflow/.local/lib/python3.12/site-packages/airflow/example_dags/example_latest_only.py
[2024-04-16T00:08:57.341+0000] {processor.py:830} INFO - Processing file /home/airflow/.local/lib/python3.12/site-packages/airflow/example_dags/example_latest_only.py for tasks to queue
[2024-04-16T00:08:57.344+0000] {logging_mixin.py:188} INFO - [2024-04-16T00:08:57.343+0000] {dagbag.py:540} INFO - Filling up the DagBag from /home/airflow/.local/lib/python3.12/site-packages/airflow/example_dags/example_latest_only.py
[2024-04-16T00:08:57.350+0000] {processor.py:840} INFO - DAG(s) 'latest_only' retrieved from /home/airflow/.local/lib/python3.12/site-packages/airflow/example_dags/example_latest_only.py
[2024-04-16T00:08:57.382+0000] {logging_mixin.py:188} INFO - [2024-04-16T00:08:57.382+0000] {dag.py:3096} INFO - Sync 1 DAGs
[2024-04-16T00:08:57.416+0000] {logging_mixin.py:188} INFO - [2024-04-16T00:08:57.416+0000] {dag.py:3954} INFO - Setting next_dagrun for latest_only to 2024-04-15 20:00:00+00:00, run_after=2024-04-16 00:00:00+00:00
[2024-04-16T00:08:57.444+0000] {processor.py:183} INFO - Processing /home/airflow/.local/lib/python3.12/site-packages/airflow/example_dags/example_latest_only.py took 0.113 seconds
[2024-04-16T00:09:27.735+0000] {processor.py:161} INFO - Started process (PID=258) to work on /home/airflow/.local/lib/python3.12/site-packages/airflow/example_dags/example_latest_only.py
[2024-04-16T00:09:27.737+0000] {processor.py:830} INFO - Processing file /home/airflow/.local/lib/python3.12/site-packages/airflow/example_dags/example_latest_only.py for tasks to queue
[2024-04-16T00:09:27.740+0000] {logging_mixin.py:188} INFO - [2024-04-16T00:09:27.739+0000] {dagbag.py:540} INFO - Filling up the DagBag from /home/airflow/.local/lib/python3.12/site-packages/airflow/example_dags/example_latest_only.py
[2024-04-16T00:09:27.746+0000] {processor.py:840} INFO - DAG(s) 'latest_only' retrieved from /home/airflow/.local/lib/python3.12/site-packages/airflow/example_dags/example_latest_only.py
[2024-04-16T00:09:27.776+0000] {logging_mixin.py:188} INFO - [2024-04-16T00:09:27.776+0000] {dag.py:3096} INFO - Sync 1 DAGs
[2024-04-16T00:09:27.812+0000] {logging_mixin.py:188} INFO - [2024-04-16T00:09:27.812+0000] {dag.py:3954} INFO - Setting next_dagrun for latest_only to 2024-04-15 20:00:00+00:00, run_after=2024-04-16 00:00:00+00:00
[2024-04-16T00:09:27.843+0000] {processor.py:183} INFO - Processing /home/airflow/.local/lib/python3.12/site-packages/airflow/example_dags/example_latest_only.py took 0.117 seconds
[2024-04-16T00:09:58.179+0000] {processor.py:161} INFO - Started process (PID=316) to work on /home/airflow/.local/lib/python3.12/site-packages/airflow/example_dags/example_latest_only.py
[2024-04-16T00:09:58.180+0000] {processor.py:830} INFO - Processing file /home/airflow/.local/lib/python3.12/site-packages/airflow/example_dags/example_latest_only.py for tasks to queue
[2024-04-16T00:09:58.183+0000] {logging_mixin.py:188} INFO - [2024-04-16T00:09:58.182+0000] {dagbag.py:540} INFO - Filling up the DagBag from /home/airflow/.local/lib/python3.12/site-packages/airflow/example_dags/example_latest_only.py
[2024-04-16T00:09:58.189+0000] {processor.py:840} INFO - DAG(s) 'latest_only' retrieved from /home/airflow/.local/lib/python3.12/site-packages/airflow/example_dags/example_latest_only.py
[2024-04-16T00:09:58.216+0000] {logging_mixin.py:188} INFO - [2024-04-16T00:09:58.216+0000] {dag.py:3096} INFO - Sync 1 DAGs
[2024-04-16T00:09:58.252+0000] {logging_mixin.py:188} INFO - [2024-04-16T00:09:58.252+0000] {dag.py:3954} INFO - Setting next_dagrun for latest_only to 2024-04-15 20:00:00+00:00, run_after=2024-04-16 00:00:00+00:00
[2024-04-16T00:09:58.280+0000] {processor.py:183} INFO - Processing /home/airflow/.local/lib/python3.12/site-packages/airflow/example_dags/example_latest_only.py took 0.111 seconds
[2024-04-16T00:10:28.598+0000] {processor.py:161} INFO - Started process (PID=374) to work on /home/airflow/.local/lib/python3.12/site-packages/airflow/example_dags/example_latest_only.py
[2024-04-16T00:10:28.600+0000] {processor.py:830} INFO - Processing file /home/airflow/.local/lib/python3.12/site-packages/airflow/example_dags/example_latest_only.py for tasks to queue
[2024-04-16T00:10:28.603+0000] {logging_mixin.py:188} INFO - [2024-04-16T00:10:28.602+0000] {dagbag.py:540} INFO - Filling up the DagBag from /home/airflow/.local/lib/python3.12/site-packages/airflow/example_dags/example_latest_only.py
[2024-04-16T00:10:28.609+0000] {processor.py:840} INFO - DAG(s) 'latest_only' retrieved from /home/airflow/.local/lib/python3.12/site-packages/airflow/example_dags/example_latest_only.py
[2024-04-16T00:10:28.638+0000] {logging_mixin.py:188} INFO - [2024-04-16T00:10:28.638+0000] {dag.py:3096} INFO - Sync 1 DAGs
[2024-04-16T00:10:28.673+0000] {logging_mixin.py:188} INFO - [2024-04-16T00:10:28.673+0000] {dag.py:3954} INFO - Setting next_dagrun for latest_only to 2024-04-15 20:00:00+00:00, run_after=2024-04-16 00:00:00+00:00
[2024-04-16T00:10:28.704+0000] {processor.py:183} INFO - Processing /home/airflow/.local/lib/python3.12/site-packages/airflow/example_dags/example_latest_only.py took 0.113 seconds
[2024-04-16T00:10:59.535+0000] {processor.py:161} INFO - Started process (PID=432) to work on /home/airflow/.local/lib/python3.12/site-packages/airflow/example_dags/example_latest_only.py
[2024-04-16T00:10:59.537+0000] {processor.py:830} INFO - Processing file /home/airflow/.local/lib/python3.12/site-packages/airflow/example_dags/example_latest_only.py for tasks to queue
[2024-04-16T00:10:59.539+0000] {logging_mixin.py:188} INFO - [2024-04-16T00:10:59.539+0000] {dagbag.py:540} INFO - Filling up the DagBag from /home/airflow/.local/lib/python3.12/site-packages/airflow/example_dags/example_latest_only.py
[2024-04-16T00:10:59.546+0000] {processor.py:840} INFO - DAG(s) 'latest_only' retrieved from /home/airflow/.local/lib/python3.12/site-packages/airflow/example_dags/example_latest_only.py
[2024-04-16T00:10:59.574+0000] {logging_mixin.py:188} INFO - [2024-04-16T00:10:59.574+0000] {dag.py:3096} INFO - Sync 1 DAGs
[2024-04-16T00:10:59.607+0000] {logging_mixin.py:188} INFO - [2024-04-16T00:10:59.606+0000] {dag.py:3954} INFO - Setting next_dagrun for latest_only to 2024-04-15 20:00:00+00:00, run_after=2024-04-16 00:00:00+00:00
[2024-04-16T00:10:59.637+0000] {processor.py:183} INFO - Processing /home/airflow/.local/lib/python3.12/site-packages/airflow/example_dags/example_latest_only.py took 0.110 seconds
[2024-04-16T00:11:30.272+0000] {processor.py:161} INFO - Started process (PID=490) to work on /home/airflow/.local/lib/python3.12/site-packages/airflow/example_dags/example_latest_only.py
[2024-04-16T00:11:30.274+0000] {processor.py:830} INFO - Processing file /home/airflow/.local/lib/python3.12/site-packages/airflow/example_dags/example_latest_only.py for tasks to queue
[2024-04-16T00:11:30.277+0000] {logging_mixin.py:188} INFO - [2024-04-16T00:11:30.276+0000] {dagbag.py:540} INFO - Filling up the DagBag from /home/airflow/.local/lib/python3.12/site-packages/airflow/example_dags/example_latest_only.py
[2024-04-16T00:11:30.284+0000] {processor.py:840} INFO - DAG(s) 'latest_only' retrieved from /home/airflow/.local/lib/python3.12/site-packages/airflow/example_dags/example_latest_only.py
[2024-04-16T00:11:30.320+0000] {logging_mixin.py:188} INFO - [2024-04-16T00:11:30.319+0000] {dag.py:3096} INFO - Sync 1 DAGs
[2024-04-16T00:11:30.363+0000] {logging_mixin.py:188} INFO - [2024-04-16T00:11:30.363+0000] {dag.py:3954} INFO - Setting next_dagrun for latest_only to 2024-04-15 20:00:00+00:00, run_after=2024-04-16 00:00:00+00:00
[2024-04-16T00:11:30.394+0000] {processor.py:183} INFO - Processing /home/airflow/.local/lib/python3.12/site-packages/airflow/example_dags/example_latest_only.py took 0.131 seconds
[2024-04-16T00:12:00.553+0000] {processor.py:161} INFO - Started process (PID=547) to work on /home/airflow/.local/lib/python3.12/site-packages/airflow/example_dags/example_latest_only.py
[2024-04-16T00:12:00.554+0000] {processor.py:830} INFO - Processing file /home/airflow/.local/lib/python3.12/site-packages/airflow/example_dags/example_latest_only.py for tasks to queue
[2024-04-16T00:12:00.557+0000] {logging_mixin.py:188} INFO - [2024-04-16T00:12:00.557+0000] {dagbag.py:540} INFO - Filling up the DagBag from /home/airflow/.local/lib/python3.12/site-packages/airflow/example_dags/example_latest_only.py
[2024-04-16T00:12:00.564+0000] {processor.py:840} INFO - DAG(s) 'latest_only' retrieved from /home/airflow/.local/lib/python3.12/site-packages/airflow/example_dags/example_latest_only.py
[2024-04-16T00:12:00.598+0000] {logging_mixin.py:188} INFO - [2024-04-16T00:12:00.597+0000] {dag.py:3096} INFO - Sync 1 DAGs
[2024-04-16T00:12:00.635+0000] {logging_mixin.py:188} INFO - [2024-04-16T00:12:00.634+0000] {dag.py:3954} INFO - Setting next_dagrun for latest_only to 2024-04-15 20:00:00+00:00, run_after=2024-04-16 00:00:00+00:00
[2024-04-16T00:12:00.676+0000] {processor.py:183} INFO - Processing /home/airflow/.local/lib/python3.12/site-packages/airflow/example_dags/example_latest_only.py took 0.139 seconds
[2024-04-16T00:12:47.803+0000] {processor.py:161} INFO - Started process (PID=77) to work on /home/airflow/.local/lib/python3.12/site-packages/airflow/example_dags/example_latest_only.py
[2024-04-16T00:12:49.701+0000] {processor.py:830} INFO - Processing file /home/airflow/.local/lib/python3.12/site-packages/airflow/example_dags/example_latest_only.py for tasks to queue
[2024-04-16T00:12:49.707+0000] {logging_mixin.py:188} INFO - [2024-04-16T00:12:49.706+0000] {dagbag.py:540} INFO - Filling up the DagBag from /home/airflow/.local/lib/python3.12/site-packages/airflow/example_dags/example_latest_only.py
[2024-04-16T00:12:49.721+0000] {processor.py:840} INFO - DAG(s) 'latest_only' retrieved from /home/airflow/.local/lib/python3.12/site-packages/airflow/example_dags/example_latest_only.py
[2024-04-16T00:12:49.755+0000] {logging_mixin.py:188} INFO - [2024-04-16T00:12:49.755+0000] {dag.py:3096} INFO - Sync 1 DAGs
[2024-04-16T00:12:49.793+0000] {logging_mixin.py:188} INFO - [2024-04-16T00:12:49.793+0000] {dag.py:3954} INFO - Setting next_dagrun for latest_only to 2024-04-15 20:00:00+00:00, run_after=2024-04-16 00:00:00+00:00
[2024-04-16T00:12:49.827+0000] {processor.py:183} INFO - Processing /home/airflow/.local/lib/python3.12/site-packages/airflow/example_dags/example_latest_only.py took 2.035 seconds
[2024-04-16T00:28:23.380+0000] {processor.py:161} INFO - Started process (PID=83) to work on /home/airflow/.local/lib/python3.12/site-packages/airflow/example_dags/example_latest_only.py
[2024-04-16T00:28:23.382+0000] {processor.py:830} INFO - Processing file /home/airflow/.local/lib/python3.12/site-packages/airflow/example_dags/example_latest_only.py for tasks to queue
[2024-04-16T00:28:23.385+0000] {logging_mixin.py:188} INFO - [2024-04-16T00:28:23.385+0000] {dagbag.py:540} INFO - Filling up the DagBag from /home/airflow/.local/lib/python3.12/site-packages/airflow/example_dags/example_latest_only.py
[2024-04-16T00:28:23.396+0000] {processor.py:840} INFO - DAG(s) 'latest_only' retrieved from /home/airflow/.local/lib/python3.12/site-packages/airflow/example_dags/example_latest_only.py
[2024-04-16T00:28:23.557+0000] {logging_mixin.py:188} INFO - [2024-04-16T00:28:23.557+0000] {dag.py:3096} INFO - Sync 1 DAGs
[2024-04-16T00:28:23.585+0000] {logging_mixin.py:188} INFO - [2024-04-16T00:28:23.584+0000] {dag.py:3954} INFO - Setting next_dagrun for latest_only to 2024-04-15 20:00:00+00:00, run_after=2024-04-16 00:00:00+00:00
[2024-04-16T00:28:23.610+0000] {processor.py:183} INFO - Processing /home/airflow/.local/lib/python3.12/site-packages/airflow/example_dags/example_latest_only.py took 0.240 seconds
[2024-04-16T00:29:28.688+0000] {processor.py:161} INFO - Started process (PID=77) to work on /home/airflow/.local/lib/python3.12/site-packages/airflow/example_dags/example_latest_only.py
[2024-04-16T00:29:28.690+0000] {processor.py:830} INFO - Processing file /home/airflow/.local/lib/python3.12/site-packages/airflow/example_dags/example_latest_only.py for tasks to queue
[2024-04-16T00:29:28.694+0000] {logging_mixin.py:188} INFO - [2024-04-16T00:29:28.693+0000] {dagbag.py:540} INFO - Filling up the DagBag from /home/airflow/.local/lib/python3.12/site-packages/airflow/example_dags/example_latest_only.py
[2024-04-16T00:29:28.703+0000] {processor.py:840} INFO - DAG(s) 'latest_only' retrieved from /home/airflow/.local/lib/python3.12/site-packages/airflow/example_dags/example_latest_only.py
[2024-04-16T00:29:28.732+0000] {logging_mixin.py:188} INFO - [2024-04-16T00:29:28.731+0000] {dag.py:3096} INFO - Sync 1 DAGs
[2024-04-16T00:29:28.765+0000] {logging_mixin.py:188} INFO - [2024-04-16T00:29:28.764+0000] {dag.py:3954} INFO - Setting next_dagrun for latest_only to 2024-04-15 20:00:00+00:00, run_after=2024-04-16 00:00:00+00:00
[2024-04-16T00:29:28.871+0000] {processor.py:183} INFO - Processing /home/airflow/.local/lib/python3.12/site-packages/airflow/example_dags/example_latest_only.py took 0.201 seconds
[2024-04-16T00:29:59.509+0000] {processor.py:161} INFO - Started process (PID=135) to work on /home/airflow/.local/lib/python3.12/site-packages/airflow/example_dags/example_latest_only.py
[2024-04-16T00:29:59.511+0000] {processor.py:830} INFO - Processing file /home/airflow/.local/lib/python3.12/site-packages/airflow/example_dags/example_latest_only.py for tasks to queue
[2024-04-16T00:29:59.513+0000] {logging_mixin.py:188} INFO - [2024-04-16T00:29:59.513+0000] {dagbag.py:540} INFO - Filling up the DagBag from /home/airflow/.local/lib/python3.12/site-packages/airflow/example_dags/example_latest_only.py
[2024-04-16T00:29:59.520+0000] {processor.py:840} INFO - DAG(s) 'latest_only' retrieved from /home/airflow/.local/lib/python3.12/site-packages/airflow/example_dags/example_latest_only.py
[2024-04-16T00:29:59.548+0000] {logging_mixin.py:188} INFO - [2024-04-16T00:29:59.548+0000] {dag.py:3096} INFO - Sync 1 DAGs
[2024-04-16T00:29:59.581+0000] {logging_mixin.py:188} INFO - [2024-04-16T00:29:59.581+0000] {dag.py:3954} INFO - Setting next_dagrun for latest_only to 2024-04-15 20:00:00+00:00, run_after=2024-04-16 00:00:00+00:00
[2024-04-16T00:29:59.610+0000] {processor.py:183} INFO - Processing /home/airflow/.local/lib/python3.12/site-packages/airflow/example_dags/example_latest_only.py took 0.108 seconds
[2024-04-16T00:30:30.231+0000] {processor.py:161} INFO - Started process (PID=193) to work on /home/airflow/.local/lib/python3.12/site-packages/airflow/example_dags/example_latest_only.py
[2024-04-16T00:30:30.232+0000] {processor.py:830} INFO - Processing file /home/airflow/.local/lib/python3.12/site-packages/airflow/example_dags/example_latest_only.py for tasks to queue
[2024-04-16T00:30:30.235+0000] {logging_mixin.py:188} INFO - [2024-04-16T00:30:30.235+0000] {dagbag.py:540} INFO - Filling up the DagBag from /home/airflow/.local/lib/python3.12/site-packages/airflow/example_dags/example_latest_only.py
[2024-04-16T00:30:30.242+0000] {processor.py:840} INFO - DAG(s) 'latest_only' retrieved from /home/airflow/.local/lib/python3.12/site-packages/airflow/example_dags/example_latest_only.py
[2024-04-16T00:30:30.271+0000] {logging_mixin.py:188} INFO - [2024-04-16T00:30:30.271+0000] {dag.py:3096} INFO - Sync 1 DAGs
[2024-04-16T00:30:30.304+0000] {logging_mixin.py:188} INFO - [2024-04-16T00:30:30.304+0000] {dag.py:3954} INFO - Setting next_dagrun for latest_only to 2024-04-15 20:00:00+00:00, run_after=2024-04-16 00:00:00+00:00
[2024-04-16T00:30:30.392+0000] {processor.py:183} INFO - Processing /home/airflow/.local/lib/python3.12/site-packages/airflow/example_dags/example_latest_only.py took 0.170 seconds
[2024-04-16T00:31:01.141+0000] {processor.py:161} INFO - Started process (PID=251) to work on /home/airflow/.local/lib/python3.12/site-packages/airflow/example_dags/example_latest_only.py
[2024-04-16T00:31:01.142+0000] {processor.py:830} INFO - Processing file /home/airflow/.local/lib/python3.12/site-packages/airflow/example_dags/example_latest_only.py for tasks to queue
[2024-04-16T00:31:01.145+0000] {logging_mixin.py:188} INFO - [2024-04-16T00:31:01.144+0000] {dagbag.py:540} INFO - Filling up the DagBag from /home/airflow/.local/lib/python3.12/site-packages/airflow/example_dags/example_latest_only.py
[2024-04-16T00:31:01.152+0000] {processor.py:840} INFO - DAG(s) 'latest_only' retrieved from /home/airflow/.local/lib/python3.12/site-packages/airflow/example_dags/example_latest_only.py
[2024-04-16T00:31:01.181+0000] {logging_mixin.py:188} INFO - [2024-04-16T00:31:01.181+0000] {dag.py:3096} INFO - Sync 1 DAGs
[2024-04-16T00:31:01.217+0000] {logging_mixin.py:188} INFO - [2024-04-16T00:31:01.216+0000] {dag.py:3954} INFO - Setting next_dagrun for latest_only to 2024-04-15 20:00:00+00:00, run_after=2024-04-16 00:00:00+00:00
[2024-04-16T00:31:01.247+0000] {processor.py:183} INFO - Processing /home/airflow/.local/lib/python3.12/site-packages/airflow/example_dags/example_latest_only.py took 0.116 seconds
[2024-04-16T00:31:31.495+0000] {processor.py:161} INFO - Started process (PID=309) to work on /home/airflow/.local/lib/python3.12/site-packages/airflow/example_dags/example_latest_only.py
[2024-04-16T00:31:31.497+0000] {processor.py:830} INFO - Processing file /home/airflow/.local/lib/python3.12/site-packages/airflow/example_dags/example_latest_only.py for tasks to queue
[2024-04-16T00:31:31.500+0000] {logging_mixin.py:188} INFO - [2024-04-16T00:31:31.500+0000] {dagbag.py:540} INFO - Filling up the DagBag from /home/airflow/.local/lib/python3.12/site-packages/airflow/example_dags/example_latest_only.py
[2024-04-16T00:31:31.508+0000] {processor.py:840} INFO - DAG(s) 'latest_only' retrieved from /home/airflow/.local/lib/python3.12/site-packages/airflow/example_dags/example_latest_only.py
[2024-04-16T00:31:31.542+0000] {logging_mixin.py:188} INFO - [2024-04-16T00:31:31.541+0000] {dag.py:3096} INFO - Sync 1 DAGs
[2024-04-16T00:31:31.577+0000] {logging_mixin.py:188} INFO - [2024-04-16T00:31:31.576+0000] {dag.py:3954} INFO - Setting next_dagrun for latest_only to 2024-04-15 20:00:00+00:00, run_after=2024-04-16 00:00:00+00:00
[2024-04-16T00:31:31.608+0000] {processor.py:183} INFO - Processing /home/airflow/.local/lib/python3.12/site-packages/airflow/example_dags/example_latest_only.py took 0.122 seconds
[2024-04-16T00:32:01.982+0000] {processor.py:161} INFO - Started process (PID=368) to work on /home/airflow/.local/lib/python3.12/site-packages/airflow/example_dags/example_latest_only.py
[2024-04-16T00:32:01.984+0000] {processor.py:830} INFO - Processing file /home/airflow/.local/lib/python3.12/site-packages/airflow/example_dags/example_latest_only.py for tasks to queue
[2024-04-16T00:32:01.986+0000] {logging_mixin.py:188} INFO - [2024-04-16T00:32:01.986+0000] {dagbag.py:540} INFO - Filling up the DagBag from /home/airflow/.local/lib/python3.12/site-packages/airflow/example_dags/example_latest_only.py
[2024-04-16T00:32:01.993+0000] {processor.py:840} INFO - DAG(s) 'latest_only' retrieved from /home/airflow/.local/lib/python3.12/site-packages/airflow/example_dags/example_latest_only.py
[2024-04-16T00:32:02.030+0000] {logging_mixin.py:188} INFO - [2024-04-16T00:32:02.030+0000] {dag.py:3096} INFO - Sync 1 DAGs
[2024-04-16T00:32:02.064+0000] {logging_mixin.py:188} INFO - [2024-04-16T00:32:02.063+0000] {dag.py:3954} INFO - Setting next_dagrun for latest_only to 2024-04-15 20:00:00+00:00, run_after=2024-04-16 00:00:00+00:00
[2024-04-16T00:32:02.202+0000] {processor.py:183} INFO - Processing /home/airflow/.local/lib/python3.12/site-packages/airflow/example_dags/example_latest_only.py took 0.228 seconds
[2024-04-16T00:32:32.406+0000] {processor.py:161} INFO - Started process (PID=426) to work on /home/airflow/.local/lib/python3.12/site-packages/airflow/example_dags/example_latest_only.py
[2024-04-16T00:32:32.407+0000] {processor.py:830} INFO - Processing file /home/airflow/.local/lib/python3.12/site-packages/airflow/example_dags/example_latest_only.py for tasks to queue
[2024-04-16T00:32:32.410+0000] {logging_mixin.py:188} INFO - [2024-04-16T00:32:32.410+0000] {dagbag.py:540} INFO - Filling up the DagBag from /home/airflow/.local/lib/python3.12/site-packages/airflow/example_dags/example_latest_only.py
[2024-04-16T00:32:32.417+0000] {processor.py:840} INFO - DAG(s) 'latest_only' retrieved from /home/airflow/.local/lib/python3.12/site-packages/airflow/example_dags/example_latest_only.py
[2024-04-16T00:32:32.451+0000] {logging_mixin.py:188} INFO - [2024-04-16T00:32:32.451+0000] {dag.py:3096} INFO - Sync 1 DAGs
[2024-04-16T00:32:32.490+0000] {logging_mixin.py:188} INFO - [2024-04-16T00:32:32.489+0000] {dag.py:3954} INFO - Setting next_dagrun for latest_only to 2024-04-15 20:00:00+00:00, run_after=2024-04-16 00:00:00+00:00
[2024-04-16T00:32:32.684+0000] {processor.py:183} INFO - Processing /home/airflow/.local/lib/python3.12/site-packages/airflow/example_dags/example_latest_only.py took 0.287 seconds
[2024-04-16T00:33:02.868+0000] {processor.py:161} INFO - Started process (PID=484) to work on /home/airflow/.local/lib/python3.12/site-packages/airflow/example_dags/example_latest_only.py
[2024-04-16T00:33:02.869+0000] {processor.py:830} INFO - Processing file /home/airflow/.local/lib/python3.12/site-packages/airflow/example_dags/example_latest_only.py for tasks to queue
[2024-04-16T00:33:02.872+0000] {logging_mixin.py:188} INFO - [2024-04-16T00:33:02.872+0000] {dagbag.py:540} INFO - Filling up the DagBag from /home/airflow/.local/lib/python3.12/site-packages/airflow/example_dags/example_latest_only.py
[2024-04-16T00:33:02.879+0000] {processor.py:840} INFO - DAG(s) 'latest_only' retrieved from /home/airflow/.local/lib/python3.12/site-packages/airflow/example_dags/example_latest_only.py
[2024-04-16T00:33:02.912+0000] {logging_mixin.py:188} INFO - [2024-04-16T00:33:02.911+0000] {dag.py:3096} INFO - Sync 1 DAGs
[2024-04-16T00:33:02.947+0000] {logging_mixin.py:188} INFO - [2024-04-16T00:33:02.947+0000] {dag.py:3954} INFO - Setting next_dagrun for latest_only to 2024-04-15 20:00:00+00:00, run_after=2024-04-16 00:00:00+00:00
[2024-04-16T00:33:02.976+0000] {processor.py:183} INFO - Processing /home/airflow/.local/lib/python3.12/site-packages/airflow/example_dags/example_latest_only.py took 0.120 seconds
[2024-04-16T00:33:33.348+0000] {processor.py:161} INFO - Started process (PID=542) to work on /home/airflow/.local/lib/python3.12/site-packages/airflow/example_dags/example_latest_only.py
[2024-04-16T00:33:33.350+0000] {processor.py:830} INFO - Processing file /home/airflow/.local/lib/python3.12/site-packages/airflow/example_dags/example_latest_only.py for tasks to queue
[2024-04-16T00:33:33.353+0000] {logging_mixin.py:188} INFO - [2024-04-16T00:33:33.352+0000] {dagbag.py:540} INFO - Filling up the DagBag from /home/airflow/.local/lib/python3.12/site-packages/airflow/example_dags/example_latest_only.py
[2024-04-16T00:33:33.360+0000] {processor.py:840} INFO - DAG(s) 'latest_only' retrieved from /home/airflow/.local/lib/python3.12/site-packages/airflow/example_dags/example_latest_only.py
[2024-04-16T00:33:33.397+0000] {logging_mixin.py:188} INFO - [2024-04-16T00:33:33.397+0000] {dag.py:3096} INFO - Sync 1 DAGs
[2024-04-16T00:33:33.435+0000] {logging_mixin.py:188} INFO - [2024-04-16T00:33:33.434+0000] {dag.py:3954} INFO - Setting next_dagrun for latest_only to 2024-04-15 20:00:00+00:00, run_after=2024-04-16 00:00:00+00:00
[2024-04-16T00:33:33.468+0000] {processor.py:183} INFO - Processing /home/airflow/.local/lib/python3.12/site-packages/airflow/example_dags/example_latest_only.py took 0.134 seconds
[2024-04-16T00:34:03.704+0000] {processor.py:161} INFO - Started process (PID=600) to work on /home/airflow/.local/lib/python3.12/site-packages/airflow/example_dags/example_latest_only.py
[2024-04-16T00:34:03.705+0000] {processor.py:830} INFO - Processing file /home/airflow/.local/lib/python3.12/site-packages/airflow/example_dags/example_latest_only.py for tasks to queue
[2024-04-16T00:34:03.708+0000] {logging_mixin.py:188} INFO - [2024-04-16T00:34:03.708+0000] {dagbag.py:540} INFO - Filling up the DagBag from /home/airflow/.local/lib/python3.12/site-packages/airflow/example_dags/example_latest_only.py
[2024-04-16T00:34:03.716+0000] {processor.py:840} INFO - DAG(s) 'latest_only' retrieved from /home/airflow/.local/lib/python3.12/site-packages/airflow/example_dags/example_latest_only.py
[2024-04-16T00:34:03.756+0000] {logging_mixin.py:188} INFO - [2024-04-16T00:34:03.755+0000] {dag.py:3096} INFO - Sync 1 DAGs
[2024-04-16T00:34:03.796+0000] {logging_mixin.py:188} INFO - [2024-04-16T00:34:03.796+0000] {dag.py:3954} INFO - Setting next_dagrun for latest_only to 2024-04-15 20:00:00+00:00, run_after=2024-04-16 00:00:00+00:00
[2024-04-16T00:34:03.827+0000] {processor.py:183} INFO - Processing /home/airflow/.local/lib/python3.12/site-packages/airflow/example_dags/example_latest_only.py took 0.141 seconds
