[2024-04-16T00:07:50.031+0000] {processor.py:161} INFO - Started process (PID=52) to work on /home/airflow/.local/lib/python3.12/site-packages/airflow/example_dags/example_sensors.py
[2024-04-16T00:07:50.033+0000] {processor.py:830} INFO - Processing file /home/airflow/.local/lib/python3.12/site-packages/airflow/example_dags/example_sensors.py for tasks to queue
[2024-04-16T00:07:50.035+0000] {logging_mixin.py:188} INFO - [2024-04-16T00:07:50.035+0000] {dagbag.py:540} INFO - Filling up the DagBag from /home/airflow/.local/lib/python3.12/site-packages/airflow/example_dags/example_sensors.py
[2024-04-16T00:07:50.051+0000] {processor.py:840} INFO - DAG(s) 'example_sensors' retrieved from /home/airflow/.local/lib/python3.12/site-packages/airflow/example_dags/example_sensors.py
[2024-04-16T00:07:50.096+0000] {logging_mixin.py:188} INFO - [2024-04-16T00:07:50.095+0000] {dag.py:3096} INFO - Sync 1 DAGs
[2024-04-16T00:07:50.116+0000] {logging_mixin.py:188} INFO - [2024-04-16T00:07:50.116+0000] {dag.py:3954} INFO - Setting next_dagrun for example_sensors to None, run_after=None
[2024-04-16T00:07:50.209+0000] {processor.py:183} INFO - Processing /home/airflow/.local/lib/python3.12/site-packages/airflow/example_dags/example_sensors.py took 0.186 seconds
[2024-04-16T00:08:20.376+0000] {processor.py:161} INFO - Started process (PID=110) to work on /home/airflow/.local/lib/python3.12/site-packages/airflow/example_dags/example_sensors.py
[2024-04-16T00:08:20.377+0000] {processor.py:830} INFO - Processing file /home/airflow/.local/lib/python3.12/site-packages/airflow/example_dags/example_sensors.py for tasks to queue
[2024-04-16T00:08:20.380+0000] {logging_mixin.py:188} INFO - [2024-04-16T00:08:20.380+0000] {dagbag.py:540} INFO - Filling up the DagBag from /home/airflow/.local/lib/python3.12/site-packages/airflow/example_dags/example_sensors.py
[2024-04-16T00:08:20.394+0000] {processor.py:840} INFO - DAG(s) 'example_sensors' retrieved from /home/airflow/.local/lib/python3.12/site-packages/airflow/example_dags/example_sensors.py
[2024-04-16T00:08:20.432+0000] {logging_mixin.py:188} INFO - [2024-04-16T00:08:20.432+0000] {dag.py:3096} INFO - Sync 1 DAGs
[2024-04-16T00:08:20.451+0000] {logging_mixin.py:188} INFO - [2024-04-16T00:08:20.451+0000] {dag.py:3954} INFO - Setting next_dagrun for example_sensors to None, run_after=None
[2024-04-16T00:08:20.547+0000] {processor.py:183} INFO - Processing /home/airflow/.local/lib/python3.12/site-packages/airflow/example_dags/example_sensors.py took 0.180 seconds
[2024-04-16T00:08:50.750+0000] {processor.py:161} INFO - Started process (PID=168) to work on /home/airflow/.local/lib/python3.12/site-packages/airflow/example_dags/example_sensors.py
[2024-04-16T00:08:50.751+0000] {processor.py:830} INFO - Processing file /home/airflow/.local/lib/python3.12/site-packages/airflow/example_dags/example_sensors.py for tasks to queue
[2024-04-16T00:08:50.755+0000] {logging_mixin.py:188} INFO - [2024-04-16T00:08:50.754+0000] {dagbag.py:540} INFO - Filling up the DagBag from /home/airflow/.local/lib/python3.12/site-packages/airflow/example_dags/example_sensors.py
[2024-04-16T00:08:50.770+0000] {processor.py:840} INFO - DAG(s) 'example_sensors' retrieved from /home/airflow/.local/lib/python3.12/site-packages/airflow/example_dags/example_sensors.py
[2024-04-16T00:08:50.805+0000] {logging_mixin.py:188} INFO - [2024-04-16T00:08:50.804+0000] {dag.py:3096} INFO - Sync 1 DAGs
[2024-04-16T00:08:50.822+0000] {logging_mixin.py:188} INFO - [2024-04-16T00:08:50.822+0000] {dag.py:3954} INFO - Setting next_dagrun for example_sensors to None, run_after=None
[2024-04-16T00:08:50.851+0000] {processor.py:183} INFO - Processing /home/airflow/.local/lib/python3.12/site-packages/airflow/example_dags/example_sensors.py took 0.109 seconds
[2024-04-16T00:09:21.287+0000] {processor.py:161} INFO - Started process (PID=226) to work on /home/airflow/.local/lib/python3.12/site-packages/airflow/example_dags/example_sensors.py
[2024-04-16T00:09:21.289+0000] {processor.py:830} INFO - Processing file /home/airflow/.local/lib/python3.12/site-packages/airflow/example_dags/example_sensors.py for tasks to queue
[2024-04-16T00:09:21.292+0000] {logging_mixin.py:188} INFO - [2024-04-16T00:09:21.292+0000] {dagbag.py:540} INFO - Filling up the DagBag from /home/airflow/.local/lib/python3.12/site-packages/airflow/example_dags/example_sensors.py
[2024-04-16T00:09:21.306+0000] {processor.py:840} INFO - DAG(s) 'example_sensors' retrieved from /home/airflow/.local/lib/python3.12/site-packages/airflow/example_dags/example_sensors.py
[2024-04-16T00:09:21.346+0000] {logging_mixin.py:188} INFO - [2024-04-16T00:09:21.345+0000] {dag.py:3096} INFO - Sync 1 DAGs
[2024-04-16T00:09:21.369+0000] {logging_mixin.py:188} INFO - [2024-04-16T00:09:21.369+0000] {dag.py:3954} INFO - Setting next_dagrun for example_sensors to None, run_after=None
[2024-04-16T00:09:21.415+0000] {processor.py:183} INFO - Processing /home/airflow/.local/lib/python3.12/site-packages/airflow/example_dags/example_sensors.py took 0.135 seconds
[2024-04-16T00:09:51.581+0000] {processor.py:161} INFO - Started process (PID=285) to work on /home/airflow/.local/lib/python3.12/site-packages/airflow/example_dags/example_sensors.py
[2024-04-16T00:09:51.582+0000] {processor.py:830} INFO - Processing file /home/airflow/.local/lib/python3.12/site-packages/airflow/example_dags/example_sensors.py for tasks to queue
[2024-04-16T00:09:51.584+0000] {logging_mixin.py:188} INFO - [2024-04-16T00:09:51.584+0000] {dagbag.py:540} INFO - Filling up the DagBag from /home/airflow/.local/lib/python3.12/site-packages/airflow/example_dags/example_sensors.py
[2024-04-16T00:09:51.598+0000] {processor.py:840} INFO - DAG(s) 'example_sensors' retrieved from /home/airflow/.local/lib/python3.12/site-packages/airflow/example_dags/example_sensors.py
[2024-04-16T00:09:51.634+0000] {logging_mixin.py:188} INFO - [2024-04-16T00:09:51.634+0000] {dag.py:3096} INFO - Sync 1 DAGs
[2024-04-16T00:09:51.652+0000] {logging_mixin.py:188} INFO - [2024-04-16T00:09:51.652+0000] {dag.py:3954} INFO - Setting next_dagrun for example_sensors to None, run_after=None
[2024-04-16T00:09:51.679+0000] {processor.py:183} INFO - Processing /home/airflow/.local/lib/python3.12/site-packages/airflow/example_dags/example_sensors.py took 0.108 seconds
[2024-04-16T00:10:22.351+0000] {processor.py:161} INFO - Started process (PID=343) to work on /home/airflow/.local/lib/python3.12/site-packages/airflow/example_dags/example_sensors.py
[2024-04-16T00:10:22.353+0000] {processor.py:830} INFO - Processing file /home/airflow/.local/lib/python3.12/site-packages/airflow/example_dags/example_sensors.py for tasks to queue
[2024-04-16T00:10:22.355+0000] {logging_mixin.py:188} INFO - [2024-04-16T00:10:22.355+0000] {dagbag.py:540} INFO - Filling up the DagBag from /home/airflow/.local/lib/python3.12/site-packages/airflow/example_dags/example_sensors.py
[2024-04-16T00:10:22.369+0000] {processor.py:840} INFO - DAG(s) 'example_sensors' retrieved from /home/airflow/.local/lib/python3.12/site-packages/airflow/example_dags/example_sensors.py
[2024-04-16T00:10:22.405+0000] {logging_mixin.py:188} INFO - [2024-04-16T00:10:22.405+0000] {dag.py:3096} INFO - Sync 1 DAGs
[2024-04-16T00:10:22.423+0000] {logging_mixin.py:188} INFO - [2024-04-16T00:10:22.423+0000] {dag.py:3954} INFO - Setting next_dagrun for example_sensors to None, run_after=None
[2024-04-16T00:10:22.449+0000] {processor.py:183} INFO - Processing /home/airflow/.local/lib/python3.12/site-packages/airflow/example_dags/example_sensors.py took 0.107 seconds
[2024-04-16T00:10:52.663+0000] {processor.py:161} INFO - Started process (PID=401) to work on /home/airflow/.local/lib/python3.12/site-packages/airflow/example_dags/example_sensors.py
[2024-04-16T00:10:52.664+0000] {processor.py:830} INFO - Processing file /home/airflow/.local/lib/python3.12/site-packages/airflow/example_dags/example_sensors.py for tasks to queue
[2024-04-16T00:10:52.667+0000] {logging_mixin.py:188} INFO - [2024-04-16T00:10:52.667+0000] {dagbag.py:540} INFO - Filling up the DagBag from /home/airflow/.local/lib/python3.12/site-packages/airflow/example_dags/example_sensors.py
[2024-04-16T00:10:52.681+0000] {processor.py:840} INFO - DAG(s) 'example_sensors' retrieved from /home/airflow/.local/lib/python3.12/site-packages/airflow/example_dags/example_sensors.py
[2024-04-16T00:10:52.726+0000] {logging_mixin.py:188} INFO - [2024-04-16T00:10:52.726+0000] {dag.py:3096} INFO - Sync 1 DAGs
[2024-04-16T00:10:52.746+0000] {logging_mixin.py:188} INFO - [2024-04-16T00:10:52.746+0000] {dag.py:3954} INFO - Setting next_dagrun for example_sensors to None, run_after=None
[2024-04-16T00:10:52.776+0000] {processor.py:183} INFO - Processing /home/airflow/.local/lib/python3.12/site-packages/airflow/example_dags/example_sensors.py took 0.123 seconds
[2024-04-16T00:11:23.217+0000] {processor.py:161} INFO - Started process (PID=459) to work on /home/airflow/.local/lib/python3.12/site-packages/airflow/example_dags/example_sensors.py
[2024-04-16T00:11:23.219+0000] {processor.py:830} INFO - Processing file /home/airflow/.local/lib/python3.12/site-packages/airflow/example_dags/example_sensors.py for tasks to queue
[2024-04-16T00:11:23.222+0000] {logging_mixin.py:188} INFO - [2024-04-16T00:11:23.221+0000] {dagbag.py:540} INFO - Filling up the DagBag from /home/airflow/.local/lib/python3.12/site-packages/airflow/example_dags/example_sensors.py
[2024-04-16T00:11:23.236+0000] {processor.py:840} INFO - DAG(s) 'example_sensors' retrieved from /home/airflow/.local/lib/python3.12/site-packages/airflow/example_dags/example_sensors.py
[2024-04-16T00:11:23.281+0000] {logging_mixin.py:188} INFO - [2024-04-16T00:11:23.281+0000] {dag.py:3096} INFO - Sync 1 DAGs
[2024-04-16T00:11:23.304+0000] {logging_mixin.py:188} INFO - [2024-04-16T00:11:23.303+0000] {dag.py:3954} INFO - Setting next_dagrun for example_sensors to None, run_after=None
[2024-04-16T00:11:23.335+0000] {processor.py:183} INFO - Processing /home/airflow/.local/lib/python3.12/site-packages/airflow/example_dags/example_sensors.py took 0.127 seconds
[2024-04-16T00:11:53.652+0000] {processor.py:161} INFO - Started process (PID=517) to work on /home/airflow/.local/lib/python3.12/site-packages/airflow/example_dags/example_sensors.py
[2024-04-16T00:11:53.653+0000] {processor.py:830} INFO - Processing file /home/airflow/.local/lib/python3.12/site-packages/airflow/example_dags/example_sensors.py for tasks to queue
[2024-04-16T00:11:53.656+0000] {logging_mixin.py:188} INFO - [2024-04-16T00:11:53.655+0000] {dagbag.py:540} INFO - Filling up the DagBag from /home/airflow/.local/lib/python3.12/site-packages/airflow/example_dags/example_sensors.py
[2024-04-16T00:11:53.669+0000] {processor.py:840} INFO - DAG(s) 'example_sensors' retrieved from /home/airflow/.local/lib/python3.12/site-packages/airflow/example_dags/example_sensors.py
[2024-04-16T00:11:53.704+0000] {logging_mixin.py:188} INFO - [2024-04-16T00:11:53.704+0000] {dag.py:3096} INFO - Sync 1 DAGs
[2024-04-16T00:11:53.724+0000] {logging_mixin.py:188} INFO - [2024-04-16T00:11:53.723+0000] {dag.py:3954} INFO - Setting next_dagrun for example_sensors to None, run_after=None
[2024-04-16T00:11:53.752+0000] {processor.py:183} INFO - Processing /home/airflow/.local/lib/python3.12/site-packages/airflow/example_dags/example_sensors.py took 0.108 seconds
[2024-04-16T00:12:44.511+0000] {processor.py:161} INFO - Started process (PID=52) to work on /home/airflow/.local/lib/python3.12/site-packages/airflow/example_dags/example_sensors.py
[2024-04-16T00:12:44.513+0000] {processor.py:830} INFO - Processing file /home/airflow/.local/lib/python3.12/site-packages/airflow/example_dags/example_sensors.py for tasks to queue
[2024-04-16T00:12:44.518+0000] {logging_mixin.py:188} INFO - [2024-04-16T00:12:44.517+0000] {dagbag.py:540} INFO - Filling up the DagBag from /home/airflow/.local/lib/python3.12/site-packages/airflow/example_dags/example_sensors.py
[2024-04-16T00:12:44.554+0000] {processor.py:840} INFO - DAG(s) 'example_sensors' retrieved from /home/airflow/.local/lib/python3.12/site-packages/airflow/example_dags/example_sensors.py
[2024-04-16T00:12:44.641+0000] {logging_mixin.py:188} INFO - [2024-04-16T00:12:44.641+0000] {dag.py:3096} INFO - Sync 1 DAGs
[2024-04-16T00:12:44.660+0000] {logging_mixin.py:188} INFO - [2024-04-16T00:12:44.660+0000] {dag.py:3954} INFO - Setting next_dagrun for example_sensors to None, run_after=None
[2024-04-16T00:12:44.690+0000] {processor.py:183} INFO - Processing /home/airflow/.local/lib/python3.12/site-packages/airflow/example_dags/example_sensors.py took 0.188 seconds
[2024-04-16T00:28:18.729+0000] {processor.py:161} INFO - Started process (PID=58) to work on /home/airflow/.local/lib/python3.12/site-packages/airflow/example_dags/example_sensors.py
[2024-04-16T00:28:18.731+0000] {processor.py:830} INFO - Processing file /home/airflow/.local/lib/python3.12/site-packages/airflow/example_dags/example_sensors.py for tasks to queue
[2024-04-16T00:28:18.733+0000] {logging_mixin.py:188} INFO - [2024-04-16T00:28:18.733+0000] {dagbag.py:540} INFO - Filling up the DagBag from /home/airflow/.local/lib/python3.12/site-packages/airflow/example_dags/example_sensors.py
[2024-04-16T00:28:18.751+0000] {processor.py:840} INFO - DAG(s) 'example_sensors' retrieved from /home/airflow/.local/lib/python3.12/site-packages/airflow/example_dags/example_sensors.py
[2024-04-16T00:28:18.938+0000] {logging_mixin.py:188} INFO - [2024-04-16T00:28:18.938+0000] {dag.py:3096} INFO - Sync 1 DAGs
[2024-04-16T00:28:18.954+0000] {logging_mixin.py:188} INFO - [2024-04-16T00:28:18.954+0000] {dag.py:3954} INFO - Setting next_dagrun for example_sensors to None, run_after=None
[2024-04-16T00:28:18.983+0000] {processor.py:183} INFO - Processing /home/airflow/.local/lib/python3.12/site-packages/airflow/example_dags/example_sensors.py took 0.264 seconds
[2024-04-16T00:29:25.606+0000] {processor.py:161} INFO - Started process (PID=52) to work on /home/airflow/.local/lib/python3.12/site-packages/airflow/example_dags/example_sensors.py
[2024-04-16T00:29:25.607+0000] {processor.py:830} INFO - Processing file /home/airflow/.local/lib/python3.12/site-packages/airflow/example_dags/example_sensors.py for tasks to queue
[2024-04-16T00:29:25.610+0000] {logging_mixin.py:188} INFO - [2024-04-16T00:29:25.609+0000] {dagbag.py:540} INFO - Filling up the DagBag from /home/airflow/.local/lib/python3.12/site-packages/airflow/example_dags/example_sensors.py
[2024-04-16T00:29:25.626+0000] {processor.py:840} INFO - DAG(s) 'example_sensors' retrieved from /home/airflow/.local/lib/python3.12/site-packages/airflow/example_dags/example_sensors.py
[2024-04-16T00:29:25.666+0000] {logging_mixin.py:188} INFO - [2024-04-16T00:29:25.666+0000] {dag.py:3096} INFO - Sync 1 DAGs
[2024-04-16T00:29:25.684+0000] {logging_mixin.py:188} INFO - [2024-04-16T00:29:25.684+0000] {dag.py:3954} INFO - Setting next_dagrun for example_sensors to None, run_after=None
[2024-04-16T00:29:25.711+0000] {processor.py:183} INFO - Processing /home/airflow/.local/lib/python3.12/site-packages/airflow/example_dags/example_sensors.py took 0.113 seconds
[2024-04-16T00:29:56.229+0000] {processor.py:161} INFO - Started process (PID=110) to work on /home/airflow/.local/lib/python3.12/site-packages/airflow/example_dags/example_sensors.py
[2024-04-16T00:29:56.231+0000] {processor.py:830} INFO - Processing file /home/airflow/.local/lib/python3.12/site-packages/airflow/example_dags/example_sensors.py for tasks to queue
[2024-04-16T00:29:56.233+0000] {logging_mixin.py:188} INFO - [2024-04-16T00:29:56.233+0000] {dagbag.py:540} INFO - Filling up the DagBag from /home/airflow/.local/lib/python3.12/site-packages/airflow/example_dags/example_sensors.py
[2024-04-16T00:29:56.248+0000] {processor.py:840} INFO - DAG(s) 'example_sensors' retrieved from /home/airflow/.local/lib/python3.12/site-packages/airflow/example_dags/example_sensors.py
[2024-04-16T00:29:56.291+0000] {logging_mixin.py:188} INFO - [2024-04-16T00:29:56.291+0000] {dag.py:3096} INFO - Sync 1 DAGs
[2024-04-16T00:29:56.315+0000] {logging_mixin.py:188} INFO - [2024-04-16T00:29:56.315+0000] {dag.py:3954} INFO - Setting next_dagrun for example_sensors to None, run_after=None
[2024-04-16T00:29:56.346+0000] {processor.py:183} INFO - Processing /home/airflow/.local/lib/python3.12/site-packages/airflow/example_dags/example_sensors.py took 0.127 seconds
[2024-04-16T00:30:26.855+0000] {processor.py:161} INFO - Started process (PID=168) to work on /home/airflow/.local/lib/python3.12/site-packages/airflow/example_dags/example_sensors.py
[2024-04-16T00:30:26.856+0000] {processor.py:830} INFO - Processing file /home/airflow/.local/lib/python3.12/site-packages/airflow/example_dags/example_sensors.py for tasks to queue
[2024-04-16T00:30:26.860+0000] {logging_mixin.py:188} INFO - [2024-04-16T00:30:26.859+0000] {dagbag.py:540} INFO - Filling up the DagBag from /home/airflow/.local/lib/python3.12/site-packages/airflow/example_dags/example_sensors.py
[2024-04-16T00:30:26.873+0000] {processor.py:840} INFO - DAG(s) 'example_sensors' retrieved from /home/airflow/.local/lib/python3.12/site-packages/airflow/example_dags/example_sensors.py
[2024-04-16T00:30:26.913+0000] {logging_mixin.py:188} INFO - [2024-04-16T00:30:26.913+0000] {dag.py:3096} INFO - Sync 1 DAGs
[2024-04-16T00:30:26.932+0000] {logging_mixin.py:188} INFO - [2024-04-16T00:30:26.932+0000] {dag.py:3954} INFO - Setting next_dagrun for example_sensors to None, run_after=None
[2024-04-16T00:30:26.960+0000] {processor.py:183} INFO - Processing /home/airflow/.local/lib/python3.12/site-packages/airflow/example_dags/example_sensors.py took 0.114 seconds
[2024-04-16T00:30:57.463+0000] {processor.py:161} INFO - Started process (PID=226) to work on /home/airflow/.local/lib/python3.12/site-packages/airflow/example_dags/example_sensors.py
[2024-04-16T00:30:57.465+0000] {processor.py:830} INFO - Processing file /home/airflow/.local/lib/python3.12/site-packages/airflow/example_dags/example_sensors.py for tasks to queue
[2024-04-16T00:30:57.468+0000] {logging_mixin.py:188} INFO - [2024-04-16T00:30:57.468+0000] {dagbag.py:540} INFO - Filling up the DagBag from /home/airflow/.local/lib/python3.12/site-packages/airflow/example_dags/example_sensors.py
[2024-04-16T00:30:57.485+0000] {processor.py:840} INFO - DAG(s) 'example_sensors' retrieved from /home/airflow/.local/lib/python3.12/site-packages/airflow/example_dags/example_sensors.py
[2024-04-16T00:30:57.530+0000] {logging_mixin.py:188} INFO - [2024-04-16T00:30:57.529+0000] {dag.py:3096} INFO - Sync 1 DAGs
[2024-04-16T00:30:57.551+0000] {logging_mixin.py:188} INFO - [2024-04-16T00:30:57.551+0000] {dag.py:3954} INFO - Setting next_dagrun for example_sensors to None, run_after=None
[2024-04-16T00:30:57.585+0000] {processor.py:183} INFO - Processing /home/airflow/.local/lib/python3.12/site-packages/airflow/example_dags/example_sensors.py took 0.140 seconds
[2024-04-16T00:31:27.834+0000] {processor.py:161} INFO - Started process (PID=284) to work on /home/airflow/.local/lib/python3.12/site-packages/airflow/example_dags/example_sensors.py
[2024-04-16T00:31:27.835+0000] {processor.py:830} INFO - Processing file /home/airflow/.local/lib/python3.12/site-packages/airflow/example_dags/example_sensors.py for tasks to queue
[2024-04-16T00:31:27.838+0000] {logging_mixin.py:188} INFO - [2024-04-16T00:31:27.838+0000] {dagbag.py:540} INFO - Filling up the DagBag from /home/airflow/.local/lib/python3.12/site-packages/airflow/example_dags/example_sensors.py
[2024-04-16T00:31:27.852+0000] {processor.py:840} INFO - DAG(s) 'example_sensors' retrieved from /home/airflow/.local/lib/python3.12/site-packages/airflow/example_dags/example_sensors.py
[2024-04-16T00:31:27.896+0000] {logging_mixin.py:188} INFO - [2024-04-16T00:31:27.896+0000] {dag.py:3096} INFO - Sync 1 DAGs
[2024-04-16T00:31:27.916+0000] {logging_mixin.py:188} INFO - [2024-04-16T00:31:27.915+0000] {dag.py:3954} INFO - Setting next_dagrun for example_sensors to None, run_after=None
[2024-04-16T00:31:27.947+0000] {processor.py:183} INFO - Processing /home/airflow/.local/lib/python3.12/site-packages/airflow/example_dags/example_sensors.py took 0.122 seconds
[2024-04-16T00:31:58.046+0000] {processor.py:161} INFO - Started process (PID=343) to work on /home/airflow/.local/lib/python3.12/site-packages/airflow/example_dags/example_sensors.py
[2024-04-16T00:31:58.048+0000] {processor.py:830} INFO - Processing file /home/airflow/.local/lib/python3.12/site-packages/airflow/example_dags/example_sensors.py for tasks to queue
[2024-04-16T00:31:58.051+0000] {logging_mixin.py:188} INFO - [2024-04-16T00:31:58.051+0000] {dagbag.py:540} INFO - Filling up the DagBag from /home/airflow/.local/lib/python3.12/site-packages/airflow/example_dags/example_sensors.py
[2024-04-16T00:31:58.066+0000] {processor.py:840} INFO - DAG(s) 'example_sensors' retrieved from /home/airflow/.local/lib/python3.12/site-packages/airflow/example_dags/example_sensors.py
[2024-04-16T00:31:58.114+0000] {logging_mixin.py:188} INFO - [2024-04-16T00:31:58.114+0000] {dag.py:3096} INFO - Sync 1 DAGs
[2024-04-16T00:31:58.136+0000] {logging_mixin.py:188} INFO - [2024-04-16T00:31:58.135+0000] {dag.py:3954} INFO - Setting next_dagrun for example_sensors to None, run_after=None
[2024-04-16T00:31:58.164+0000] {processor.py:183} INFO - Processing /home/airflow/.local/lib/python3.12/site-packages/airflow/example_dags/example_sensors.py took 0.128 seconds
[2024-04-16T00:32:28.353+0000] {processor.py:161} INFO - Started process (PID=401) to work on /home/airflow/.local/lib/python3.12/site-packages/airflow/example_dags/example_sensors.py
[2024-04-16T00:32:28.354+0000] {processor.py:830} INFO - Processing file /home/airflow/.local/lib/python3.12/site-packages/airflow/example_dags/example_sensors.py for tasks to queue
[2024-04-16T00:32:28.357+0000] {logging_mixin.py:188} INFO - [2024-04-16T00:32:28.356+0000] {dagbag.py:540} INFO - Filling up the DagBag from /home/airflow/.local/lib/python3.12/site-packages/airflow/example_dags/example_sensors.py
[2024-04-16T00:32:28.372+0000] {processor.py:840} INFO - DAG(s) 'example_sensors' retrieved from /home/airflow/.local/lib/python3.12/site-packages/airflow/example_dags/example_sensors.py
[2024-04-16T00:32:28.412+0000] {logging_mixin.py:188} INFO - [2024-04-16T00:32:28.412+0000] {dag.py:3096} INFO - Sync 1 DAGs
[2024-04-16T00:32:28.432+0000] {logging_mixin.py:188} INFO - [2024-04-16T00:32:28.432+0000] {dag.py:3954} INFO - Setting next_dagrun for example_sensors to None, run_after=None
[2024-04-16T00:32:28.457+0000] {processor.py:183} INFO - Processing /home/airflow/.local/lib/python3.12/site-packages/airflow/example_dags/example_sensors.py took 0.114 seconds
[2024-04-16T00:32:58.662+0000] {processor.py:161} INFO - Started process (PID=459) to work on /home/airflow/.local/lib/python3.12/site-packages/airflow/example_dags/example_sensors.py
[2024-04-16T00:32:58.664+0000] {processor.py:830} INFO - Processing file /home/airflow/.local/lib/python3.12/site-packages/airflow/example_dags/example_sensors.py for tasks to queue
[2024-04-16T00:32:58.667+0000] {logging_mixin.py:188} INFO - [2024-04-16T00:32:58.666+0000] {dagbag.py:540} INFO - Filling up the DagBag from /home/airflow/.local/lib/python3.12/site-packages/airflow/example_dags/example_sensors.py
[2024-04-16T00:32:58.681+0000] {processor.py:840} INFO - DAG(s) 'example_sensors' retrieved from /home/airflow/.local/lib/python3.12/site-packages/airflow/example_dags/example_sensors.py
[2024-04-16T00:32:58.722+0000] {logging_mixin.py:188} INFO - [2024-04-16T00:32:58.722+0000] {dag.py:3096} INFO - Sync 1 DAGs
[2024-04-16T00:32:58.744+0000] {logging_mixin.py:188} INFO - [2024-04-16T00:32:58.744+0000] {dag.py:3954} INFO - Setting next_dagrun for example_sensors to None, run_after=None
[2024-04-16T00:32:58.775+0000] {processor.py:183} INFO - Processing /home/airflow/.local/lib/python3.12/site-packages/airflow/example_dags/example_sensors.py took 0.122 seconds
[2024-04-16T00:33:28.917+0000] {processor.py:161} INFO - Started process (PID=517) to work on /home/airflow/.local/lib/python3.12/site-packages/airflow/example_dags/example_sensors.py
[2024-04-16T00:33:28.919+0000] {processor.py:830} INFO - Processing file /home/airflow/.local/lib/python3.12/site-packages/airflow/example_dags/example_sensors.py for tasks to queue
[2024-04-16T00:33:28.922+0000] {logging_mixin.py:188} INFO - [2024-04-16T00:33:28.921+0000] {dagbag.py:540} INFO - Filling up the DagBag from /home/airflow/.local/lib/python3.12/site-packages/airflow/example_dags/example_sensors.py
[2024-04-16T00:33:28.936+0000] {processor.py:840} INFO - DAG(s) 'example_sensors' retrieved from /home/airflow/.local/lib/python3.12/site-packages/airflow/example_dags/example_sensors.py
[2024-04-16T00:33:28.978+0000] {logging_mixin.py:188} INFO - [2024-04-16T00:33:28.977+0000] {dag.py:3096} INFO - Sync 1 DAGs
[2024-04-16T00:33:28.998+0000] {logging_mixin.py:188} INFO - [2024-04-16T00:33:28.998+0000] {dag.py:3954} INFO - Setting next_dagrun for example_sensors to None, run_after=None
[2024-04-16T00:33:29.030+0000] {processor.py:183} INFO - Processing /home/airflow/.local/lib/python3.12/site-packages/airflow/example_dags/example_sensors.py took 0.121 seconds
[2024-04-16T00:33:59.601+0000] {processor.py:161} INFO - Started process (PID=575) to work on /home/airflow/.local/lib/python3.12/site-packages/airflow/example_dags/example_sensors.py
[2024-04-16T00:33:59.603+0000] {processor.py:830} INFO - Processing file /home/airflow/.local/lib/python3.12/site-packages/airflow/example_dags/example_sensors.py for tasks to queue
[2024-04-16T00:33:59.605+0000] {logging_mixin.py:188} INFO - [2024-04-16T00:33:59.605+0000] {dagbag.py:540} INFO - Filling up the DagBag from /home/airflow/.local/lib/python3.12/site-packages/airflow/example_dags/example_sensors.py
[2024-04-16T00:33:59.619+0000] {processor.py:840} INFO - DAG(s) 'example_sensors' retrieved from /home/airflow/.local/lib/python3.12/site-packages/airflow/example_dags/example_sensors.py
[2024-04-16T00:33:59.659+0000] {logging_mixin.py:188} INFO - [2024-04-16T00:33:59.658+0000] {dag.py:3096} INFO - Sync 1 DAGs
[2024-04-16T00:33:59.679+0000] {logging_mixin.py:188} INFO - [2024-04-16T00:33:59.678+0000] {dag.py:3954} INFO - Setting next_dagrun for example_sensors to None, run_after=None
[2024-04-16T00:33:59.707+0000] {processor.py:183} INFO - Processing /home/airflow/.local/lib/python3.12/site-packages/airflow/example_dags/example_sensors.py took 0.113 seconds
[2024-04-16T00:34:29.930+0000] {processor.py:161} INFO - Started process (PID=633) to work on /home/airflow/.local/lib/python3.12/site-packages/airflow/example_dags/example_sensors.py
[2024-04-16T00:34:29.932+0000] {processor.py:830} INFO - Processing file /home/airflow/.local/lib/python3.12/site-packages/airflow/example_dags/example_sensors.py for tasks to queue
[2024-04-16T00:34:29.935+0000] {logging_mixin.py:188} INFO - [2024-04-16T00:34:29.934+0000] {dagbag.py:540} INFO - Filling up the DagBag from /home/airflow/.local/lib/python3.12/site-packages/airflow/example_dags/example_sensors.py
[2024-04-16T00:34:29.948+0000] {processor.py:840} INFO - DAG(s) 'example_sensors' retrieved from /home/airflow/.local/lib/python3.12/site-packages/airflow/example_dags/example_sensors.py
[2024-04-16T00:34:29.986+0000] {logging_mixin.py:188} INFO - [2024-04-16T00:34:29.986+0000] {dag.py:3096} INFO - Sync 1 DAGs
[2024-04-16T00:34:30.020+0000] {logging_mixin.py:188} INFO - [2024-04-16T00:34:30.020+0000] {dag.py:3954} INFO - Setting next_dagrun for example_sensors to None, run_after=None
[2024-04-16T00:34:30.049+0000] {processor.py:183} INFO - Processing /home/airflow/.local/lib/python3.12/site-packages/airflow/example_dags/example_sensors.py took 0.128 seconds
[2024-04-16T00:35:00.769+0000] {processor.py:161} INFO - Started process (PID=691) to work on /home/airflow/.local/lib/python3.12/site-packages/airflow/example_dags/example_sensors.py
[2024-04-16T00:35:00.771+0000] {processor.py:830} INFO - Processing file /home/airflow/.local/lib/python3.12/site-packages/airflow/example_dags/example_sensors.py for tasks to queue
[2024-04-16T00:35:00.774+0000] {logging_mixin.py:188} INFO - [2024-04-16T00:35:00.773+0000] {dagbag.py:540} INFO - Filling up the DagBag from /home/airflow/.local/lib/python3.12/site-packages/airflow/example_dags/example_sensors.py
[2024-04-16T00:35:00.788+0000] {processor.py:840} INFO - DAG(s) 'example_sensors' retrieved from /home/airflow/.local/lib/python3.12/site-packages/airflow/example_dags/example_sensors.py
[2024-04-16T00:35:00.831+0000] {logging_mixin.py:188} INFO - [2024-04-16T00:35:00.830+0000] {dag.py:3096} INFO - Sync 1 DAGs
[2024-04-16T00:35:00.851+0000] {logging_mixin.py:188} INFO - [2024-04-16T00:35:00.851+0000] {dag.py:3954} INFO - Setting next_dagrun for example_sensors to None, run_after=None
[2024-04-16T00:35:00.997+0000] {processor.py:183} INFO - Processing /home/airflow/.local/lib/python3.12/site-packages/airflow/example_dags/example_sensors.py took 0.237 seconds
