[2024-04-16T00:07:55.352+0000] {processor.py:161} INFO - Started process (PID=79) to work on /home/airflow/.local/lib/python3.12/site-packages/airflow/example_dags/example_sla_dag.py
[2024-04-16T00:07:55.353+0000] {processor.py:830} INFO - Processing file /home/airflow/.local/lib/python3.12/site-packages/airflow/example_dags/example_sla_dag.py for tasks to queue
[2024-04-16T00:07:55.356+0000] {logging_mixin.py:188} INFO - [2024-04-16T00:07:55.355+0000] {dagbag.py:540} INFO - Filling up the DagBag from /home/airflow/.local/lib/python3.12/site-packages/airflow/example_dags/example_sla_dag.py
[2024-04-16T00:07:55.371+0000] {processor.py:840} INFO - DAG(s) 'example_sla_dag' retrieved from /home/airflow/.local/lib/python3.12/site-packages/airflow/example_dags/example_sla_dag.py
[2024-04-16T00:07:55.401+0000] {logging_mixin.py:188} INFO - [2024-04-16T00:07:55.401+0000] {dag.py:3096} INFO - Sync 1 DAGs
[2024-04-16T00:07:55.447+0000] {logging_mixin.py:188} INFO - [2024-04-16T00:07:55.447+0000] {dag.py:3954} INFO - Setting next_dagrun for example_sla_dag to 2024-04-16 00:04:00+00:00, run_after=2024-04-16 00:06:00+00:00
[2024-04-16T00:07:55.479+0000] {processor.py:183} INFO - Processing /home/airflow/.local/lib/python3.12/site-packages/airflow/example_dags/example_sla_dag.py took 0.135 seconds
[2024-04-16T00:08:25.767+0000] {processor.py:161} INFO - Started process (PID=137) to work on /home/airflow/.local/lib/python3.12/site-packages/airflow/example_dags/example_sla_dag.py
[2024-04-16T00:08:25.769+0000] {processor.py:830} INFO - Processing file /home/airflow/.local/lib/python3.12/site-packages/airflow/example_dags/example_sla_dag.py for tasks to queue
[2024-04-16T00:08:25.771+0000] {logging_mixin.py:188} INFO - [2024-04-16T00:08:25.771+0000] {dagbag.py:540} INFO - Filling up the DagBag from /home/airflow/.local/lib/python3.12/site-packages/airflow/example_dags/example_sla_dag.py
[2024-04-16T00:08:25.784+0000] {processor.py:840} INFO - DAG(s) 'example_sla_dag' retrieved from /home/airflow/.local/lib/python3.12/site-packages/airflow/example_dags/example_sla_dag.py
[2024-04-16T00:08:25.811+0000] {logging_mixin.py:188} INFO - [2024-04-16T00:08:25.811+0000] {dag.py:3096} INFO - Sync 1 DAGs
[2024-04-16T00:08:25.848+0000] {logging_mixin.py:188} INFO - [2024-04-16T00:08:25.848+0000] {dag.py:3954} INFO - Setting next_dagrun for example_sla_dag to 2024-04-16 00:06:00+00:00, run_after=2024-04-16 00:08:00+00:00
[2024-04-16T00:08:25.922+0000] {processor.py:183} INFO - Processing /home/airflow/.local/lib/python3.12/site-packages/airflow/example_dags/example_sla_dag.py took 0.164 seconds
[2024-04-16T00:08:56.911+0000] {processor.py:161} INFO - Started process (PID=195) to work on /home/airflow/.local/lib/python3.12/site-packages/airflow/example_dags/example_sla_dag.py
[2024-04-16T00:08:56.914+0000] {processor.py:830} INFO - Processing file /home/airflow/.local/lib/python3.12/site-packages/airflow/example_dags/example_sla_dag.py for tasks to queue
[2024-04-16T00:08:56.919+0000] {logging_mixin.py:188} INFO - [2024-04-16T00:08:56.919+0000] {dagbag.py:540} INFO - Filling up the DagBag from /home/airflow/.local/lib/python3.12/site-packages/airflow/example_dags/example_sla_dag.py
[2024-04-16T00:08:56.931+0000] {processor.py:840} INFO - DAG(s) 'example_sla_dag' retrieved from /home/airflow/.local/lib/python3.12/site-packages/airflow/example_dags/example_sla_dag.py
[2024-04-16T00:08:56.958+0000] {logging_mixin.py:188} INFO - [2024-04-16T00:08:56.957+0000] {dag.py:3096} INFO - Sync 1 DAGs
[2024-04-16T00:08:56.992+0000] {logging_mixin.py:188} INFO - [2024-04-16T00:08:56.991+0000] {dag.py:3954} INFO - Setting next_dagrun for example_sla_dag to 2024-04-16 00:06:00+00:00, run_after=2024-04-16 00:08:00+00:00
[2024-04-16T00:08:57.027+0000] {processor.py:183} INFO - Processing /home/airflow/.local/lib/python3.12/site-packages/airflow/example_dags/example_sla_dag.py took 0.135 seconds
[2024-04-16T00:09:27.521+0000] {processor.py:161} INFO - Started process (PID=255) to work on /home/airflow/.local/lib/python3.12/site-packages/airflow/example_dags/example_sla_dag.py
[2024-04-16T00:09:27.523+0000] {processor.py:830} INFO - Processing file /home/airflow/.local/lib/python3.12/site-packages/airflow/example_dags/example_sla_dag.py for tasks to queue
[2024-04-16T00:09:27.525+0000] {logging_mixin.py:188} INFO - [2024-04-16T00:09:27.525+0000] {dagbag.py:540} INFO - Filling up the DagBag from /home/airflow/.local/lib/python3.12/site-packages/airflow/example_dags/example_sla_dag.py
[2024-04-16T00:09:27.538+0000] {processor.py:840} INFO - DAG(s) 'example_sla_dag' retrieved from /home/airflow/.local/lib/python3.12/site-packages/airflow/example_dags/example_sla_dag.py
[2024-04-16T00:09:27.566+0000] {logging_mixin.py:188} INFO - [2024-04-16T00:09:27.566+0000] {dag.py:3096} INFO - Sync 1 DAGs
[2024-04-16T00:09:27.602+0000] {logging_mixin.py:188} INFO - [2024-04-16T00:09:27.602+0000] {dag.py:3954} INFO - Setting next_dagrun for example_sla_dag to 2024-04-16 00:06:00+00:00, run_after=2024-04-16 00:08:00+00:00
[2024-04-16T00:09:27.629+0000] {processor.py:183} INFO - Processing /home/airflow/.local/lib/python3.12/site-packages/airflow/example_dags/example_sla_dag.py took 0.116 seconds
[2024-04-16T00:09:57.692+0000] {processor.py:161} INFO - Started process (PID=312) to work on /home/airflow/.local/lib/python3.12/site-packages/airflow/example_dags/example_sla_dag.py
[2024-04-16T00:09:57.694+0000] {processor.py:830} INFO - Processing file /home/airflow/.local/lib/python3.12/site-packages/airflow/example_dags/example_sla_dag.py for tasks to queue
[2024-04-16T00:09:57.696+0000] {logging_mixin.py:188} INFO - [2024-04-16T00:09:57.696+0000] {dagbag.py:540} INFO - Filling up the DagBag from /home/airflow/.local/lib/python3.12/site-packages/airflow/example_dags/example_sla_dag.py
[2024-04-16T00:09:57.708+0000] {processor.py:840} INFO - DAG(s) 'example_sla_dag' retrieved from /home/airflow/.local/lib/python3.12/site-packages/airflow/example_dags/example_sla_dag.py
[2024-04-16T00:09:57.735+0000] {logging_mixin.py:188} INFO - [2024-04-16T00:09:57.735+0000] {dag.py:3096} INFO - Sync 1 DAGs
[2024-04-16T00:09:57.774+0000] {logging_mixin.py:188} INFO - [2024-04-16T00:09:57.773+0000] {dag.py:3954} INFO - Setting next_dagrun for example_sla_dag to 2024-04-16 00:06:00+00:00, run_after=2024-04-16 00:08:00+00:00
[2024-04-16T00:09:57.804+0000] {processor.py:183} INFO - Processing /home/airflow/.local/lib/python3.12/site-packages/airflow/example_dags/example_sla_dag.py took 0.121 seconds
[2024-04-16T00:10:27.852+0000] {processor.py:161} INFO - Started process (PID=369) to work on /home/airflow/.local/lib/python3.12/site-packages/airflow/example_dags/example_sla_dag.py
[2024-04-16T00:10:27.853+0000] {processor.py:830} INFO - Processing file /home/airflow/.local/lib/python3.12/site-packages/airflow/example_dags/example_sla_dag.py for tasks to queue
[2024-04-16T00:10:27.856+0000] {logging_mixin.py:188} INFO - [2024-04-16T00:10:27.855+0000] {dagbag.py:540} INFO - Filling up the DagBag from /home/airflow/.local/lib/python3.12/site-packages/airflow/example_dags/example_sla_dag.py
[2024-04-16T00:10:27.868+0000] {processor.py:840} INFO - DAG(s) 'example_sla_dag' retrieved from /home/airflow/.local/lib/python3.12/site-packages/airflow/example_dags/example_sla_dag.py
[2024-04-16T00:10:27.896+0000] {logging_mixin.py:188} INFO - [2024-04-16T00:10:27.896+0000] {dag.py:3096} INFO - Sync 1 DAGs
[2024-04-16T00:10:27.932+0000] {logging_mixin.py:188} INFO - [2024-04-16T00:10:27.932+0000] {dag.py:3954} INFO - Setting next_dagrun for example_sla_dag to 2024-04-16 00:08:00+00:00, run_after=2024-04-16 00:10:00+00:00
[2024-04-16T00:10:27.959+0000] {processor.py:183} INFO - Processing /home/airflow/.local/lib/python3.12/site-packages/airflow/example_dags/example_sla_dag.py took 0.117 seconds
[2024-04-16T00:10:59.013+0000] {processor.py:161} INFO - Started process (PID=427) to work on /home/airflow/.local/lib/python3.12/site-packages/airflow/example_dags/example_sla_dag.py
[2024-04-16T00:10:59.014+0000] {processor.py:830} INFO - Processing file /home/airflow/.local/lib/python3.12/site-packages/airflow/example_dags/example_sla_dag.py for tasks to queue
[2024-04-16T00:10:59.017+0000] {logging_mixin.py:188} INFO - [2024-04-16T00:10:59.017+0000] {dagbag.py:540} INFO - Filling up the DagBag from /home/airflow/.local/lib/python3.12/site-packages/airflow/example_dags/example_sla_dag.py
[2024-04-16T00:10:59.030+0000] {processor.py:840} INFO - DAG(s) 'example_sla_dag' retrieved from /home/airflow/.local/lib/python3.12/site-packages/airflow/example_dags/example_sla_dag.py
[2024-04-16T00:10:59.063+0000] {logging_mixin.py:188} INFO - [2024-04-16T00:10:59.062+0000] {dag.py:3096} INFO - Sync 1 DAGs
[2024-04-16T00:10:59.115+0000] {logging_mixin.py:188} INFO - [2024-04-16T00:10:59.115+0000] {dag.py:3954} INFO - Setting next_dagrun for example_sla_dag to 2024-04-16 00:08:00+00:00, run_after=2024-04-16 00:10:00+00:00
[2024-04-16T00:10:59.143+0000] {processor.py:183} INFO - Processing /home/airflow/.local/lib/python3.12/site-packages/airflow/example_dags/example_sla_dag.py took 0.139 seconds
[2024-04-16T00:11:29.422+0000] {processor.py:161} INFO - Started process (PID=485) to work on /home/airflow/.local/lib/python3.12/site-packages/airflow/example_dags/example_sla_dag.py
[2024-04-16T00:11:29.424+0000] {processor.py:830} INFO - Processing file /home/airflow/.local/lib/python3.12/site-packages/airflow/example_dags/example_sla_dag.py for tasks to queue
[2024-04-16T00:11:29.427+0000] {logging_mixin.py:188} INFO - [2024-04-16T00:11:29.426+0000] {dagbag.py:540} INFO - Filling up the DagBag from /home/airflow/.local/lib/python3.12/site-packages/airflow/example_dags/example_sla_dag.py
[2024-04-16T00:11:29.440+0000] {processor.py:840} INFO - DAG(s) 'example_sla_dag' retrieved from /home/airflow/.local/lib/python3.12/site-packages/airflow/example_dags/example_sla_dag.py
[2024-04-16T00:11:29.476+0000] {logging_mixin.py:188} INFO - [2024-04-16T00:11:29.475+0000] {dag.py:3096} INFO - Sync 1 DAGs
[2024-04-16T00:11:29.517+0000] {logging_mixin.py:188} INFO - [2024-04-16T00:11:29.517+0000] {dag.py:3954} INFO - Setting next_dagrun for example_sla_dag to 2024-04-16 00:08:00+00:00, run_after=2024-04-16 00:10:00+00:00
[2024-04-16T00:11:29.549+0000] {processor.py:183} INFO - Processing /home/airflow/.local/lib/python3.12/site-packages/airflow/example_dags/example_sla_dag.py took 0.136 seconds
[2024-04-16T00:11:59.593+0000] {processor.py:161} INFO - Started process (PID=542) to work on /home/airflow/.local/lib/python3.12/site-packages/airflow/example_dags/example_sla_dag.py
[2024-04-16T00:11:59.595+0000] {processor.py:830} INFO - Processing file /home/airflow/.local/lib/python3.12/site-packages/airflow/example_dags/example_sla_dag.py for tasks to queue
[2024-04-16T00:11:59.598+0000] {logging_mixin.py:188} INFO - [2024-04-16T00:11:59.597+0000] {dagbag.py:540} INFO - Filling up the DagBag from /home/airflow/.local/lib/python3.12/site-packages/airflow/example_dags/example_sla_dag.py
[2024-04-16T00:11:59.611+0000] {processor.py:840} INFO - DAG(s) 'example_sla_dag' retrieved from /home/airflow/.local/lib/python3.12/site-packages/airflow/example_dags/example_sla_dag.py
[2024-04-16T00:11:59.645+0000] {logging_mixin.py:188} INFO - [2024-04-16T00:11:59.644+0000] {dag.py:3096} INFO - Sync 1 DAGs
[2024-04-16T00:11:59.686+0000] {logging_mixin.py:188} INFO - [2024-04-16T00:11:59.686+0000] {dag.py:3954} INFO - Setting next_dagrun for example_sla_dag to 2024-04-16 00:08:00+00:00, run_after=2024-04-16 00:10:00+00:00
[2024-04-16T00:11:59.717+0000] {processor.py:183} INFO - Processing /home/airflow/.local/lib/python3.12/site-packages/airflow/example_dags/example_sla_dag.py took 0.133 seconds
[2024-04-16T00:12:47.348+0000] {processor.py:161} INFO - Started process (PID=73) to work on /home/airflow/.local/lib/python3.12/site-packages/airflow/example_dags/example_sla_dag.py
[2024-04-16T00:12:47.349+0000] {processor.py:830} INFO - Processing file /home/airflow/.local/lib/python3.12/site-packages/airflow/example_dags/example_sla_dag.py for tasks to queue
[2024-04-16T00:12:47.352+0000] {logging_mixin.py:188} INFO - [2024-04-16T00:12:47.351+0000] {dagbag.py:540} INFO - Filling up the DagBag from /home/airflow/.local/lib/python3.12/site-packages/airflow/example_dags/example_sla_dag.py
[2024-04-16T00:12:47.365+0000] {processor.py:840} INFO - DAG(s) 'example_sla_dag' retrieved from /home/airflow/.local/lib/python3.12/site-packages/airflow/example_dags/example_sla_dag.py
[2024-04-16T00:12:47.394+0000] {logging_mixin.py:188} INFO - [2024-04-16T00:12:47.393+0000] {dag.py:3096} INFO - Sync 1 DAGs
[2024-04-16T00:12:47.428+0000] {logging_mixin.py:188} INFO - [2024-04-16T00:12:47.428+0000] {dag.py:3954} INFO - Setting next_dagrun for example_sla_dag to 2024-04-16 00:10:00+00:00, run_after=2024-04-16 00:12:00+00:00
[2024-04-16T00:12:47.457+0000] {processor.py:183} INFO - Processing /home/airflow/.local/lib/python3.12/site-packages/airflow/example_dags/example_sla_dag.py took 0.116 seconds
[2024-04-16T00:28:22.827+0000] {processor.py:161} INFO - Started process (PID=79) to work on /home/airflow/.local/lib/python3.12/site-packages/airflow/example_dags/example_sla_dag.py
[2024-04-16T00:28:22.829+0000] {processor.py:830} INFO - Processing file /home/airflow/.local/lib/python3.12/site-packages/airflow/example_dags/example_sla_dag.py for tasks to queue
[2024-04-16T00:28:22.832+0000] {logging_mixin.py:188} INFO - [2024-04-16T00:28:22.831+0000] {dagbag.py:540} INFO - Filling up the DagBag from /home/airflow/.local/lib/python3.12/site-packages/airflow/example_dags/example_sla_dag.py
[2024-04-16T00:28:22.847+0000] {processor.py:840} INFO - DAG(s) 'example_sla_dag' retrieved from /home/airflow/.local/lib/python3.12/site-packages/airflow/example_dags/example_sla_dag.py
[2024-04-16T00:28:23.005+0000] {logging_mixin.py:188} INFO - [2024-04-16T00:28:23.004+0000] {dag.py:3096} INFO - Sync 1 DAGs
[2024-04-16T00:28:23.037+0000] {logging_mixin.py:188} INFO - [2024-04-16T00:28:23.037+0000] {dag.py:3954} INFO - Setting next_dagrun for example_sla_dag to 2024-04-16 00:26:00+00:00, run_after=2024-04-16 00:28:00+00:00
[2024-04-16T00:28:23.064+0000] {processor.py:183} INFO - Processing /home/airflow/.local/lib/python3.12/site-packages/airflow/example_dags/example_sla_dag.py took 0.245 seconds
[2024-04-16T00:29:27.797+0000] {processor.py:161} INFO - Started process (PID=73) to work on /home/airflow/.local/lib/python3.12/site-packages/airflow/example_dags/example_sla_dag.py
[2024-04-16T00:29:27.798+0000] {processor.py:830} INFO - Processing file /home/airflow/.local/lib/python3.12/site-packages/airflow/example_dags/example_sla_dag.py for tasks to queue
[2024-04-16T00:29:27.800+0000] {logging_mixin.py:188} INFO - [2024-04-16T00:29:27.800+0000] {dagbag.py:540} INFO - Filling up the DagBag from /home/airflow/.local/lib/python3.12/site-packages/airflow/example_dags/example_sla_dag.py
[2024-04-16T00:29:27.814+0000] {processor.py:840} INFO - DAG(s) 'example_sla_dag' retrieved from /home/airflow/.local/lib/python3.12/site-packages/airflow/example_dags/example_sla_dag.py
[2024-04-16T00:29:27.843+0000] {logging_mixin.py:188} INFO - [2024-04-16T00:29:27.843+0000] {dag.py:3096} INFO - Sync 1 DAGs
[2024-04-16T00:29:27.880+0000] {logging_mixin.py:188} INFO - [2024-04-16T00:29:27.879+0000] {dag.py:3954} INFO - Setting next_dagrun for example_sla_dag to 2024-04-16 00:26:00+00:00, run_after=2024-04-16 00:28:00+00:00
[2024-04-16T00:29:27.912+0000] {processor.py:183} INFO - Processing /home/airflow/.local/lib/python3.12/site-packages/airflow/example_dags/example_sla_dag.py took 0.124 seconds
[2024-04-16T00:29:58.209+0000] {processor.py:161} INFO - Started process (PID=131) to work on /home/airflow/.local/lib/python3.12/site-packages/airflow/example_dags/example_sla_dag.py
[2024-04-16T00:29:58.211+0000] {processor.py:830} INFO - Processing file /home/airflow/.local/lib/python3.12/site-packages/airflow/example_dags/example_sla_dag.py for tasks to queue
[2024-04-16T00:29:58.214+0000] {logging_mixin.py:188} INFO - [2024-04-16T00:29:58.213+0000] {dagbag.py:540} INFO - Filling up the DagBag from /home/airflow/.local/lib/python3.12/site-packages/airflow/example_dags/example_sla_dag.py
[2024-04-16T00:29:58.226+0000] {processor.py:840} INFO - DAG(s) 'example_sla_dag' retrieved from /home/airflow/.local/lib/python3.12/site-packages/airflow/example_dags/example_sla_dag.py
[2024-04-16T00:29:58.260+0000] {logging_mixin.py:188} INFO - [2024-04-16T00:29:58.259+0000] {dag.py:3096} INFO - Sync 1 DAGs
[2024-04-16T00:29:58.296+0000] {logging_mixin.py:188} INFO - [2024-04-16T00:29:58.296+0000] {dag.py:3954} INFO - Setting next_dagrun for example_sla_dag to 2024-04-16 00:26:00+00:00, run_after=2024-04-16 00:28:00+00:00
[2024-04-16T00:29:58.323+0000] {processor.py:183} INFO - Processing /home/airflow/.local/lib/python3.12/site-packages/airflow/example_dags/example_sla_dag.py took 0.125 seconds
[2024-04-16T00:30:28.909+0000] {processor.py:161} INFO - Started process (PID=189) to work on /home/airflow/.local/lib/python3.12/site-packages/airflow/example_dags/example_sla_dag.py
[2024-04-16T00:30:28.911+0000] {processor.py:830} INFO - Processing file /home/airflow/.local/lib/python3.12/site-packages/airflow/example_dags/example_sla_dag.py for tasks to queue
[2024-04-16T00:30:28.913+0000] {logging_mixin.py:188} INFO - [2024-04-16T00:30:28.913+0000] {dagbag.py:540} INFO - Filling up the DagBag from /home/airflow/.local/lib/python3.12/site-packages/airflow/example_dags/example_sla_dag.py
[2024-04-16T00:30:28.925+0000] {processor.py:840} INFO - DAG(s) 'example_sla_dag' retrieved from /home/airflow/.local/lib/python3.12/site-packages/airflow/example_dags/example_sla_dag.py
[2024-04-16T00:30:28.951+0000] {logging_mixin.py:188} INFO - [2024-04-16T00:30:28.951+0000] {dag.py:3096} INFO - Sync 1 DAGs
[2024-04-16T00:30:28.986+0000] {logging_mixin.py:188} INFO - [2024-04-16T00:30:28.985+0000] {dag.py:3954} INFO - Setting next_dagrun for example_sla_dag to 2024-04-16 00:28:00+00:00, run_after=2024-04-16 00:30:00+00:00
[2024-04-16T00:30:29.045+0000] {processor.py:183} INFO - Processing /home/airflow/.local/lib/python3.12/site-packages/airflow/example_dags/example_sla_dag.py took 0.144 seconds
[2024-04-16T00:30:59.734+0000] {processor.py:161} INFO - Started process (PID=247) to work on /home/airflow/.local/lib/python3.12/site-packages/airflow/example_dags/example_sla_dag.py
[2024-04-16T00:30:59.737+0000] {processor.py:830} INFO - Processing file /home/airflow/.local/lib/python3.12/site-packages/airflow/example_dags/example_sla_dag.py for tasks to queue
[2024-04-16T00:30:59.742+0000] {logging_mixin.py:188} INFO - [2024-04-16T00:30:59.741+0000] {dagbag.py:540} INFO - Filling up the DagBag from /home/airflow/.local/lib/python3.12/site-packages/airflow/example_dags/example_sla_dag.py
[2024-04-16T00:30:59.755+0000] {processor.py:840} INFO - DAG(s) 'example_sla_dag' retrieved from /home/airflow/.local/lib/python3.12/site-packages/airflow/example_dags/example_sla_dag.py
[2024-04-16T00:30:59.788+0000] {logging_mixin.py:188} INFO - [2024-04-16T00:30:59.788+0000] {dag.py:3096} INFO - Sync 1 DAGs
[2024-04-16T00:30:59.828+0000] {logging_mixin.py:188} INFO - [2024-04-16T00:30:59.827+0000] {dag.py:3954} INFO - Setting next_dagrun for example_sla_dag to 2024-04-16 00:28:00+00:00, run_after=2024-04-16 00:30:00+00:00
[2024-04-16T00:30:59.861+0000] {processor.py:183} INFO - Processing /home/airflow/.local/lib/python3.12/site-packages/airflow/example_dags/example_sla_dag.py took 0.145 seconds
[2024-04-16T00:31:30.218+0000] {processor.py:161} INFO - Started process (PID=305) to work on /home/airflow/.local/lib/python3.12/site-packages/airflow/example_dags/example_sla_dag.py
[2024-04-16T00:31:30.220+0000] {processor.py:830} INFO - Processing file /home/airflow/.local/lib/python3.12/site-packages/airflow/example_dags/example_sla_dag.py for tasks to queue
[2024-04-16T00:31:30.223+0000] {logging_mixin.py:188} INFO - [2024-04-16T00:31:30.222+0000] {dagbag.py:540} INFO - Filling up the DagBag from /home/airflow/.local/lib/python3.12/site-packages/airflow/example_dags/example_sla_dag.py
[2024-04-16T00:31:30.236+0000] {processor.py:840} INFO - DAG(s) 'example_sla_dag' retrieved from /home/airflow/.local/lib/python3.12/site-packages/airflow/example_dags/example_sla_dag.py
[2024-04-16T00:31:30.263+0000] {logging_mixin.py:188} INFO - [2024-04-16T00:31:30.263+0000] {dag.py:3096} INFO - Sync 1 DAGs
[2024-04-16T00:31:30.299+0000] {logging_mixin.py:188} INFO - [2024-04-16T00:31:30.299+0000] {dag.py:3954} INFO - Setting next_dagrun for example_sla_dag to 2024-04-16 00:28:00+00:00, run_after=2024-04-16 00:30:00+00:00
[2024-04-16T00:31:30.327+0000] {processor.py:183} INFO - Processing /home/airflow/.local/lib/python3.12/site-packages/airflow/example_dags/example_sla_dag.py took 0.118 seconds
[2024-04-16T00:32:01.448+0000] {processor.py:161} INFO - Started process (PID=364) to work on /home/airflow/.local/lib/python3.12/site-packages/airflow/example_dags/example_sla_dag.py
[2024-04-16T00:32:01.449+0000] {processor.py:830} INFO - Processing file /home/airflow/.local/lib/python3.12/site-packages/airflow/example_dags/example_sla_dag.py for tasks to queue
[2024-04-16T00:32:01.452+0000] {logging_mixin.py:188} INFO - [2024-04-16T00:32:01.452+0000] {dagbag.py:540} INFO - Filling up the DagBag from /home/airflow/.local/lib/python3.12/site-packages/airflow/example_dags/example_sla_dag.py
[2024-04-16T00:32:01.478+0000] {processor.py:840} INFO - DAG(s) 'example_sla_dag' retrieved from /home/airflow/.local/lib/python3.12/site-packages/airflow/example_dags/example_sla_dag.py
[2024-04-16T00:32:01.519+0000] {logging_mixin.py:188} INFO - [2024-04-16T00:32:01.519+0000] {dag.py:3096} INFO - Sync 1 DAGs
[2024-04-16T00:32:01.556+0000] {logging_mixin.py:188} INFO - [2024-04-16T00:32:01.556+0000] {dag.py:3954} INFO - Setting next_dagrun for example_sla_dag to 2024-04-16 00:30:00+00:00, run_after=2024-04-16 00:32:00+00:00
[2024-04-16T00:32:01.582+0000] {processor.py:183} INFO - Processing /home/airflow/.local/lib/python3.12/site-packages/airflow/example_dags/example_sla_dag.py took 0.143 seconds
[2024-04-16T00:32:31.882+0000] {processor.py:161} INFO - Started process (PID=422) to work on /home/airflow/.local/lib/python3.12/site-packages/airflow/example_dags/example_sla_dag.py
[2024-04-16T00:32:31.884+0000] {processor.py:830} INFO - Processing file /home/airflow/.local/lib/python3.12/site-packages/airflow/example_dags/example_sla_dag.py for tasks to queue
[2024-04-16T00:32:31.887+0000] {logging_mixin.py:188} INFO - [2024-04-16T00:32:31.887+0000] {dagbag.py:540} INFO - Filling up the DagBag from /home/airflow/.local/lib/python3.12/site-packages/airflow/example_dags/example_sla_dag.py
[2024-04-16T00:32:31.900+0000] {processor.py:840} INFO - DAG(s) 'example_sla_dag' retrieved from /home/airflow/.local/lib/python3.12/site-packages/airflow/example_dags/example_sla_dag.py
[2024-04-16T00:32:31.940+0000] {logging_mixin.py:188} INFO - [2024-04-16T00:32:31.939+0000] {dag.py:3096} INFO - Sync 1 DAGs
[2024-04-16T00:32:31.980+0000] {logging_mixin.py:188} INFO - [2024-04-16T00:32:31.980+0000] {dag.py:3954} INFO - Setting next_dagrun for example_sla_dag to 2024-04-16 00:30:00+00:00, run_after=2024-04-16 00:32:00+00:00
[2024-04-16T00:32:32.015+0000] {processor.py:183} INFO - Processing /home/airflow/.local/lib/python3.12/site-packages/airflow/example_dags/example_sla_dag.py took 0.143 seconds
[2024-04-16T00:33:02.235+0000] {processor.py:161} INFO - Started process (PID=480) to work on /home/airflow/.local/lib/python3.12/site-packages/airflow/example_dags/example_sla_dag.py
[2024-04-16T00:33:02.237+0000] {processor.py:830} INFO - Processing file /home/airflow/.local/lib/python3.12/site-packages/airflow/example_dags/example_sla_dag.py for tasks to queue
[2024-04-16T00:33:02.240+0000] {logging_mixin.py:188} INFO - [2024-04-16T00:33:02.240+0000] {dagbag.py:540} INFO - Filling up the DagBag from /home/airflow/.local/lib/python3.12/site-packages/airflow/example_dags/example_sla_dag.py
[2024-04-16T00:33:02.253+0000] {processor.py:840} INFO - DAG(s) 'example_sla_dag' retrieved from /home/airflow/.local/lib/python3.12/site-packages/airflow/example_dags/example_sla_dag.py
[2024-04-16T00:33:02.287+0000] {logging_mixin.py:188} INFO - [2024-04-16T00:33:02.286+0000] {dag.py:3096} INFO - Sync 1 DAGs
[2024-04-16T00:33:02.323+0000] {logging_mixin.py:188} INFO - [2024-04-16T00:33:02.323+0000] {dag.py:3954} INFO - Setting next_dagrun for example_sla_dag to 2024-04-16 00:30:00+00:00, run_after=2024-04-16 00:32:00+00:00
[2024-04-16T00:33:02.355+0000] {processor.py:183} INFO - Processing /home/airflow/.local/lib/python3.12/site-packages/airflow/example_dags/example_sla_dag.py took 0.128 seconds
[2024-04-16T00:33:32.572+0000] {processor.py:161} INFO - Started process (PID=537) to work on /home/airflow/.local/lib/python3.12/site-packages/airflow/example_dags/example_sla_dag.py
[2024-04-16T00:33:32.575+0000] {processor.py:830} INFO - Processing file /home/airflow/.local/lib/python3.12/site-packages/airflow/example_dags/example_sla_dag.py for tasks to queue
[2024-04-16T00:33:32.581+0000] {logging_mixin.py:188} INFO - [2024-04-16T00:33:32.580+0000] {dagbag.py:540} INFO - Filling up the DagBag from /home/airflow/.local/lib/python3.12/site-packages/airflow/example_dags/example_sla_dag.py
[2024-04-16T00:33:32.596+0000] {processor.py:840} INFO - DAG(s) 'example_sla_dag' retrieved from /home/airflow/.local/lib/python3.12/site-packages/airflow/example_dags/example_sla_dag.py
[2024-04-16T00:33:32.636+0000] {logging_mixin.py:188} INFO - [2024-04-16T00:33:32.636+0000] {dag.py:3096} INFO - Sync 1 DAGs
[2024-04-16T00:33:32.676+0000] {logging_mixin.py:188} INFO - [2024-04-16T00:33:32.676+0000] {dag.py:3954} INFO - Setting next_dagrun for example_sla_dag to 2024-04-16 00:30:00+00:00, run_after=2024-04-16 00:32:00+00:00
[2024-04-16T00:33:32.706+0000] {processor.py:183} INFO - Processing /home/airflow/.local/lib/python3.12/site-packages/airflow/example_dags/example_sla_dag.py took 0.144 seconds
[2024-04-16T00:34:02.843+0000] {processor.py:161} INFO - Started process (PID=595) to work on /home/airflow/.local/lib/python3.12/site-packages/airflow/example_dags/example_sla_dag.py
[2024-04-16T00:34:02.845+0000] {processor.py:830} INFO - Processing file /home/airflow/.local/lib/python3.12/site-packages/airflow/example_dags/example_sla_dag.py for tasks to queue
[2024-04-16T00:34:02.851+0000] {logging_mixin.py:188} INFO - [2024-04-16T00:34:02.850+0000] {dagbag.py:540} INFO - Filling up the DagBag from /home/airflow/.local/lib/python3.12/site-packages/airflow/example_dags/example_sla_dag.py
[2024-04-16T00:34:02.868+0000] {processor.py:840} INFO - DAG(s) 'example_sla_dag' retrieved from /home/airflow/.local/lib/python3.12/site-packages/airflow/example_dags/example_sla_dag.py
[2024-04-16T00:34:02.909+0000] {logging_mixin.py:188} INFO - [2024-04-16T00:34:02.909+0000] {dag.py:3096} INFO - Sync 1 DAGs
[2024-04-16T00:34:02.955+0000] {logging_mixin.py:188} INFO - [2024-04-16T00:34:02.955+0000] {dag.py:3954} INFO - Setting next_dagrun for example_sla_dag to 2024-04-16 00:32:00+00:00, run_after=2024-04-16 00:34:00+00:00
[2024-04-16T00:34:02.989+0000] {processor.py:183} INFO - Processing /home/airflow/.local/lib/python3.12/site-packages/airflow/example_dags/example_sla_dag.py took 0.156 seconds
[2024-04-16T00:34:33.105+0000] {processor.py:161} INFO - Started process (PID=653) to work on /home/airflow/.local/lib/python3.12/site-packages/airflow/example_dags/example_sla_dag.py
[2024-04-16T00:34:33.106+0000] {processor.py:830} INFO - Processing file /home/airflow/.local/lib/python3.12/site-packages/airflow/example_dags/example_sla_dag.py for tasks to queue
[2024-04-16T00:34:33.109+0000] {logging_mixin.py:188} INFO - [2024-04-16T00:34:33.108+0000] {dagbag.py:540} INFO - Filling up the DagBag from /home/airflow/.local/lib/python3.12/site-packages/airflow/example_dags/example_sla_dag.py
[2024-04-16T00:34:33.122+0000] {processor.py:840} INFO - DAG(s) 'example_sla_dag' retrieved from /home/airflow/.local/lib/python3.12/site-packages/airflow/example_dags/example_sla_dag.py
[2024-04-16T00:34:33.155+0000] {logging_mixin.py:188} INFO - [2024-04-16T00:34:33.155+0000] {dag.py:3096} INFO - Sync 1 DAGs
[2024-04-16T00:34:33.213+0000] {logging_mixin.py:188} INFO - [2024-04-16T00:34:33.211+0000] {dag.py:3954} INFO - Setting next_dagrun for example_sla_dag to 2024-04-16 00:32:00+00:00, run_after=2024-04-16 00:34:00+00:00
[2024-04-16T00:34:33.243+0000] {processor.py:183} INFO - Processing /home/airflow/.local/lib/python3.12/site-packages/airflow/example_dags/example_sla_dag.py took 0.147 seconds
[2024-04-16T00:35:03.701+0000] {processor.py:161} INFO - Started process (PID=711) to work on /home/airflow/.local/lib/python3.12/site-packages/airflow/example_dags/example_sla_dag.py
[2024-04-16T00:35:03.703+0000] {processor.py:830} INFO - Processing file /home/airflow/.local/lib/python3.12/site-packages/airflow/example_dags/example_sla_dag.py for tasks to queue
[2024-04-16T00:35:03.706+0000] {logging_mixin.py:188} INFO - [2024-04-16T00:35:03.705+0000] {dagbag.py:540} INFO - Filling up the DagBag from /home/airflow/.local/lib/python3.12/site-packages/airflow/example_dags/example_sla_dag.py
[2024-04-16T00:35:03.719+0000] {processor.py:840} INFO - DAG(s) 'example_sla_dag' retrieved from /home/airflow/.local/lib/python3.12/site-packages/airflow/example_dags/example_sla_dag.py
[2024-04-16T00:35:03.749+0000] {logging_mixin.py:188} INFO - [2024-04-16T00:35:03.749+0000] {dag.py:3096} INFO - Sync 1 DAGs
[2024-04-16T00:35:03.792+0000] {logging_mixin.py:188} INFO - [2024-04-16T00:35:03.792+0000] {dag.py:3954} INFO - Setting next_dagrun for example_sla_dag to 2024-04-16 00:32:00+00:00, run_after=2024-04-16 00:34:00+00:00
[2024-04-16T00:35:03.825+0000] {processor.py:183} INFO - Processing /home/airflow/.local/lib/python3.12/site-packages/airflow/example_dags/example_sla_dag.py took 0.133 seconds
