[2024-04-18T03:13:30.805+0000] {local_task_job_runner.py:120} INFO - ::group::Pre task execution logs
[2024-04-18T03:13:30.834+0000] {taskinstance.py:2073} INFO - Dependencies all met for dep_context=non-requeueable deps ti=<TaskInstance: dagAggregation.transform scheduled__2024-04-18T00:30:00+00:00 [queued]>
[2024-04-18T03:13:30.844+0000] {taskinstance.py:2073} INFO - Dependencies all met for dep_context=requeueable deps ti=<TaskInstance: dagAggregation.transform scheduled__2024-04-18T00:30:00+00:00 [queued]>
[2024-04-18T03:13:30.845+0000] {taskinstance.py:2303} INFO - Starting attempt 4 of 4
[2024-04-18T03:13:30.865+0000] {taskinstance.py:2327} INFO - Executing <Task(PythonOperator): transform> on 2024-04-18 00:30:00+00:00
[2024-04-18T03:13:30.873+0000] {warnings.py:110} WARNING - /home/***/.local/lib/python3.12/site-packages/***/task/task_runner/standard_task_runner.py:61: DeprecationWarning: This process (pid=5419) is multi-threaded, use of fork() may lead to deadlocks in the child.
  pid = os.fork()

[2024-04-18T03:13:30.875+0000] {standard_task_runner.py:63} INFO - Started process 5421 to run task
[2024-04-18T03:13:30.878+0000] {standard_task_runner.py:90} INFO - Running: ['***', 'tasks', 'run', 'dagAggregation', 'transform', 'scheduled__2024-04-18T00:30:00+00:00', '--job-id', '281', '--raw', '--subdir', 'DAGS_FOLDER/AggData.py', '--cfg-path', '/tmp/tmp5pcaqce0']
[2024-04-18T03:13:30.881+0000] {standard_task_runner.py:91} INFO - Job 281: Subtask transform
[2024-04-18T03:13:30.948+0000] {task_command.py:426} INFO - Running <TaskInstance: dagAggregation.transform scheduled__2024-04-18T00:30:00+00:00 [running]> on host 0761b779d565
[2024-04-18T03:13:31.070+0000] {taskinstance.py:2644} INFO - Exporting env vars: AIRFLOW_CTX_DAG_OWNER='***' AIRFLOW_CTX_DAG_ID='dagAggregation' AIRFLOW_CTX_TASK_ID='transform' AIRFLOW_CTX_EXECUTION_DATE='2024-04-18T00:30:00+00:00' AIRFLOW_CTX_TRY_NUMBER='4' AIRFLOW_CTX_DAG_RUN_ID='scheduled__2024-04-18T00:30:00+00:00'
[2024-04-18T03:13:31.072+0000] {taskinstance.py:430} INFO - ::endgroup::
[2024-04-18T03:13:31.164+0000] {logging_mixin.py:188} INFO -   brewery_type  count
4        micro     60
0      brewpub     18
3        large     14
1       closed      4
2     contract      2
5   proprietor      2
[2024-04-18T03:13:31.164+0000] {python.py:237} INFO - Done. Returned value was: None
[2024-04-18T03:13:31.165+0000] {taskinstance.py:441} INFO - ::group::Post task execution logs
[2024-04-18T03:13:31.176+0000] {taskinstance.py:1205} INFO - Marking task as SUCCESS. dag_id=dagAggregation, task_id=transform, execution_date=20240418T003000, start_date=20240418T031330, end_date=20240418T031331
[2024-04-18T03:13:31.210+0000] {local_task_job_runner.py:240} INFO - Task exited with return code 0
[2024-04-18T03:13:31.252+0000] {taskinstance.py:3482} INFO - 0 downstream tasks scheduled from follow-on schedule check
[2024-04-18T03:13:31.257+0000] {local_task_job_runner.py:222} INFO - ::endgroup::
