[2024-04-18T03:50:54.842+0000] {local_task_job_runner.py:120} INFO - ::group::Pre task execution logs
[2024-04-18T03:50:54.872+0000] {taskinstance.py:2073} INFO - Dependencies all met for dep_context=non-requeueable deps ti=<TaskInstance: dagAggregation.vwCountry scheduled__2024-04-18T01:30:00+00:00 [queued]>
[2024-04-18T03:50:54.882+0000] {taskinstance.py:2073} INFO - Dependencies all met for dep_context=requeueable deps ti=<TaskInstance: dagAggregation.vwCountry scheduled__2024-04-18T01:30:00+00:00 [queued]>
[2024-04-18T03:50:54.883+0000] {taskinstance.py:2303} INFO - Starting attempt 9 of 9
[2024-04-18T03:50:54.901+0000] {taskinstance.py:2327} INFO - Executing <Task(PythonOperator): vwCountry> on 2024-04-18 01:30:00+00:00
[2024-04-18T03:50:54.910+0000] {warnings.py:110} WARNING - /home/***/.local/lib/python3.12/site-packages/***/task/task_runner/standard_task_runner.py:61: DeprecationWarning: This process (pid=6632) is multi-threaded, use of fork() may lead to deadlocks in the child.
  pid = os.fork()

[2024-04-18T03:50:54.912+0000] {standard_task_runner.py:63} INFO - Started process 6634 to run task
[2024-04-18T03:50:54.912+0000] {standard_task_runner.py:90} INFO - Running: ['***', 'tasks', 'run', 'dagAggregation', 'vwCountry', 'scheduled__2024-04-18T01:30:00+00:00', '--job-id', '324', '--raw', '--subdir', 'DAGS_FOLDER/AggData.py', '--cfg-path', '/tmp/tmpap48t__v']
[2024-04-18T03:50:54.914+0000] {standard_task_runner.py:91} INFO - Job 324: Subtask vwCountry
[2024-04-18T03:50:55.164+0000] {task_command.py:426} INFO - Running <TaskInstance: dagAggregation.vwCountry scheduled__2024-04-18T01:30:00+00:00 [running]> on host 0761b779d565
[2024-04-18T03:50:55.301+0000] {taskinstance.py:2644} INFO - Exporting env vars: AIRFLOW_CTX_DAG_OWNER='***' AIRFLOW_CTX_DAG_ID='dagAggregation' AIRFLOW_CTX_TASK_ID='vwCountry' AIRFLOW_CTX_EXECUTION_DATE='2024-04-18T01:30:00+00:00' AIRFLOW_CTX_TRY_NUMBER='9' AIRFLOW_CTX_DAG_RUN_ID='scheduled__2024-04-18T01:30:00+00:00'
[2024-04-18T03:50:55.303+0000] {taskinstance.py:430} INFO - ::endgroup::
[2024-04-18T03:50:55.420+0000] {warnings.py:110} WARNING - /opt/***/dags/AggData.py:44: FutureWarning: The default of observed=False is deprecated and will be changed to True in a future version of pandas. Pass observed=False to retain current behavior or observed=True to adopt the future default and silence this warning.
  vw_location = df.groupby(['country', 'state', 'city'])['id'].count().reset_index()

[2024-04-18T03:50:55.455+0000] {logging_mixin.py:188} INFO -             country     state       city  number dt_process
2149  United_States    Oregon       Bend       6   20240418
2151  United_States    Oregon   Portland       4   20240418
1389  United_States  Colorado     Denver       4   20240418
1484  United_States     Idaho      Boise       2   20240418
1768  United_States  Michigan    Jackson       2   20240418
...             ...       ...        ...     ...        ...
859         Ireland  Oklahoma      Mason       0   20240418
860         Ireland  Oklahoma     Norman       0   20240418
861         Ireland  Oklahoma       Bend       0   20240418
862         Ireland  Oklahoma   John Day       0   20240418
1242  United_States     Laois  Killeshin       0   20240418

[2484 rows x 5 columns]
[2024-04-18T03:50:55.511+0000] {python.py:237} INFO - Done. Returned value was: None
[2024-04-18T03:50:55.512+0000] {taskinstance.py:441} INFO - ::group::Post task execution logs
[2024-04-18T03:50:55.530+0000] {taskinstance.py:1205} INFO - Marking task as SUCCESS. dag_id=dagAggregation, task_id=vwCountry, execution_date=20240418T013000, start_date=20240418T035054, end_date=20240418T035055
[2024-04-18T03:50:55.569+0000] {local_task_job_runner.py:240} INFO - Task exited with return code 0
[2024-04-18T03:50:55.603+0000] {taskinstance.py:3482} INFO - 0 downstream tasks scheduled from follow-on schedule check
[2024-04-18T03:50:55.609+0000] {local_task_job_runner.py:222} INFO - ::endgroup::
