[2024-04-18T16:25:14.111+0000] {local_task_job_runner.py:120} INFO - ::group::Pre task execution logs
[2024-04-18T16:25:14.137+0000] {taskinstance.py:2073} INFO - Dependencies all met for dep_context=non-requeueable deps ti=<TaskInstance: dagExtract.persistData manual__2024-04-18T16:25:05.290095+00:00 [queued]>
[2024-04-18T16:25:14.146+0000] {taskinstance.py:2073} INFO - Dependencies all met for dep_context=requeueable deps ti=<TaskInstance: dagExtract.persistData manual__2024-04-18T16:25:05.290095+00:00 [queued]>
[2024-04-18T16:25:14.146+0000] {taskinstance.py:2303} INFO - Starting attempt 1 of 1
[2024-04-18T16:25:14.165+0000] {taskinstance.py:2327} INFO - Executing <Task(PythonOperator): persistData> on 2024-04-18 16:25:05.290095+00:00
[2024-04-18T16:25:14.172+0000] {warnings.py:110} WARNING - /home/***/.local/lib/python3.12/site-packages/***/task/task_runner/standard_task_runner.py:61: DeprecationWarning: This process (pid=411) is multi-threaded, use of fork() may lead to deadlocks in the child.
  pid = os.fork()

[2024-04-18T16:25:14.174+0000] {standard_task_runner.py:63} INFO - Started process 413 to run task
[2024-04-18T16:25:14.178+0000] {standard_task_runner.py:90} INFO - Running: ['***', 'tasks', 'run', 'dagExtract', 'persistData', 'manual__2024-04-18T16:25:05.290095+00:00', '--job-id', '386', '--raw', '--subdir', 'DAGS_FOLDER/ExtractApi.py', '--cfg-path', '/tmp/tmpq99dbjcs']
[2024-04-18T16:25:14.181+0000] {standard_task_runner.py:91} INFO - Job 386: Subtask persistData
[2024-04-18T16:25:14.239+0000] {task_command.py:426} INFO - Running <TaskInstance: dagExtract.persistData manual__2024-04-18T16:25:05.290095+00:00 [running]> on host 1a64d95cdf4a
[2024-04-18T16:25:14.382+0000] {taskinstance.py:2644} INFO - Exporting env vars: AIRFLOW_CTX_DAG_OWNER='***' AIRFLOW_CTX_DAG_ID='dagExtract' AIRFLOW_CTX_TASK_ID='persistData' AIRFLOW_CTX_EXECUTION_DATE='2024-04-18T16:25:05.290095+00:00' AIRFLOW_CTX_TRY_NUMBER='1' AIRFLOW_CTX_DAG_RUN_ID='manual__2024-04-18T16:25:05.290095+00:00'
[2024-04-18T16:25:14.384+0000] {taskinstance.py:430} INFO - ::endgroup::
[2024-04-18T16:25:14.531+0000] {logging_mixin.py:188} INFO - Persisting Brewery... 
 Path: datalake/bronze/20240418.json
[2024-04-18T16:25:14.539+0000] {python.py:237} INFO - Done. Returned value was: None
[2024-04-18T16:25:14.539+0000] {taskinstance.py:441} INFO - ::group::Post task execution logs
[2024-04-18T16:25:14.551+0000] {taskinstance.py:1205} INFO - Marking task as SUCCESS. dag_id=dagExtract, task_id=persistData, execution_date=20240418T162505, start_date=20240418T162514, end_date=20240418T162514
[2024-04-18T16:25:14.589+0000] {local_task_job_runner.py:240} INFO - Task exited with return code 0
[2024-04-18T16:25:14.618+0000] {taskinstance.py:3482} INFO - 1 downstream tasks scheduled from follow-on schedule check
[2024-04-18T16:25:14.623+0000] {local_task_job_runner.py:222} INFO - ::endgroup::
