[2024-04-17T04:25:18.659+0000] {local_task_job_runner.py:120} INFO - ::group::Pre task execution logs
[2024-04-17T04:25:18.698+0000] {taskinstance.py:2073} INFO - Dependencies all met for dep_context=non-requeueable deps ti=<TaskInstance: dagExtract.persistData scheduled__2024-04-17T02:30:00+00:00 [queued]>
[2024-04-17T04:25:18.712+0000] {taskinstance.py:2073} INFO - Dependencies all met for dep_context=requeueable deps ti=<TaskInstance: dagExtract.persistData scheduled__2024-04-17T02:30:00+00:00 [queued]>
[2024-04-17T04:25:18.713+0000] {taskinstance.py:2303} INFO - Starting attempt 1 of 1
[2024-04-17T04:25:18.737+0000] {taskinstance.py:2327} INFO - Executing <Task(PythonOperator): persistData> on 2024-04-17 02:30:00+00:00
[2024-04-17T04:25:18.746+0000] {warnings.py:110} WARNING - /home/***/.local/lib/python3.12/site-packages/***/task/task_runner/standard_task_runner.py:61: DeprecationWarning: This process (pid=306) is multi-threaded, use of fork() may lead to deadlocks in the child.
  pid = os.fork()

[2024-04-17T04:25:18.748+0000] {standard_task_runner.py:63} INFO - Started process 315 to run task
[2024-04-17T04:25:18.752+0000] {standard_task_runner.py:90} INFO - Running: ['***', 'tasks', 'run', 'dagExtract', 'persistData', 'scheduled__2024-04-17T02:30:00+00:00', '--job-id', '99', '--raw', '--subdir', 'DAGS_FOLDER/FirstDag.py', '--cfg-path', '/tmp/tmpkzfp_gj3']
[2024-04-17T04:25:18.754+0000] {standard_task_runner.py:91} INFO - Job 99: Subtask persistData
[2024-04-17T04:25:18.820+0000] {task_command.py:426} INFO - Running <TaskInstance: dagExtract.persistData scheduled__2024-04-17T02:30:00+00:00 [running]> on host 960ed0fb8e64
[2024-04-17T04:25:18.949+0000] {taskinstance.py:2644} INFO - Exporting env vars: AIRFLOW_CTX_DAG_OWNER='***' AIRFLOW_CTX_DAG_ID='dagExtract' AIRFLOW_CTX_TASK_ID='persistData' AIRFLOW_CTX_EXECUTION_DATE='2024-04-17T02:30:00+00:00' AIRFLOW_CTX_TRY_NUMBER='1' AIRFLOW_CTX_DAG_RUN_ID='scheduled__2024-04-17T02:30:00+00:00'
[2024-04-17T04:25:18.951+0000] {taskinstance.py:430} INFO - ::endgroup::
[2024-04-17T04:25:19.019+0000] {logging_mixin.py:188} INFO - Persisting Brewery... 
 Path: datalake/bronze/20240417brewery.json
[2024-04-17T04:25:19.029+0000] {python.py:237} INFO - Done. Returned value was: None
[2024-04-17T04:25:19.030+0000] {taskinstance.py:441} INFO - ::group::Post task execution logs
[2024-04-17T04:25:19.045+0000] {taskinstance.py:1205} INFO - Marking task as SUCCESS. dag_id=dagExtract, task_id=persistData, execution_date=20240417T023000, start_date=20240417T042518, end_date=20240417T042519
[2024-04-17T04:25:19.124+0000] {local_task_job_runner.py:240} INFO - Task exited with return code 0
[2024-04-17T04:25:19.146+0000] {taskinstance.py:3482} INFO - 0 downstream tasks scheduled from follow-on schedule check
[2024-04-17T04:25:19.153+0000] {local_task_job_runner.py:222} INFO - ::endgroup::
