[2024-04-18T03:15:03.506+0000] {local_task_job_runner.py:120} INFO - ::group::Pre task execution logs
[2024-04-18T03:15:03.539+0000] {taskinstance.py:2073} INFO - Dependencies all met for dep_context=non-requeueable deps ti=<TaskInstance: dagAggregation.vwType scheduled__2024-04-18T00:30:00+00:00 [queued]>
[2024-04-18T03:15:03.549+0000] {taskinstance.py:2073} INFO - Dependencies all met for dep_context=requeueable deps ti=<TaskInstance: dagAggregation.vwType scheduled__2024-04-18T00:30:00+00:00 [queued]>
[2024-04-18T03:15:03.550+0000] {taskinstance.py:2303} INFO - Starting attempt 1 of 1
[2024-04-18T03:15:03.571+0000] {taskinstance.py:2327} INFO - Executing <Task(PythonOperator): vwType> on 2024-04-18 00:30:00+00:00
[2024-04-18T03:15:03.578+0000] {warnings.py:110} WARNING - /home/***/.local/lib/python3.12/site-packages/***/task/task_runner/standard_task_runner.py:61: DeprecationWarning: This process (pid=5508) is multi-threaded, use of fork() may lead to deadlocks in the child.
  pid = os.fork()

[2024-04-18T03:15:03.580+0000] {standard_task_runner.py:63} INFO - Started process 5510 to run task
[2024-04-18T03:15:03.584+0000] {standard_task_runner.py:90} INFO - Running: ['***', 'tasks', 'run', 'dagAggregation', 'vwType', 'scheduled__2024-04-18T00:30:00+00:00', '--job-id', '285', '--raw', '--subdir', 'DAGS_FOLDER/AggData.py', '--cfg-path', '/tmp/tmpv98bj05s']
[2024-04-18T03:15:03.587+0000] {standard_task_runner.py:91} INFO - Job 285: Subtask vwType
[2024-04-18T03:15:03.669+0000] {task_command.py:426} INFO - Running <TaskInstance: dagAggregation.vwType scheduled__2024-04-18T00:30:00+00:00 [running]> on host 0761b779d565
[2024-04-18T03:15:03.786+0000] {taskinstance.py:2644} INFO - Exporting env vars: AIRFLOW_CTX_DAG_OWNER='***' AIRFLOW_CTX_DAG_ID='dagAggregation' AIRFLOW_CTX_TASK_ID='vwType' AIRFLOW_CTX_EXECUTION_DATE='2024-04-18T00:30:00+00:00' AIRFLOW_CTX_TRY_NUMBER='1' AIRFLOW_CTX_DAG_RUN_ID='scheduled__2024-04-18T00:30:00+00:00'
[2024-04-18T03:15:03.788+0000] {taskinstance.py:430} INFO - ::endgroup::
[2024-04-18T03:15:03.900+0000] {logging_mixin.py:188} INFO -   brewery_type  number
4        micro      60
0      brewpub      18
3        large      14
1       closed       4
2     contract       2
5   proprietor       2
[2024-04-18T03:15:03.901+0000] {python.py:237} INFO - Done. Returned value was: None
[2024-04-18T03:15:03.901+0000] {taskinstance.py:441} INFO - ::group::Post task execution logs
[2024-04-18T03:15:03.917+0000] {taskinstance.py:1205} INFO - Marking task as SUCCESS. dag_id=dagAggregation, task_id=vwType, execution_date=20240418T003000, start_date=20240418T031503, end_date=20240418T031503
[2024-04-18T03:15:03.956+0000] {local_task_job_runner.py:240} INFO - Task exited with return code 0
[2024-04-18T03:15:03.988+0000] {taskinstance.py:3482} INFO - 1 downstream tasks scheduled from follow-on schedule check
[2024-04-18T03:15:03.993+0000] {local_task_job_runner.py:222} INFO - ::endgroup::
