[2024-04-18T02:30:08.574+0000] {local_task_job_runner.py:120} INFO - ::group::Pre task execution logs
[2024-04-18T02:30:08.605+0000] {taskinstance.py:2073} INFO - Dependencies all met for dep_context=non-requeueable deps ti=<TaskInstance: dagExtract.persistData scheduled__2024-04-18T01:30:00+00:00 [queued]>
[2024-04-18T02:30:08.616+0000] {taskinstance.py:2073} INFO - Dependencies all met for dep_context=requeueable deps ti=<TaskInstance: dagExtract.persistData scheduled__2024-04-18T01:30:00+00:00 [queued]>
[2024-04-18T02:30:08.617+0000] {taskinstance.py:2303} INFO - Starting attempt 1 of 1
[2024-04-18T02:30:08.635+0000] {taskinstance.py:2327} INFO - Executing <Task(PythonOperator): persistData> on 2024-04-18 01:30:00+00:00
[2024-04-18T02:30:08.643+0000] {warnings.py:110} WARNING - /home/***/.local/lib/python3.12/site-packages/***/task/task_runner/standard_task_runner.py:61: DeprecationWarning: This process (pid=4758) is multi-threaded, use of fork() may lead to deadlocks in the child.
  pid = os.fork()

[2024-04-18T02:30:08.645+0000] {standard_task_runner.py:63} INFO - Started process 4764 to run task
[2024-04-18T02:30:08.645+0000] {standard_task_runner.py:90} INFO - Running: ['***', 'tasks', 'run', 'dagExtract', 'persistData', 'scheduled__2024-04-18T01:30:00+00:00', '--job-id', '273', '--raw', '--subdir', 'DAGS_FOLDER/ExtractApi.py', '--cfg-path', '/tmp/tmpr1ngjcje']
[2024-04-18T02:30:08.646+0000] {standard_task_runner.py:91} INFO - Job 273: Subtask persistData
[2024-04-18T02:30:08.703+0000] {task_command.py:426} INFO - Running <TaskInstance: dagExtract.persistData scheduled__2024-04-18T01:30:00+00:00 [running]> on host 0761b779d565
[2024-04-18T02:30:08.817+0000] {taskinstance.py:2644} INFO - Exporting env vars: AIRFLOW_CTX_DAG_OWNER='***' AIRFLOW_CTX_DAG_ID='dagExtract' AIRFLOW_CTX_TASK_ID='persistData' AIRFLOW_CTX_EXECUTION_DATE='2024-04-18T01:30:00+00:00' AIRFLOW_CTX_TRY_NUMBER='1' AIRFLOW_CTX_DAG_RUN_ID='scheduled__2024-04-18T01:30:00+00:00'
[2024-04-18T02:30:08.819+0000] {taskinstance.py:430} INFO - ::endgroup::
[2024-04-18T02:30:08.883+0000] {logging_mixin.py:188} INFO - Persisting Brewery... 
 Path: datalake/bronze/20240418.json
[2024-04-18T02:30:08.893+0000] {python.py:237} INFO - Done. Returned value was: None
[2024-04-18T02:30:08.894+0000] {taskinstance.py:441} INFO - ::group::Post task execution logs
[2024-04-18T02:30:08.907+0000] {taskinstance.py:1205} INFO - Marking task as SUCCESS. dag_id=dagExtract, task_id=persistData, execution_date=20240418T013000, start_date=20240418T023008, end_date=20240418T023008
[2024-04-18T02:30:08.979+0000] {local_task_job_runner.py:240} INFO - Task exited with return code 0
[2024-04-18T02:30:09.000+0000] {taskinstance.py:3482} INFO - 0 downstream tasks scheduled from follow-on schedule check
[2024-04-18T02:30:09.008+0000] {local_task_job_runner.py:222} INFO - ::endgroup::
