[2024-04-18T05:01:36.809+0000] {local_task_job_runner.py:120} INFO - ::group::Pre task execution logs
[2024-04-18T05:01:36.834+0000] {taskinstance.py:2073} INFO - Dependencies all met for dep_context=non-requeueable deps ti=<TaskInstance: dagPartition.waitExtract manual__2024-04-18T05:01:33.607009+00:00 [queued]>
[2024-04-18T05:01:36.843+0000] {taskinstance.py:2073} INFO - Dependencies all met for dep_context=requeueable deps ti=<TaskInstance: dagPartition.waitExtract manual__2024-04-18T05:01:33.607009+00:00 [queued]>
[2024-04-18T05:01:36.866+0000] {taskinstance.py:2303} INFO - Starting attempt 1 of 1
[2024-04-18T05:01:36.886+0000] {taskinstance.py:2327} INFO - Executing <Task(ExternalTaskSensor): waitExtract> on 2024-04-18 05:01:33.607009+00:00
[2024-04-18T05:01:36.894+0000] {warnings.py:110} WARNING - /home/***/.local/lib/python3.12/site-packages/***/task/task_runner/standard_task_runner.py:61: DeprecationWarning: This process (pid=7700) is multi-threaded, use of fork() may lead to deadlocks in the child.
  pid = os.fork()

[2024-04-18T05:01:36.897+0000] {standard_task_runner.py:63} INFO - Started process 7704 to run task
[2024-04-18T05:01:36.902+0000] {standard_task_runner.py:90} INFO - Running: ['***', 'tasks', 'run', 'dagPartition', 'waitExtract', 'manual__2024-04-18T05:01:33.607009+00:00', '--job-id', '339', '--raw', '--subdir', 'DAGS_FOLDER/PartitionLocation.py', '--cfg-path', '/tmp/tmp2_moheam']
[2024-04-18T05:01:36.904+0000] {standard_task_runner.py:91} INFO - Job 339: Subtask waitExtract
[2024-04-18T05:01:37.052+0000] {task_command.py:426} INFO - Running <TaskInstance: dagPartition.waitExtract manual__2024-04-18T05:01:33.607009+00:00 [running]> on host 0761b779d565
[2024-04-18T05:01:37.206+0000] {taskinstance.py:2644} INFO - Exporting env vars: AIRFLOW_CTX_DAG_OWNER='***' AIRFLOW_CTX_DAG_ID='dagPartition' AIRFLOW_CTX_TASK_ID='waitExtract' AIRFLOW_CTX_EXECUTION_DATE='2024-04-18T05:01:33.607009+00:00' AIRFLOW_CTX_TRY_NUMBER='1' AIRFLOW_CTX_DAG_RUN_ID='manual__2024-04-18T05:01:33.607009+00:00'
[2024-04-18T05:01:37.208+0000] {taskinstance.py:430} INFO - ::endgroup::
[2024-04-18T05:01:37.208+0000] {baseoperator.py:399} WARNING - ExternalTaskSensor.execute cannot be called outside TaskInstance!
[2024-04-18T05:01:37.209+0000] {external_task.py:258} INFO - Poking for tasks ['persistData'] in dag dagExtract on 2024-04-18T05:01:33.607009+00:00 ... 
[2024-04-18T05:01:37.210+0000] {warnings.py:110} WARNING - /home/***/.local/lib/python3.12/site-packages/***/utils/session.py:79: DeprecationWarning: This method is deprecated and will be removed in future.
  return func(*args, session=session, **kwargs)

[2024-04-18T05:02:37.222+0000] {external_task.py:258} INFO - Poking for tasks ['persistData'] in dag dagExtract on 2024-04-18T05:01:33.607009+00:00 ... 
[2024-04-18T05:03:37.240+0000] {external_task.py:258} INFO - Poking for tasks ['persistData'] in dag dagExtract on 2024-04-18T05:01:33.607009+00:00 ... 
[2024-04-18T05:04:37.253+0000] {external_task.py:258} INFO - Poking for tasks ['persistData'] in dag dagExtract on 2024-04-18T05:01:33.607009+00:00 ... 
[2024-04-18T05:05:37.268+0000] {external_task.py:258} INFO - Poking for tasks ['persistData'] in dag dagExtract on 2024-04-18T05:01:33.607009+00:00 ... 
[2024-04-18T05:06:37.290+0000] {external_task.py:258} INFO - Poking for tasks ['persistData'] in dag dagExtract on 2024-04-18T05:01:33.607009+00:00 ... 
[2024-04-18T05:07:37.312+0000] {external_task.py:258} INFO - Poking for tasks ['persistData'] in dag dagExtract on 2024-04-18T05:01:33.607009+00:00 ... 
[2024-04-18T05:08:37.324+0000] {external_task.py:258} INFO - Poking for tasks ['persistData'] in dag dagExtract on 2024-04-18T05:01:33.607009+00:00 ... 
[2024-04-18T05:09:37.337+0000] {external_task.py:258} INFO - Poking for tasks ['persistData'] in dag dagExtract on 2024-04-18T05:01:33.607009+00:00 ... 
[2024-04-18T05:10:37.349+0000] {external_task.py:258} INFO - Poking for tasks ['persistData'] in dag dagExtract on 2024-04-18T05:01:33.607009+00:00 ... 
[2024-04-18T05:11:37.368+0000] {external_task.py:258} INFO - Poking for tasks ['persistData'] in dag dagExtract on 2024-04-18T05:01:33.607009+00:00 ... 
[2024-04-18T05:12:37.391+0000] {external_task.py:258} INFO - Poking for tasks ['persistData'] in dag dagExtract on 2024-04-18T05:01:33.607009+00:00 ... 
[2024-04-18T05:13:37.411+0000] {external_task.py:258} INFO - Poking for tasks ['persistData'] in dag dagExtract on 2024-04-18T05:01:33.607009+00:00 ... 
[2024-04-18T05:14:37.427+0000] {external_task.py:258} INFO - Poking for tasks ['persistData'] in dag dagExtract on 2024-04-18T05:01:33.607009+00:00 ... 
[2024-04-18T05:15:37.444+0000] {external_task.py:258} INFO - Poking for tasks ['persistData'] in dag dagExtract on 2024-04-18T05:01:33.607009+00:00 ... 
[2024-04-18T05:16:37.464+0000] {external_task.py:258} INFO - Poking for tasks ['persistData'] in dag dagExtract on 2024-04-18T05:01:33.607009+00:00 ... 
[2024-04-18T05:17:37.484+0000] {external_task.py:258} INFO - Poking for tasks ['persistData'] in dag dagExtract on 2024-04-18T05:01:33.607009+00:00 ... 
[2024-04-18T05:18:37.504+0000] {external_task.py:258} INFO - Poking for tasks ['persistData'] in dag dagExtract on 2024-04-18T05:01:33.607009+00:00 ... 
[2024-04-18T05:18:55.415+0000] {local_task_job_runner.py:310} WARNING - State of this instance has been externally set to removed. Terminating instance.
[2024-04-18T05:18:55.417+0000] {local_task_job_runner.py:222} INFO - ::endgroup::
[2024-04-18T05:18:55.421+0000] {process_utils.py:132} INFO - Sending 15 to group 7704. PIDs of all processes in the group: [7704]
[2024-04-18T05:18:55.422+0000] {process_utils.py:87} INFO - Sending the signal 15 to group 7704
[2024-04-18T05:18:55.423+0000] {taskinstance.py:2607} ERROR - Received SIGTERM. Terminating subprocesses.
[2024-04-18T05:18:55.424+0000] {taskinstance.py:441} INFO - ::group::Post task execution logs
[2024-04-18T05:18:55.516+0000] {process_utils.py:80} INFO - Process psutil.Process(pid=7704, status='terminated', exitcode=0, started='05:01:35') (7704) terminated with exit code 0
