[2024-04-17T01:30:03.647+0000] {local_task_job_runner.py:120} INFO - ::group::Pre task execution logs
[2024-04-17T01:30:03.683+0000] {taskinstance.py:2073} INFO - Dependencies all met for dep_context=non-requeueable deps ti=<TaskInstance: Tutorial_MALUCO.captura scheduled__2024-04-17T00:30:00+00:00 [queued]>
[2024-04-17T01:30:03.692+0000] {taskinstance.py:2073} INFO - Dependencies all met for dep_context=requeueable deps ti=<TaskInstance: Tutorial_MALUCO.captura scheduled__2024-04-17T00:30:00+00:00 [queued]>
[2024-04-17T01:30:03.731+0000] {taskinstance.py:2303} INFO - Starting attempt 1 of 1
[2024-04-17T01:30:03.769+0000] {taskinstance.py:2327} INFO - Executing <Task(PythonOperator): captura> on 2024-04-17 00:30:00+00:00
[2024-04-17T01:30:03.780+0000] {warnings.py:110} WARNING - /home/***/.local/lib/python3.12/site-packages/***/task/task_runner/standard_task_runner.py:61: DeprecationWarning: This process (pid=968) is multi-threaded, use of fork() may lead to deadlocks in the child.
  pid = os.fork()

[2024-04-17T01:30:03.783+0000] {standard_task_runner.py:63} INFO - Started process 970 to run task
[2024-04-17T01:30:03.786+0000] {standard_task_runner.py:90} INFO - Running: ['***', 'tasks', 'run', 'Tutorial_MALUCO', 'captura', 'scheduled__2024-04-17T00:30:00+00:00', '--job-id', '40', '--raw', '--subdir', 'DAGS_FOLDER/FirstDag.py', '--cfg-path', '/tmp/tmp2dw4a8s0']
[2024-04-17T01:30:03.788+0000] {standard_task_runner.py:91} INFO - Job 40: Subtask captura
[2024-04-17T01:30:03.992+0000] {task_command.py:426} INFO - Running <TaskInstance: Tutorial_MALUCO.captura scheduled__2024-04-17T00:30:00+00:00 [running]> on host 8dbfbc3d620a
[2024-04-17T01:30:04.267+0000] {taskinstance.py:2644} INFO - Exporting env vars: AIRFLOW_CTX_DAG_OWNER='***' AIRFLOW_CTX_DAG_ID='Tutorial_MALUCO' AIRFLOW_CTX_TASK_ID='captura' AIRFLOW_CTX_EXECUTION_DATE='2024-04-17T00:30:00+00:00' AIRFLOW_CTX_TRY_NUMBER='1' AIRFLOW_CTX_DAG_RUN_ID='scheduled__2024-04-17T00:30:00+00:00'
[2024-04-17T01:30:04.269+0000] {taskinstance.py:430} INFO - ::endgroup::
[2024-04-17T01:30:04.706+0000] {logging_mixin.py:188} INFO - Tamanho: 50
[2024-04-17T01:30:04.709+0000] {python.py:237} INFO - Done. Returned value was: 50
[2024-04-17T01:30:04.710+0000] {taskinstance.py:441} INFO - ::group::Post task execution logs
[2024-04-17T01:30:04.821+0000] {taskinstance.py:1205} INFO - Marking task as SUCCESS. dag_id=Tutorial_MALUCO, task_id=captura, execution_date=20240417T003000, start_date=20240417T013003, end_date=20240417T013004
[2024-04-17T01:30:04.882+0000] {local_task_job_runner.py:240} INFO - Task exited with return code 0
[2024-04-17T01:30:04.917+0000] {taskinstance.py:3482} INFO - 1 downstream tasks scheduled from follow-on schedule check
[2024-04-17T01:30:05.014+0000] {local_task_job_runner.py:222} INFO - ::endgroup::
