[2024-04-17T22:30:09.021+0000] {local_task_job_runner.py:120} INFO - ::group::Pre task execution logs
[2024-04-17T22:30:09.056+0000] {taskinstance.py:2073} INFO - Dependencies all met for dep_context=non-requeueable deps ti=<TaskInstance: dagExtract.persistData scheduled__2024-04-17T21:30:00+00:00 [queued]>
[2024-04-17T22:30:09.068+0000] {taskinstance.py:2073} INFO - Dependencies all met for dep_context=requeueable deps ti=<TaskInstance: dagExtract.persistData scheduled__2024-04-17T21:30:00+00:00 [queued]>
[2024-04-17T22:30:09.069+0000] {taskinstance.py:2303} INFO - Starting attempt 1 of 1
[2024-04-17T22:30:09.088+0000] {taskinstance.py:2327} INFO - Executing <Task(PythonOperator): persistData> on 2024-04-17 21:30:00+00:00
[2024-04-17T22:30:09.097+0000] {warnings.py:110} WARNING - /home/***/.local/lib/python3.12/site-packages/***/task/task_runner/standard_task_runner.py:61: DeprecationWarning: This process (pid=258) is multi-threaded, use of fork() may lead to deadlocks in the child.
  pid = os.fork()

[2024-04-17T22:30:09.099+0000] {standard_task_runner.py:63} INFO - Started process 260 to run task
[2024-04-17T22:30:09.100+0000] {standard_task_runner.py:90} INFO - Running: ['***', 'tasks', 'run', 'dagExtract', 'persistData', 'scheduled__2024-04-17T21:30:00+00:00', '--job-id', '117', '--raw', '--subdir', 'DAGS_FOLDER/FirstDag.py', '--cfg-path', '/tmp/tmps54dyaqk']
[2024-04-17T22:30:09.101+0000] {standard_task_runner.py:91} INFO - Job 117: Subtask persistData
[2024-04-17T22:30:09.178+0000] {task_command.py:426} INFO - Running <TaskInstance: dagExtract.persistData scheduled__2024-04-17T21:30:00+00:00 [running]> on host 0761b779d565
[2024-04-17T22:30:09.308+0000] {taskinstance.py:2644} INFO - Exporting env vars: AIRFLOW_CTX_DAG_OWNER='***' AIRFLOW_CTX_DAG_ID='dagExtract' AIRFLOW_CTX_TASK_ID='persistData' AIRFLOW_CTX_EXECUTION_DATE='2024-04-17T21:30:00+00:00' AIRFLOW_CTX_TRY_NUMBER='1' AIRFLOW_CTX_DAG_RUN_ID='scheduled__2024-04-17T21:30:00+00:00'
[2024-04-17T22:30:09.310+0000] {taskinstance.py:430} INFO - ::endgroup::
[2024-04-17T22:30:09.385+0000] {logging_mixin.py:188} INFO - Persisting Brewery... 
 Path: datalake/bronze/20240417.json
[2024-04-17T22:30:09.393+0000] {python.py:237} INFO - Done. Returned value was: None
[2024-04-17T22:30:09.395+0000] {taskinstance.py:441} INFO - ::group::Post task execution logs
[2024-04-17T22:30:09.409+0000] {taskinstance.py:1205} INFO - Marking task as SUCCESS. dag_id=dagExtract, task_id=persistData, execution_date=20240417T213000, start_date=20240417T223009, end_date=20240417T223009
[2024-04-17T22:30:09.435+0000] {local_task_job_runner.py:240} INFO - Task exited with return code 0
[2024-04-17T22:30:09.470+0000] {taskinstance.py:3482} INFO - 0 downstream tasks scheduled from follow-on schedule check
[2024-04-17T22:30:09.475+0000] {local_task_job_runner.py:222} INFO - ::endgroup::
