[2024-04-17T23:30:09.599+0000] {local_task_job_runner.py:120} INFO - ::group::Pre task execution logs
[2024-04-17T23:30:09.628+0000] {taskinstance.py:2073} INFO - Dependencies all met for dep_context=non-requeueable deps ti=<TaskInstance: dagExtract.persistData scheduled__2024-04-17T22:30:00+00:00 [queued]>
[2024-04-17T23:30:09.638+0000] {taskinstance.py:2073} INFO - Dependencies all met for dep_context=requeueable deps ti=<TaskInstance: dagExtract.persistData scheduled__2024-04-17T22:30:00+00:00 [queued]>
[2024-04-17T23:30:09.638+0000] {taskinstance.py:2303} INFO - Starting attempt 1 of 1
[2024-04-17T23:30:09.656+0000] {taskinstance.py:2327} INFO - Executing <Task(PythonOperator): persistData> on 2024-04-17 22:30:00+00:00
[2024-04-17T23:30:09.663+0000] {warnings.py:110} WARNING - /home/***/.local/lib/python3.12/site-packages/***/task/task_runner/standard_task_runner.py:61: DeprecationWarning: This process (pid=1069) is multi-threaded, use of fork() may lead to deadlocks in the child.
  pid = os.fork()

[2024-04-17T23:30:09.665+0000] {standard_task_runner.py:63} INFO - Started process 1079 to run task
[2024-04-17T23:30:09.668+0000] {standard_task_runner.py:90} INFO - Running: ['***', 'tasks', 'run', 'dagExtract', 'persistData', 'scheduled__2024-04-17T22:30:00+00:00', '--job-id', '128', '--raw', '--subdir', 'DAGS_FOLDER/ExtractApi.py', '--cfg-path', '/tmp/tmp6b2gu4jc']
[2024-04-17T23:30:09.670+0000] {standard_task_runner.py:91} INFO - Job 128: Subtask persistData
[2024-04-17T23:30:09.743+0000] {task_command.py:426} INFO - Running <TaskInstance: dagExtract.persistData scheduled__2024-04-17T22:30:00+00:00 [running]> on host 0761b779d565
[2024-04-17T23:30:09.874+0000] {taskinstance.py:2644} INFO - Exporting env vars: AIRFLOW_CTX_DAG_OWNER='***' AIRFLOW_CTX_DAG_ID='dagExtract' AIRFLOW_CTX_TASK_ID='persistData' AIRFLOW_CTX_EXECUTION_DATE='2024-04-17T22:30:00+00:00' AIRFLOW_CTX_TRY_NUMBER='1' AIRFLOW_CTX_DAG_RUN_ID='scheduled__2024-04-17T22:30:00+00:00'
[2024-04-17T23:30:09.876+0000] {taskinstance.py:430} INFO - ::endgroup::
[2024-04-17T23:30:09.961+0000] {logging_mixin.py:188} INFO - Persisting Brewery... 
 Path: datalake/bronze/20240417.json
[2024-04-17T23:30:09.971+0000] {python.py:237} INFO - Done. Returned value was: None
[2024-04-17T23:30:09.972+0000] {taskinstance.py:441} INFO - ::group::Post task execution logs
[2024-04-17T23:30:09.988+0000] {taskinstance.py:1205} INFO - Marking task as SUCCESS. dag_id=dagExtract, task_id=persistData, execution_date=20240417T223000, start_date=20240417T233009, end_date=20240417T233009
[2024-04-17T23:30:10.040+0000] {local_task_job_runner.py:240} INFO - Task exited with return code 0
[2024-04-17T23:30:10.063+0000] {taskinstance.py:3482} INFO - 0 downstream tasks scheduled from follow-on schedule check
[2024-04-17T23:30:10.070+0000] {local_task_job_runner.py:222} INFO - ::endgroup::
