[2024-04-18T16:25:48.459+0000] {local_task_job_runner.py:120} INFO - ::group::Pre task execution logs
[2024-04-18T16:25:48.490+0000] {taskinstance.py:2073} INFO - Dependencies all met for dep_context=non-requeueable deps ti=<TaskInstance: dagAggregations.vwCountry manual__2024-04-18T16:25:39.145228+00:00 [queued]>
[2024-04-18T16:25:48.501+0000] {taskinstance.py:2073} INFO - Dependencies all met for dep_context=requeueable deps ti=<TaskInstance: dagAggregations.vwCountry manual__2024-04-18T16:25:39.145228+00:00 [queued]>
[2024-04-18T16:25:48.503+0000] {taskinstance.py:2303} INFO - Starting attempt 1 of 1
[2024-04-18T16:25:48.523+0000] {taskinstance.py:2327} INFO - Executing <Task(PythonOperator): vwCountry> on 2024-04-18 16:25:39.145228+00:00
[2024-04-18T16:25:48.531+0000] {warnings.py:110} WARNING - /home/***/.local/lib/python3.12/site-packages/***/task/task_runner/standard_task_runner.py:61: DeprecationWarning: This process (pid=516) is multi-threaded, use of fork() may lead to deadlocks in the child.
  pid = os.fork()

[2024-04-18T16:25:48.533+0000] {standard_task_runner.py:63} INFO - Started process 521 to run task
[2024-04-18T16:25:48.533+0000] {standard_task_runner.py:90} INFO - Running: ['***', 'tasks', 'run', 'dagAggregations', 'vwCountry', 'manual__2024-04-18T16:25:39.145228+00:00', '--job-id', '394', '--raw', '--subdir', 'DAGS_FOLDER/AggData.py', '--cfg-path', '/tmp/tmpu8mr29wf']
[2024-04-18T16:25:48.535+0000] {standard_task_runner.py:91} INFO - Job 394: Subtask vwCountry
[2024-04-18T16:25:48.616+0000] {task_command.py:426} INFO - Running <TaskInstance: dagAggregations.vwCountry manual__2024-04-18T16:25:39.145228+00:00 [running]> on host 1a64d95cdf4a
[2024-04-18T16:25:48.758+0000] {taskinstance.py:2644} INFO - Exporting env vars: AIRFLOW_CTX_DAG_OWNER='***' AIRFLOW_CTX_DAG_ID='dagAggregations' AIRFLOW_CTX_TASK_ID='vwCountry' AIRFLOW_CTX_EXECUTION_DATE='2024-04-18T16:25:39.145228+00:00' AIRFLOW_CTX_TRY_NUMBER='1' AIRFLOW_CTX_DAG_RUN_ID='manual__2024-04-18T16:25:39.145228+00:00'
[2024-04-18T16:25:48.760+0000] {taskinstance.py:430} INFO - ::endgroup::
[2024-04-18T16:25:48.853+0000] {warnings.py:110} WARNING - /opt/***/dags/AggData.py:52: FutureWarning: The default of observed=False is deprecated and will be changed to True in a future version of pandas. Pass observed=False to retain current behavior or observed=True to adopt the future default and silence this warning.
  vw_location = df.groupby(['country', 'state', 'city'])['id'].count().reset_index()

[2024-04-18T16:25:48.982+0000] {logging_mixin.py:188} INFO -             country     state       city  number dt_process
2149  United_States    Oregon       Bend       3   20240418
2151  United_States    Oregon   Portland       2   20240418
1389  United_States  Colorado     Denver       2   20240418
1484  United_States     Idaho      Boise       1   20240418
1768  United_States  Michigan    Jackson       1   20240418
...             ...       ...        ...     ...        ...
859         Ireland  Oklahoma      Mason       0   20240418
860         Ireland  Oklahoma     Norman       0   20240418
861         Ireland  Oklahoma       Bend       0   20240418
862         Ireland  Oklahoma   John Day       0   20240418
1242  United_States     Laois  Killeshin       0   20240418

[2484 rows x 5 columns]
[2024-04-18T16:25:49.191+0000] {python.py:237} INFO - Done. Returned value was: None
[2024-04-18T16:25:49.193+0000] {taskinstance.py:441} INFO - ::group::Post task execution logs
[2024-04-18T16:25:49.210+0000] {taskinstance.py:1205} INFO - Marking task as SUCCESS. dag_id=dagAggregations, task_id=vwCountry, execution_date=20240418T162539, start_date=20240418T162548, end_date=20240418T162549
[2024-04-18T16:25:49.272+0000] {local_task_job_runner.py:240} INFO - Task exited with return code 0
[2024-04-18T16:25:49.297+0000] {taskinstance.py:3482} INFO - 0 downstream tasks scheduled from follow-on schedule check
[2024-04-18T16:25:49.303+0000] {local_task_job_runner.py:222} INFO - ::endgroup::
