[2024-04-18T03:27:33.528+0000] {local_task_job_runner.py:120} INFO - ::group::Pre task execution logs
[2024-04-18T03:27:33.556+0000] {taskinstance.py:2073} INFO - Dependencies all met for dep_context=non-requeueable deps ti=<TaskInstance: dagAggregation.input scheduled__2024-04-18T01:30:00+00:00 [queued]>
[2024-04-18T03:27:33.565+0000] {taskinstance.py:2073} INFO - Dependencies all met for dep_context=requeueable deps ti=<TaskInstance: dagAggregation.input scheduled__2024-04-18T01:30:00+00:00 [queued]>
[2024-04-18T03:27:33.566+0000] {taskinstance.py:2303} INFO - Starting attempt 3 of 3
[2024-04-18T03:27:33.583+0000] {taskinstance.py:2327} INFO - Executing <Task(PythonOperator): input> on 2024-04-18 01:30:00+00:00
[2024-04-18T03:27:33.590+0000] {warnings.py:110} WARNING - /home/***/.local/lib/python3.12/site-packages/***/task/task_runner/standard_task_runner.py:61: DeprecationWarning: This process (pid=5825) is multi-threaded, use of fork() may lead to deadlocks in the child.
  pid = os.fork()

[2024-04-18T03:27:33.592+0000] {standard_task_runner.py:63} INFO - Started process 5827 to run task
[2024-04-18T03:27:33.596+0000] {standard_task_runner.py:90} INFO - Running: ['***', 'tasks', 'run', 'dagAggregation', 'input', 'scheduled__2024-04-18T01:30:00+00:00', '--job-id', '296', '--raw', '--subdir', 'DAGS_FOLDER/AggData.py', '--cfg-path', '/tmp/tmpnl7x2q_p']
[2024-04-18T03:27:33.599+0000] {standard_task_runner.py:91} INFO - Job 296: Subtask input
[2024-04-18T03:27:33.674+0000] {task_command.py:426} INFO - Running <TaskInstance: dagAggregation.input scheduled__2024-04-18T01:30:00+00:00 [running]> on host 0761b779d565
[2024-04-18T03:27:33.926+0000] {taskinstance.py:2644} INFO - Exporting env vars: AIRFLOW_CTX_DAG_OWNER='***' AIRFLOW_CTX_DAG_ID='dagAggregation' AIRFLOW_CTX_TASK_ID='input' AIRFLOW_CTX_EXECUTION_DATE='2024-04-18T01:30:00+00:00' AIRFLOW_CTX_TRY_NUMBER='3' AIRFLOW_CTX_DAG_RUN_ID='scheduled__2024-04-18T01:30:00+00:00'
[2024-04-18T03:27:33.928+0000] {taskinstance.py:430} INFO - ::endgroup::
[2024-04-18T03:27:34.941+0000] {python.py:237} INFO - Done. Returned value was:                                       id  ...              city
19  e5f3e72a-fee2-4813-82cf-f2e53b439ae6  ...         Killeshin
21  fb94830f-6196-4f59-9189-c9060b778085  ...           Gilbert
22  0faa0fb2-fffa-416d-9eab-46f67477c8ef  ...              Mesa
49  4f4b5b34-d572-4dff-a18f-47e507c073e6  ...            Tucson
45  fe6b9893-b93e-43d5-a9f6-3e0c89a3f13c  ...          Mariposa
13  5ae467af-66dc-4d7f-8839-44228f89b596  ...          Petaluma
3   ef970757-fe42-416f-931d-722451f1f59c  ...         San Diego
31  4788221a-a03b-458c-9084-4cadd69ade6d  ...  Westlake Village
14  4ffda196-dd59-44a5-9eeb-5f7fd4b58f5a  ...       Castle Rock
9   1988eb86-f0a2-4674-ba04-02454efa0d31  ...            Denver
33  4b677b60-fef1-42e2-90ef-dadc1bd7fb06  ...            Denver
25  06e9fffb-e820-45c9-b107-b52b51013e8f  ...        Louisville
36  284b44f8-6ccb-4cd6-8d06-f2ad882a47c3  ...        Georgetown
8   ea4f30c0-bce6-416b-8904-fab4055a7362  ...             Boise
48  dbde8235-2b55-4d8b-8b1c-438155abe104  ...        Assumption
46  b51f3cdf-60ff-4ae1-94a7-76906c7d62eb  ...              Gary
47  add7f978-942e-4d56-b209-c80837a51d69  ...           Hammond
11  7531dbd8-afc9-4b5b-95bc-7ece7f2c0bf3  ...              Knox
39  84bd3b3c-bd2d-4e07-bc31-b43a8c8ebf4c  ...        Des Moines
38  d35b40b0-a3ff-4878-a6ee-9caa2149b521  ...      Westminister
16  232e8f62-9afc-45f5-b4bc-582c26b5c43b  ...          Abington
24  d5cb896d-3e99-4e19-9693-5e06ce987e53  ...           Jackson
15  42aa37d5-8384-4ffe-8c81-7c982eff0384  ...             Anoka
32  b7b68d22-5045-4501-b9bf-ec94946eaffc  ...         Crosslake
26  50521ef7-f543-4c5d-98b1-0d0ee1a2be01  ...        Saint Paul
43  46839a79-b7bf-4733-b91b-ce116d062a57  ...           okolona
10  1ecc330f-6275-42a5-b14e-00adbed62752  ...              Reno
37  ee6d39c6-092f-4623-8099-5b8643f70dbe  ...    Holland Patent
20  d81ff708-b5d2-478f-af6a-6d40f5beb9ac  ...     Williamsville
40  f41a0c47-ba9b-4547-bfed-fcbefe0fc74b  ...          Ocracoke
30  5c53b314-ebab-4e3e-89be-e4139d9318ae  ...           Raleigh
27  950180bd-29c9-46b3-ad0c-e6f09799ec7f  ...        Cincinnati
35  85192a9c-58a4-48c3-bd9d-496d09d22aa3  ...             Mason
0   5128df48-79fc-4f0f-8b52-d06be54d0cec  ...            Norman
4   6d14b220-8926-4521-8d19-b98a2d6ec3db  ...              Bend
5   e2e78bd8-80ff-4a61-a65c-3bfbd9d76ce2  ...              Bend
7   9f1852da-c312-42da-9a31-097bac81c4c0  ...              Bend
18  58293321-14ae-49d7-9a7b-08436c9e63a6  ...          John Day
6   e432899b-7f58-455f-9c7b-9a6e2130a1e0  ...          Portland
29  936c3d7e-5d54-4459-b72c-117cdda059b4  ...          Portland
42  896f26a1-d80e-4790-9287-026a86c1799d  ...        Coraopolis
28  45119c56-345b-4adc-b481-c5cf7bfe98c4  ...           Taylors
1   9c5a66c8-cc13-416f-a5d9-0a769c87d318  ...            Austin
17  08f78223-24f8-4b71-b381-ea19a5bd82df  ...           Houston
34  6c53984f-fac1-4ea7-9c44-44e25897c71a  ...      Saint Albans
41  84d621c4-81a5-44e6-aca7-1566c2e67cc0  ...      Spotsylvania
23  e54c2f02-acd6-4172-861d-fcfa54c8701a  ...        Bellingham
12  03118499-a3d0-4c22-860d-4529509ae095  ...          Quilcene
44  1a1b2165-73ed-40aa-b89b-56794d140f22  ...         Milwaukee
2   34e8c68b-6146-453f-a4b9-1f6cd99a5ada  ...    Mount Pleasant

[50 rows x 16 columns]
[2024-04-18T03:27:35.009+0000] {taskinstance.py:441} INFO - ::group::Post task execution logs
[2024-04-18T03:27:35.168+0000] {taskinstance.py:1205} INFO - Marking task as SUCCESS. dag_id=dagAggregation, task_id=input, execution_date=20240418T013000, start_date=20240418T032733, end_date=20240418T032735
[2024-04-18T03:27:35.213+0000] {local_task_job_runner.py:240} INFO - Task exited with return code 0
[2024-04-18T03:27:35.248+0000] {taskinstance.py:3482} INFO - 1 downstream tasks scheduled from follow-on schedule check
[2024-04-18T03:27:35.252+0000] {local_task_job_runner.py:222} INFO - ::endgroup::
