[2024-04-18T03:49:43.267+0000] {local_task_job_runner.py:120} INFO - ::group::Pre task execution logs
[2024-04-18T03:49:43.292+0000] {taskinstance.py:2073} INFO - Dependencies all met for dep_context=non-requeueable deps ti=<TaskInstance: dagAggregation.input scheduled__2024-04-18T01:30:00+00:00 [queued]>
[2024-04-18T03:49:43.301+0000] {taskinstance.py:2073} INFO - Dependencies all met for dep_context=requeueable deps ti=<TaskInstance: dagAggregation.input scheduled__2024-04-18T01:30:00+00:00 [queued]>
[2024-04-18T03:49:43.303+0000] {taskinstance.py:2303} INFO - Starting attempt 10 of 10
[2024-04-18T03:49:43.321+0000] {taskinstance.py:2327} INFO - Executing <Task(PythonOperator): input> on 2024-04-18 01:30:00+00:00
[2024-04-18T03:49:43.328+0000] {warnings.py:110} WARNING - /home/***/.local/lib/python3.12/site-packages/***/task/task_runner/standard_task_runner.py:61: DeprecationWarning: This process (pid=6556) is multi-threaded, use of fork() may lead to deadlocks in the child.
  pid = os.fork()

[2024-04-18T03:49:43.330+0000] {standard_task_runner.py:63} INFO - Started process 6558 to run task
[2024-04-18T03:49:43.334+0000] {standard_task_runner.py:90} INFO - Running: ['***', 'tasks', 'run', 'dagAggregation', 'input', 'scheduled__2024-04-18T01:30:00+00:00', '--job-id', '321', '--raw', '--subdir', 'DAGS_FOLDER/AggData.py', '--cfg-path', '/tmp/tmpn3elj6p6']
[2024-04-18T03:49:43.337+0000] {standard_task_runner.py:91} INFO - Job 321: Subtask input
[2024-04-18T03:49:43.420+0000] {task_command.py:426} INFO - Running <TaskInstance: dagAggregation.input scheduled__2024-04-18T01:30:00+00:00 [running]> on host 0761b779d565
[2024-04-18T03:49:43.757+0000] {taskinstance.py:2644} INFO - Exporting env vars: AIRFLOW_CTX_DAG_OWNER='***' AIRFLOW_CTX_DAG_ID='dagAggregation' AIRFLOW_CTX_TASK_ID='input' AIRFLOW_CTX_EXECUTION_DATE='2024-04-18T01:30:00+00:00' AIRFLOW_CTX_TRY_NUMBER='10' AIRFLOW_CTX_DAG_RUN_ID='scheduled__2024-04-18T01:30:00+00:00'
[2024-04-18T03:49:43.758+0000] {taskinstance.py:430} INFO - ::endgroup::
[2024-04-18T03:49:45.062+0000] {python.py:237} INFO - Done. Returned value was:                                       id  ...            city
19  e5f3e72a-fee2-4813-82cf-f2e53b439ae6  ...       Killeshin
19  e5f3e72a-fee2-4813-82cf-f2e53b439ae6  ...       Killeshin
21  fb94830f-6196-4f59-9189-c9060b778085  ...         Gilbert
21  fb94830f-6196-4f59-9189-c9060b778085  ...         Gilbert
22  0faa0fb2-fffa-416d-9eab-46f67477c8ef  ...            Mesa
..                                   ...  ...             ...
12  03118499-a3d0-4c22-860d-4529509ae095  ...        Quilcene
44  1a1b2165-73ed-40aa-b89b-56794d140f22  ...       Milwaukee
44  1a1b2165-73ed-40aa-b89b-56794d140f22  ...       Milwaukee
2   34e8c68b-6146-453f-a4b9-1f6cd99a5ada  ...  Mount Pleasant
2   34e8c68b-6146-453f-a4b9-1f6cd99a5ada  ...  Mount Pleasant

[100 rows x 16 columns]
[2024-04-18T03:49:45.113+0000] {taskinstance.py:441} INFO - ::group::Post task execution logs
[2024-04-18T03:49:45.276+0000] {taskinstance.py:1205} INFO - Marking task as SUCCESS. dag_id=dagAggregation, task_id=input, execution_date=20240418T013000, start_date=20240418T034943, end_date=20240418T034945
[2024-04-18T03:49:45.354+0000] {local_task_job_runner.py:240} INFO - Task exited with return code 0
[2024-04-18T03:49:45.404+0000] {taskinstance.py:3482} INFO - 1 downstream tasks scheduled from follow-on schedule check
[2024-04-18T03:49:45.410+0000] {local_task_job_runner.py:222} INFO - ::endgroup::
