[2024-04-18T04:23:31.355+0000] {local_task_job_runner.py:120} INFO - ::group::Pre task execution logs
[2024-04-18T04:23:31.388+0000] {taskinstance.py:2073} INFO - Dependencies all met for dep_context=non-requeueable deps ti=<TaskInstance: dagOrchestration.persistData scheduled__2024-04-17T00:00:00+00:00 [queued]>
[2024-04-18T04:23:31.401+0000] {taskinstance.py:2073} INFO - Dependencies all met for dep_context=requeueable deps ti=<TaskInstance: dagOrchestration.persistData scheduled__2024-04-17T00:00:00+00:00 [queued]>
[2024-04-18T04:23:31.402+0000] {taskinstance.py:2303} INFO - Starting attempt 1 of 1
[2024-04-18T04:23:31.422+0000] {taskinstance.py:2327} INFO - Executing <Task(PythonOperator): persistData> on 2024-04-17 00:00:00+00:00
[2024-04-18T04:23:31.432+0000] {warnings.py:110} WARNING - /home/***/.local/lib/python3.12/site-packages/***/task/task_runner/standard_task_runner.py:61: DeprecationWarning: This process (pid=7111) is multi-threaded, use of fork() may lead to deadlocks in the child.
  pid = os.fork()

[2024-04-18T04:23:31.433+0000] {standard_task_runner.py:63} INFO - Started process 7114 to run task
[2024-04-18T04:23:31.434+0000] {standard_task_runner.py:90} INFO - Running: ['***', 'tasks', 'run', 'dagOrchestration', 'persistData', 'scheduled__2024-04-17T00:00:00+00:00', '--job-id', '329', '--raw', '--subdir', 'DAGS_FOLDER/DagOrchestration.py', '--cfg-path', '/tmp/tmpo0vuqlie']
[2024-04-18T04:23:31.435+0000] {standard_task_runner.py:91} INFO - Job 329: Subtask persistData
[2024-04-18T04:23:31.496+0000] {task_command.py:426} INFO - Running <TaskInstance: dagOrchestration.persistData scheduled__2024-04-17T00:00:00+00:00 [running]> on host 0761b779d565
[2024-04-18T04:23:31.608+0000] {taskinstance.py:2644} INFO - Exporting env vars: AIRFLOW_CTX_DAG_OWNER='***' AIRFLOW_CTX_DAG_ID='dagOrchestration' AIRFLOW_CTX_TASK_ID='persistData' AIRFLOW_CTX_EXECUTION_DATE='2024-04-17T00:00:00+00:00' AIRFLOW_CTX_TRY_NUMBER='1' AIRFLOW_CTX_DAG_RUN_ID='scheduled__2024-04-17T00:00:00+00:00'
[2024-04-18T04:23:31.610+0000] {taskinstance.py:430} INFO - ::endgroup::
[2024-04-18T04:23:31.682+0000] {logging_mixin.py:188} INFO - Persisting Brewery... 
 Path: datalake/bronze/20240418.json
[2024-04-18T04:23:31.689+0000] {python.py:237} INFO - Done. Returned value was: None
[2024-04-18T04:23:31.689+0000] {taskinstance.py:441} INFO - ::group::Post task execution logs
[2024-04-18T04:23:31.701+0000] {taskinstance.py:1205} INFO - Marking task as SUCCESS. dag_id=dagOrchestration, task_id=persistData, execution_date=20240417T000000, start_date=20240418T042331, end_date=20240418T042331
[2024-04-18T04:23:31.728+0000] {local_task_job_runner.py:240} INFO - Task exited with return code 0
[2024-04-18T04:23:31.759+0000] {taskinstance.py:3482} INFO - 0 downstream tasks scheduled from follow-on schedule check
[2024-04-18T04:23:31.765+0000] {local_task_job_runner.py:222} INFO - ::endgroup::
