[2024-04-17T00:36:00.690+0000] {local_task_job_runner.py:120} INFO - ::group::Pre task execution logs
[2024-04-17T00:36:00.719+0000] {taskinstance.py:2073} INFO - Dependencies all met for dep_context=non-requeueable deps ti=<TaskInstance: Tutorial_MALUCO.captura scheduled__2024-04-16T22:30:00+00:00 [queued]>
[2024-04-17T00:36:00.729+0000] {taskinstance.py:2073} INFO - Dependencies all met for dep_context=requeueable deps ti=<TaskInstance: Tutorial_MALUCO.captura scheduled__2024-04-16T22:30:00+00:00 [queued]>
[2024-04-17T00:36:00.797+0000] {taskinstance.py:2303} INFO - Starting attempt 10 of 10
[2024-04-17T00:36:00.830+0000] {taskinstance.py:2327} INFO - Executing <Task(PythonOperator): captura> on 2024-04-16 22:30:00+00:00
[2024-04-17T00:36:00.841+0000] {warnings.py:110} WARNING - /home/***/.local/lib/python3.12/site-packages/***/task/task_runner/standard_task_runner.py:61: DeprecationWarning: This process (pid=282) is multi-threaded, use of fork() may lead to deadlocks in the child.
  pid = os.fork()

[2024-04-17T00:36:00.844+0000] {standard_task_runner.py:63} INFO - Started process 284 to run task
[2024-04-17T00:36:00.847+0000] {standard_task_runner.py:90} INFO - Running: ['***', 'tasks', 'run', 'Tutorial_MALUCO', 'captura', 'scheduled__2024-04-16T22:30:00+00:00', '--job-id', '36', '--raw', '--subdir', 'DAGS_FOLDER/FirstDag.py', '--cfg-path', '/tmp/tmpd5fqe1yw']
[2024-04-17T00:36:00.849+0000] {standard_task_runner.py:91} INFO - Job 36: Subtask captura
[2024-04-17T00:36:01.069+0000] {task_command.py:426} INFO - Running <TaskInstance: Tutorial_MALUCO.captura scheduled__2024-04-16T22:30:00+00:00 [running]> on host 8dbfbc3d620a
[2024-04-17T00:36:01.457+0000] {taskinstance.py:2644} INFO - Exporting env vars: AIRFLOW_CTX_DAG_OWNER='***' AIRFLOW_CTX_DAG_ID='Tutorial_MALUCO' AIRFLOW_CTX_TASK_ID='captura' AIRFLOW_CTX_EXECUTION_DATE='2024-04-16T22:30:00+00:00' AIRFLOW_CTX_TRY_NUMBER='10' AIRFLOW_CTX_DAG_RUN_ID='scheduled__2024-04-16T22:30:00+00:00'
[2024-04-17T00:36:01.461+0000] {taskinstance.py:430} INFO - ::endgroup::
[2024-04-17T00:36:01.655+0000] {logging_mixin.py:188} INFO - Tamanho: 50
[2024-04-17T00:36:01.658+0000] {python.py:237} INFO - Done. Returned value was: 50
[2024-04-17T00:36:01.659+0000] {taskinstance.py:441} INFO - ::group::Post task execution logs
[2024-04-17T00:36:01.699+0000] {taskinstance.py:1205} INFO - Marking task as SUCCESS. dag_id=Tutorial_MALUCO, task_id=captura, execution_date=20240416T223000, start_date=20240417T003600, end_date=20240417T003601
[2024-04-17T00:36:01.905+0000] {local_task_job_runner.py:240} INFO - Task exited with return code 0
[2024-04-17T00:36:01.951+0000] {taskinstance.py:3482} INFO - 1 downstream tasks scheduled from follow-on schedule check
[2024-04-17T00:36:02.047+0000] {local_task_job_runner.py:222} INFO - ::endgroup::
