[2024-04-17T00:34:36.867+0000] {local_task_job_runner.py:120} INFO - ::group::Pre task execution logs
[2024-04-17T00:34:36.899+0000] {taskinstance.py:2073} INFO - Dependencies all met for dep_context=non-requeueable deps ti=<TaskInstance: Tutorial_MALUCO.captura scheduled__2024-04-16T22:30:00+00:00 [queued]>
[2024-04-17T00:34:36.909+0000] {taskinstance.py:2073} INFO - Dependencies all met for dep_context=requeueable deps ti=<TaskInstance: Tutorial_MALUCO.captura scheduled__2024-04-16T22:30:00+00:00 [queued]>
[2024-04-17T00:34:36.995+0000] {taskinstance.py:2303} INFO - Starting attempt 8 of 8
[2024-04-17T00:34:37.158+0000] {taskinstance.py:2327} INFO - Executing <Task(PythonOperator): captura> on 2024-04-16 22:30:00+00:00
[2024-04-17T00:34:37.167+0000] {warnings.py:110} WARNING - /home/***/.local/lib/python3.12/site-packages/***/task/task_runner/standard_task_runner.py:61: DeprecationWarning: This process (pid=262) is multi-threaded, use of fork() may lead to deadlocks in the child.
  pid = os.fork()

[2024-04-17T00:34:37.170+0000] {standard_task_runner.py:63} INFO - Started process 264 to run task
[2024-04-17T00:34:37.173+0000] {standard_task_runner.py:90} INFO - Running: ['***', 'tasks', 'run', 'Tutorial_MALUCO', 'captura', 'scheduled__2024-04-16T22:30:00+00:00', '--job-id', '34', '--raw', '--subdir', 'DAGS_FOLDER/FirstDag.py', '--cfg-path', '/tmp/tmphsso8wmy']
[2024-04-17T00:34:37.174+0000] {standard_task_runner.py:91} INFO - Job 34: Subtask captura
[2024-04-17T00:34:37.255+0000] {task_command.py:426} INFO - Running <TaskInstance: Tutorial_MALUCO.captura scheduled__2024-04-16T22:30:00+00:00 [running]> on host 8dbfbc3d620a
[2024-04-17T00:34:37.575+0000] {taskinstance.py:2644} INFO - Exporting env vars: AIRFLOW_CTX_DAG_OWNER='***' AIRFLOW_CTX_DAG_ID='Tutorial_MALUCO' AIRFLOW_CTX_TASK_ID='captura' AIRFLOW_CTX_EXECUTION_DATE='2024-04-16T22:30:00+00:00' AIRFLOW_CTX_TRY_NUMBER='8' AIRFLOW_CTX_DAG_RUN_ID='scheduled__2024-04-16T22:30:00+00:00'
[2024-04-17T00:34:37.579+0000] {taskinstance.py:430} INFO - ::endgroup::
[2024-04-17T00:34:38.129+0000] {taskinstance.py:441} INFO - ::group::Post task execution logs
[2024-04-17T00:34:38.130+0000] {taskinstance.py:2890} ERROR - Task failed with exception
Traceback (most recent call last):
  File "/home/airflow/.local/lib/python3.12/site-packages/airflow/models/taskinstance.py", line 465, in _execute_task
    result = _execute_callable(context=context, **execute_callable_kwargs)
             ^^^^^^^^^^^^^^^^^^^^^^^^^^^^^^^^^^^^^^^^^^^^^^^^^^^^^^^^^^^^^
  File "/home/airflow/.local/lib/python3.12/site-packages/airflow/models/taskinstance.py", line 432, in _execute_callable
    return execute_callable(context=context, **execute_callable_kwargs)
           ^^^^^^^^^^^^^^^^^^^^^^^^^^^^^^^^^^^^^^^^^^^^^^^^^^^^^^^^^^^^
  File "/home/airflow/.local/lib/python3.12/site-packages/airflow/models/baseoperator.py", line 400, in wrapper
    return func(self, *args, **kwargs)
           ^^^^^^^^^^^^^^^^^^^^^^^^^^^
  File "/home/airflow/.local/lib/python3.12/site-packages/airflow/operators/python.py", line 235, in execute
    return_value = self.execute_callable()
                   ^^^^^^^^^^^^^^^^^^^^^^^
  File "/home/airflow/.local/lib/python3.12/site-packages/airflow/operators/python.py", line 252, in execute_callable
    return self.python_callable(*self.op_args, **self.op_kwargs)
           ^^^^^^^^^^^^^^^^^^^^^^^^^^^^^^^^^^^^^^^^^^^^^^^^^^^^^
  File "/opt/airflow/dags/FirstDag.py", line 14, in captura
    print('Tamanho: ' + size)
          ~~~~~~~~~~~~^~~~~~
TypeError: can only concatenate str (not "int") to str
[2024-04-17T00:34:38.149+0000] {taskinstance.py:1205} INFO - Marking task as FAILED. dag_id=Tutorial_MALUCO, task_id=captura, execution_date=20240416T223000, start_date=20240417T003436, end_date=20240417T003438
[2024-04-17T00:34:38.244+0000] {standard_task_runner.py:110} ERROR - Failed to execute job 34 for task captura (can only concatenate str (not "int") to str; 264)
[2024-04-17T00:34:38.269+0000] {local_task_job_runner.py:240} INFO - Task exited with return code 1
[2024-04-17T00:34:38.307+0000] {taskinstance.py:3482} INFO - 0 downstream tasks scheduled from follow-on schedule check
[2024-04-17T00:34:38.400+0000] {local_task_job_runner.py:222} INFO - ::endgroup::
