[2024-04-17T01:35:01.224+0000] {local_task_job_runner.py:120} INFO - ::group::Pre task execution logs
[2024-04-17T01:35:01.256+0000] {taskinstance.py:2073} INFO - Dependencies all met for dep_context=non-requeueable deps ti=<TaskInstance: Tutorial_MALUCO.captura scheduled__2024-04-16T22:30:00+00:00 [queued]>
[2024-04-17T01:35:01.265+0000] {taskinstance.py:2073} INFO - Dependencies all met for dep_context=requeueable deps ti=<TaskInstance: Tutorial_MALUCO.captura scheduled__2024-04-16T22:30:00+00:00 [queued]>
[2024-04-17T01:35:01.342+0000] {taskinstance.py:2303} INFO - Starting attempt 13 of 13
[2024-04-17T01:35:01.386+0000] {taskinstance.py:2327} INFO - Executing <Task(PythonOperator): captura> on 2024-04-16 22:30:00+00:00
[2024-04-17T01:35:01.400+0000] {warnings.py:110} WARNING - /home/***/.local/lib/python3.12/site-packages/***/task/task_runner/standard_task_runner.py:61: DeprecationWarning: This process (pid=1039) is multi-threaded, use of fork() may lead to deadlocks in the child.
  pid = os.fork()

[2024-04-17T01:35:01.405+0000] {standard_task_runner.py:63} INFO - Started process 1041 to run task
[2024-04-17T01:35:01.405+0000] {standard_task_runner.py:90} INFO - Running: ['***', 'tasks', 'run', 'Tutorial_MALUCO', 'captura', 'scheduled__2024-04-16T22:30:00+00:00', '--job-id', '45', '--raw', '--subdir', 'DAGS_FOLDER/FirstDag.py', '--cfg-path', '/tmp/tmpq97i6tax']
[2024-04-17T01:35:01.408+0000] {standard_task_runner.py:91} INFO - Job 45: Subtask captura
[2024-04-17T01:35:01.603+0000] {task_command.py:426} INFO - Running <TaskInstance: Tutorial_MALUCO.captura scheduled__2024-04-16T22:30:00+00:00 [running]> on host 8dbfbc3d620a
[2024-04-17T01:35:01.869+0000] {taskinstance.py:2644} INFO - Exporting env vars: AIRFLOW_CTX_DAG_OWNER='***' AIRFLOW_CTX_DAG_ID='Tutorial_MALUCO' AIRFLOW_CTX_TASK_ID='captura' AIRFLOW_CTX_EXECUTION_DATE='2024-04-16T22:30:00+00:00' AIRFLOW_CTX_TRY_NUMBER='13' AIRFLOW_CTX_DAG_RUN_ID='scheduled__2024-04-16T22:30:00+00:00'
[2024-04-17T01:35:01.871+0000] {taskinstance.py:430} INFO - ::endgroup::
[2024-04-17T01:35:02.027+0000] {logging_mixin.py:188} INFO - Empty DataFrame
Columns: []
Index: [0]
[2024-04-17T01:35:02.032+0000] {python.py:237} INFO - Done. Returned value was: None
[2024-04-17T01:35:02.034+0000] {taskinstance.py:441} INFO - ::group::Post task execution logs
[2024-04-17T01:35:02.055+0000] {taskinstance.py:1205} INFO - Marking task as SUCCESS. dag_id=Tutorial_MALUCO, task_id=captura, execution_date=20240416T223000, start_date=20240417T013501, end_date=20240417T013502
[2024-04-17T01:35:02.183+0000] {local_task_job_runner.py:240} INFO - Task exited with return code 0
[2024-04-17T01:35:02.243+0000] {taskinstance.py:3482} INFO - 0 downstream tasks scheduled from follow-on schedule check
[2024-04-17T01:35:02.294+0000] {local_task_job_runner.py:222} INFO - ::endgroup::
