[2024-04-16T01:02:12.331+0000] {local_task_job_runner.py:120} INFO - ::group::Pre task execution logs
[2024-04-16T01:02:12.363+0000] {taskinstance.py:2073} INFO - Dependencies all met for dep_context=non-requeueable deps ti=<TaskInstance: tutorial.templated manual__2024-04-16T01:02:05.434522+00:00 [queued]>
[2024-04-16T01:02:12.373+0000] {taskinstance.py:2073} INFO - Dependencies all met for dep_context=requeueable deps ti=<TaskInstance: tutorial.templated manual__2024-04-16T01:02:05.434522+00:00 [queued]>
[2024-04-16T01:02:12.374+0000] {taskinstance.py:2303} INFO - Starting attempt 1 of 2
[2024-04-16T01:02:12.522+0000] {taskinstance.py:2327} INFO - Executing <Task(BashOperator): templated> on 2024-04-16 01:02:05.434522+00:00
[2024-04-16T01:02:12.538+0000] {warnings.py:110} WARNING - /home/***/.local/lib/python3.12/site-packages/***/task/task_runner/standard_task_runner.py:61: DeprecationWarning: This process (pid=507) is multi-threaded, use of fork() may lead to deadlocks in the child.
  pid = os.fork()

[2024-04-16T01:02:12.540+0000] {standard_task_runner.py:90} INFO - Running: ['***', 'tasks', 'run', 'tutorial', 'templated', 'manual__2024-04-16T01:02:05.434522+00:00', '--job-id', '11', '--raw', '--subdir', '/home/***/.local/lib/python3.12/site-packages/***/example_dags/tutorial.py', '--cfg-path', '/tmp/tmpqsiflz_m']
[2024-04-16T01:02:12.544+0000] {standard_task_runner.py:91} INFO - Job 11: Subtask templated
[2024-04-16T01:02:12.544+0000] {standard_task_runner.py:63} INFO - Started process 510 to run task
[2024-04-16T01:02:12.621+0000] {task_command.py:426} INFO - Running <TaskInstance: tutorial.templated manual__2024-04-16T01:02:05.434522+00:00 [running]> on host df00be3806a2
[2024-04-16T01:02:12.906+0000] {taskinstance.py:2644} INFO - Exporting env vars: AIRFLOW_CTX_DAG_EMAIL='***@example.com' AIRFLOW_CTX_DAG_OWNER='***' AIRFLOW_CTX_DAG_ID='tutorial' AIRFLOW_CTX_TASK_ID='templated' AIRFLOW_CTX_EXECUTION_DATE='2024-04-16T01:02:05.434522+00:00' AIRFLOW_CTX_TRY_NUMBER='1' AIRFLOW_CTX_DAG_RUN_ID='manual__2024-04-16T01:02:05.434522+00:00'
[2024-04-16T01:02:12.909+0000] {taskinstance.py:430} INFO - ::endgroup::
[2024-04-16T01:02:12.911+0000] {subprocess.py:63} INFO - Tmp dir root location: /tmp
[2024-04-16T01:02:12.913+0000] {subprocess.py:75} INFO - Running command: ['/usr/bin/bash', '-c', '\n\n    echo "2024-04-16"\n    echo "2024-04-23"\n\n    echo "2024-04-16"\n    echo "2024-04-23"\n\n    echo "2024-04-16"\n    echo "2024-04-23"\n\n    echo "2024-04-16"\n    echo "2024-04-23"\n\n    echo "2024-04-16"\n    echo "2024-04-23"\n']
[2024-04-16T01:02:12.927+0000] {subprocess.py:86} INFO - Output:
[2024-04-16T01:02:12.929+0000] {subprocess.py:93} INFO - 2024-04-16
[2024-04-16T01:02:12.930+0000] {subprocess.py:93} INFO - 2024-04-23
[2024-04-16T01:02:12.931+0000] {subprocess.py:93} INFO - 2024-04-16
[2024-04-16T01:02:12.932+0000] {subprocess.py:93} INFO - 2024-04-23
[2024-04-16T01:02:12.933+0000] {subprocess.py:93} INFO - 2024-04-16
[2024-04-16T01:02:12.934+0000] {subprocess.py:93} INFO - 2024-04-23
[2024-04-16T01:02:12.935+0000] {subprocess.py:93} INFO - 2024-04-16
[2024-04-16T01:02:12.936+0000] {subprocess.py:93} INFO - 2024-04-23
[2024-04-16T01:02:12.937+0000] {subprocess.py:93} INFO - 2024-04-16
[2024-04-16T01:02:12.937+0000] {subprocess.py:93} INFO - 2024-04-23
[2024-04-16T01:02:12.938+0000] {subprocess.py:97} INFO - Command exited with return code 0
[2024-04-16T01:02:12.940+0000] {taskinstance.py:441} INFO - ::group::Post task execution logs
[2024-04-16T01:02:13.059+0000] {taskinstance.py:1205} INFO - Marking task as SUCCESS. dag_id=tutorial, task_id=templated, execution_date=20240416T010205, start_date=20240416T010212, end_date=20240416T010213
[2024-04-16T01:02:13.204+0000] {local_task_job_runner.py:240} INFO - Task exited with return code 0
[2024-04-16T01:02:13.239+0000] {taskinstance.py:3482} INFO - 0 downstream tasks scheduled from follow-on schedule check
[2024-04-16T01:02:13.347+0000] {local_task_job_runner.py:222} INFO - ::endgroup::
